TN:
SF:src/controllers/journeyController.js
FN:10,getCharacterJourney
FN:30,getCharacterGaps
FN:39,getAllGaps
FN:47,getSyncStatus
FN:61,getGapSuggestions
FN:73,resolveGap
FNF:6
FNH:6
FNDA:8,getCharacterJourney
FNDA:2,getCharacterGaps
FNDA:2,getAllGaps
FNDA:3,getSyncStatus
FNDA:2,getGapSuggestions
FNDA:2,resolveGap
DA:1,1
DA:2,1
DA:5,1
DA:11,8
DA:12,8
DA:13,8
DA:15,8
DA:16,8
DA:19,0
DA:21,0
DA:22,0
DA:32,2
DA:41,2
DA:48,3
DA:49,3
DA:50,2
DA:52,1
DA:53,1
DA:62,2
DA:74,2
DA:81,1
LF:21
LH:18
BRDA:15,0,0,8
BRDA:15,0,1,0
BRF:2
BRH:1
end_of_record
TN:
SF:src/controllers/notionController.js
FN:13,createSnippet
FN:24,(anonymous_1)
FN:25,(anonymous_2)
FN:30,buildNotionFilter
FN:51,(anonymous_4)
FN:59,(anonymous_5)
FN:86,(anonymous_6)
FN:100,(anonymous_7)
FN:123,(anonymous_8)
FN:136,(anonymous_9)
FN:148,(anonymous_10)
FN:154,(anonymous_11)
FN:161,(anonymous_12)
FN:184,(anonymous_13)
FN:189,(anonymous_14)
FN:195,(anonymous_15)
FN:227,(anonymous_16)
FN:246,(anonymous_17)
FN:282,(anonymous_18)
FN:288,(anonymous_19)
FN:311,(anonymous_20)
FN:328,(anonymous_21)
FN:356,(anonymous_22)
FN:364,(anonymous_23)
FN:376,(anonymous_24)
FN:382,setCacheHeaders
FN:386,(anonymous_26)
FN:391,(anonymous_27)
FN:396,(anonymous_28)
FN:421,(anonymous_29)
FN:433,(anonymous_30)
FN:471,(anonymous_31)
FN:483,(anonymous_32)
FN:534,(anonymous_33)
FN:557,(anonymous_34)
FN:558,(anonymous_35)
FN:559,(anonymous_36)
FN:560,(anonymous_37)
FN:562,(anonymous_38)
FN:589,(anonymous_39)
FN:600,(anonymous_40)
FN:612,(anonymous_41)
FN:617,(anonymous_42)
FN:646,(anonymous_43)
FN:683,(anonymous_44)
FN:684,(anonymous_45)
FN:685,(anonymous_46)
FN:686,(anonymous_47)
FN:695,(anonymous_48)
FN:697,(anonymous_49)
FN:709,(anonymous_50)
FN:731,(anonymous_51)
FN:753,(anonymous_52)
FN:777,(anonymous_53)
FN:785,(anonymous_54)
FN:793,(anonymous_55)
FN:801,(anonymous_56)
FN:809,(anonymous_57)
FN:817,(anonymous_58)
FN:850,(anonymous_59)
FN:862,(anonymous_60)
FNF:61
FNH:1
FNDA:0,createSnippet
FNDA:46,(anonymous_1)
FNDA:0,(anonymous_2)
FNDA:0,buildNotionFilter
FNDA:0,(anonymous_4)
FNDA:0,(anonymous_5)
FNDA:0,(anonymous_6)
FNDA:0,(anonymous_7)
FNDA:0,(anonymous_8)
FNDA:0,(anonymous_9)
FNDA:0,(anonymous_10)
FNDA:0,(anonymous_11)
FNDA:0,(anonymous_12)
FNDA:0,(anonymous_13)
FNDA:0,(anonymous_14)
FNDA:0,(anonymous_15)
FNDA:0,(anonymous_16)
FNDA:0,(anonymous_17)
FNDA:0,(anonymous_18)
FNDA:0,(anonymous_19)
FNDA:0,(anonymous_20)
FNDA:0,(anonymous_21)
FNDA:0,(anonymous_22)
FNDA:0,(anonymous_23)
FNDA:0,(anonymous_24)
FNDA:0,setCacheHeaders
FNDA:0,(anonymous_26)
FNDA:0,(anonymous_27)
FNDA:0,(anonymous_28)
FNDA:0,(anonymous_29)
FNDA:0,(anonymous_30)
FNDA:0,(anonymous_31)
FNDA:0,(anonymous_32)
FNDA:0,(anonymous_33)
FNDA:0,(anonymous_34)
FNDA:0,(anonymous_35)
FNDA:0,(anonymous_36)
FNDA:0,(anonymous_37)
FNDA:0,(anonymous_38)
FNDA:0,(anonymous_39)
FNDA:0,(anonymous_40)
FNDA:0,(anonymous_41)
FNDA:0,(anonymous_42)
FNDA:0,(anonymous_43)
FNDA:0,(anonymous_44)
FNDA:0,(anonymous_45)
FNDA:0,(anonymous_46)
FNDA:0,(anonymous_47)
FNDA:0,(anonymous_48)
FNDA:0,(anonymous_49)
FNDA:0,(anonymous_50)
FNDA:0,(anonymous_51)
FNDA:0,(anonymous_52)
FNDA:0,(anonymous_53)
FNDA:0,(anonymous_54)
FNDA:0,(anonymous_55)
FNDA:0,(anonymous_56)
FNDA:0,(anonymous_57)
FNDA:0,(anonymous_58)
FNDA:0,(anonymous_59)
FNDA:0,(anonymous_60)
DA:1,2
DA:2,2
DA:3,2
DA:4,2
DA:5,2
DA:14,0
DA:15,0
DA:16,0
DA:17,0
DA:18,0
DA:19,0
DA:21,0
DA:24,2
DA:25,46
DA:26,0
DA:31,0
DA:32,0
DA:33,0
DA:34,0
DA:35,0
DA:40,0
DA:47,0
DA:48,0
DA:51,2
DA:54,0
DA:55,0
DA:56,0
DA:59,2
DA:60,0
DA:63,0
DA:86,0
DA:96,0
DA:97,0
DA:100,2
DA:101,0
DA:102,0
DA:103,0
DA:104,0
DA:105,0
DA:106,0
DA:107,0
DA:109,0
DA:110,0
DA:111,0
DA:112,0
DA:114,0
DA:115,0
DA:116,0
DA:117,0
DA:119,0
DA:120,0
DA:123,2
DA:124,0
DA:125,0
DA:130,0
DA:133,0
DA:136,2
DA:137,0
DA:143,0
DA:146,0
DA:147,0
DA:148,0
DA:150,0
DA:151,0
DA:154,2
DA:156,0
DA:157,0
DA:158,0
DA:161,2
DA:162,0
DA:163,0
DA:164,0
DA:165,0
DA:166,0
DA:167,0
DA:168,0
DA:170,0
DA:171,0
DA:172,0
DA:173,0
DA:175,0
DA:176,0
DA:177,0
DA:178,0
DA:180,0
DA:181,0
DA:184,2
DA:185,0
DA:186,0
DA:187,0
DA:188,0
DA:189,0
DA:191,0
DA:192,0
DA:195,2
DA:196,0
DA:197,0
DA:198,0
DA:199,0
DA:200,0
DA:201,0
DA:202,0
DA:204,0
DA:205,0
DA:206,0
DA:207,0
DA:209,0
DA:210,0
DA:211,0
DA:212,0
DA:214,0
DA:215,0
DA:219,2
DA:227,2
DA:228,0
DA:231,0
DA:232,0
DA:233,0
DA:246,0
DA:265,0
DA:266,0
DA:271,0
DA:277,0
DA:278,0
DA:280,0
DA:281,0
DA:282,0
DA:284,0
DA:285,0
DA:288,2
DA:289,0
DA:290,0
DA:291,0
DA:292,0
DA:293,0
DA:294,0
DA:295,0
DA:297,0
DA:298,0
DA:299,0
DA:300,0
DA:302,0
DA:303,0
DA:304,0
DA:305,0
DA:307,0
DA:308,0
DA:311,2
DA:312,0
DA:328,2
DA:329,0
DA:330,0
DA:332,0
DA:355,0
DA:356,0
DA:357,0
DA:361,0
DA:362,0
DA:363,0
DA:364,0
DA:367,0
DA:368,0
DA:372,0
DA:373,0
DA:376,2
DA:377,0
DA:378,0
DA:379,0
DA:383,0
DA:386,2
DA:388,0
DA:391,2
DA:393,0
DA:396,2
DA:398,0
DA:401,2
DA:421,2
DA:422,0
DA:423,0
DA:424,0
DA:425,0
DA:426,0
DA:427,0
DA:429,0
DA:431,0
DA:432,0
DA:433,0
DA:436,0
DA:437,0
DA:438,0
DA:440,0
DA:441,0
DA:442,0
DA:444,0
DA:445,0
DA:447,0
DA:448,0
DA:452,0
DA:453,0
DA:465,0
DA:466,0
DA:467,0
DA:468,0
DA:471,2
DA:472,0
DA:473,0
DA:474,0
DA:475,0
DA:476,0
DA:477,0
DA:479,0
DA:481,0
DA:482,0
DA:483,0
DA:486,0
DA:488,0
DA:489,0
DA:490,0
DA:492,0
DA:493,0
DA:496,0
DA:497,0
DA:498,0
DA:500,0
DA:501,0
DA:507,0
DA:508,0
DA:509,0
DA:515,0
DA:516,0
DA:528,0
DA:529,0
DA:530,0
DA:531,0
DA:534,2
DA:535,0
DA:536,0
DA:537,0
DA:539,0
DA:540,0
DA:541,0
DA:542,0
DA:544,0
DA:546,0
DA:547,0
DA:548,0
DA:551,0
DA:552,0
DA:553,0
DA:556,0
DA:557,0
DA:558,0
DA:559,0
DA:560,0
DA:562,0
DA:565,0
DA:566,0
DA:568,0
DA:569,0
DA:575,0
DA:576,0
DA:577,0
DA:578,0
DA:580,0
DA:581,0
DA:584,0
DA:585,0
DA:589,0
DA:590,0
DA:591,0
DA:600,0
DA:601,0
DA:602,0
DA:609,0
DA:610,0
DA:612,0
DA:613,0
DA:614,0
DA:615,0
DA:617,0
DA:618,0
DA:624,0
DA:625,0
DA:627,0
DA:640,0
DA:641,0
DA:642,0
DA:643,0
DA:646,2
DA:647,0
DA:648,0
DA:649,0
DA:650,0
DA:651,0
DA:652,0
DA:654,0
DA:656,0
DA:659,0
DA:660,0
DA:661,0
DA:662,0
DA:664,0
DA:683,0
DA:684,0
DA:685,0
DA:686,0
DA:688,0
DA:695,0
DA:696,0
DA:697,0
DA:701,0
DA:703,0
DA:704,0
DA:705,0
DA:706,0
DA:709,2
DA:710,0
DA:712,0
DA:713,0
DA:715,0
DA:716,0
DA:717,0
DA:718,0
DA:720,0
DA:722,0
DA:723,0
DA:725,0
DA:726,0
DA:727,0
DA:731,0
DA:732,0
DA:733,0
DA:736,0
DA:748,0
DA:749,0
DA:750,0
DA:753,0
DA:754,0
DA:755,0
DA:770,0
DA:777,0
DA:778,0
DA:779,0
DA:780,0
DA:781,0
DA:785,0
DA:786,0
DA:787,0
DA:788,0
DA:789,0
DA:793,0
DA:794,0
DA:795,0
DA:796,0
DA:797,0
DA:801,0
DA:802,0
DA:803,0
DA:804,0
DA:805,0
DA:809,0
DA:810,0
DA:811,0
DA:812,0
DA:813,0
DA:817,0
DA:818,0
DA:819,0
DA:820,0
DA:821,0
DA:826,0
DA:837,0
DA:838,0
DA:839,0
DA:840,0
DA:843,0
DA:844,0
DA:845,0
DA:850,2
DA:851,0
DA:852,0
DA:853,0
DA:854,0
DA:855,0
DA:856,0
DA:858,0
DA:860,0
DA:861,0
DA:862,0
DA:865,0
DA:866,0
DA:867,0
DA:869,0
DA:872,0
DA:873,0
DA:880,0
DA:881,0
DA:888,0
DA:889,0
DA:896,0
DA:897,0
DA:903,0
DA:904,0
DA:917,0
DA:918,0
DA:919,0
DA:920,0
DA:923,2
LF:408
LH:33
BRDA:13,0,0,0
BRDA:14,1,0,0
BRDA:14,1,1,0
BRDA:16,2,0,0
BRDA:16,2,1,0
BRDA:18,3,0,0
BRDA:18,3,1,0
BRDA:18,4,0,0
BRDA:18,4,1,0
BRDA:33,5,0,0
BRDA:33,5,1,0
BRDA:33,6,0,0
BRDA:33,6,1,0
BRDA:34,7,0,0
BRDA:34,7,1,0
BRDA:47,8,0,0
BRDA:47,8,1,0
BRDA:48,9,0,0
BRDA:48,9,1,0
BRDA:88,10,0,0
BRDA:88,10,1,0
BRDA:89,11,0,0
BRDA:89,11,1,0
BRDA:90,12,0,0
BRDA:90,12,1,0
BRDA:104,13,0,0
BRDA:104,13,1,0
BRDA:111,14,0,0
BRDA:111,14,1,0
BRDA:115,15,0,0
BRDA:115,15,1,0
BRDA:115,16,0,0
BRDA:115,16,1,0
BRDA:125,17,0,0
BRDA:125,17,1,0
BRDA:165,18,0,0
BRDA:165,18,1,0
BRDA:172,19,0,0
BRDA:172,19,1,0
BRDA:176,20,0,0
BRDA:176,20,1,0
BRDA:176,21,0,0
BRDA:176,21,1,0
BRDA:199,22,0,0
BRDA:199,22,1,0
BRDA:206,23,0,0
BRDA:206,23,1,0
BRDA:210,24,0,0
BRDA:210,24,1,0
BRDA:210,25,0,0
BRDA:210,25,1,0
BRDA:231,26,0,0
BRDA:231,26,1,0
BRDA:249,27,0,0
BRDA:249,27,1,0
BRDA:250,28,0,0
BRDA:250,28,1,0
BRDA:251,29,0,0
BRDA:251,29,1,0
BRDA:252,30,0,0
BRDA:252,30,1,0
BRDA:255,31,0,0
BRDA:255,31,1,0
BRDA:262,32,0,0
BRDA:262,32,1,0
BRDA:292,33,0,0
BRDA:292,33,1,0
BRDA:299,34,0,0
BRDA:299,34,1,0
BRDA:303,35,0,0
BRDA:303,35,1,0
BRDA:303,36,0,0
BRDA:303,36,1,0
BRDA:330,37,0,0
BRDA:330,37,1,0
BRDA:382,38,0,0
BRDA:424,39,0,0
BRDA:424,39,1,0
BRDA:438,40,0,0
BRDA:438,40,1,0
BRDA:441,41,0,0
BRDA:441,41,1,0
BRDA:441,42,0,0
BRDA:441,42,1,0
BRDA:444,43,0,0
BRDA:444,43,1,0
BRDA:444,44,0,0
BRDA:444,44,1,0
BRDA:447,45,0,0
BRDA:447,45,1,0
BRDA:447,46,0,0
BRDA:447,46,1,0
BRDA:452,47,0,0
BRDA:452,47,1,0
BRDA:460,48,0,0
BRDA:460,48,1,0
BRDA:474,49,0,0
BRDA:474,49,1,0
BRDA:490,50,0,0
BRDA:490,50,1,0
BRDA:492,51,0,0
BRDA:492,51,1,0
BRDA:497,52,0,0
BRDA:497,52,1,0
BRDA:498,53,0,0
BRDA:498,53,1,0
BRDA:500,54,0,0
BRDA:500,54,1,0
BRDA:500,55,0,0
BRDA:500,55,1,0
BRDA:507,56,0,0
BRDA:507,56,1,0
BRDA:508,57,0,0
BRDA:508,57,1,0
BRDA:508,58,0,0
BRDA:508,58,1,0
BRDA:508,58,2,0
BRDA:515,59,0,0
BRDA:515,59,1,0
BRDA:539,60,0,0
BRDA:539,60,1,0
BRDA:547,61,0,0
BRDA:547,61,1,0
BRDA:552,62,0,0
BRDA:552,62,1,0
BRDA:557,63,0,0
BRDA:557,63,1,0
BRDA:558,64,0,0
BRDA:558,64,1,0
BRDA:559,65,0,0
BRDA:559,65,1,0
BRDA:560,66,0,0
BRDA:560,66,1,0
BRDA:562,67,0,0
BRDA:562,67,1,0
BRDA:569,68,0,0
BRDA:569,68,1,0
BRDA:569,69,0,0
BRDA:569,69,1,0
BRDA:575,70,0,0
BRDA:575,70,1,0
BRDA:577,71,0,0
BRDA:577,71,1,0
BRDA:584,72,0,0
BRDA:584,72,1,0
BRDA:584,73,0,0
BRDA:584,73,1,0
BRDA:593,74,0,0
BRDA:593,74,1,0
BRDA:593,74,2,0
BRDA:595,75,0,0
BRDA:595,75,1,0
BRDA:604,76,0,0
BRDA:604,76,1,0
BRDA:604,76,2,0
BRDA:609,77,0,0
BRDA:609,77,1,0
BRDA:610,78,0,0
BRDA:610,78,1,0
BRDA:612,79,0,0
BRDA:612,79,1,0
BRDA:614,80,0,0
BRDA:614,80,1,0
BRDA:614,81,0,0
BRDA:614,81,1,0
BRDA:617,82,0,0
BRDA:617,82,1,0
BRDA:624,83,0,0
BRDA:624,83,1,0
BRDA:625,84,0,0
BRDA:625,84,1,0
BRDA:649,85,0,0
BRDA:649,85,1,0
BRDA:696,86,0,0
BRDA:696,86,1,0
BRDA:696,87,0,0
BRDA:696,87,1,0
BRDA:696,87,2,0
BRDA:715,88,0,0
BRDA:715,88,1,0
BRDA:731,89,0,0
BRDA:732,90,0,0
BRDA:732,90,1,0
BRDA:732,91,0,0
BRDA:732,91,1,0
BRDA:732,91,2,0
BRDA:738,92,0,0
BRDA:738,92,1,0
BRDA:738,92,2,0
BRDA:738,92,3,0
BRDA:741,93,0,0
BRDA:741,93,1,0
BRDA:742,94,0,0
BRDA:742,94,1,0
BRDA:743,95,0,0
BRDA:743,95,1,0
BRDA:744,96,0,0
BRDA:744,96,1,0
BRDA:753,97,0,0
BRDA:754,98,0,0
BRDA:754,98,1,0
BRDA:754,99,0,0
BRDA:754,99,1,0
BRDA:777,100,0,0
BRDA:777,100,1,0
BRDA:779,101,0,0
BRDA:779,101,1,0
BRDA:785,102,0,0
BRDA:785,102,1,0
BRDA:787,103,0,0
BRDA:787,103,1,0
BRDA:793,104,0,0
BRDA:793,104,1,0
BRDA:795,105,0,0
BRDA:795,105,1,0
BRDA:801,106,0,0
BRDA:801,106,1,0
BRDA:803,107,0,0
BRDA:803,107,1,0
BRDA:809,108,0,0
BRDA:809,108,1,0
BRDA:811,109,0,0
BRDA:811,109,1,0
BRDA:817,110,0,0
BRDA:817,110,1,0
BRDA:819,111,0,0
BRDA:819,111,1,0
BRDA:844,112,0,0
BRDA:844,112,1,0
BRDA:845,113,0,0
BRDA:845,113,1,0
BRDA:853,114,0,0
BRDA:853,114,1,0
BRDA:867,115,0,0
BRDA:867,115,1,0
BRDA:872,116,0,0
BRDA:872,116,1,0
BRDA:872,117,0,0
BRDA:872,117,1,0
BRDA:880,118,0,0
BRDA:880,118,1,0
BRDA:880,119,0,0
BRDA:880,119,1,0
BRDA:888,120,0,0
BRDA:888,120,1,0
BRDA:888,121,0,0
BRDA:888,121,1,0
BRDA:896,122,0,0
BRDA:896,122,1,0
BRDA:896,123,0,0
BRDA:896,123,1,0
BRDA:903,124,0,0
BRDA:903,124,1,0
BRF:253
BRH:0
end_of_record
TN:
SF:src/db/database.js
FN:16,getProductionDbPath
FN:21,ensureDataDirectoryExists
FN:28,connect
FN:47,getDB
FN:59,initializeDatabase
FN:82,closeDB
FNF:6
FNH:0
FNDA:0,getProductionDbPath
FNDA:0,ensureDataDirectoryExists
FNDA:0,connect
FNDA:0,getDB
FNDA:0,initializeDatabase
FNDA:0,closeDB
DA:1,5
DA:9,5
DA:10,5
DA:11,5
DA:17,0
DA:22,0
DA:23,0
DA:24,0
DA:29,0
DA:30,0
DA:31,0
DA:32,0
DA:33,0
DA:34,0
DA:35,0
DA:36,0
DA:38,0
DA:41,0
DA:42,0
DA:44,0
DA:48,0
DA:53,0
DA:54,0
DA:56,0
DA:60,0
DA:61,0
DA:62,0
DA:63,0
DA:66,0
DA:68,0
DA:69,0
DA:71,0
DA:72,0
DA:73,0
DA:74,0
DA:76,0
DA:77,0
DA:79,0
DA:83,0
DA:84,0
DA:85,0
DA:86,0
DA:88,0
DA:92,5
LF:44
LH:5
BRDA:17,0,0,0
BRDA:17,0,1,0
BRDA:23,1,0,0
BRDA:23,1,1,0
BRDA:30,2,0,0
BRDA:30,2,1,0
BRDA:34,3,0,0
BRDA:34,3,1,0
BRDA:41,4,0,0
BRDA:41,4,1,0
BRDA:48,5,0,0
BRDA:48,5,1,0
BRDA:59,6,0,0
BRDA:60,7,0,0
BRDA:60,7,1,0
BRDA:66,8,0,0
BRDA:66,8,1,0
BRDA:66,9,0,0
BRDA:66,9,1,0
BRDA:83,10,0,0
BRDA:83,10,1,0
BRF:21
BRH:0
end_of_record
TN:
SF:src/db/migrations.js
FN:10,ensureSchemaMigrationsTable
FN:21,getAppliedMigrations
FN:23,(anonymous_2)
FN:26,readMigrationScripts
FN:31,(anonymous_4)
FN:34,(anonymous_5)
FN:44,runMigrations
FN:51,(anonymous_7)
FNF:8
FNH:0
FNDA:0,ensureSchemaMigrationsTable
FNDA:0,getAppliedMigrations
FNDA:0,(anonymous_2)
FNDA:0,readMigrationScripts
FNDA:0,(anonymous_4)
FNDA:0,(anonymous_5)
FNDA:0,runMigrations
FNDA:0,(anonymous_7)
DA:2,5
DA:3,5
DA:8,5
DA:11,0
DA:22,0
DA:23,0
DA:27,0
DA:28,0
DA:30,0
DA:31,0
DA:34,0
DA:35,0
DA:36,0
DA:45,0
DA:47,0
DA:48,0
DA:49,0
DA:51,0
DA:53,0
DA:54,0
DA:55,0
DA:58,0
DA:61,0
DA:62,0
DA:65,0
DA:66,0
DA:67,0
DA:68,0
DA:71,0
DA:72,0
DA:75,0
DA:77,0
DA:79,0
DA:83,0
DA:84,0
DA:85,0
DA:89,0
DA:90,0
DA:93,0
DA:94,0
DA:97,0
DA:98,0
DA:100,0
DA:104,5
LF:44
LH:4
BRDA:27,0,0,0
BRDA:27,0,1,0
BRDA:44,1,0,0
BRDA:45,2,0,0
BRDA:53,3,0,0
BRDA:53,3,1,0
BRDA:61,4,0,0
BRDA:61,4,1,0
BRDA:75,5,0,0
BRDA:75,5,1,0
BRDA:75,6,0,0
BRDA:75,6,1,0
BRDA:89,7,0,0
BRDA:89,7,1,0
BRDA:97,8,0,0
BRDA:97,8,1,0
BRF:16
BRH:0
end_of_record
TN:
SF:src/db/queries.js
FN:5,getCharacterById
FN:11,getCharacterRelations
FN:47,getAllEvents
FN:53,getTimelineEventsForList
FN:69,getAllPuzzles
FN:76,getAllElements
FN:82,getElementsWithComputedFields
FN:96,getAllCharacterIdsAndNames
FN:102,getLinkedCharacters
FN:128,getFullEntityDetails
FN:133,(anonymous_10)
FN:149,getCharacterJourneyData
FN:154,(anonymous_12)
FN:155,(anonymous_13)
FN:156,(anonymous_14)
FN:165,(anonymous_15)
FN:169,(anonymous_16)
FN:175,(anonymous_17)
FN:177,(anonymous_18)
FN:180,(anonymous_19)
FN:185,(anonymous_20)
FN:186,(anonymous_21)
FN:198,getElementById
FN:203,getCharactersForList
FN:219,(anonymous_24)
FN:232,generateJourneyVersionHash
FN:267,getCachedJourneyGraph
FN:318,saveCachedJourneyGraph
FN:349,clearExpiredJourneyCache
FN:371,invalidateJourneyCache
FN:386,getSyncStatus
FNF:31
FNH:0
FNDA:0,getCharacterById
FNDA:0,getCharacterRelations
FNDA:0,getAllEvents
FNDA:0,getTimelineEventsForList
FNDA:0,getAllPuzzles
FNDA:0,getAllElements
FNDA:0,getElementsWithComputedFields
FNDA:0,getAllCharacterIdsAndNames
FNDA:0,getLinkedCharacters
FNDA:0,getFullEntityDetails
FNDA:0,(anonymous_10)
FNDA:0,getCharacterJourneyData
FNDA:0,(anonymous_12)
FNDA:0,(anonymous_13)
FNDA:0,(anonymous_14)
FNDA:0,(anonymous_15)
FNDA:0,(anonymous_16)
FNDA:0,(anonymous_17)
FNDA:0,(anonymous_18)
FNDA:0,(anonymous_19)
FNDA:0,(anonymous_20)
FNDA:0,(anonymous_21)
FNDA:0,getElementById
FNDA:0,getCharactersForList
FNDA:0,(anonymous_24)
FNDA:0,generateJourneyVersionHash
FNDA:0,getCachedJourneyGraph
FNDA:0,saveCachedJourneyGraph
FNDA:0,clearExpiredJourneyCache
FNDA:0,invalidateJourneyCache
FNDA:0,getSyncStatus
DA:2,5
DA:6,0
DA:7,0
DA:12,0
DA:14,0
DA:20,0
DA:26,0
DA:32,0
DA:38,0
DA:48,0
DA:49,0
DA:54,0
DA:55,0
DA:70,0
DA:71,0
DA:77,0
DA:78,0
DA:83,0
DA:84,0
DA:97,0
DA:98,0
DA:103,0
DA:104,0
DA:125,0
DA:129,0
DA:130,0
DA:131,0
DA:133,0
DA:135,0
DA:136,0
DA:137,0
DA:138,0
DA:140,0
DA:150,0
DA:153,0
DA:154,0
DA:155,0
DA:156,0
DA:159,0
DA:160,0
DA:161,0
DA:165,0
DA:168,0
DA:169,0
DA:173,0
DA:174,0
DA:175,0
DA:176,0
DA:177,0
DA:178,0
DA:179,0
DA:180,0
DA:184,0
DA:185,0
DA:186,0
DA:190,0
DA:199,0
DA:204,0
DA:206,0
DA:219,0
DA:233,0
DA:238,0
DA:249,0
DA:252,0
DA:253,0
DA:254,0
DA:255,0
DA:256,0
DA:259,0
DA:268,0
DA:269,0
DA:271,0
DA:272,0
DA:278,0
DA:279,0
DA:283,0
DA:284,0
DA:286,0
DA:287,0
DA:291,0
DA:298,0
DA:308,0
DA:309,0
DA:319,0
DA:321,0
DA:322,0
DA:325,0
DA:337,0
DA:340,0
DA:350,0
DA:352,0
DA:353,0
DA:358,0
DA:359,0
DA:363,0
DA:372,0
DA:374,0
DA:375,0
DA:376,0
DA:378,0
DA:387,0
DA:389,0
DA:391,0
DA:398,0
DA:405,0
DA:406,0
DA:407,0
DA:408,0
DA:410,0
DA:424,0
DA:425,0
DA:436,5
LF:112
LH:2
BRDA:130,0,0,0
BRDA:130,0,1,0
BRDA:130,1,0,0
BRDA:130,1,1,0
BRDA:160,2,0,0
BRDA:160,2,1,0
BRDA:174,3,0,0
BRDA:174,3,1,0
BRDA:179,4,0,0
BRDA:179,4,1,0
BRDA:184,5,0,0
BRDA:184,5,1,0
BRDA:221,6,0,0
BRDA:221,6,1,0
BRDA:278,7,0,0
BRDA:278,7,1,0
BRDA:284,8,0,0
BRDA:284,8,1,0
BRDA:349,9,0,0
BRDA:358,10,0,0
BRDA:358,10,1,0
BRDA:413,11,0,0
BRDA:413,11,1,0
BRDA:414,12,0,0
BRDA:414,12,1,0
BRDA:415,13,0,0
BRDA:415,13,1,0
BRF:27
BRH:0
end_of_record
TN:
SF:src/services/graphService.js
FN:9,createSnippet
FN:25,createNode
FN:84,createEdge
FN:103,(anonymous_3)
FN:111,(anonymous_4)
FN:132,(anonymous_5)
FN:142,(anonymous_6)
FN:152,(anonymous_7)
FNF:8
FNH:1
FNDA:0,createSnippet
FNDA:0,createNode
FNDA:0,createEdge
FNDA:3,(anonymous_3)
FNDA:0,(anonymous_4)
FNDA:0,(anonymous_5)
FNDA:0,(anonymous_6)
FNDA:0,(anonymous_7)
DA:1,3
DA:10,0
DA:11,0
DA:12,0
DA:13,0
DA:14,0
DA:15,0
DA:17,0
DA:26,0
DA:28,0
DA:34,0
DA:36,0
DA:37,0
DA:39,0
DA:43,0
DA:45,0
DA:50,0
DA:52,0
DA:57,0
DA:59,0
DA:63,0
DA:67,0
DA:68,0
DA:70,0
DA:71,0
DA:74,0
DA:85,0
DA:86,0
DA:112,0
DA:113,0
DA:114,0
DA:117,0
DA:118,0
DA:119,0
DA:121,0
DA:122,0
DA:123,0
DA:124,0
DA:125,0
DA:129,0
DA:132,0
DA:133,0
DA:134,0
DA:135,0
DA:136,0
DA:138,0
DA:139,0
DA:142,0
DA:143,0
DA:144,0
DA:145,0
DA:146,0
DA:148,0
DA:149,0
DA:152,0
DA:153,0
DA:154,0
DA:155,0
DA:156,0
DA:158,0
DA:159,0
DA:160,0
DA:165,0
DA:173,3
LF:64
LH:2
BRDA:9,0,0,0
BRDA:10,1,0,0
BRDA:10,1,1,0
BRDA:12,2,0,0
BRDA:12,2,1,0
BRDA:14,3,0,0
BRDA:14,3,1,0
BRDA:14,4,0,0
BRDA:14,4,1,0
BRDA:26,5,0,0
BRDA:26,5,1,0
BRDA:26,6,0,0
BRDA:26,6,1,0
BRDA:30,7,0,0
BRDA:30,7,1,0
BRDA:30,7,2,0
BRDA:32,8,0,0
BRDA:32,8,1,0
BRDA:32,8,2,0
BRDA:32,8,3,0
BRDA:37,9,0,0
BRDA:37,9,1,0
BRDA:37,9,2,0
BRDA:37,9,3,0
BRDA:67,10,0,0
BRDA:67,10,1,0
BRDA:70,11,0,0
BRDA:70,11,1,0
BRDA:85,12,0,0
BRDA:85,12,1,0
BRDA:85,13,0,0
BRDA:85,13,1,0
BRDA:111,14,0,0
BRDA:118,15,0,0
BRDA:118,15,1,0
BRDA:123,16,0,0
BRDA:123,16,1,0
BRDA:134,17,0,0
BRDA:134,17,1,0
BRDA:134,18,0,0
BRDA:134,18,1,0
BRDA:139,19,0,0
BRDA:139,19,1,0
BRDA:144,20,0,0
BRDA:144,20,1,0
BRDA:144,21,0,0
BRDA:144,21,1,0
BRDA:149,22,0,0
BRDA:149,22,1,0
BRDA:154,23,0,0
BRDA:154,23,1,0
BRDA:154,24,0,0
BRDA:154,24,1,0
BRDA:158,25,0,0
BRDA:158,25,1,0
BRDA:160,26,0,0
BRDA:160,26,1,0
BRF:57
BRH:0
end_of_record
TN:
SF:src/services/journeyEngine.js
FN:10,(anonymous_0)
FN:21,(anonymous_1)
FN:30,(anonymous_2)
FN:39,(anonymous_3)
FN:48,(anonymous_4)
FN:59,(anonymous_5)
FN:75,(anonymous_6)
FN:89,(anonymous_7)
FN:115,(anonymous_8)
FNF:9
FNH:0
FNDA:0,(anonymous_0)
FNDA:0,(anonymous_1)
FNDA:0,(anonymous_2)
FNDA:0,(anonymous_3)
FNDA:0,(anonymous_4)
FNDA:0,(anonymous_5)
FNDA:0,(anonymous_6)
FNDA:0,(anonymous_7)
FNDA:0,(anonymous_8)
DA:2,1
DA:3,1
DA:12,0
DA:13,0
DA:22,0
DA:23,0
DA:24,0
DA:27,0
DA:30,0
DA:31,0
DA:39,0
DA:40,0
DA:48,0
DA:49,0
DA:59,0
DA:60,0
DA:63,0
DA:64,0
DA:73,0
DA:74,0
DA:75,0
DA:76,0
DA:84,0
DA:89,0
DA:90,0
DA:91,0
DA:103,0
DA:116,0
DA:119,0
DA:120,0
DA:121,0
DA:122,0
DA:123,0
DA:128,0
DA:129,0
DA:130,0
DA:131,0
DA:134,0
DA:137,0
DA:139,0
DA:149,0
DA:150,0
DA:153,0
DA:159,1
LF:44
LH:3
BRDA:63,0,0,0
BRDA:63,0,1,0
BRDA:74,1,0,0
BRDA:74,1,1,0
BRDA:90,2,0,0
BRDA:90,2,1,0
BRDA:115,3,0,0
BRDA:116,4,0,0
BRDA:116,4,1,0
BRDA:116,4,2,0
BRDA:119,5,0,0
BRDA:119,5,1,0
BRDA:121,6,0,0
BRDA:121,6,1,0
BRDA:129,7,0,0
BRDA:129,7,1,0
BRDA:149,8,0,0
BRDA:149,8,1,0
BRF:18
BRH:0
end_of_record
TN:
SF:src/services/notionService.js
FN:10,getNotionClient
FN:42,makeCacheKey
FN:52,queryDatabase
FN:88,getPage
FN:111,getCharacters
FN:120,getTimelineEvents
FN:129,getPuzzles
FN:138,getElements
FN:147,getElementsByType
FN:163,getPagesByIds
FN:167,(anonymous_10)
FN:167,(anonymous_11)
FN:173,clearCache
FN:206,getCharacterDetails
FN:234,(anonymous_14)
FN:248,getAllCharacterOverviews
FN:320,getCharactersForList
FN:325,getTimelineEventsForList
FNF:18
FNH:0
FNDA:0,getNotionClient
FNDA:0,makeCacheKey
FNDA:0,queryDatabase
FNDA:0,getPage
FNDA:0,getCharacters
FNDA:0,getTimelineEvents
FNDA:0,getPuzzles
FNDA:0,getElements
FNDA:0,getElementsByType
FNDA:0,getPagesByIds
FNDA:0,(anonymous_10)
FNDA:0,(anonymous_11)
FNDA:0,clearCache
FNDA:0,getCharacterDetails
FNDA:0,(anonymous_14)
FNDA:0,getAllCharacterOverviews
FNDA:0,getCharactersForList
FNDA:0,getTimelineEventsForList
DA:1,3
DA:2,3
DA:3,3
DA:4,3
DA:5,3
DA:8,3
DA:11,0
DA:13,0
DA:14,0
DA:15,0
DA:21,0
DA:22,0
DA:25,0
DA:29,0
DA:33,3
DA:40,3
DA:43,0
DA:53,0
DA:54,0
DA:55,0
DA:56,0
DA:57,0
DA:59,0
DA:61,0
DA:66,0
DA:67,0
DA:71,0
DA:73,0
DA:74,0
DA:76,0
DA:78,0
DA:79,0
DA:89,0
DA:90,0
DA:91,0
DA:92,0
DA:93,0
DA:95,0
DA:96,0
DA:97,0
DA:98,0
DA:99,0
DA:101,0
DA:102,0
DA:112,0
DA:121,0
DA:130,0
DA:139,0
DA:148,0
DA:155,0
DA:164,0
DA:166,0
DA:167,0
DA:170,0
DA:174,0
DA:175,0
DA:178,3
DA:207,0
DA:208,0
DA:209,0
DA:210,0
DA:213,0
DA:214,0
DA:215,0
DA:216,0
DA:220,0
DA:221,0
DA:224,0
DA:225,0
DA:228,0
DA:232,0
DA:233,0
DA:234,0
DA:236,0
DA:251,0
DA:252,0
DA:322,0
DA:327,0
LF:78
LH:9
BRDA:11,0,0,0
BRDA:11,0,1,0
BRDA:13,1,0,0
BRDA:13,1,1,0
BRDA:21,2,0,0
BRDA:21,2,1,0
BRDA:34,3,0,3
BRDA:34,3,1,0
BRDA:35,4,0,3
BRDA:35,4,1,0
BRDA:36,5,0,3
BRDA:36,5,1,0
BRDA:37,6,0,3
BRDA:37,6,1,0
BRDA:52,7,0,0
BRDA:55,8,0,0
BRDA:55,8,1,0
BRDA:66,9,0,0
BRDA:66,9,1,0
BRDA:91,10,0,0
BRDA:91,10,1,0
BRDA:111,11,0,0
BRDA:120,12,0,0
BRDA:129,13,0,0
BRDA:138,14,0,0
BRDA:164,15,0,0
BRDA:164,15,1,0
BRDA:164,16,0,0
BRDA:164,16,1,0
BRDA:208,17,0,0
BRDA:208,17,1,0
BRDA:214,18,0,0
BRDA:214,18,1,0
BRDA:220,19,0,0
BRDA:220,19,1,0
BRDA:224,20,0,0
BRDA:224,20,1,0
BRDA:229,21,0,0
BRDA:229,21,1,0
BRDA:230,22,0,0
BRDA:230,22,1,0
BRDA:233,23,0,0
BRDA:233,23,1,0
BRF:43
BRH:4
end_of_record
TN:
SF:src/utils/notionPropertyMapper.js
FN:6,extractTitle
FN:10,(anonymous_1)
FN:18,extractRichText
FN:22,(anonymous_3)
FN:30,extractSelect
FN:42,extractMultiSelect
FN:46,(anonymous_6)
FN:54,extractRelation
FN:58,(anonymous_8)
FN:66,extractUrl
FN:78,extractDate
FN:90,extractNumber
FN:102,mapCharacter
FN:128,mapTimelineEvent
FN:148,mapPuzzle
FN:176,getProperty
FN:206,extractRelationByName
FN:217,extractRichTextByName
FN:228,extractSelectByName
FN:239,extractMultiSelectByName
FN:250,extractUrlByName
FN:261,mapCharacterWithNames
FN:284,(anonymous_22)
FN:295,(anonymous_23)
FN:296,(anonymous_24)
FN:297,(anonymous_25)
FN:298,(anonymous_26)
FN:326,mapTimelineEventWithNames
FN:339,(anonymous_28)
FN:342,(anonymous_29)
FN:364,(anonymous_30)
FN:397,mapPuzzleWithNames
FN:445,(anonymous_32)
FN:446,(anonymous_33)
FN:459,(anonymous_34)
FN:464,(anonymous_35)
FN:465,(anonymous_36)
FN:466,(anonymous_37)
FN:467,(anonymous_38)
FN:470,(anonymous_39)
FN:471,(anonymous_40)
FN:522,mapCharacterOverview
FN:538,mapElementWithNames
FN:563,(anonymous_43)
FN:568,(anonymous_44)
FN:571,(anonymous_45)
FN:572,(anonymous_46)
FN:573,(anonymous_47)
FN:574,(anonymous_48)
FN:575,(anonymous_49)
FN:576,(anonymous_50)
FN:577,(anonymous_51)
FN:602,(anonymous_52)
FNF:53
FNH:0
FNDA:0,extractTitle
FNDA:0,(anonymous_1)
FNDA:0,extractRichText
FNDA:0,(anonymous_3)
FNDA:0,extractSelect
FNDA:0,extractMultiSelect
FNDA:0,(anonymous_6)
FNDA:0,extractRelation
FNDA:0,(anonymous_8)
FNDA:0,extractUrl
FNDA:0,extractDate
FNDA:0,extractNumber
FNDA:0,mapCharacter
FNDA:0,mapTimelineEvent
FNDA:0,mapPuzzle
FNDA:0,getProperty
FNDA:0,extractRelationByName
FNDA:0,extractRichTextByName
FNDA:0,extractSelectByName
FNDA:0,extractMultiSelectByName
FNDA:0,extractUrlByName
FNDA:0,mapCharacterWithNames
FNDA:0,(anonymous_22)
FNDA:0,(anonymous_23)
FNDA:0,(anonymous_24)
FNDA:0,(anonymous_25)
FNDA:0,(anonymous_26)
FNDA:0,mapTimelineEventWithNames
FNDA:0,(anonymous_28)
FNDA:0,(anonymous_29)
FNDA:0,(anonymous_30)
FNDA:0,mapPuzzleWithNames
FNDA:0,(anonymous_32)
FNDA:0,(anonymous_33)
FNDA:0,(anonymous_34)
FNDA:0,(anonymous_35)
FNDA:0,(anonymous_36)
FNDA:0,(anonymous_37)
FNDA:0,(anonymous_38)
FNDA:0,(anonymous_39)
FNDA:0,(anonymous_40)
FNDA:0,mapCharacterOverview
FNDA:0,mapElementWithNames
FNDA:0,(anonymous_43)
FNDA:0,(anonymous_44)
FNDA:0,(anonymous_45)
FNDA:0,(anonymous_46)
FNDA:0,(anonymous_47)
FNDA:0,(anonymous_48)
FNDA:0,(anonymous_49)
FNDA:0,(anonymous_50)
FNDA:0,(anonymous_51)
FNDA:0,(anonymous_52)
DA:7,0
DA:8,0
DA:10,0
DA:19,0
DA:20,0
DA:22,0
DA:31,0
DA:32,0
DA:34,0
DA:43,0
DA:44,0
DA:46,0
DA:55,0
DA:56,0
DA:58,0
DA:67,0
DA:68,0
DA:70,0
DA:79,0
DA:80,0
DA:82,0
DA:91,0
DA:92,0
DA:94,0
DA:103,0
DA:105,0
DA:129,0
DA:131,0
DA:149,0
DA:151,0
DA:178,0
DA:187,0
DA:188,0
DA:189,0
DA:194,0
DA:197,0
DA:207,0
DA:208,0
DA:218,0
DA:219,0
DA:229,0
DA:230,0
DA:240,0
DA:241,0
DA:251,0
DA:252,0
DA:262,0
DA:263,0
DA:266,0
DA:267,0
DA:268,0
DA:269,0
DA:277,0
DA:284,0
DA:286,0
DA:295,0
DA:296,0
DA:297,0
DA:298,0
DA:307,0
DA:309,0
DA:312,0
DA:327,0
DA:328,0
DA:331,0
DA:332,0
DA:334,0
DA:339,0
DA:342,0
DA:345,0
DA:346,0
DA:348,0
DA:351,0
DA:352,0
DA:355,0
DA:359,0
DA:364,0
DA:378,0
DA:380,0
DA:383,0
DA:398,0
DA:399,0
DA:402,0
DA:403,0
DA:404,0
DA:405,0
DA:406,0
DA:407,0
DA:414,0
DA:415,0
DA:417,0
DA:418,0
DA:419,0
DA:421,0
DA:422,0
DA:423,0
DA:425,0
DA:426,0
DA:427,0
DA:429,0
DA:430,0
DA:431,0
DA:433,0
DA:434,0
DA:435,0
DA:437,0
DA:438,0
DA:439,0
DA:443,0
DA:446,0
DA:451,0
DA:452,0
DA:453,0
DA:454,0
DA:455,0
DA:456,0
DA:459,0
DA:461,0
DA:464,0
DA:465,0
DA:466,0
DA:467,0
DA:470,0
DA:471,0
DA:487,0
DA:489,0
DA:490,0
DA:491,0
DA:492,0
DA:495,0
DA:496,0
DA:497,0
DA:505,0
DA:509,0
DA:523,0
DA:524,0
DA:526,0
DA:539,0
DA:540,0
DA:543,0
DA:544,0
DA:545,0
DA:546,0
DA:547,0
DA:548,0
DA:549,0
DA:550,0
DA:552,0
DA:563,0
DA:565,0
DA:568,0
DA:571,0
DA:572,0
DA:573,0
DA:574,0
DA:575,0
DA:576,0
DA:577,0
DA:597,0
DA:598,0
DA:600,0
DA:601,0
DA:602,0
DA:604,0
DA:606,0
DA:607,0
DA:611,0
DA:612,0
DA:613,0
DA:614,0
DA:615,0
DA:618,0
DA:619,0
DA:620,0
DA:621,0
DA:622,0
DA:625,0
DA:626,0
DA:627,0
DA:628,0
DA:629,0
DA:633,0
DA:634,0
DA:635,0
DA:636,0
DA:637,0
DA:640,0
DA:641,0
DA:642,0
DA:643,0
DA:644,0
DA:646,0
DA:647,0
DA:653,0
DA:655,0
DA:658,0
DA:666,3
LF:197
LH:1
BRDA:7,0,0,0
BRDA:7,0,1,0
BRDA:7,1,0,0
BRDA:7,1,1,0
BRDA:7,1,2,0
BRDA:19,2,0,0
BRDA:19,2,1,0
BRDA:19,3,0,0
BRDA:19,3,1,0
BRDA:19,3,2,0
BRDA:31,4,0,0
BRDA:31,4,1,0
BRDA:31,5,0,0
BRDA:31,5,1,0
BRDA:43,6,0,0
BRDA:43,6,1,0
BRDA:43,7,0,0
BRDA:43,7,1,0
BRDA:43,7,2,0
BRDA:55,8,0,0
BRDA:55,8,1,0
BRDA:55,9,0,0
BRDA:55,9,1,0
BRDA:55,9,2,0
BRDA:67,10,0,0
BRDA:67,10,1,0
BRDA:67,11,0,0
BRDA:67,11,1,0
BRDA:79,12,0,0
BRDA:79,12,1,0
BRDA:79,13,0,0
BRDA:79,13,1,0
BRDA:91,14,0,0
BRDA:91,14,1,0
BRDA:91,15,0,0
BRDA:91,15,1,0
BRDA:91,15,2,0
BRDA:110,16,0,0
BRDA:110,16,1,0
BRDA:111,17,0,0
BRDA:111,17,1,0
BRDA:112,18,0,0
BRDA:112,18,1,0
BRDA:113,19,0,0
BRDA:113,19,1,0
BRDA:114,20,0,0
BRDA:114,20,1,0
BRDA:115,21,0,0
BRDA:115,21,1,0
BRDA:116,22,0,0
BRDA:116,22,1,0
BRDA:117,23,0,0
BRDA:117,23,1,0
BRDA:135,24,0,0
BRDA:135,24,1,0
BRDA:136,25,0,0
BRDA:136,25,1,0
BRDA:137,26,0,0
BRDA:137,26,1,0
BRDA:138,27,0,0
BRDA:138,27,1,0
BRDA:154,28,0,0
BRDA:154,28,1,0
BRDA:155,29,0,0
BRDA:155,29,1,0
BRDA:156,30,0,0
BRDA:156,30,1,0
BRDA:157,31,0,0
BRDA:157,31,1,0
BRDA:158,32,0,0
BRDA:158,32,1,0
BRDA:160,33,0,0
BRDA:160,33,1,0
BRDA:161,34,0,0
BRDA:161,34,1,0
BRDA:163,35,0,0
BRDA:163,35,1,0
BRDA:164,36,0,0
BRDA:164,36,1,0
BRDA:188,37,0,0
BRDA:188,37,1,0
BRDA:208,38,0,0
BRDA:208,38,1,0
BRDA:219,39,0,0
BRDA:219,39,1,0
BRDA:230,40,0,0
BRDA:230,40,1,0
BRDA:241,41,0,0
BRDA:241,41,1,0
BRDA:252,42,0,0
BRDA:252,42,1,0
BRDA:284,43,0,0
BRDA:284,44,0,0
BRDA:284,44,1,0
BRDA:284,44,2,0
BRDA:284,44,3,0
BRDA:309,45,0,0
BRDA:309,45,1,0
BRDA:313,46,0,0
BRDA:313,46,1,0
BRDA:314,47,0,0
BRDA:314,47,1,0
BRDA:339,48,0,0
BRDA:339,49,0,0
BRDA:339,49,1,0
BRDA:339,49,2,0
BRDA:345,50,0,0
BRDA:345,50,1,0
BRDA:346,51,0,0
BRDA:346,51,1,0
BRDA:348,52,0,0
BRDA:348,52,1,0
BRDA:380,53,0,0
BRDA:380,53,1,0
BRDA:384,54,0,0
BRDA:384,54,1,0
BRDA:385,55,0,0
BRDA:385,55,1,0
BRDA:417,56,0,0
BRDA:417,56,1,0
BRDA:421,57,0,0
BRDA:421,57,1,0
BRDA:425,58,0,0
BRDA:425,58,1,0
BRDA:429,59,0,0
BRDA:429,59,1,0
BRDA:433,60,0,0
BRDA:433,60,1,0
BRDA:437,61,0,0
BRDA:437,61,1,0
BRDA:443,62,0,0
BRDA:443,62,1,0
BRDA:451,63,0,0
BRDA:451,63,1,0
BRDA:452,64,0,0
BRDA:452,64,1,0
BRDA:453,65,0,0
BRDA:453,65,1,0
BRDA:454,66,0,0
BRDA:454,66,1,0
BRDA:455,67,0,0
BRDA:455,67,1,0
BRDA:456,68,0,0
BRDA:456,68,1,0
BRDA:459,69,0,0
BRDA:459,70,0,0
BRDA:459,70,1,0
BRDA:459,70,2,0
BRDA:459,70,3,0
BRDA:489,71,0,0
BRDA:489,71,1,0
BRDA:490,72,0,0
BRDA:490,72,1,0
BRDA:491,73,0,0
BRDA:491,73,1,0
BRDA:495,74,0,0
BRDA:495,74,1,0
BRDA:510,75,0,0
BRDA:510,75,1,0
BRDA:523,76,0,0
BRDA:523,76,1,0
BRDA:523,77,0,0
BRDA:523,77,1,0
BRDA:563,78,0,0
BRDA:563,79,0,0
BRDA:563,79,1,0
BRDA:563,79,2,0
BRDA:563,79,3,0
BRDA:600,80,0,0
BRDA:600,80,1,0
BRDA:600,81,0,0
BRDA:600,81,1,0
BRDA:604,82,0,0
BRDA:604,82,1,0
BRDA:606,83,0,0
BRDA:606,83,1,0
BRDA:613,84,0,0
BRDA:613,84,1,0
BRDA:613,85,0,0
BRDA:613,85,1,0
BRDA:620,86,0,0
BRDA:620,86,1,0
BRDA:620,87,0,0
BRDA:620,87,1,0
BRDA:627,88,0,0
BRDA:627,88,1,0
BRDA:627,89,0,0
BRDA:627,89,1,0
BRDA:635,90,0,0
BRDA:635,90,1,0
BRDA:635,91,0,0
BRDA:635,91,1,0
BRDA:642,92,0,0
BRDA:642,92,1,0
BRDA:642,93,0,0
BRDA:642,93,1,0
BRDA:655,94,0,0
BRDA:655,94,1,0
BRDA:659,95,0,0
BRDA:659,95,1,0
BRDA:660,96,0,0
BRDA:660,96,1,0
BRF:202
BRH:0
end_of_record
