{"/mnt/c/Users/spide/Documents/GitHub/ALNTool/storyforge/backend/src/controllers/notionController.js": {"path":"/mnt/c/Users/spide/Documents/GitHub/ALNTool/storyforge/backend/src/controllers/notionController.js","statementMap":{"0":{"start":{"line":1,"column":22},"end":{"line":1,"column":58}},"1":{"start":{"line":2,"column":21},"end":{"line":2,"column":56}},"2":{"start":{"line":3,"column":23},"end":{"line":3,"column":63}},"3":{"start":{"line":4,"column":38},"end":{"line":4,"column":74}},"4":{"start":{"line":13,"column":2},"end":{"line":13,"column":23}},"5":{"start":{"line":13,"column":13},"end":{"line":13,"column":23}},"6":{"start":{"line":14,"column":2},"end":{"line":14,"column":22}},"7":{"start":{"line":15,"column":2},"end":{"line":15,"column":44}},"8":{"start":{"line":15,"column":32},"end":{"line":15,"column":44}},"9":{"start":{"line":16,"column":17},"end":{"line":16,"column":53}},"10":{"start":{"line":17,"column":2},"end":{"line":19,"column":3}},"11":{"start":{"line":18,"column":6},"end":{"line":18,"column":47}},"12":{"start":{"line":20,"column":2},"end":{"line":20,"column":50}},"13":{"start":{"line":23,"column":19},"end":{"line":27,"column":1}},"14":{"start":{"line":24,"column":2},"end":{"line":26,"column":4}},"15":{"start":{"line":25,"column":4},"end":{"line":25,"column":52}},"16":{"start":{"line":30,"column":27},"end":{"line":30,"column":29}},"17":{"start":{"line":31,"column":2},"end":{"line":45,"column":3}},"18":{"start":{"line":32,"column":4},"end":{"line":44,"column":5}},"19":{"start":{"line":33,"column":6},"end":{"line":43,"column":7}},"20":{"start":{"line":34,"column":8},"end":{"line":37,"column":11}},"21":{"start":{"line":39,"column":8},"end":{"line":42,"column":11}},"22":{"start":{"line":46,"column":2},"end":{"line":46,"column":54}},"23":{"start":{"line":46,"column":37},"end":{"line":46,"column":54}},"24":{"start":{"line":47,"column":2},"end":{"line":47,"column":89}},"25":{"start":{"line":50,"column":22},"end":{"line":56,"column":2}},"26":{"start":{"line":53,"column":21},"end":{"line":53,"column":72}},"27":{"start":{"line":54,"column":2},"end":{"line":54,"column":23}},"28":{"start":{"line":55,"column":2},"end":{"line":55,"column":23}},"29":{"start":{"line":58,"column":25},"end":{"line":79,"column":2}},"30":{"start":{"line":59,"column":17},"end":{"line":59,"column":27}},"31":{"start":{"line":60,"column":19},"end":{"line":60,"column":74}},"32":{"start":{"line":61,"column":32},"end":{"line":61,"column":57}},"33":{"start":{"line":62,"column":2},"end":{"line":66,"column":3}},"34":{"start":{"line":63,"column":4},"end":{"line":63,"column":62}},"35":{"start":{"line":64,"column":4},"end":{"line":64,"column":25}},"36":{"start":{"line":65,"column":4},"end":{"line":65,"column":43}},"37":{"start":{"line":67,"column":2},"end":{"line":67,"column":61}},"38":{"start":{"line":68,"column":24},"end":{"line":68,"column":55}},"39":{"start":{"line":69,"column":2},"end":{"line":71,"column":3}},"40":{"start":{"line":70,"column":4},"end":{"line":70,"column":66}},"41":{"start":{"line":72,"column":26},"end":{"line":72,"column":98}},"42":{"start":{"line":73,"column":2},"end":{"line":76,"column":3}},"43":{"start":{"line":74,"column":4},"end":{"line":74,"column":47}},"44":{"start":{"line":75,"column":4},"end":{"line":75,"column":62}},"45":{"start":{"line":77,"column":2},"end":{"line":77,"column":23}},"46":{"start":{"line":78,"column":2},"end":{"line":78,"column":28}},"47":{"start":{"line":81,"column":26},"end":{"line":92,"column":2}},"48":{"start":{"line":82,"column":17},"end":{"line":82,"column":27}},"49":{"start":{"line":83,"column":16},"end":{"line":83,"column":52}},"50":{"start":{"line":88,"column":16},"end":{"line":88,"column":63}},"51":{"start":{"line":91,"column":2},"end":{"line":91,"column":18}},"52":{"start":{"line":94,"column":26},"end":{"line":110,"column":2}},"53":{"start":{"line":95,"column":22},"end":{"line":100,"column":3}},"54":{"start":{"line":101,"column":17},"end":{"line":101,"column":58}},"55":{"start":{"line":104,"column":23},"end":{"line":104,"column":68}},"56":{"start":{"line":105,"column":17},"end":{"line":107,"column":3}},"57":{"start":{"line":106,"column":30},"end":{"line":106,"column":92}},"58":{"start":{"line":108,"column":2},"end":{"line":108,"column":23}},"59":{"start":{"line":109,"column":2},"end":{"line":109,"column":19}},"60":{"start":{"line":112,"column":29},"end":{"line":133,"column":2}},"61":{"start":{"line":113,"column":17},"end":{"line":113,"column":27}},"62":{"start":{"line":114,"column":19},"end":{"line":114,"column":63}},"63":{"start":{"line":115,"column":28},"end":{"line":115,"column":53}},"64":{"start":{"line":116,"column":2},"end":{"line":120,"column":3}},"65":{"start":{"line":117,"column":4},"end":{"line":117,"column":58}},"66":{"start":{"line":118,"column":4},"end":{"line":118,"column":25}},"67":{"start":{"line":119,"column":4},"end":{"line":119,"column":39}},"68":{"start":{"line":121,"column":2},"end":{"line":121,"column":57}},"69":{"start":{"line":122,"column":20},"end":{"line":122,"column":51}},"70":{"start":{"line":123,"column":2},"end":{"line":125,"column":3}},"71":{"start":{"line":124,"column":4},"end":{"line":124,"column":71}},"72":{"start":{"line":126,"column":22},"end":{"line":126,"column":94}},"73":{"start":{"line":127,"column":2},"end":{"line":130,"column":3}},"74":{"start":{"line":128,"column":4},"end":{"line":128,"column":43}},"75":{"start":{"line":129,"column":4},"end":{"line":129,"column":58}},"76":{"start":{"line":131,"column":2},"end":{"line":131,"column":23}},"77":{"start":{"line":132,"column":2},"end":{"line":132,"column":24}},"78":{"start":{"line":135,"column":19},"end":{"line":144,"column":2}},"79":{"start":{"line":136,"column":22},"end":{"line":136,"column":88}},"80":{"start":{"line":137,"column":17},"end":{"line":137,"column":58}},"81":{"start":{"line":138,"column":24},"end":{"line":138,"column":62}},"82":{"start":{"line":139,"column":18},"end":{"line":141,"column":3}},"83":{"start":{"line":140,"column":32},"end":{"line":140,"column":88}},"84":{"start":{"line":142,"column":2},"end":{"line":142,"column":23}},"85":{"start":{"line":143,"column":2},"end":{"line":143,"column":20}},"86":{"start":{"line":146,"column":22},"end":{"line":167,"column":2}},"87":{"start":{"line":147,"column":17},"end":{"line":147,"column":27}},"88":{"start":{"line":148,"column":19},"end":{"line":148,"column":71}},"89":{"start":{"line":149,"column":29},"end":{"line":149,"column":54}},"90":{"start":{"line":150,"column":2},"end":{"line":154,"column":3}},"91":{"start":{"line":151,"column":4},"end":{"line":151,"column":59}},"92":{"start":{"line":152,"column":4},"end":{"line":152,"column":25}},"93":{"start":{"line":153,"column":4},"end":{"line":153,"column":40}},"94":{"start":{"line":155,"column":2},"end":{"line":155,"column":58}},"95":{"start":{"line":156,"column":21},"end":{"line":156,"column":52}},"96":{"start":{"line":157,"column":2},"end":{"line":159,"column":3}},"97":{"start":{"line":158,"column":4},"end":{"line":158,"column":63}},"98":{"start":{"line":160,"column":23},"end":{"line":160,"column":89}},"99":{"start":{"line":161,"column":2},"end":{"line":164,"column":3}},"100":{"start":{"line":162,"column":4},"end":{"line":162,"column":44}},"101":{"start":{"line":163,"column":4},"end":{"line":163,"column":59}},"102":{"start":{"line":165,"column":2},"end":{"line":165,"column":23}},"103":{"start":{"line":166,"column":2},"end":{"line":166,"column":25}},"104":{"start":{"line":170,"column":27},"end":{"line":176,"column":1}},"105":{"start":{"line":178,"column":20},"end":{"line":221,"column":2}},"106":{"start":{"line":179,"column":47},"end":{"line":179,"column":56}},"107":{"start":{"line":183,"column":22},"end":{"line":188,"column":3}},"108":{"start":{"line":189,"column":26},"end":{"line":189,"column":74}},"109":{"start":{"line":191,"column":2},"end":{"line":213,"column":3}},"110":{"start":{"line":192,"column":35},"end":{"line":195,"column":7}},"111":{"start":{"line":192,"column":67},"end":{"line":195,"column":5}},"112":{"start":{"line":197,"column":25},"end":{"line":197,"column":55}},"113":{"start":{"line":199,"column":4},"end":{"line":208,"column":5}},"114":{"start":{"line":201,"column":6},"end":{"line":205,"column":7}},"115":{"start":{"line":202,"column":9},"end":{"line":202,"column":67}},"116":{"start":{"line":204,"column":9},"end":{"line":204,"column":74}},"117":{"start":{"line":207,"column":6},"end":{"line":207,"column":36}},"118":{"start":{"line":211,"column":4},"end":{"line":211,"column":37}},"119":{"start":{"line":215,"column":25},"end":{"line":215,"column":72}},"120":{"start":{"line":216,"column":19},"end":{"line":218,"column":3}},"121":{"start":{"line":217,"column":34},"end":{"line":217,"column":92}},"122":{"start":{"line":219,"column":2},"end":{"line":219,"column":23}},"123":{"start":{"line":220,"column":2},"end":{"line":220,"column":21}},"124":{"start":{"line":223,"column":23},"end":{"line":244,"column":2}},"125":{"start":{"line":224,"column":17},"end":{"line":224,"column":27}},"126":{"start":{"line":225,"column":19},"end":{"line":225,"column":57}},"127":{"start":{"line":226,"column":30},"end":{"line":226,"column":55}},"128":{"start":{"line":227,"column":2},"end":{"line":231,"column":3}},"129":{"start":{"line":228,"column":4},"end":{"line":228,"column":60}},"130":{"start":{"line":229,"column":4},"end":{"line":229,"column":25}},"131":{"start":{"line":230,"column":4},"end":{"line":230,"column":41}},"132":{"start":{"line":232,"column":2},"end":{"line":232,"column":59}},"133":{"start":{"line":233,"column":22},"end":{"line":233,"column":53}},"134":{"start":{"line":234,"column":2},"end":{"line":236,"column":3}},"135":{"start":{"line":235,"column":4},"end":{"line":235,"column":64}},"136":{"start":{"line":237,"column":24},"end":{"line":237,"column":92}},"137":{"start":{"line":238,"column":2},"end":{"line":241,"column":3}},"138":{"start":{"line":239,"column":4},"end":{"line":239,"column":45}},"139":{"start":{"line":240,"column":4},"end":{"line":240,"column":60}},"140":{"start":{"line":242,"column":2},"end":{"line":242,"column":23}},"141":{"start":{"line":243,"column":2},"end":{"line":243,"column":26}},"142":{"start":{"line":246,"column":29},"end":{"line":261,"column":2}},"143":{"start":{"line":247,"column":2},"end":{"line":260,"column":5}},"144":{"start":{"line":263,"column":21},"end":{"line":309,"column":2}},"145":{"start":{"line":264,"column":16},"end":{"line":264,"column":25}},"146":{"start":{"line":265,"column":2},"end":{"line":265,"column":73}},"147":{"start":{"line":265,"column":10},"end":{"line":265,"column":73}},"148":{"start":{"line":267,"column":26},"end":{"line":288,"column":3}},"149":{"start":{"line":290,"column":18},"end":{"line":290,"column":20}},"150":{"start":{"line":291,"column":25},"end":{"line":305,"column":4}},"151":{"start":{"line":292,"column":19},"end":{"line":295,"column":5}},"152":{"start":{"line":296,"column":4},"end":{"line":304,"column":5}},"153":{"start":{"line":297,"column":20},"end":{"line":297,"column":50}},"154":{"start":{"line":298,"column":6},"end":{"line":300,"column":8}},"155":{"start":{"line":299,"column":26},"end":{"line":299,"column":62}},"156":{"start":{"line":302,"column":6},"end":{"line":302,"column":55}},"157":{"start":{"line":303,"column":6},"end":{"line":303,"column":26}},"158":{"start":{"line":307,"column":2},"end":{"line":307,"column":36}},"159":{"start":{"line":308,"column":2},"end":{"line":308,"column":20}},"160":{"start":{"line":311,"column":19},"end":{"line":315,"column":2}},"161":{"start":{"line":312,"column":2},"end":{"line":312,"column":29}},"162":{"start":{"line":313,"column":2},"end":{"line":313,"column":39}},"163":{"start":{"line":314,"column":2},"end":{"line":314,"column":41}},"164":{"start":{"line":318,"column":2},"end":{"line":318,"column":57}},"165":{"start":{"line":321,"column":24},"end":{"line":324,"column":2}},"166":{"start":{"line":323,"column":2},"end":{"line":323,"column":53}},"167":{"start":{"line":326,"column":23},"end":{"line":329,"column":2}},"168":{"start":{"line":328,"column":2},"end":{"line":328,"column":53}},"169":{"start":{"line":331,"column":25},"end":{"line":334,"column":2}},"170":{"start":{"line":333,"column":2},"end":{"line":333,"column":53}},"171":{"start":{"line":336,"column":0},"end":{"line":352,"column":2}},"172":{"start":{"line":356,"column":31},"end":{"line":404,"column":2}},"173":{"start":{"line":357,"column":19},"end":{"line":357,"column":59}},"174":{"start":{"line":358,"column":21},"end":{"line":358,"column":46}},"175":{"start":{"line":359,"column":2},"end":{"line":363,"column":3}},"176":{"start":{"line":360,"column":4},"end":{"line":360,"column":43}},"177":{"start":{"line":361,"column":4},"end":{"line":361,"column":25}},"178":{"start":{"line":362,"column":4},"end":{"line":362,"column":32}},"179":{"start":{"line":364,"column":2},"end":{"line":364,"column":42}},"180":{"start":{"line":366,"column":24},"end":{"line":366,"column":56}},"181":{"start":{"line":367,"column":24},"end":{"line":369,"column":3}},"182":{"start":{"line":368,"column":32},"end":{"line":368,"column":88}},"183":{"start":{"line":371,"column":30},"end":{"line":371,"column":32}},"184":{"start":{"line":372,"column":2},"end":{"line":398,"column":3}},"185":{"start":{"line":373,"column":4},"end":{"line":373,"column":31}},"186":{"start":{"line":373,"column":22},"end":{"line":373,"column":31}},"187":{"start":{"line":375,"column":21},"end":{"line":375,"column":23}},"188":{"start":{"line":376,"column":4},"end":{"line":378,"column":5}},"189":{"start":{"line":377,"column":6},"end":{"line":377,"column":93}},"190":{"start":{"line":379,"column":4},"end":{"line":381,"column":5}},"191":{"start":{"line":380,"column":6},"end":{"line":380,"column":116}},"192":{"start":{"line":382,"column":4},"end":{"line":384,"column":5}},"193":{"start":{"line":383,"column":6},"end":{"line":383,"column":120}},"194":{"start":{"line":387,"column":4},"end":{"line":397,"column":5}},"195":{"start":{"line":388,"column":6},"end":{"line":396,"column":9}},"196":{"start":{"line":400,"column":2},"end":{"line":400,"column":49}},"197":{"start":{"line":401,"column":2},"end":{"line":401,"column":102}},"198":{"start":{"line":402,"column":2},"end":{"line":402,"column":23}},"199":{"start":{"line":403,"column":2},"end":{"line":403,"column":32}},"200":{"start":{"line":406,"column":32},"end":{"line":467,"column":2}},"201":{"start":{"line":407,"column":19},"end":{"line":407,"column":60}},"202":{"start":{"line":408,"column":21},"end":{"line":408,"column":46}},"203":{"start":{"line":409,"column":2},"end":{"line":413,"column":3}},"204":{"start":{"line":410,"column":4},"end":{"line":410,"column":43}},"205":{"start":{"line":411,"column":4},"end":{"line":411,"column":25}},"206":{"start":{"line":412,"column":4},"end":{"line":412,"column":32}},"207":{"start":{"line":414,"column":2},"end":{"line":414,"column":42}},"208":{"start":{"line":416,"column":25},"end":{"line":416,"column":58}},"209":{"start":{"line":417,"column":25},"end":{"line":419,"column":3}},"210":{"start":{"line":418,"column":34},"end":{"line":418,"column":92}},"211":{"start":{"line":421,"column":31},"end":{"line":421,"column":84}},"212":{"start":{"line":423,"column":31},"end":{"line":423,"column":33}},"213":{"start":{"line":424,"column":2},"end":{"line":461,"column":3}},"214":{"start":{"line":425,"column":4},"end":{"line":425,"column":32}},"215":{"start":{"line":425,"column":23},"end":{"line":425,"column":32}},"216":{"start":{"line":427,"column":4},"end":{"line":429,"column":5}},"217":{"start":{"line":428,"column":6},"end":{"line":428,"column":15}},"218":{"start":{"line":431,"column":21},"end":{"line":431,"column":23}},"219":{"start":{"line":432,"column":23},"end":{"line":432,"column":88}},"220":{"start":{"line":433,"column":21},"end":{"line":433,"column":84}},"221":{"start":{"line":435,"column":4},"end":{"line":440,"column":5}},"222":{"start":{"line":436,"column":6},"end":{"line":439,"column":9}},"223":{"start":{"line":442,"column":26},"end":{"line":442,"column":131}},"224":{"start":{"line":443,"column":4},"end":{"line":448,"column":5}},"225":{"start":{"line":444,"column":6},"end":{"line":447,"column":9}},"226":{"start":{"line":450,"column":4},"end":{"line":460,"column":5}},"227":{"start":{"line":451,"column":6},"end":{"line":459,"column":9}},"228":{"start":{"line":463,"column":2},"end":{"line":463,"column":50}},"229":{"start":{"line":464,"column":2},"end":{"line":464,"column":104}},"230":{"start":{"line":465,"column":2},"end":{"line":465,"column":23}},"231":{"start":{"line":466,"column":2},"end":{"line":466,"column":33}},"232":{"start":{"line":469,"column":22},"end":{"line":579,"column":2}},"233":{"start":{"line":470,"column":27},"end":{"line":470,"column":37}},"234":{"start":{"line":471,"column":19},"end":{"line":471,"column":67}},"235":{"start":{"line":472,"column":21},"end":{"line":472,"column":46}},"236":{"start":{"line":474,"column":2},"end":{"line":478,"column":3}},"237":{"start":{"line":475,"column":4},"end":{"line":475,"column":57}},"238":{"start":{"line":476,"column":4},"end":{"line":476,"column":25}},"239":{"start":{"line":477,"column":4},"end":{"line":477,"column":32}},"240":{"start":{"line":479,"column":2},"end":{"line":479,"column":56}},"241":{"start":{"line":481,"column":21},"end":{"line":481,"column":58}},"242":{"start":{"line":482,"column":2},"end":{"line":484,"column":3}},"243":{"start":{"line":483,"column":4},"end":{"line":483,"column":63}},"244":{"start":{"line":486,"column":24},"end":{"line":486,"column":90}},"245":{"start":{"line":487,"column":2},"end":{"line":489,"column":3}},"246":{"start":{"line":488,"column":4},"end":{"line":488,"column":104}},"247":{"start":{"line":491,"column":27},"end":{"line":491,"column":36}},"248":{"start":{"line":492,"column":2},"end":{"line":492,"column":82}},"249":{"start":{"line":492,"column":53},"end":{"line":492,"column":80}},"250":{"start":{"line":493,"column":2},"end":{"line":493,"column":75}},"251":{"start":{"line":493,"column":46},"end":{"line":493,"column":73}},"252":{"start":{"line":494,"column":2},"end":{"line":494,"column":76}},"253":{"start":{"line":494,"column":48},"end":{"line":494,"column":74}},"254":{"start":{"line":495,"column":2},"end":{"line":495,"column":76}},"255":{"start":{"line":495,"column":48},"end":{"line":495,"column":74}},"256":{"start":{"line":497,"column":2},"end":{"line":497,"column":78}},"257":{"start":{"line":497,"column":49},"end":{"line":497,"column":76}},"258":{"start":{"line":500,"column":23},"end":{"line":500,"column":86}},"259":{"start":{"line":501,"column":32},"end":{"line":501,"column":41}},"260":{"start":{"line":503,"column":2},"end":{"line":522,"column":3}},"261":{"start":{"line":504,"column":4},"end":{"line":504,"column":36}},"262":{"start":{"line":504,"column":27},"end":{"line":504,"column":36}},"263":{"start":{"line":510,"column":4},"end":{"line":517,"column":5}},"264":{"start":{"line":511,"column":8},"end":{"line":511,"column":84}},"265":{"start":{"line":512,"column":11},"end":{"line":517,"column":5}},"266":{"start":{"line":513,"column":8},"end":{"line":513,"column":85}},"267":{"start":{"line":515,"column":8},"end":{"line":515,"column":93}},"268":{"start":{"line":516,"column":8},"end":{"line":516,"column":17}},"269":{"start":{"line":519,"column":4},"end":{"line":521,"column":5}},"270":{"start":{"line":520,"column":6},"end":{"line":520,"column":55}},"271":{"start":{"line":524,"column":24},"end":{"line":533,"column":3}},"272":{"start":{"line":525,"column":19},"end":{"line":525,"column":55}},"273":{"start":{"line":526,"column":4},"end":{"line":532,"column":6}},"274":{"start":{"line":535,"column":23},"end":{"line":542,"column":3}},"275":{"start":{"line":536,"column":19},"end":{"line":536,"column":55}},"276":{"start":{"line":537,"column":4},"end":{"line":541,"column":6}},"277":{"start":{"line":544,"column":24},"end":{"line":544,"column":79}},"278":{"start":{"line":545,"column":25},"end":{"line":545,"column":73}},"279":{"start":{"line":547,"column":2},"end":{"line":556,"column":5}},"280":{"start":{"line":548,"column":21},"end":{"line":548,"column":59}},"281":{"start":{"line":549,"column":4},"end":{"line":555,"column":5}},"282":{"start":{"line":550,"column":30},"end":{"line":550,"column":53}},"283":{"start":{"line":552,"column":8},"end":{"line":554,"column":9}},"284":{"start":{"line":552,"column":37},"end":{"line":552,"column":62}},"285":{"start":{"line":553,"column":12},"end":{"line":553,"column":47}},"286":{"start":{"line":559,"column":25},"end":{"line":559,"column":75}},"287":{"start":{"line":560,"column":30},"end":{"line":560,"column":80}},"288":{"start":{"line":562,"column":19},"end":{"line":573,"column":3}},"289":{"start":{"line":575,"column":2},"end":{"line":575,"column":38}},"290":{"start":{"line":576,"column":2},"end":{"line":576,"column":83}},"291":{"start":{"line":577,"column":2},"end":{"line":577,"column":23}},"292":{"start":{"line":578,"column":2},"end":{"line":578,"column":21}},"293":{"start":{"line":581,"column":37},"end":{"line":642,"column":2}},"294":{"start":{"line":582,"column":19},"end":{"line":582,"column":62}},"295":{"start":{"line":583,"column":21},"end":{"line":583,"column":46}},"296":{"start":{"line":584,"column":2},"end":{"line":588,"column":3}},"297":{"start":{"line":585,"column":4},"end":{"line":585,"column":43}},"298":{"start":{"line":586,"column":4},"end":{"line":586,"column":25}},"299":{"start":{"line":587,"column":4},"end":{"line":587,"column":32}},"300":{"start":{"line":589,"column":2},"end":{"line":589,"column":42}},"301":{"start":{"line":591,"column":21},"end":{"line":591,"column":30}},"302":{"start":{"line":594,"column":25},"end":{"line":594,"column":60}},"303":{"start":{"line":595,"column":23},"end":{"line":595,"column":56}},"304":{"start":{"line":596,"column":22},"end":{"line":596,"column":54}},"305":{"start":{"line":597,"column":29},"end":{"line":597,"column":68}},"306":{"start":{"line":599,"column":19},"end":{"line":604,"column":3}},"307":{"start":{"line":618,"column":22},"end":{"line":618,"column":120}},"308":{"start":{"line":618,"column":64},"end":{"line":618,"column":118}},"309":{"start":{"line":619,"column":22},"end":{"line":619,"column":116}},"310":{"start":{"line":619,"column":62},"end":{"line":619,"column":114}},"311":{"start":{"line":620,"column":24},"end":{"line":620,"column":116}},"312":{"start":{"line":620,"column":63},"end":{"line":620,"column":114}},"313":{"start":{"line":621,"column":23},"end":{"line":621,"column":129}},"314":{"start":{"line":621,"column":69},"end":{"line":621,"column":127}},"315":{"start":{"line":623,"column":25},"end":{"line":628,"column":3}},"316":{"start":{"line":630,"column":2},"end":{"line":634,"column":5}},"317":{"start":{"line":631,"column":4},"end":{"line":633,"column":5}},"318":{"start":{"line":632,"column":6},"end":{"line":632,"column":70}},"319":{"start":{"line":632,"column":46},"end":{"line":632,"column":68}},"320":{"start":{"line":636,"column":24},"end":{"line":636,"column":53}},"321":{"start":{"line":638,"column":2},"end":{"line":638,"column":43}},"322":{"start":{"line":639,"column":2},"end":{"line":639,"column":99}},"323":{"start":{"line":640,"column":2},"end":{"line":640,"column":23}},"324":{"start":{"line":641,"column":2},"end":{"line":641,"column":26}},"325":{"start":{"line":644,"column":27},"end":{"line":783,"column":2}},"326":{"start":{"line":645,"column":27},"end":{"line":645,"column":37}},"327":{"start":{"line":647,"column":19},"end":{"line":647,"column":73}},"328":{"start":{"line":648,"column":21},"end":{"line":648,"column":46}},"329":{"start":{"line":650,"column":2},"end":{"line":654,"column":3}},"330":{"start":{"line":651,"column":4},"end":{"line":651,"column":63}},"331":{"start":{"line":652,"column":4},"end":{"line":652,"column":25}},"332":{"start":{"line":653,"column":4},"end":{"line":653,"column":32}},"333":{"start":{"line":655,"column":2},"end":{"line":655,"column":62}},"334":{"start":{"line":657,"column":2},"end":{"line":782,"column":3}},"335":{"start":{"line":658,"column":53},"end":{"line":658,"column":111}},"336":{"start":{"line":660,"column":18},"end":{"line":660,"column":20}},"337":{"start":{"line":661,"column":18},"end":{"line":661,"column":20}},"338":{"start":{"line":662,"column":25},"end":{"line":662,"column":34}},"339":{"start":{"line":666,"column":20},"end":{"line":686,"column":5}},"340":{"start":{"line":667,"column":6},"end":{"line":669,"column":7}},"341":{"start":{"line":668,"column":8},"end":{"line":668,"column":52}},"342":{"start":{"line":671,"column":19},"end":{"line":682,"column":7}},"343":{"start":{"line":683,"column":6},"end":{"line":683,"column":23}},"344":{"start":{"line":684,"column":6},"end":{"line":684,"column":34}},"345":{"start":{"line":685,"column":6},"end":{"line":685,"column":18}},"346":{"start":{"line":688,"column":20},"end":{"line":702,"column":5}},"347":{"start":{"line":689,"column":6},"end":{"line":689,"column":45}},"348":{"start":{"line":689,"column":38},"end":{"line":689,"column":45}},"349":{"start":{"line":690,"column":6},"end":{"line":701,"column":9}},"350":{"start":{"line":705,"column":30},"end":{"line":709,"column":6}},"351":{"start":{"line":712,"column":4},"end":{"line":718,"column":7}},"352":{"start":{"line":713,"column":22},"end":{"line":713,"column":58}},"353":{"start":{"line":714,"column":6},"end":{"line":717,"column":7}},"354":{"start":{"line":715,"column":28},"end":{"line":715,"column":104}},"355":{"start":{"line":716,"column":8},"end":{"line":716,"column":71}},"356":{"start":{"line":720,"column":4},"end":{"line":726,"column":7}},"357":{"start":{"line":721,"column":22},"end":{"line":721,"column":58}},"358":{"start":{"line":722,"column":6},"end":{"line":725,"column":7}},"359":{"start":{"line":723,"column":28},"end":{"line":723,"column":105}},"360":{"start":{"line":724,"column":8},"end":{"line":724,"column":70}},"361":{"start":{"line":728,"column":4},"end":{"line":734,"column":7}},"362":{"start":{"line":729,"column":22},"end":{"line":729,"column":58}},"363":{"start":{"line":730,"column":6},"end":{"line":733,"column":7}},"364":{"start":{"line":731,"column":28},"end":{"line":731,"column":125}},"365":{"start":{"line":732,"column":8},"end":{"line":732,"column":79}},"366":{"start":{"line":736,"column":4},"end":{"line":742,"column":7}},"367":{"start":{"line":737,"column":27},"end":{"line":737,"column":69}},"368":{"start":{"line":738,"column":6},"end":{"line":741,"column":7}},"369":{"start":{"line":739,"column":33},"end":{"line":739,"column":137}},"370":{"start":{"line":740,"column":8},"end":{"line":740,"column":82}},"371":{"start":{"line":744,"column":4},"end":{"line":750,"column":7}},"372":{"start":{"line":745,"column":24},"end":{"line":745,"column":63}},"373":{"start":{"line":746,"column":6},"end":{"line":749,"column":7}},"374":{"start":{"line":747,"column":30},"end":{"line":747,"column":125}},"375":{"start":{"line":748,"column":8},"end":{"line":748,"column":80}},"376":{"start":{"line":752,"column":4},"end":{"line":758,"column":7}},"377":{"start":{"line":753,"column":22},"end":{"line":753,"column":61}},"378":{"start":{"line":754,"column":8},"end":{"line":757,"column":9}},"379":{"start":{"line":755,"column":30},"end":{"line":755,"column":57}},"380":{"start":{"line":756,"column":12},"end":{"line":756,"column":73}},"381":{"start":{"line":761,"column":22},"end":{"line":770,"column":5}},"382":{"start":{"line":772,"column":4},"end":{"line":772,"column":41}},"383":{"start":{"line":773,"column":4},"end":{"line":773,"column":91}},"384":{"start":{"line":774,"column":4},"end":{"line":774,"column":25}},"385":{"start":{"line":775,"column":4},"end":{"line":775,"column":24}},"386":{"start":{"line":778,"column":4},"end":{"line":778,"column":83}},"387":{"start":{"line":779,"column":4},"end":{"line":781,"column":5}},"388":{"start":{"line":780,"column":6},"end":{"line":780,"column":95}},"389":{"start":{"line":785,"column":34},"end":{"line":856,"column":2}},"390":{"start":{"line":786,"column":19},"end":{"line":786,"column":62}},"391":{"start":{"line":787,"column":21},"end":{"line":787,"column":46}},"392":{"start":{"line":788,"column":2},"end":{"line":792,"column":3}},"393":{"start":{"line":789,"column":4},"end":{"line":789,"column":43}},"394":{"start":{"line":790,"column":4},"end":{"line":790,"column":25}},"395":{"start":{"line":791,"column":4},"end":{"line":791,"column":32}},"396":{"start":{"line":793,"column":2},"end":{"line":793,"column":42}},"397":{"start":{"line":795,"column":27},"end":{"line":795,"column":62}},"398":{"start":{"line":796,"column":27},"end":{"line":798,"column":3}},"399":{"start":{"line":797,"column":38},"end":{"line":797,"column":100}},"400":{"start":{"line":800,"column":33},"end":{"line":800,"column":35}},"401":{"start":{"line":801,"column":2},"end":{"line":850,"column":3}},"402":{"start":{"line":802,"column":4},"end":{"line":802,"column":34}},"403":{"start":{"line":802,"column":25},"end":{"line":802,"column":34}},"404":{"start":{"line":804,"column":21},"end":{"line":804,"column":23}},"405":{"start":{"line":807,"column":4},"end":{"line":812,"column":5}},"406":{"start":{"line":808,"column":6},"end":{"line":811,"column":9}},"407":{"start":{"line":815,"column":4},"end":{"line":820,"column":5}},"408":{"start":{"line":816,"column":6},"end":{"line":819,"column":9}},"409":{"start":{"line":823,"column":4},"end":{"line":828,"column":5}},"410":{"start":{"line":824,"column":6},"end":{"line":827,"column":9}},"411":{"start":{"line":831,"column":4},"end":{"line":836,"column":5}},"412":{"start":{"line":832,"column":6},"end":{"line":835,"column":9}},"413":{"start":{"line":838,"column":4},"end":{"line":849,"column":5}},"414":{"start":{"line":839,"column":6},"end":{"line":848,"column":9}},"415":{"start":{"line":852,"column":2},"end":{"line":852,"column":52}},"416":{"start":{"line":853,"column":2},"end":{"line":853,"column":108}},"417":{"start":{"line":854,"column":2},"end":{"line":854,"column":23}},"418":{"start":{"line":855,"column":2},"end":{"line":855,"column":35}},"419":{"start":{"line":858,"column":0},"end":{"line":880,"column":2}}},"fnMap":{"0":{"name":"createSnippet","decl":{"start":{"line":12,"column":9},"end":{"line":12,"column":22}},"loc":{"start":{"line":12,"column":46},"end":{"line":21,"column":1}},"line":12},"1":{"name":"(anonymous_1)","decl":{"start":{"line":23,"column":19},"end":{"line":23,"column":20}},"loc":{"start":{"line":23,"column":25},"end":{"line":27,"column":1}},"line":23},"2":{"name":"(anonymous_2)","decl":{"start":{"line":24,"column":9},"end":{"line":24,"column":10}},"loc":{"start":{"line":24,"column":29},"end":{"line":26,"column":3}},"line":24},"3":{"name":"buildNotionFilter","decl":{"start":{"line":29,"column":9},"end":{"line":29,"column":26}},"loc":{"start":{"line":29,"column":47},"end":{"line":48,"column":1}},"line":29},"4":{"name":"(anonymous_4)","decl":{"start":{"line":50,"column":33},"end":{"line":50,"column":34}},"loc":{"start":{"line":50,"column":53},"end":{"line":56,"column":1}},"line":50},"5":{"name":"(anonymous_5)","decl":{"start":{"line":58,"column":36},"end":{"line":58,"column":37}},"loc":{"start":{"line":58,"column":56},"end":{"line":79,"column":1}},"line":58},"6":{"name":"(anonymous_6)","decl":{"start":{"line":81,"column":37},"end":{"line":81,"column":38}},"loc":{"start":{"line":81,"column":57},"end":{"line":92,"column":1}},"line":81},"7":{"name":"(anonymous_7)","decl":{"start":{"line":94,"column":37},"end":{"line":94,"column":38}},"loc":{"start":{"line":94,"column":57},"end":{"line":110,"column":1}},"line":94},"8":{"name":"(anonymous_8)","decl":{"start":{"line":106,"column":21},"end":{"line":106,"column":22}},"loc":{"start":{"line":106,"column":30},"end":{"line":106,"column":92}},"line":106},"9":{"name":"(anonymous_9)","decl":{"start":{"line":112,"column":40},"end":{"line":112,"column":41}},"loc":{"start":{"line":112,"column":60},"end":{"line":133,"column":1}},"line":112},"10":{"name":"(anonymous_10)","decl":{"start":{"line":135,"column":30},"end":{"line":135,"column":31}},"loc":{"start":{"line":135,"column":50},"end":{"line":144,"column":1}},"line":135},"11":{"name":"(anonymous_11)","decl":{"start":{"line":140,"column":22},"end":{"line":140,"column":23}},"loc":{"start":{"line":140,"column":32},"end":{"line":140,"column":88}},"line":140},"12":{"name":"(anonymous_12)","decl":{"start":{"line":146,"column":33},"end":{"line":146,"column":34}},"loc":{"start":{"line":146,"column":53},"end":{"line":167,"column":1}},"line":146},"13":{"name":"(anonymous_13)","decl":{"start":{"line":178,"column":31},"end":{"line":178,"column":32}},"loc":{"start":{"line":178,"column":51},"end":{"line":221,"column":1}},"line":178},"14":{"name":"(anonymous_14)","decl":{"start":{"line":192,"column":58},"end":{"line":192,"column":59}},"loc":{"start":{"line":192,"column":67},"end":{"line":195,"column":5}},"line":192},"15":{"name":"(anonymous_15)","decl":{"start":{"line":217,"column":23},"end":{"line":217,"column":24}},"loc":{"start":{"line":217,"column":34},"end":{"line":217,"column":92}},"line":217},"16":{"name":"(anonymous_16)","decl":{"start":{"line":223,"column":34},"end":{"line":223,"column":35}},"loc":{"start":{"line":223,"column":54},"end":{"line":244,"column":1}},"line":223},"17":{"name":"(anonymous_17)","decl":{"start":{"line":246,"column":40},"end":{"line":246,"column":41}},"loc":{"start":{"line":246,"column":60},"end":{"line":261,"column":1}},"line":246},"18":{"name":"(anonymous_18)","decl":{"start":{"line":263,"column":32},"end":{"line":263,"column":33}},"loc":{"start":{"line":263,"column":52},"end":{"line":309,"column":1}},"line":263},"19":{"name":"(anonymous_19)","decl":{"start":{"line":291,"column":61},"end":{"line":291,"column":62}},"loc":{"start":{"line":291,"column":88},"end":{"line":305,"column":3}},"line":291},"20":{"name":"(anonymous_20)","decl":{"start":{"line":299,"column":18},"end":{"line":299,"column":19}},"loc":{"start":{"line":299,"column":26},"end":{"line":299,"column":62}},"line":299},"21":{"name":"(anonymous_21)","decl":{"start":{"line":311,"column":30},"end":{"line":311,"column":31}},"loc":{"start":{"line":311,"column":50},"end":{"line":315,"column":1}},"line":311},"22":{"name":"setCacheHeaders","decl":{"start":{"line":317,"column":9},"end":{"line":317,"column":24}},"loc":{"start":{"line":317,"column":45},"end":{"line":319,"column":1}},"line":317},"23":{"name":"(anonymous_23)","decl":{"start":{"line":321,"column":35},"end":{"line":321,"column":36}},"loc":{"start":{"line":321,"column":55},"end":{"line":324,"column":1}},"line":321},"24":{"name":"(anonymous_24)","decl":{"start":{"line":326,"column":34},"end":{"line":326,"column":35}},"loc":{"start":{"line":326,"column":54},"end":{"line":329,"column":1}},"line":326},"25":{"name":"(anonymous_25)","decl":{"start":{"line":331,"column":36},"end":{"line":331,"column":37}},"loc":{"start":{"line":331,"column":56},"end":{"line":334,"column":1}},"line":331},"26":{"name":"(anonymous_26)","decl":{"start":{"line":356,"column":42},"end":{"line":356,"column":43}},"loc":{"start":{"line":356,"column":62},"end":{"line":404,"column":1}},"line":356},"27":{"name":"(anonymous_27)","decl":{"start":{"line":368,"column":22},"end":{"line":368,"column":23}},"loc":{"start":{"line":368,"column":32},"end":{"line":368,"column":88}},"line":368},"28":{"name":"(anonymous_28)","decl":{"start":{"line":406,"column":43},"end":{"line":406,"column":44}},"loc":{"start":{"line":406,"column":63},"end":{"line":467,"column":1}},"line":406},"29":{"name":"(anonymous_29)","decl":{"start":{"line":418,"column":23},"end":{"line":418,"column":24}},"loc":{"start":{"line":418,"column":34},"end":{"line":418,"column":92}},"line":418},"30":{"name":"(anonymous_30)","decl":{"start":{"line":469,"column":33},"end":{"line":469,"column":34}},"loc":{"start":{"line":469,"column":53},"end":{"line":579,"column":1}},"line":469},"31":{"name":"(anonymous_31)","decl":{"start":{"line":492,"column":47},"end":{"line":492,"column":48}},"loc":{"start":{"line":492,"column":53},"end":{"line":492,"column":80}},"line":492},"32":{"name":"(anonymous_32)","decl":{"start":{"line":493,"column":40},"end":{"line":493,"column":41}},"loc":{"start":{"line":493,"column":46},"end":{"line":493,"column":73}},"line":493},"33":{"name":"(anonymous_33)","decl":{"start":{"line":494,"column":43},"end":{"line":494,"column":44}},"loc":{"start":{"line":494,"column":48},"end":{"line":494,"column":74}},"line":494},"34":{"name":"(anonymous_34)","decl":{"start":{"line":495,"column":43},"end":{"line":495,"column":44}},"loc":{"start":{"line":495,"column":48},"end":{"line":495,"column":74}},"line":495},"35":{"name":"(anonymous_35)","decl":{"start":{"line":497,"column":43},"end":{"line":497,"column":44}},"loc":{"start":{"line":497,"column":49},"end":{"line":497,"column":76}},"line":497},"36":{"name":"(anonymous_36)","decl":{"start":{"line":524,"column":24},"end":{"line":524,"column":25}},"loc":{"start":{"line":524,"column":36},"end":{"line":533,"column":3}},"line":524},"37":{"name":"(anonymous_37)","decl":{"start":{"line":535,"column":23},"end":{"line":535,"column":24}},"loc":{"start":{"line":535,"column":35},"end":{"line":542,"column":3}},"line":535},"38":{"name":"(anonymous_38)","decl":{"start":{"line":547,"column":43},"end":{"line":547,"column":44}},"loc":{"start":{"line":547,"column":55},"end":{"line":556,"column":3}},"line":547},"39":{"name":"(anonymous_39)","decl":{"start":{"line":552,"column":32},"end":{"line":552,"column":33}},"loc":{"start":{"line":552,"column":37},"end":{"line":552,"column":62}},"line":552},"40":{"name":"(anonymous_40)","decl":{"start":{"line":581,"column":48},"end":{"line":581,"column":49}},"loc":{"start":{"line":581,"column":68},"end":{"line":642,"column":1}},"line":581},"41":{"name":"(anonymous_41)","decl":{"start":{"line":618,"column":59},"end":{"line":618,"column":60}},"loc":{"start":{"line":618,"column":64},"end":{"line":618,"column":118}},"line":618},"42":{"name":"(anonymous_42)","decl":{"start":{"line":619,"column":57},"end":{"line":619,"column":58}},"loc":{"start":{"line":619,"column":62},"end":{"line":619,"column":114}},"line":619},"43":{"name":"(anonymous_43)","decl":{"start":{"line":620,"column":58},"end":{"line":620,"column":59}},"loc":{"start":{"line":620,"column":63},"end":{"line":620,"column":114}},"line":620},"44":{"name":"(anonymous_44)","decl":{"start":{"line":621,"column":64},"end":{"line":621,"column":65}},"loc":{"start":{"line":621,"column":69},"end":{"line":621,"column":127}},"line":621},"45":{"name":"(anonymous_45)","decl":{"start":{"line":630,"column":25},"end":{"line":630,"column":26}},"loc":{"start":{"line":630,"column":33},"end":{"line":634,"column":3}},"line":630},"46":{"name":"(anonymous_46)","decl":{"start":{"line":632,"column":36},"end":{"line":632,"column":37}},"loc":{"start":{"line":632,"column":46},"end":{"line":632,"column":68}},"line":632},"47":{"name":"(anonymous_47)","decl":{"start":{"line":644,"column":38},"end":{"line":644,"column":39}},"loc":{"start":{"line":644,"column":58},"end":{"line":783,"column":1}},"line":644},"48":{"name":"(anonymous_48)","decl":{"start":{"line":666,"column":20},"end":{"line":666,"column":21}},"loc":{"start":{"line":666,"column":62},"end":{"line":686,"column":5}},"line":666},"49":{"name":"(anonymous_49)","decl":{"start":{"line":688,"column":20},"end":{"line":688,"column":21}},"loc":{"start":{"line":688,"column":78},"end":{"line":702,"column":5}},"line":688},"50":{"name":"(anonymous_50)","decl":{"start":{"line":712,"column":49},"end":{"line":712,"column":50}},"loc":{"start":{"line":712,"column":59},"end":{"line":718,"column":5}},"line":712},"51":{"name":"(anonymous_51)","decl":{"start":{"line":720,"column":42},"end":{"line":720,"column":43}},"loc":{"start":{"line":720,"column":52},"end":{"line":726,"column":5}},"line":720},"52":{"name":"(anonymous_52)","decl":{"start":{"line":728,"column":45},"end":{"line":728,"column":46}},"loc":{"start":{"line":728,"column":55},"end":{"line":734,"column":5}},"line":728},"53":{"name":"(anonymous_53)","decl":{"start":{"line":736,"column":45},"end":{"line":736,"column":46}},"loc":{"start":{"line":736,"column":61},"end":{"line":742,"column":5}},"line":736},"54":{"name":"(anonymous_54)","decl":{"start":{"line":744,"column":45},"end":{"line":744,"column":46}},"loc":{"start":{"line":744,"column":58},"end":{"line":750,"column":5}},"line":744},"55":{"name":"(anonymous_55)","decl":{"start":{"line":752,"column":40},"end":{"line":752,"column":41}},"loc":{"start":{"line":752,"column":53},"end":{"line":758,"column":5}},"line":752},"56":{"name":"(anonymous_56)","decl":{"start":{"line":785,"column":45},"end":{"line":785,"column":46}},"loc":{"start":{"line":785,"column":65},"end":{"line":856,"column":1}},"line":785},"57":{"name":"(anonymous_57)","decl":{"start":{"line":797,"column":25},"end":{"line":797,"column":26}},"loc":{"start":{"line":797,"column":38},"end":{"line":797,"column":100}},"line":797}},"branchMap":{"0":{"loc":{"start":{"line":12,"column":29},"end":{"line":12,"column":44}},"type":"default-arg","locations":[{"start":{"line":12,"column":41},"end":{"line":12,"column":44}}],"line":12},"1":{"loc":{"start":{"line":13,"column":2},"end":{"line":13,"column":23}},"type":"if","locations":[{"start":{"line":13,"column":2},"end":{"line":13,"column":23}},{"start":{},"end":{}}],"line":13},"2":{"loc":{"start":{"line":15,"column":2},"end":{"line":15,"column":44}},"type":"if","locations":[{"start":{"line":15,"column":2},"end":{"line":15,"column":44}},{"start":{},"end":{}}],"line":15},"3":{"loc":{"start":{"line":17,"column":2},"end":{"line":19,"column":3}},"type":"if","locations":[{"start":{"line":17,"column":2},"end":{"line":19,"column":3}},{"start":{},"end":{}}],"line":17},"4":{"loc":{"start":{"line":17,"column":6},"end":{"line":17,"column":55}},"type":"binary-expr","locations":[{"start":{"line":17,"column":6},"end":{"line":17,"column":28}},{"start":{"line":17,"column":32},"end":{"line":17,"column":55}}],"line":17},"5":{"loc":{"start":{"line":32,"column":4},"end":{"line":44,"column":5}},"type":"if","locations":[{"start":{"line":32,"column":4},"end":{"line":44,"column":5}},{"start":{},"end":{}}],"line":32},"6":{"loc":{"start":{"line":32,"column":8},"end":{"line":32,"column":33}},"type":"binary-expr","locations":[{"start":{"line":32,"column":8},"end":{"line":32,"column":24}},{"start":{"line":32,"column":28},"end":{"line":32,"column":33}}],"line":32},"7":{"loc":{"start":{"line":33,"column":6},"end":{"line":43,"column":7}},"type":"if","locations":[{"start":{"line":33,"column":6},"end":{"line":43,"column":7}},{"start":{"line":38,"column":13},"end":{"line":43,"column":7}}],"line":33},"8":{"loc":{"start":{"line":46,"column":2},"end":{"line":46,"column":54}},"type":"if","locations":[{"start":{"line":46,"column":2},"end":{"line":46,"column":54}},{"start":{},"end":{}}],"line":46},"9":{"loc":{"start":{"line":47,"column":9},"end":{"line":47,"column":88}},"type":"cond-expr","locations":[{"start":{"line":47,"column":41},"end":{"line":47,"column":60}},{"start":{"line":47,"column":63},"end":{"line":47,"column":88}}],"line":47},"10":{"loc":{"start":{"line":62,"column":2},"end":{"line":66,"column":3}},"type":"if","locations":[{"start":{"line":62,"column":2},"end":{"line":66,"column":3}},{"start":{},"end":{}}],"line":62},"11":{"loc":{"start":{"line":69,"column":2},"end":{"line":71,"column":3}},"type":"if","locations":[{"start":{"line":69,"column":2},"end":{"line":71,"column":3}},{"start":{},"end":{}}],"line":69},"12":{"loc":{"start":{"line":73,"column":2},"end":{"line":76,"column":3}},"type":"if","locations":[{"start":{"line":73,"column":2},"end":{"line":76,"column":3}},{"start":{},"end":{}}],"line":73},"13":{"loc":{"start":{"line":73,"column":6},"end":{"line":73,"column":47}},"type":"binary-expr","locations":[{"start":{"line":73,"column":6},"end":{"line":73,"column":21}},{"start":{"line":73,"column":25},"end":{"line":73,"column":47}}],"line":73},"14":{"loc":{"start":{"line":83,"column":25},"end":{"line":83,"column":47}},"type":"binary-expr","locations":[{"start":{"line":83,"column":25},"end":{"line":83,"column":40}},{"start":{"line":83,"column":44},"end":{"line":83,"column":47}}],"line":83},"15":{"loc":{"start":{"line":116,"column":2},"end":{"line":120,"column":3}},"type":"if","locations":[{"start":{"line":116,"column":2},"end":{"line":120,"column":3}},{"start":{},"end":{}}],"line":116},"16":{"loc":{"start":{"line":123,"column":2},"end":{"line":125,"column":3}},"type":"if","locations":[{"start":{"line":123,"column":2},"end":{"line":125,"column":3}},{"start":{},"end":{}}],"line":123},"17":{"loc":{"start":{"line":127,"column":2},"end":{"line":130,"column":3}},"type":"if","locations":[{"start":{"line":127,"column":2},"end":{"line":130,"column":3}},{"start":{},"end":{}}],"line":127},"18":{"loc":{"start":{"line":127,"column":6},"end":{"line":127,"column":39}},"type":"binary-expr","locations":[{"start":{"line":127,"column":6},"end":{"line":127,"column":17}},{"start":{"line":127,"column":21},"end":{"line":127,"column":39}}],"line":127},"19":{"loc":{"start":{"line":150,"column":2},"end":{"line":154,"column":3}},"type":"if","locations":[{"start":{"line":150,"column":2},"end":{"line":154,"column":3}},{"start":{},"end":{}}],"line":150},"20":{"loc":{"start":{"line":157,"column":2},"end":{"line":159,"column":3}},"type":"if","locations":[{"start":{"line":157,"column":2},"end":{"line":159,"column":3}},{"start":{},"end":{}}],"line":157},"21":{"loc":{"start":{"line":161,"column":2},"end":{"line":164,"column":3}},"type":"if","locations":[{"start":{"line":161,"column":2},"end":{"line":164,"column":3}},{"start":{},"end":{}}],"line":161},"22":{"loc":{"start":{"line":161,"column":6},"end":{"line":161,"column":41}},"type":"binary-expr","locations":[{"start":{"line":161,"column":6},"end":{"line":161,"column":18}},{"start":{"line":161,"column":22},"end":{"line":161,"column":41}}],"line":161},"23":{"loc":{"start":{"line":191,"column":2},"end":{"line":213,"column":3}},"type":"if","locations":[{"start":{"line":191,"column":2},"end":{"line":213,"column":3}},{"start":{"line":210,"column":9},"end":{"line":213,"column":3}}],"line":191},"24":{"loc":{"start":{"line":199,"column":4},"end":{"line":208,"column":5}},"type":"if","locations":[{"start":{"line":199,"column":4},"end":{"line":208,"column":5}},{"start":{"line":206,"column":11},"end":{"line":208,"column":5}}],"line":199},"25":{"loc":{"start":{"line":201,"column":6},"end":{"line":205,"column":7}},"type":"if","locations":[{"start":{"line":201,"column":6},"end":{"line":205,"column":7}},{"start":{"line":203,"column":13},"end":{"line":205,"column":7}}],"line":201},"26":{"loc":{"start":{"line":227,"column":2},"end":{"line":231,"column":3}},"type":"if","locations":[{"start":{"line":227,"column":2},"end":{"line":231,"column":3}},{"start":{},"end":{}}],"line":227},"27":{"loc":{"start":{"line":234,"column":2},"end":{"line":236,"column":3}},"type":"if","locations":[{"start":{"line":234,"column":2},"end":{"line":236,"column":3}},{"start":{},"end":{}}],"line":234},"28":{"loc":{"start":{"line":238,"column":2},"end":{"line":241,"column":3}},"type":"if","locations":[{"start":{"line":238,"column":2},"end":{"line":241,"column":3}},{"start":{},"end":{}}],"line":238},"29":{"loc":{"start":{"line":238,"column":6},"end":{"line":238,"column":43}},"type":"binary-expr","locations":[{"start":{"line":238,"column":6},"end":{"line":238,"column":19}},{"start":{"line":238,"column":23},"end":{"line":238,"column":43}}],"line":238},"30":{"loc":{"start":{"line":265,"column":2},"end":{"line":265,"column":73}},"type":"if","locations":[{"start":{"line":265,"column":2},"end":{"line":265,"column":73}},{"start":{},"end":{}}],"line":265},"31":{"loc":{"start":{"line":317,"column":30},"end":{"line":317,"column":43}},"type":"default-arg","locations":[{"start":{"line":317,"column":40},"end":{"line":317,"column":43}}],"line":317},"32":{"loc":{"start":{"line":359,"column":2},"end":{"line":363,"column":3}},"type":"if","locations":[{"start":{"line":359,"column":2},"end":{"line":363,"column":3}},{"start":{},"end":{}}],"line":359},"33":{"loc":{"start":{"line":373,"column":4},"end":{"line":373,"column":31}},"type":"if","locations":[{"start":{"line":373,"column":4},"end":{"line":373,"column":31}},{"start":{},"end":{}}],"line":373},"34":{"loc":{"start":{"line":376,"column":4},"end":{"line":378,"column":5}},"type":"if","locations":[{"start":{"line":376,"column":4},"end":{"line":378,"column":5}},{"start":{},"end":{}}],"line":376},"35":{"loc":{"start":{"line":376,"column":8},"end":{"line":376,"column":54}},"type":"binary-expr","locations":[{"start":{"line":376,"column":8},"end":{"line":376,"column":23}},{"start":{"line":376,"column":27},"end":{"line":376,"column":54}}],"line":376},"36":{"loc":{"start":{"line":379,"column":4},"end":{"line":381,"column":5}},"type":"if","locations":[{"start":{"line":379,"column":4},"end":{"line":381,"column":5}},{"start":{},"end":{}}],"line":379},"37":{"loc":{"start":{"line":379,"column":8},"end":{"line":379,"column":68}},"type":"binary-expr","locations":[{"start":{"line":379,"column":8},"end":{"line":379,"column":30}},{"start":{"line":379,"column":34},"end":{"line":379,"column":68}}],"line":379},"38":{"loc":{"start":{"line":382,"column":4},"end":{"line":384,"column":5}},"type":"if","locations":[{"start":{"line":382,"column":4},"end":{"line":384,"column":5}},{"start":{},"end":{}}],"line":382},"39":{"loc":{"start":{"line":382,"column":8},"end":{"line":382,"column":70}},"type":"binary-expr","locations":[{"start":{"line":382,"column":8},"end":{"line":382,"column":31}},{"start":{"line":382,"column":35},"end":{"line":382,"column":70}}],"line":382},"40":{"loc":{"start":{"line":387,"column":4},"end":{"line":397,"column":5}},"type":"if","locations":[{"start":{"line":387,"column":4},"end":{"line":397,"column":5}},{"start":{},"end":{}}],"line":387},"41":{"loc":{"start":{"line":395,"column":16},"end":{"line":395,"column":48}},"type":"binary-expr","locations":[{"start":{"line":395,"column":16},"end":{"line":395,"column":29}},{"start":{"line":395,"column":33},"end":{"line":395,"column":48}}],"line":395},"42":{"loc":{"start":{"line":409,"column":2},"end":{"line":413,"column":3}},"type":"if","locations":[{"start":{"line":409,"column":2},"end":{"line":413,"column":3}},{"start":{},"end":{}}],"line":409},"43":{"loc":{"start":{"line":425,"column":4},"end":{"line":425,"column":32}},"type":"if","locations":[{"start":{"line":425,"column":4},"end":{"line":425,"column":32}},{"start":{},"end":{}}],"line":425},"44":{"loc":{"start":{"line":427,"column":4},"end":{"line":429,"column":5}},"type":"if","locations":[{"start":{"line":427,"column":4},"end":{"line":429,"column":5}},{"start":{},"end":{}}],"line":427},"45":{"loc":{"start":{"line":432,"column":23},"end":{"line":432,"column":88}},"type":"binary-expr","locations":[{"start":{"line":432,"column":23},"end":{"line":432,"column":48}},{"start":{"line":432,"column":52},"end":{"line":432,"column":88}}],"line":432},"46":{"loc":{"start":{"line":433,"column":21},"end":{"line":433,"column":84}},"type":"binary-expr","locations":[{"start":{"line":433,"column":21},"end":{"line":433,"column":45}},{"start":{"line":433,"column":49},"end":{"line":433,"column":84}}],"line":433},"47":{"loc":{"start":{"line":435,"column":4},"end":{"line":440,"column":5}},"type":"if","locations":[{"start":{"line":435,"column":4},"end":{"line":440,"column":5}},{"start":{},"end":{}}],"line":435},"48":{"loc":{"start":{"line":435,"column":8},"end":{"line":435,"column":32}},"type":"binary-expr","locations":[{"start":{"line":435,"column":8},"end":{"line":435,"column":19}},{"start":{"line":435,"column":23},"end":{"line":435,"column":32}}],"line":435},"49":{"loc":{"start":{"line":442,"column":26},"end":{"line":442,"column":131}},"type":"binary-expr","locations":[{"start":{"line":442,"column":26},"end":{"line":442,"column":77}},{"start":{"line":442,"column":81},"end":{"line":442,"column":131}}],"line":442},"50":{"loc":{"start":{"line":443,"column":4},"end":{"line":448,"column":5}},"type":"if","locations":[{"start":{"line":443,"column":4},"end":{"line":448,"column":5}},{"start":{},"end":{}}],"line":443},"51":{"loc":{"start":{"line":443,"column":8},"end":{"line":443,"column":81}},"type":"binary-expr","locations":[{"start":{"line":443,"column":8},"end":{"line":443,"column":21}},{"start":{"line":443,"column":26},"end":{"line":443,"column":45}},{"start":{"line":443,"column":49},"end":{"line":443,"column":80}}],"line":443},"52":{"loc":{"start":{"line":450,"column":4},"end":{"line":460,"column":5}},"type":"if","locations":[{"start":{"line":450,"column":4},"end":{"line":460,"column":5}},{"start":{},"end":{}}],"line":450},"53":{"loc":{"start":{"line":474,"column":2},"end":{"line":478,"column":3}},"type":"if","locations":[{"start":{"line":474,"column":2},"end":{"line":478,"column":3}},{"start":{},"end":{}}],"line":474},"54":{"loc":{"start":{"line":482,"column":2},"end":{"line":484,"column":3}},"type":"if","locations":[{"start":{"line":482,"column":2},"end":{"line":484,"column":3}},{"start":{},"end":{}}],"line":482},"55":{"loc":{"start":{"line":487,"column":2},"end":{"line":489,"column":3}},"type":"if","locations":[{"start":{"line":487,"column":2},"end":{"line":489,"column":3}},{"start":{},"end":{}}],"line":487},"56":{"loc":{"start":{"line":492,"column":3},"end":{"line":492,"column":37}},"type":"binary-expr","locations":[{"start":{"line":492,"column":3},"end":{"line":492,"column":31}},{"start":{"line":492,"column":35},"end":{"line":492,"column":37}}],"line":492},"57":{"loc":{"start":{"line":493,"column":3},"end":{"line":493,"column":30}},"type":"binary-expr","locations":[{"start":{"line":493,"column":3},"end":{"line":493,"column":24}},{"start":{"line":493,"column":28},"end":{"line":493,"column":30}}],"line":493},"58":{"loc":{"start":{"line":494,"column":3},"end":{"line":494,"column":33}},"type":"binary-expr","locations":[{"start":{"line":494,"column":3},"end":{"line":494,"column":27}},{"start":{"line":494,"column":31},"end":{"line":494,"column":33}}],"line":494},"59":{"loc":{"start":{"line":495,"column":3},"end":{"line":495,"column":33}},"type":"binary-expr","locations":[{"start":{"line":495,"column":3},"end":{"line":495,"column":27}},{"start":{"line":495,"column":31},"end":{"line":495,"column":33}}],"line":495},"60":{"loc":{"start":{"line":497,"column":3},"end":{"line":497,"column":33}},"type":"binary-expr","locations":[{"start":{"line":497,"column":3},"end":{"line":497,"column":27}},{"start":{"line":497,"column":31},"end":{"line":497,"column":33}}],"line":497},"61":{"loc":{"start":{"line":504,"column":4},"end":{"line":504,"column":36}},"type":"if","locations":[{"start":{"line":504,"column":4},"end":{"line":504,"column":36}},{"start":{},"end":{}}],"line":504},"62":{"loc":{"start":{"line":504,"column":8},"end":{"line":504,"column":25}},"type":"binary-expr","locations":[{"start":{"line":504,"column":8},"end":{"line":504,"column":13}},{"start":{"line":504,"column":17},"end":{"line":504,"column":25}}],"line":504},"63":{"loc":{"start":{"line":510,"column":4},"end":{"line":517,"column":5}},"type":"if","locations":[{"start":{"line":510,"column":4},"end":{"line":517,"column":5}},{"start":{"line":512,"column":11},"end":{"line":517,"column":5}}],"line":510},"64":{"loc":{"start":{"line":512,"column":11},"end":{"line":517,"column":5}},"type":"if","locations":[{"start":{"line":512,"column":11},"end":{"line":517,"column":5}},{"start":{"line":514,"column":11},"end":{"line":517,"column":5}}],"line":512},"65":{"loc":{"start":{"line":519,"column":4},"end":{"line":521,"column":5}},"type":"if","locations":[{"start":{"line":519,"column":4},"end":{"line":521,"column":5}},{"start":{},"end":{}}],"line":519},"66":{"loc":{"start":{"line":519,"column":8},"end":{"line":519,"column":43}},"type":"binary-expr","locations":[{"start":{"line":519,"column":8},"end":{"line":519,"column":20}},{"start":{"line":519,"column":24},"end":{"line":519,"column":43}}],"line":519},"67":{"loc":{"start":{"line":528,"column":12},"end":{"line":528,"column":60}},"type":"binary-expr","locations":[{"start":{"line":528,"column":12},"end":{"line":528,"column":24}},{"start":{"line":528,"column":28},"end":{"line":528,"column":39}},{"start":{"line":528,"column":43},"end":{"line":528,"column":60}}],"line":528},"68":{"loc":{"start":{"line":530,"column":17},"end":{"line":530,"column":47}},"type":"binary-expr","locations":[{"start":{"line":530,"column":17},"end":{"line":530,"column":34}},{"start":{"line":530,"column":38},"end":{"line":530,"column":47}}],"line":530},"69":{"loc":{"start":{"line":539,"column":12},"end":{"line":539,"column":61}},"type":"binary-expr","locations":[{"start":{"line":539,"column":12},"end":{"line":539,"column":26}},{"start":{"line":539,"column":30},"end":{"line":539,"column":41}},{"start":{"line":539,"column":45},"end":{"line":539,"column":61}}],"line":539},"70":{"loc":{"start":{"line":544,"column":25},"end":{"line":544,"column":59}},"type":"binary-expr","locations":[{"start":{"line":544,"column":25},"end":{"line":544,"column":53}},{"start":{"line":544,"column":57},"end":{"line":544,"column":59}}],"line":544},"71":{"loc":{"start":{"line":545,"column":26},"end":{"line":545,"column":53}},"type":"binary-expr","locations":[{"start":{"line":545,"column":26},"end":{"line":545,"column":47}},{"start":{"line":545,"column":51},"end":{"line":545,"column":53}}],"line":545},"72":{"loc":{"start":{"line":547,"column":3},"end":{"line":547,"column":33}},"type":"binary-expr","locations":[{"start":{"line":547,"column":3},"end":{"line":547,"column":27}},{"start":{"line":547,"column":31},"end":{"line":547,"column":33}}],"line":547},"73":{"loc":{"start":{"line":549,"column":4},"end":{"line":555,"column":5}},"type":"if","locations":[{"start":{"line":549,"column":4},"end":{"line":555,"column":5}},{"start":{},"end":{}}],"line":549},"74":{"loc":{"start":{"line":549,"column":8},"end":{"line":549,"column":38}},"type":"binary-expr","locations":[{"start":{"line":549,"column":8},"end":{"line":549,"column":16}},{"start":{"line":549,"column":20},"end":{"line":549,"column":38}}],"line":549},"75":{"loc":{"start":{"line":552,"column":8},"end":{"line":554,"column":9}},"type":"if","locations":[{"start":{"line":552,"column":8},"end":{"line":554,"column":9}},{"start":{},"end":{}}],"line":552},"76":{"loc":{"start":{"line":559,"column":26},"end":{"line":559,"column":56}},"type":"binary-expr","locations":[{"start":{"line":559,"column":26},"end":{"line":559,"column":50}},{"start":{"line":559,"column":54},"end":{"line":559,"column":56}}],"line":559},"77":{"loc":{"start":{"line":560,"column":31},"end":{"line":560,"column":61}},"type":"binary-expr","locations":[{"start":{"line":560,"column":31},"end":{"line":560,"column":55}},{"start":{"line":560,"column":59},"end":{"line":560,"column":61}}],"line":560},"78":{"loc":{"start":{"line":584,"column":2},"end":{"line":588,"column":3}},"type":"if","locations":[{"start":{"line":584,"column":2},"end":{"line":588,"column":3}},{"start":{},"end":{}}],"line":584},"79":{"loc":{"start":{"line":631,"column":4},"end":{"line":633,"column":5}},"type":"if","locations":[{"start":{"line":631,"column":4},"end":{"line":633,"column":5}},{"start":{},"end":{}}],"line":631},"80":{"loc":{"start":{"line":631,"column":8},"end":{"line":631,"column":77}},"type":"binary-expr","locations":[{"start":{"line":631,"column":8},"end":{"line":631,"column":12}},{"start":{"line":631,"column":16},"end":{"line":631,"column":37}},{"start":{"line":631,"column":41},"end":{"line":631,"column":77}}],"line":631},"81":{"loc":{"start":{"line":650,"column":2},"end":{"line":654,"column":3}},"type":"if","locations":[{"start":{"line":650,"column":2},"end":{"line":654,"column":3}},{"start":{},"end":{}}],"line":650},"82":{"loc":{"start":{"line":666,"column":41},"end":{"line":666,"column":57}},"type":"default-arg","locations":[{"start":{"line":666,"column":55},"end":{"line":666,"column":57}}],"line":666},"83":{"loc":{"start":{"line":667,"column":6},"end":{"line":669,"column":7}},"type":"if","locations":[{"start":{"line":667,"column":6},"end":{"line":669,"column":7}},{"start":{},"end":{}}],"line":667},"84":{"loc":{"start":{"line":667,"column":10},"end":{"line":667,"column":62}},"type":"binary-expr","locations":[{"start":{"line":667,"column":10},"end":{"line":667,"column":17}},{"start":{"line":667,"column":21},"end":{"line":667,"column":31}},{"start":{"line":667,"column":35},"end":{"line":667,"column":62}}],"line":667},"85":{"loc":{"start":{"line":673,"column":14},"end":{"line":673,"column":91}},"type":"binary-expr","locations":[{"start":{"line":673,"column":14},"end":{"line":673,"column":25}},{"start":{"line":673,"column":29},"end":{"line":673,"column":42}},{"start":{"line":673,"column":46},"end":{"line":673,"column":64}},{"start":{"line":673,"column":68},"end":{"line":673,"column":91}}],"line":673},"86":{"loc":{"start":{"line":676,"column":14},"end":{"line":676,"column":56}},"type":"binary-expr","locations":[{"start":{"line":676,"column":14},"end":{"line":676,"column":27}},{"start":{"line":676,"column":31},"end":{"line":676,"column":56}}],"line":676},"87":{"loc":{"start":{"line":677,"column":14},"end":{"line":677,"column":65}},"type":"binary-expr","locations":[{"start":{"line":677,"column":14},"end":{"line":677,"column":30}},{"start":{"line":677,"column":34},"end":{"line":677,"column":65}}],"line":677},"88":{"loc":{"start":{"line":678,"column":14},"end":{"line":678,"column":107}},"type":"binary-expr","locations":[{"start":{"line":678,"column":14},"end":{"line":678,"column":39}},{"start":{"line":678,"column":43},"end":{"line":678,"column":107}}],"line":678},"89":{"loc":{"start":{"line":679,"column":14},"end":{"line":679,"column":65}},"type":"binary-expr","locations":[{"start":{"line":679,"column":14},"end":{"line":679,"column":30}},{"start":{"line":679,"column":34},"end":{"line":679,"column":65}}],"line":679},"90":{"loc":{"start":{"line":688,"column":58},"end":{"line":688,"column":73}},"type":"default-arg","locations":[{"start":{"line":688,"column":71},"end":{"line":688,"column":73}}],"line":688},"91":{"loc":{"start":{"line":689,"column":6},"end":{"line":689,"column":45}},"type":"if","locations":[{"start":{"line":689,"column":6},"end":{"line":689,"column":45}},{"start":{},"end":{}}],"line":689},"92":{"loc":{"start":{"line":689,"column":10},"end":{"line":689,"column":36}},"type":"binary-expr","locations":[{"start":{"line":689,"column":10},"end":{"line":689,"column":21}},{"start":{"line":689,"column":25},"end":{"line":689,"column":36}}],"line":689},"93":{"loc":{"start":{"line":712,"column":5},"end":{"line":712,"column":39}},"type":"binary-expr","locations":[{"start":{"line":712,"column":5},"end":{"line":712,"column":33}},{"start":{"line":712,"column":37},"end":{"line":712,"column":39}}],"line":712},"94":{"loc":{"start":{"line":714,"column":6},"end":{"line":717,"column":7}},"type":"if","locations":[{"start":{"line":714,"column":6},"end":{"line":717,"column":7}},{"start":{},"end":{}}],"line":714},"95":{"loc":{"start":{"line":720,"column":5},"end":{"line":720,"column":32}},"type":"binary-expr","locations":[{"start":{"line":720,"column":5},"end":{"line":720,"column":26}},{"start":{"line":720,"column":30},"end":{"line":720,"column":32}}],"line":720},"96":{"loc":{"start":{"line":722,"column":6},"end":{"line":725,"column":7}},"type":"if","locations":[{"start":{"line":722,"column":6},"end":{"line":725,"column":7}},{"start":{},"end":{}}],"line":722},"97":{"loc":{"start":{"line":728,"column":5},"end":{"line":728,"column":35}},"type":"binary-expr","locations":[{"start":{"line":728,"column":5},"end":{"line":728,"column":29}},{"start":{"line":728,"column":33},"end":{"line":728,"column":35}}],"line":728},"98":{"loc":{"start":{"line":730,"column":6},"end":{"line":733,"column":7}},"type":"if","locations":[{"start":{"line":730,"column":6},"end":{"line":733,"column":7}},{"start":{},"end":{}}],"line":730},"99":{"loc":{"start":{"line":736,"column":5},"end":{"line":736,"column":35}},"type":"binary-expr","locations":[{"start":{"line":736,"column":5},"end":{"line":736,"column":29}},{"start":{"line":736,"column":33},"end":{"line":736,"column":35}}],"line":736},"100":{"loc":{"start":{"line":738,"column":6},"end":{"line":741,"column":7}},"type":"if","locations":[{"start":{"line":738,"column":6},"end":{"line":741,"column":7}},{"start":{},"end":{}}],"line":738},"101":{"loc":{"start":{"line":744,"column":5},"end":{"line":744,"column":35}},"type":"binary-expr","locations":[{"start":{"line":744,"column":5},"end":{"line":744,"column":29}},{"start":{"line":744,"column":33},"end":{"line":744,"column":35}}],"line":744},"102":{"loc":{"start":{"line":746,"column":6},"end":{"line":749,"column":7}},"type":"if","locations":[{"start":{"line":746,"column":6},"end":{"line":749,"column":7}},{"start":{},"end":{}}],"line":746},"103":{"loc":{"start":{"line":752,"column":5},"end":{"line":752,"column":30}},"type":"binary-expr","locations":[{"start":{"line":752,"column":5},"end":{"line":752,"column":24}},{"start":{"line":752,"column":28},"end":{"line":752,"column":30}}],"line":752},"104":{"loc":{"start":{"line":754,"column":8},"end":{"line":757,"column":9}},"type":"if","locations":[{"start":{"line":754,"column":8},"end":{"line":757,"column":9}},{"start":{},"end":{}}],"line":754},"105":{"loc":{"start":{"line":779,"column":4},"end":{"line":781,"column":5}},"type":"if","locations":[{"start":{"line":779,"column":4},"end":{"line":781,"column":5}},{"start":{},"end":{}}],"line":779},"106":{"loc":{"start":{"line":780,"column":36},"end":{"line":780,"column":91}},"type":"binary-expr","locations":[{"start":{"line":780,"column":36},"end":{"line":780,"column":49}},{"start":{"line":780,"column":53},"end":{"line":780,"column":91}}],"line":780},"107":{"loc":{"start":{"line":788,"column":2},"end":{"line":792,"column":3}},"type":"if","locations":[{"start":{"line":788,"column":2},"end":{"line":792,"column":3}},{"start":{},"end":{}}],"line":788},"108":{"loc":{"start":{"line":802,"column":4},"end":{"line":802,"column":34}},"type":"if","locations":[{"start":{"line":802,"column":4},"end":{"line":802,"column":34}},{"start":{},"end":{}}],"line":802},"109":{"loc":{"start":{"line":807,"column":4},"end":{"line":812,"column":5}},"type":"if","locations":[{"start":{"line":807,"column":4},"end":{"line":812,"column":5}},{"start":{},"end":{}}],"line":807},"110":{"loc":{"start":{"line":807,"column":8},"end":{"line":807,"column":62}},"type":"binary-expr","locations":[{"start":{"line":807,"column":8},"end":{"line":807,"column":27}},{"start":{"line":807,"column":31},"end":{"line":807,"column":62}}],"line":807},"111":{"loc":{"start":{"line":815,"column":4},"end":{"line":820,"column":5}},"type":"if","locations":[{"start":{"line":815,"column":4},"end":{"line":820,"column":5}},{"start":{},"end":{}}],"line":815},"112":{"loc":{"start":{"line":815,"column":8},"end":{"line":815,"column":70}},"type":"binary-expr","locations":[{"start":{"line":815,"column":8},"end":{"line":815,"column":31}},{"start":{"line":815,"column":35},"end":{"line":815,"column":70}}],"line":815},"113":{"loc":{"start":{"line":823,"column":4},"end":{"line":828,"column":5}},"type":"if","locations":[{"start":{"line":823,"column":4},"end":{"line":828,"column":5}},{"start":{},"end":{}}],"line":823},"114":{"loc":{"start":{"line":823,"column":8},"end":{"line":823,"column":78}},"type":"binary-expr","locations":[{"start":{"line":823,"column":8},"end":{"line":823,"column":35}},{"start":{"line":823,"column":39},"end":{"line":823,"column":78}}],"line":823},"115":{"loc":{"start":{"line":831,"column":4},"end":{"line":836,"column":5}},"type":"if","locations":[{"start":{"line":831,"column":4},"end":{"line":836,"column":5}},{"start":{},"end":{}}],"line":831},"116":{"loc":{"start":{"line":831,"column":8},"end":{"line":831,"column":69}},"type":"binary-expr","locations":[{"start":{"line":831,"column":8},"end":{"line":831,"column":30}},{"start":{"line":831,"column":34},"end":{"line":831,"column":69}}],"line":831},"117":{"loc":{"start":{"line":838,"column":4},"end":{"line":849,"column":5}},"type":"if","locations":[{"start":{"line":838,"column":4},"end":{"line":849,"column":5}},{"start":{},"end":{}}],"line":838}},"s":{"0":7,"1":7,"2":7,"3":7,"4":0,"5":0,"6":0,"7":0,"8":0,"9":0,"10":0,"11":0,"12":0,"13":7,"14":147,"15":0,"16":0,"17":0,"18":0,"19":0,"20":0,"21":0,"22":0,"23":0,"24":0,"25":7,"26":0,"27":0,"28":0,"29":7,"30":0,"31":0,"32":0,"33":0,"34":0,"35":0,"36":0,"37":0,"38":0,"39":0,"40":0,"41":0,"42":0,"43":0,"44":0,"45":0,"46":0,"47":7,"48":0,"49":0,"50":0,"51":0,"52":7,"53":0,"54":0,"55":0,"56":0,"57":0,"58":0,"59":0,"60":7,"61":0,"62":0,"63":0,"64":0,"65":0,"66":0,"67":0,"68":0,"69":0,"70":0,"71":0,"72":0,"73":0,"74":0,"75":0,"76":0,"77":0,"78":7,"79":0,"80":0,"81":0,"82":0,"83":0,"84":0,"85":0,"86":7,"87":0,"88":0,"89":0,"90":0,"91":0,"92":0,"93":0,"94":0,"95":0,"96":0,"97":0,"98":0,"99":0,"100":0,"101":0,"102":0,"103":0,"104":7,"105":7,"106":0,"107":0,"108":0,"109":0,"110":0,"111":0,"112":0,"113":0,"114":0,"115":0,"116":0,"117":0,"118":0,"119":0,"120":0,"121":0,"122":0,"123":0,"124":7,"125":0,"126":0,"127":0,"128":0,"129":0,"130":0,"131":0,"132":0,"133":0,"134":0,"135":0,"136":0,"137":0,"138":0,"139":0,"140":0,"141":0,"142":7,"143":0,"144":7,"145":0,"146":0,"147":0,"148":0,"149":0,"150":0,"151":0,"152":0,"153":0,"154":0,"155":0,"156":0,"157":0,"158":0,"159":0,"160":7,"161":0,"162":0,"163":0,"164":0,"165":7,"166":0,"167":7,"168":0,"169":7,"170":0,"171":7,"172":7,"173":0,"174":0,"175":0,"176":0,"177":0,"178":0,"179":0,"180":0,"181":0,"182":0,"183":0,"184":0,"185":0,"186":0,"187":0,"188":0,"189":0,"190":0,"191":0,"192":0,"193":0,"194":0,"195":0,"196":0,"197":0,"198":0,"199":0,"200":7,"201":0,"202":0,"203":0,"204":0,"205":0,"206":0,"207":0,"208":0,"209":0,"210":0,"211":0,"212":0,"213":0,"214":0,"215":0,"216":0,"217":0,"218":0,"219":0,"220":0,"221":0,"222":0,"223":0,"224":0,"225":0,"226":0,"227":0,"228":0,"229":0,"230":0,"231":0,"232":7,"233":0,"234":0,"235":0,"236":0,"237":0,"238":0,"239":0,"240":0,"241":0,"242":0,"243":0,"244":0,"245":0,"246":0,"247":0,"248":0,"249":0,"250":0,"251":0,"252":0,"253":0,"254":0,"255":0,"256":0,"257":0,"258":0,"259":0,"260":0,"261":0,"262":0,"263":0,"264":0,"265":0,"266":0,"267":0,"268":0,"269":0,"270":0,"271":0,"272":0,"273":0,"274":0,"275":0,"276":0,"277":0,"278":0,"279":0,"280":0,"281":0,"282":0,"283":0,"284":0,"285":0,"286":0,"287":0,"288":0,"289":0,"290":0,"291":0,"292":0,"293":7,"294":0,"295":0,"296":0,"297":0,"298":0,"299":0,"300":0,"301":0,"302":0,"303":0,"304":0,"305":0,"306":0,"307":0,"308":0,"309":0,"310":0,"311":0,"312":0,"313":0,"314":0,"315":0,"316":0,"317":0,"318":0,"319":0,"320":0,"321":0,"322":0,"323":0,"324":0,"325":7,"326":0,"327":0,"328":0,"329":0,"330":0,"331":0,"332":0,"333":0,"334":0,"335":0,"336":0,"337":0,"338":0,"339":0,"340":0,"341":0,"342":0,"343":0,"344":0,"345":0,"346":0,"347":0,"348":0,"349":0,"350":0,"351":0,"352":0,"353":0,"354":0,"355":0,"356":0,"357":0,"358":0,"359":0,"360":0,"361":0,"362":0,"363":0,"364":0,"365":0,"366":0,"367":0,"368":0,"369":0,"370":0,"371":0,"372":0,"373":0,"374":0,"375":0,"376":0,"377":0,"378":0,"379":0,"380":0,"381":0,"382":0,"383":0,"384":0,"385":0,"386":0,"387":0,"388":0,"389":7,"390":0,"391":0,"392":0,"393":0,"394":0,"395":0,"396":0,"397":0,"398":0,"399":0,"400":0,"401":0,"402":0,"403":0,"404":0,"405":0,"406":0,"407":0,"408":0,"409":0,"410":0,"411":0,"412":0,"413":0,"414":0,"415":0,"416":0,"417":0,"418":0,"419":7},"f":{"0":0,"1":147,"2":0,"3":0,"4":0,"5":0,"6":0,"7":0,"8":0,"9":0,"10":0,"11":0,"12":0,"13":0,"14":0,"15":0,"16":0,"17":0,"18":0,"19":0,"20":0,"21":0,"22":0,"23":0,"24":0,"25":0,"26":0,"27":0,"28":0,"29":0,"30":0,"31":0,"32":0,"33":0,"34":0,"35":0,"36":0,"37":0,"38":0,"39":0,"40":0,"41":0,"42":0,"43":0,"44":0,"45":0,"46":0,"47":0,"48":0,"49":0,"50":0,"51":0,"52":0,"53":0,"54":0,"55":0,"56":0,"57":0},"b":{"0":[0],"1":[0,0],"2":[0,0],"3":[0,0],"4":[0,0],"5":[0,0],"6":[0,0],"7":[0,0],"8":[0,0],"9":[0,0],"10":[0,0],"11":[0,0],"12":[0,0],"13":[0,0],"14":[0,0],"15":[0,0],"16":[0,0],"17":[0,0],"18":[0,0],"19":[0,0],"20":[0,0],"21":[0,0],"22":[0,0],"23":[0,0],"24":[0,0],"25":[0,0],"26":[0,0],"27":[0,0],"28":[0,0],"29":[0,0],"30":[0,0],"31":[0],"32":[0,0],"33":[0,0],"34":[0,0],"35":[0,0],"36":[0,0],"37":[0,0],"38":[0,0],"39":[0,0],"40":[0,0],"41":[0,0],"42":[0,0],"43":[0,0],"44":[0,0],"45":[0,0],"46":[0,0],"47":[0,0],"48":[0,0],"49":[0,0],"50":[0,0],"51":[0,0,0],"52":[0,0],"53":[0,0],"54":[0,0],"55":[0,0],"56":[0,0],"57":[0,0],"58":[0,0],"59":[0,0],"60":[0,0],"61":[0,0],"62":[0,0],"63":[0,0],"64":[0,0],"65":[0,0],"66":[0,0],"67":[0,0,0],"68":[0,0],"69":[0,0,0],"70":[0,0],"71":[0,0],"72":[0,0],"73":[0,0],"74":[0,0],"75":[0,0],"76":[0,0],"77":[0,0],"78":[0,0],"79":[0,0],"80":[0,0,0],"81":[0,0],"82":[0],"83":[0,0],"84":[0,0,0],"85":[0,0,0,0],"86":[0,0],"87":[0,0],"88":[0,0],"89":[0,0],"90":[0],"91":[0,0],"92":[0,0],"93":[0,0],"94":[0,0],"95":[0,0],"96":[0,0],"97":[0,0],"98":[0,0],"99":[0,0],"100":[0,0],"101":[0,0],"102":[0,0],"103":[0,0],"104":[0,0],"105":[0,0],"106":[0,0],"107":[0,0],"108":[0,0],"109":[0,0],"110":[0,0],"111":[0,0],"112":[0,0],"113":[0,0],"114":[0,0],"115":[0,0],"116":[0,0],"117":[0,0]},"_coverageSchema":"1a1c01bbd47fc00a2c39e90264f33305004495a9","hash":"cc5683150211b131cc3e311b55fa357512ec2693"}
,"/mnt/c/Users/spide/Documents/GitHub/ALNTool/storyforge/backend/src/db/database.js": {"path":"/mnt/c/Users/spide/Documents/GitHub/ALNTool/storyforge/backend/src/db/database.js","statementMap":{"0":{"start":{"line":1,"column":11},"end":{"line":1,"column":24}},"1":{"start":{"line":9,"column":17},"end":{"line":9,"column":42}},"2":{"start":{"line":10,"column":26},"end":{"line":10,"column":49}},"3":{"start":{"line":11,"column":13},"end":{"line":11,"column":28}},"4":{"start":{"line":17,"column":2},"end":{"line":17,"column":96}},"5":{"start":{"line":22,"column":18},"end":{"line":22,"column":40}},"6":{"start":{"line":23,"column":2},"end":{"line":25,"column":3}},"7":{"start":{"line":24,"column":4},"end":{"line":24,"column":47}},"8":{"start":{"line":29,"column":18},"end":{"line":29,"column":32}},"9":{"start":{"line":30,"column":2},"end":{"line":39,"column":3}},"10":{"start":{"line":31,"column":4},"end":{"line":31,"column":38}},"11":{"start":{"line":32,"column":4},"end":{"line":32,"column":41}},"12":{"start":{"line":33,"column":4},"end":{"line":33,"column":59}},"13":{"start":{"line":34,"column":9},"end":{"line":39,"column":3}},"14":{"start":{"line":35,"column":4},"end":{"line":35,"column":41}},"15":{"start":{"line":36,"column":4},"end":{"line":36,"column":59}},"16":{"start":{"line":38,"column":4},"end":{"line":38,"column":53}},"17":{"start":{"line":41,"column":2},"end":{"line":41,"column":103}},"18":{"start":{"line":42,"column":2},"end":{"line":42,"column":39}},"19":{"start":{"line":44,"column":2},"end":{"line":44,"column":12}},"20":{"start":{"line":48,"column":2},"end":{"line":55,"column":3}},"21":{"start":{"line":53,"column":4},"end":{"line":53,"column":124}},"22":{"start":{"line":54,"column":4},"end":{"line":54,"column":14}},"23":{"start":{"line":56,"column":2},"end":{"line":56,"column":12}},"24":{"start":{"line":60,"column":2},"end":{"line":64,"column":3}},"25":{"start":{"line":61,"column":4},"end":{"line":61,"column":101}},"26":{"start":{"line":62,"column":4},"end":{"line":62,"column":15}},"27":{"start":{"line":63,"column":4},"end":{"line":63,"column":14}},"28":{"start":{"line":66,"column":24},"end":{"line":66,"column":112}},"29":{"start":{"line":68,"column":2},"end":{"line":68,"column":67}},"30":{"start":{"line":69,"column":2},"end":{"line":69,"column":25}},"31":{"start":{"line":71,"column":2},"end":{"line":71,"column":39}},"32":{"start":{"line":72,"column":2},"end":{"line":78,"column":3}},"33":{"start":{"line":73,"column":4},"end":{"line":73,"column":22}},"34":{"start":{"line":74,"column":4},"end":{"line":74,"column":68}},"35":{"start":{"line":76,"column":4},"end":{"line":76,"column":77}},"36":{"start":{"line":77,"column":4},"end":{"line":77,"column":16}},"37":{"start":{"line":79,"column":2},"end":{"line":79,"column":12}},"38":{"start":{"line":83,"column":2},"end":{"line":89,"column":3}},"39":{"start":{"line":84,"column":4},"end":{"line":84,"column":15}},"40":{"start":{"line":85,"column":4},"end":{"line":85,"column":14}},"41":{"start":{"line":86,"column":4},"end":{"line":86,"column":47}},"42":{"start":{"line":88,"column":4},"end":{"line":88,"column":59}},"43":{"start":{"line":92,"column":0},"end":{"line":96,"column":2}}},"fnMap":{"0":{"name":"getProductionDbPath","decl":{"start":{"line":16,"column":9},"end":{"line":16,"column":28}},"loc":{"start":{"line":16,"column":31},"end":{"line":18,"column":1}},"line":16},"1":{"name":"ensureDataDirectoryExists","decl":{"start":{"line":21,"column":9},"end":{"line":21,"column":34}},"loc":{"start":{"line":21,"column":45},"end":{"line":26,"column":1}},"line":21},"2":{"name":"connect","decl":{"start":{"line":28,"column":9},"end":{"line":28,"column":16}},"loc":{"start":{"line":28,"column":33},"end":{"line":45,"column":1}},"line":28},"3":{"name":"getDB","decl":{"start":{"line":47,"column":9},"end":{"line":47,"column":14}},"loc":{"start":{"line":47,"column":17},"end":{"line":57,"column":1}},"line":47},"4":{"name":"initializeDatabase","decl":{"start":{"line":59,"column":9},"end":{"line":59,"column":27}},"loc":{"start":{"line":59,"column":51},"end":{"line":80,"column":1}},"line":59},"5":{"name":"closeDB","decl":{"start":{"line":82,"column":9},"end":{"line":82,"column":16}},"loc":{"start":{"line":82,"column":19},"end":{"line":90,"column":1}},"line":82}},"branchMap":{"0":{"loc":{"start":{"line":17,"column":9},"end":{"line":17,"column":95}},"type":"binary-expr","locations":[{"start":{"line":17,"column":9},"end":{"line":17,"column":34}},{"start":{"line":17,"column":38},"end":{"line":17,"column":95}}],"line":17},"1":{"loc":{"start":{"line":23,"column":2},"end":{"line":25,"column":3}},"type":"if","locations":[{"start":{"line":23,"column":2},"end":{"line":25,"column":3}},{"start":{},"end":{}}],"line":23},"2":{"loc":{"start":{"line":30,"column":2},"end":{"line":39,"column":3}},"type":"if","locations":[{"start":{"line":30,"column":2},"end":{"line":39,"column":3}},{"start":{"line":34,"column":9},"end":{"line":39,"column":3}}],"line":30},"3":{"loc":{"start":{"line":34,"column":9},"end":{"line":39,"column":3}},"type":"if","locations":[{"start":{"line":34,"column":9},"end":{"line":39,"column":3}},{"start":{"line":37,"column":9},"end":{"line":39,"column":3}}],"line":34},"4":{"loc":{"start":{"line":41,"column":42},"end":{"line":41,"column":99}},"type":"cond-expr","locations":[{"start":{"line":41,"column":76},"end":{"line":41,"column":87}},{"start":{"line":41,"column":90},"end":{"line":41,"column":99}}],"line":41},"5":{"loc":{"start":{"line":48,"column":2},"end":{"line":55,"column":3}},"type":"if","locations":[{"start":{"line":48,"column":2},"end":{"line":55,"column":3}},{"start":{},"end":{}}],"line":48},"6":{"loc":{"start":{"line":59,"column":28},"end":{"line":59,"column":49}},"type":"default-arg","locations":[{"start":{"line":59,"column":45},"end":{"line":59,"column":49}}],"line":59},"7":{"loc":{"start":{"line":60,"column":2},"end":{"line":64,"column":3}},"type":"if","locations":[{"start":{"line":60,"column":2},"end":{"line":64,"column":3}},{"start":{},"end":{}}],"line":60},"8":{"loc":{"start":{"line":66,"column":24},"end":{"line":66,"column":112}},"type":"binary-expr","locations":[{"start":{"line":66,"column":24},"end":{"line":66,"column":38}},{"start":{"line":66,"column":43},"end":{"line":66,"column":111}}],"line":66},"9":{"loc":{"start":{"line":66,"column":43},"end":{"line":66,"column":111}},"type":"cond-expr","locations":[{"start":{"line":66,"column":77},"end":{"line":66,"column":87}},{"start":{"line":66,"column":90},"end":{"line":66,"column":111}}],"line":66},"10":{"loc":{"start":{"line":83,"column":2},"end":{"line":89,"column":3}},"type":"if","locations":[{"start":{"line":83,"column":2},"end":{"line":89,"column":3}},{"start":{"line":87,"column":9},"end":{"line":89,"column":3}}],"line":83}},"s":{"0":7,"1":7,"2":7,"3":7,"4":0,"5":0,"6":0,"7":0,"8":6,"9":6,"10":0,"11":0,"12":0,"13":6,"14":0,"15":0,"16":6,"17":6,"18":6,"19":6,"20":6,"21":0,"22":0,"23":6,"24":6,"25":0,"26":0,"27":0,"28":6,"29":6,"30":6,"31":6,"32":6,"33":6,"34":6,"35":0,"36":0,"37":6,"38":6,"39":6,"40":6,"41":6,"42":0,"43":7},"f":{"0":0,"1":0,"2":6,"3":6,"4":6,"5":6},"b":{"0":[0,0],"1":[0,0
[...]
ine":259,"column":9},"end":{"line":259,"column":42}},"type":"cond-expr","locations":[{"start":{"line":259,"column":16},"end":{"line":259,"column":35}},{"start":{"line":259,"column":38},"end":{"line":259,"column":42}}],"line":259},"52":{"loc":{"start":{"line":270,"column":9},"end":{"line":270,"column":45}},"type":"cond-expr","locations":[{"start":{"line":270,"column":16},"end":{"line":270,"column":40}},{"start":{"line":270,"column":43},"end":{"line":270,"column":45}}],"line":270},"53":{"loc":{"start":{"line":281,"column":9},"end":{"line":281,"column":39}},"type":"cond-expr","locations":[{"start":{"line":281,"column":16},"end":{"line":281,"column":32}},{"start":{"line":281,"column":35},"end":{"line":281,"column":39}}],"line":281},"54":{"loc":{"start":{"line":313,"column":28},"end":{"line":313,"column":46}},"type":"default-arg","locations":[{"start":{"line":313,"column":40},"end":{"line":313,"column":46}}],"line":313},"55":{"loc":{"start":{"line":313,"column":86},"end":{"line":313,"column":192}},"type":"binary-expr","locations":[{"start":{"line":313,"column":86},"end":{"line":313,"column":112}},{"start":{"line":313,"column":116},"end":{"line":313,"column":141}},{"start":{"line":313,"column":145},"end":{"line":313,"column":175}},{"start":{"line":313,"column":179},"end":{"line":313,"column":192}}],"line":313},"56":{"loc":{"start":{"line":338,"column":53},"end":{"line":338,"column":85}},"type":"binary-expr","locations":[{"start":{"line":338,"column":53},"end":{"line":338,"column":72}},{"start":{"line":338,"column":76},"end":{"line":338,"column":85}}],"line":338},"57":{"loc":{"start":{"line":342,"column":10},"end":{"line":342,"column":40}},"type":"binary-expr","locations":[{"start":{"line":342,"column":10},"end":{"line":342,"column":29}},{"start":{"line":342,"column":33},"end":{"line":342,"column":40}}],"line":342},"58":{"loc":{"start":{"line":343,"column":12},"end":{"line":343,"column":121}},"type":"cond-expr","locations":[{"start":{"line":343,"column":48},"end":{"line":343,"column":93}},{"start":{"line":343,"column":96},"end":{"line":343,"column":121}}],"line":343},"59":{"loc":{"start":{"line":368,"column":28},"end":{"line":368,"column":46}},"type":"default-arg","locations":[{"start":{"line":368,"column":40},"end":{"line":368,"column":46}}],"line":368},"60":{"loc":{"start":{"line":368,"column":86},"end":{"line":368,"column":163}},"type":"binary-expr","locations":[{"start":{"line":368,"column":86},"end":{"line":368,"column":112}},{"start":{"line":368,"column":116},"end":{"line":368,"column":146}},{"start":{"line":368,"column":150},"end":{"line":368,"column":163}}],"line":368},"61":{"loc":{"start":{"line":390,"column":58},"end":{"line":390,"column":86}},"type":"binary-expr","locations":[{"start":{"line":390,"column":58},"end":{"line":390,"column":73}},{"start":{"line":390,"column":77},"end":{"line":390,"column":86}}],"line":390},"62":{"loc":{"start":{"line":394,"column":10},"end":{"line":394,"column":36}},"type":"binary-expr","locations":[{"start":{"line":394,"column":10},"end":{"line":394,"column":25}},{"start":{"line":394,"column":29},"end":{"line":394,"column":36}}],"line":394},"63":{"loc":{"start":{"line":395,"column":19},"end":{"line":395,"column":130}},"type":"cond-expr","locations":[{"start":{"line":395,"column":58},"end":{"line":395,"column":106}},{"start":{"line":395,"column":109},"end":{"line":395,"column":130}}],"line":395},"64":{"loc":{"start":{"line":445,"column":28},"end":{"line":445,"column":46}},"type":"default-arg","locations":[{"start":{"line":445,"column":40},"end":{"line":445,"column":46}}],"line":445},"65":{"loc":{"start":{"line":445,"column":86},"end":{"line":445,"column":192}},"type":"binary-expr","locations":[{"start":{"line":445,"column":86},"end":{"line":445,"column":112}},{"start":{"line":445,"column":116},"end":{"line":445,"column":141}},{"start":{"line":445,"column":145},"end":{"line":445,"column":175}},{"start":{"line":445,"column":179},"end":{"line":445,"column":192}}],"line":445},"66":{"loc":{"start":{"line":475,"column":50},"end":{"line":475,"column":79}},"type":"binary-expr","locations":[{"start":{"line":475,"column":50},"end":{"line":475,"column":66}},{"start":{"line":475,"column":70},"end":{"line":475,"column":79}}],"line":475},"67":{"loc":{"start":{"line":479,"column":10},"end":{"line":479,"column":37}},"type":"binary-expr","locations":[{"start":{"line":479,"column":10},"end":{"line":479,"column":26}},{"start":{"line":479,"column":30},"end":{"line":479,"column":37}}],"line":479},"68":{"loc":{"start":{"line":480,"column":14},"end":{"line":480,"column":118}},"type":"cond-expr","locations":[{"start":{"line":480,"column":49},"end":{"line":480,"column":93}},{"start":{"line":480,"column":96},"end":{"line":480,"column":118}}],"line":480},"69":{"loc":{"start":{"line":517,"column":28},"end":{"line":517,"column":46}},"type":"default-arg","locations":[{"start":{"line":517,"column":40},"end":{"line":517,"column":46}}],"line":517},"70":{"loc":{"start":{"line":517,"column":86},"end":{"line":517,"column":192}},"type":"binary-expr","locations":[{"start":{"line":517,"column":86},"end":{"line":517,"column":112}},{"start":{"line":517,"column":116},"end":{"line":517,"column":146}},{"start":{"line":517,"column":150},"end":{"line":517,"column":175}},{"start":{"line":517,"column":179},"end":{"line":517,"column":192}}],"line":517},"71":{"loc":{"start":{"line":554,"column":4},"end":{"line":585,"column":5}},"type":"if","locations":[{"start":{"line":554,"column":4},"end":{"line":585,"column":5}},{"start":{},"end":{}}],"line":554},"72":{"loc":{"start":{"line":554,"column":8},"end":{"line":554,"column":36}},"type":"binary-expr","locations":[{"start":{"line":554,"column":8},"end":{"line":554,"column":23}},{"start":{"line":554,"column":27},"end":{"line":554,"column":36}}],"line":554},"73":{"loc":{"start":{"line":558,"column":6},"end":{"line":584,"column":7}},"type":"if","locations":[{"start":{"line":558,"column":6},"end":{"line":584,"column":7}},{"start":{},"end":{}}],"line":558},"74":{"loc":{"start":{"line":560,"column":8},"end":{"line":562,"column":9}},"type":"if","locations":[{"start":{"line":560,"column":8},"end":{"line":562,"column":9}},{"start":{},"end":{}}],"line":560},"75":{"loc":{"start":{"line":566,"column":8},"end":{"line":569,"column":9}},"type":"if","locations":[{"start":{"line":566,"column":8},"end":{"line":569,"column":9}},{"start":{},"end":{}}],"line":566},"76":{"loc":{"start":{"line":566,"column":12},"end":{"line":566,"column":37}},"type":"binary-expr","locations":[{"start":{"line":566,"column":12},"end":{"line":566,"column":21}},{"start":{"line":566,"column":25},"end":{"line":566,"column":37}}],"line":566},"77":{"loc":{"start":{"line":573,"column":8},"end":{"line":576,"column":9}},"type":"if","locations":[{"start":{"line":573,"column":8},"end":{"line":576,"column":9}},{"start":{},"end":{}}],"line":573},"78":{"loc":{"start":{"line":573,"column":12},"end":{"line":573,"column":51}},"type":"binary-expr","locations":[{"start":{"line":573,"column":12},"end":{"line":573,"column":28}},{"start":{"line":573,"column":32},"end":{"line":573,"column":51}}],"line":573},"79":{"loc":{"start":{"line":580,"column":8},"end":{"line":583,"column":9}},"type":"if","locations":[{"start":{"line":580,"column":8},"end":{"line":583,"column":9}},{"start":{},"end":{}}],"line":580},"80":{"loc":{"start":{"line":580,"column":12},"end":{"line":580,"column":49}},"type":"binary-expr","locations":[{"start":{"line":580,"column":12},"end":{"line":580,"column":27}},{"start":{"line":580,"column":31},"end":{"line":580,"column":49}}],"line":580},"81":{"loc":{"start":{"line":589,"column":51},"end":{"line":589,"column":81}},"type":"binary-expr","locations":[{"start":{"line":589,"column":51},"end":{"line":589,"column":68}},{"start":{"line":589,"column":72},"end":{"line":589,"column":81}}],"line":589},"82":{"loc":{"start":{"line":593,"column":10},"end":{"line":593,"column":38}},"type":"binary-expr","locations":[{"start":{"line":593,"column":10},"end":{"line":593,"column":27}},{"start":{"line":593,"column":31},"end":{"line":593,"column":38}}],"line":593},"83":{"loc":{"start":{"line":594,"column":12},"end":{"line":594,"column":115}},"type":"cond-expr","locations":[{"start":{"line":594,"column":46},"end":{"line":594,"column":89}},{"start":{"line":594,"column":92},"end":{"line":594,"column":115}}],"line":594}},"s":{"0":0,"1":0,"2":0,"3":0,"4":0,"5":0,"6":0,"7":0,"8":0,"9":0,"10":0,"11":0,"12":0,"13":0,"14":0,"15":0,"16":0,"17":0,"18":0,"19":0,"20":0,"21":0,"22":0,"23":0,"24":0,"25":0,"26":0,"27":0,"28":0,"29":0,"30":0,"31":0,"32":0,"33":0,"34":0,"35":0,"36":0,"37":0,"38":0,"39":0,"40":0,"41":0,"42":0,"43":0,"44":0,"45":0,"46":0,"47":0,"48":0,"49":0,"50":0,"51":0,"52":0,"53":0,"54":0,"55":0,"56":0,"57":0,"58":0,"59":0,"60":0,"61":0,"62":0,"63":0,"64":0,"65":0,"66":0,"67":0,"68":0,"69":0,"70":0,"71":0,"72":0,"73":0,"74":0,"75":0,"76":0,"77":0,"78":0,"79":0,"80":0,"81":0,"82":0,"83":0,"84":0,"85":0,"86":0,"87":0,"88":0,"89":0,"90":0,"91":0,"92":0,"93":0,"94":0,"95":0,"96":0,"97":0,"98":0,"99":0,"100":0,"101":0,"102":0,"103":0,"104":0,"105":0,"106":0,"107":0,"108":0,"109":0,"110":0,"111":0,"112":0,"113":0,"114":0,"115":0,"116":0,"117":0,"118":0,"119":0,"120":0,"121":0,"122":0,"123":0,"124":0,"125":0,"126":0,"127":0,"128":0,"129":0,"130":0,"131":0,"132":0,"133":0,"134":0,"135":0,"136":0,"137":0,"138":0,"139":0,"140":0,"141":0,"142":0,"143":0,"144":0,"145":0,"146":0,"147":0,"148":0,"149":0,"150":0,"151":0,"152":0,"153":0,"154":0,"155":0,"156":7},"f":{"0":0,"1":0,"2":0,"3":0,"4":0,"5":0,"6":0,"7":0,"8":0,"9":0,"10":0,"11":0,"12":0,"13":0,"14":0,"15":0,"16":0,"17":0,"18":0,"19":0,"20":0,"21":0,"22":0,"23":0,"24":0,"25":0,"26":0,"27":0,"28":0,"29":0,"30":0,"31":0,"32":0,"33":0,"34":0,"35":0,"36":0,"37":0,"38":0,"39":0,"40":0,"41":0,"42":0,"43":0,"44":0,"45":0,"46":0,"47":0,"48":0,"49":0,"50":0,"51":0,"52":0},"b":{"0":[0,0],"1":[0,0,0],"2":[0,0],"3":[0,0,0],"4":[0,0],"5":[0,0],"6":[0,0],"7":[0,0,0],"8":[0,0],"9":[0,0,0],"10":[0,0],"11":[0,0],"12":[0,0],"13":[0,0],"14":[0,0],"15":[0,0,0],"16":[0,0],"17":[0,0],"18":[0,0],"19":[0,0],"20":[0,0],"21":[0,0],"22":[0,0],"23":[0,0],"24":[0,0],"25":[0,0],"26":[0,0],"27":[0,0],"28":[0,0],"29":[0,0],"30":[0,0],"31":[0,0],"32":[0,0],"33":[0,0],"34":[0,0],"35":[0,0],"36":[0,0],"37":[0,0],"38":[0,0],"39":[0,0],"40":[0,0],"41":[0,0],"42":[0,0],"43":[0,0],"44":[0,0],"45":[0,0],"46":[0,0],"47":[0,0],"48":[0,0],"49":[0,0],"50":[0,0],"51":[0,0],"52":[0,0],"53":[0,0],"54":[0],"55":[0,0,0,0],"56":[0,0],"57":[0,0],"58":[0,0],"59":[0],"60":[0,0,0],"61":[0,0],"62":[0,0],"63":[0,0],"64":[0],"65":[0,0,0,0],"66":[0,0],"67":[0,0],"68":[0,0],"69":[0],"70":[0,0,0,0],"71":[0,0],"72":[0,0],"73":[0,0],"74":[0,0],"75":[0,0],"76":[0,0],"77":[0,0],"78":[0,0],"79":[0,0],"80":[0,0],"81":[0,0],"82":[0,0],"83":[0,0]},"_coverageSchema":"1a1c01bbd47fc00a2c39e90264f33305004495a9","hash":"ac216c63a01fb7b83c44d297e59d6dbfa6623e51"}
,"/mnt/c/Users/spide/Documents/GitHub/ALNTool/storyforge/backend/src/utils/propertyMapper.js": {"path":"/mnt/c/Users/spide/Documents/GitHub/ALNTool/storyforge/backend/src/utils/propertyMapper.js","statementMap":{"0":{"start":{"line":8,"column":21},"end":{"line":11,"column":1}},"1":{"start":{"line":9,"column":2},"end":{"line":9,"column":65}},"2":{"start":{"line":9,"column":55},"end":{"line":9,"column":65}},"3":{"start":{"line":10,"column":2},"end":{"line":10,"column":57}},"4":{"start":{"line":10,"column":33},"end":{"line":10,"column":46}},"5":{"start":{"line":18,"column":22},"end":{"line":21,"column":1}},"6":{"start":{"line":19,"column":2},"end":{"line":19,"column":97}},"7":{"start":{"line":19,"column":85},"end":{"line":19,"column":97}},"8":{"start":{"line":20,"column":2},"end":{"line":20,"column":29}},"9":{"start":{"line":28,"column":23},"end":{"line":31,"column":1}},"10":{"start":{"line":29,"column":2},"end":{"line":29,"column":65}},"11":{"start":{"line":29,"column":55},"end":{"line":29,"column":65}},"12":{"start":{"line":30,"column":2},"end":{"line":30,"column":42}},"13":{"start":{"line":30,"column":34},"end":{"line":30,"column":40}},"14":{"start":{"line":37,"column":21},"end":{"line":52,"column":1}},"15":{"start":{"line":38,"column":2},"end":{"line":38,"column":57}},"16":{"start":{"line":38,"column":45},"end":{"line":38,"column":57}},"17":{"start":{"line":39,"column":16},"end":{"line":39,"column":37}},"18":{"start":{"line":41,"column":2},"end":{"line":51,"column":4}},"19":{"start":{"line":57,"column":25},"end":{"line":75,"column":1}},"20":{"start":{"line":58,"column":2},"end":{"line":58,"column":57}},"21":{"start":{"line":58,"column":45},"end":{"line":58,"column":57}},"22":{"start":{"line":59,"column":16},"end":{"line":59,"column":37}},"23":{"start":{"line":64,"column":20},"end":{"line":64,"column":46}},"24":{"start":{"line":66,"column":2},"end":{"line":74,"column":4}},"25":{"start":{"line":80,"column":18},"end":{"line":94,"column":1}},"26":{"start":{"line":81,"column":2},"end":{"line":81,"column":57}},"27":{"start":{"line":81,"column":45},"end":{"line":81,"column":57}},"28":{"start":{"line":82,"column":16},"end":{"line":82,"column":37}},"29":{"start":{"line":84,"column":2},"end":{"line":93,"column":4}},"30":{"start":{"line":99,"column":19},"end":{"line":111,"column":1}},"31":{"start":{"line":100,"column":2},"end":{"line":100,"column":57}},"32":{"start":{"line":100,"column":45},"end":{"line":100,"column":57}},"33":{"start":{"line":101,"column":16},"end":{"line":101,"column":37}},"34":{"start":{"line":103,"column":2},"end":{"line":110,"column":4}},"35":{"start":{"line":116,"column":29},"end":{"line":124,"column":1}},"36":{"start":{"line":117,"column":2},"end":{"line":117,"column":57}},"37":{"start":{"line":117,"column":45},"end":{"line":117,"column":57}},"38":{"start":{"line":118,"column":16},"end":{"line":118,"column":37}},"39":{"start":{"line":119,"column":2},"end":{"line":123,"column":4}},"40":{"start":{"line":126,"column":0},"end":{"line":135,"column":2}}},"fnMap":{"0":{"name":"(anonymous_0)","decl":{"start":{"line":8,"column":21},"end":{"line":8,"column":22}},"loc":{"start":{"line":8,"column":40},"end":{"line":11,"column":1}},"line":8},"1":{"name":"(anonymous_1)","decl":{"start":{"line":10,"column":27},"end":{"line":10,"column":28}},"loc":{"start":{"line":10,"column":33},"end":{"line":10,"column":46}},"line":10},"2":{"name":"(anonymous_2)","decl":{"start":{"line":18,"column":22},"end":{"line":18,"column":23}},"loc":{"start":{"line":18,"column":41},"end":{"line":21,"column":1}},"line":18},"3":{"name":"(anonymous_3)","decl":{"start":{"line":28,"column":23},"end":{"line":28,"column":24}},"loc":{"start":{"line":28,"column":42},"end":{"line":31,"column":1}},"line":28},"4":{"name":"(anonymous_4)","decl":{"start":{"line":30,"column":27},"end":{"line":30,"column":28}},"loc":{"start":{"line":30,"column":34},"end":{"line":30,"column":40}},"line":30},"5":{"name":"(anonymous_5)","decl":{"start":{"line":37,"column":21},"end":{"line":37,"column":22}},"loc":{"start":{"line":37,"column":37},"end":{"line":52,"column":1}},"line":37},"6":{"name":"(anonymous_6)","decl":{"start":{"line":57,"column":25},"end":{"line":57,"column":26}},"loc":{"start":{"line":57,"column":41},"end":{"line":75,"column":1}},"line":57},"7":{"name":"(anonymous_7)","decl":{"start":{"line":80,"column":18},"end":{"line":80,"column":19}},"loc":{"start":{"line":80,"column":34},"end":{"line":94,"column":1}},"line":80},"8":{"name":"(anonymous_8)","decl":{"start":{"line":99,"column":19},"end":{"line":99,"column":20}},"loc":{"start":{"line":99,"column":35},"end":{"line":111,"column":1}},"line":99},"9":{"name":"(anonymous_9)","decl":{"start":{"line":116,"column":29},"end":{"line":116,"column":30}},"loc":{"start":{"line":116,"column":45},"end":{"line":124,"column":1}},"line":116}},"branchMap":{"0":{"loc":{"start":{"line":9,"column":2},"end":{"line":9,"column":65}},"type":"if","locations":[{"start":{"line":9,"column":2},"end":{"line":9,"column":65}},{"start":{},"end":{}}],"line":9},"1":{"loc":{"start":{"line":9,"column":6},"end":{"line":9,"column":53}},"type":"binary-expr","locations":[{"start":{"line":9,"column":6},"end":{"line":9,"column":20}},{"start":{"line":9,"column":24},"end":{"line":9,"column":53}}],"line":9},"2":{"loc":{"start":{"line":19,"column":2},"end":{"line":19,"column":97}},"type":"if","locations":[{"start":{"line":19,"column":2},"end":{"line":19,"column":97}},{"start":{},"end":{}}],"line":19},"3":{"loc":{"start":{"line":19,"column":6},"end":{"line":19,"column":83}},"type":"binary-expr","locations":[{"start":{"line":19,"column":6},"end":{"line":19,"column":20}},{"start":{"line":19,"column":24},"end":{"line":19,"column":53}},{"start":{"line":19,"column":57},"end":{"line":19,"column":83}}],"line":19},"4":{"loc":{"start":{"line":29,"column":2},"end":{"line":29,"column":65}},"type":"if","locations":[{"start":{"line":29,"column":2},"end":{"line":29,"column":65}},{"start":{},"end":{}}],"line":29},"5":{"loc":{"start":{"line":29,"column":6},"end":{"line":29,"column":53}},"type":"binary-expr","locations":[{"start":{"line":29,"column":6},"end":{"line":29,"column":20}},{"start":{"line":29,"column":24},"end":{"line":29,"column":53}}],"line":29},"6":{"loc":{"start":{"line":38,"column":2},"end":{"line":38,"column":57}},"type":"if","locations":[{"start":{"line":38,"column":2},"end":{"line":38,"column":57}},{"start":{},"end":{}}],"line":38},"7":{"loc":{"start":{"line":38,"column":6},"end":{"line":38,"column":43}},"type":"binary-expr","locations":[{"start":{"line":38,"column":6},"end":{"line":38,"column":17}},{"start":{"line":38,"column":21},"end":{"line":38,"column":43}}],"line":38},"8":{"loc":{"start":{"line":58,"column":2},"end":{"line":58,"column":57}},"type":"if","locations":[{"start":{"line":58,"column":2},"end":{"line":58,"column":57}},{"start":{},"end":{}}],"line":58},"9":{"loc":{"start":{"line":58,"column":6},"end":{"line":58,"column":43}},"type":"binary-expr","locations":[{"start":{"line":58,"column":6},"end":{"line":58,"column":17}},{"start":{"line":58,"column":21},"end":{"line":58,"column":43}}],"line":58},"10":{"loc":{"start":{"line":81,"column":2},"end":{"line":81,"column":57}},"type":"if","locations":[{"start":{"line":81,"column":2},"end":{"line":81,"column":57}},{"start":{},"end":{}}],"line":81},"11":{"loc":{"start":{"line":81,"column":6},"end":{"line":81,"column":43}},"type":"binary-expr","locations":[{"start":{"line":81,"column":6},"end":{"line":81,"column":17}},{"start":{"line":81,"column":21},"end":{"line":81,"column":43}}],"line":81},"12":{"loc":{"start":{"line":100,"column":2},"end":{"line":100,"column":57}},"type":"if","locations":[{"start":{"line":100,"column":2},"end":{"line":100,"column":57}},{"start":{},"end":{}}],"line":100},"13":{"loc":{"start":{"line":100,"column":6},"end":{"line":100,"column":43}},"type":"binary-expr","locations":[{"start":{"line":100,"column":6},"end":{"line":100,"column":17}},{"start":{"line":100,"column":21},"end":{"line":100,"column":43}}],"line":100},"14":{"loc":{"start":{"line":117,"column":2},"end":{"line":117,"column":57}},"type":"if","locations":[{"start":{"line":117,"column":2},"end":{"line":117,"column":57}},{"start":{},"end":{}}],"line":117},"15":{"loc":{"start":{"line":117,"column":6},"end":{"line":117,"column":43}},"type":"binary-expr","locations":[{"start":{"line":117,"column":6},"end":{"line":117,"column":17}},{"start":{"line":117,"column":21},"end":{"line":117,"column":43}}],"line":117}},"s":{"0":7,"1":0,"2":0,"3":0,"4":0,"5":7,"6":0,"7":0,"8":0,"9":7,"10":0,"11":0,"12":0,"13":0,"14":7,"15":0,"16":0,"17":0,"18":0,"19":7,"20":0,"21":0,"22":0,"23":0,"24":0,"25":7,"26":0,"27":0,"28":0,"29":0,"30":7,"31":0,"32":0,"33":0,"34":0,"35":7,"36":0,"37":0,"38":0,"39":0,"40":7},"f":{"0":0,"1":0,"2":0,"3":0,"4":0,"5":0,"6":0,"7":0,"8":0,"9":0},"b":{"0":[0,0],"1":[0,0],"2":[0,0],"3":[0,0,0],"4":[0,0],"5":[0,0],"6":[0,0],"7":[0,0],"8":[0,0],"9":[0,0],"10":[0,0],"11":[0,0],"12":[0,0],"13":[0,0],"14":[0,0],"15":[0,0]},"_coverageSchema":"1a1c01bbd47fc00a2c39e90264f33305004495a9","hash":"2bb0364f44bdb6536043f13805e22667102feda8"}
}
