{"/mnt/c/Users/spide/Documents/GitHub/ALNTool/storyforge/backend/src/controllers/notionController.js": {"path":"/mnt/c/Users/spide/Documents/GitHub/ALNTool/storyforge/backend/src/controllers/notionController.js","statementMap":{"0":{"start":{"line":1,"column":22},"end":{"line":1,"column":58}},"1":{"start":{"line":2,"column":21},"end":{"line":2,"column":56}},"2":{"start":{"line":3,"column":23},"end":{"line":3,"column":63}},"3":{"start":{"line":4,"column":38},"end":{"line":4,"column":74}},"4":{"start":{"line":13,"column":2},"end":{"line":13,"column":23}},"5":{"start":{"line":13,"column":13},"end":{"line":13,"column":23}},"6":{"start":{"line":14,"column":2},"end":{"line":14,"column":22}},"7":{"start":{"line":15,"column":2},"end":{"line":15,"column":44}},"8":{"start":{"line":15,"column":32},"end":{"line":15,"column":44}},"9":{"start":{"line":16,"column":17},"end":{"line":16,"column":53}},"10":{"start":{"line":17,"column":2},"end":{"line":19,"column":3}},"11":{"start":{"line":18,"column":6},"end":{"line":18,"column":47}},"12":{"start":{"line":20,"column":2},"end":{"line":20,"column":50}},"13":{"start":{"line":23,"column":19},"end":{"line":27,"column":1}},"14":{"start":{"line":24,"column":2},"end":{"line":26,"column":4}},"15":{"start":{"line":25,"column":4},"end":{"line":25,"column":52}},"16":{"start":{"line":30,"column":27},"end":{"line":30,"column":29}},"17":{"start":{"line":31,"column":2},"end":{"line":45,"column":3}},"18":{"start":{"line":32,"column":4},"end":{"line":44,"column":5}},"19":{"start":{"line":33,"column":6},"end":{"line":43,"column":7}},"20":{"start":{"line":34,"column":8},"end":{"line":37,"column":11}},"21":{"start":{"line":39,"column":8},"end":{"line":42,"column":11}},"22":{"start":{"line":46,"column":2},"end":{"line":46,"column":54}},"23":{"start":{"line":46,"column":37},"end":{"line":46,"column":54}},"24":{"start":{"line":47,"column":2},"end":{"line":47,"column":89}},"25":{"start":{"line":50,"column":22},"end":{"line":56,"column":2}},"26":{"start":{"line":53,"column":21},"end":{"line":53,"column":72}},"27":{"start":{"line":54,"column":2},"end":{"line":54,"column":23}},"28":{"start":{"line":55,"column":2},"end":{"line":55,"column":23}},"29":{"start":{"line":58,"column":25},"end":{"line":79,"column":2}},"30":{"start":{"line":59,"column":17},"end":{"line":59,"column":27}},"31":{"start":{"line":60,"column":19},"end":{"line":60,"column":74}},"32":{"start":{"line":61,"column":32},"end":{"line":61,"column":57}},"33":{"start":{"line":62,"column":2},"end":{"line":66,"column":3}},"34":{"start":{"line":63,"column":4},"end":{"line":63,"column":62}},"35":{"start":{"line":64,"column":4},"end":{"line":64,"column":25}},"36":{"start":{"line":65,"column":4},"end":{"line":65,"column":43}},"37":{"start":{"line":67,"column":2},"end":{"line":67,"column":61}},"38":{"start":{"line":68,"column":24},"end":{"line":68,"column":55}},"39":{"start":{"line":69,"column":2},"end":{"line":71,"column":3}},"40":{"start":{"line":70,"column":4},"end":{"line":70,"column":66}},"41":{"start":{"line":72,"column":26},"end":{"line":72,"column":98}},"42":{"start":{"line":73,"column":2},"end":{"line":76,"column":3}},"43":{"start":{"line":74,"column":4},"end":{"line":74,"column":47}},"44":{"start":{"line":75,"column":4},"end":{"line":75,"column":62}},"45":{"start":{"line":77,"column":2},"end":{"line":77,"column":23}},"46":{"start":{"line":78,"column":2},"end":{"line":78,"column":28}},"47":{"start":{"line":81,"column":26},"end":{"line":92,"column":2}},"48":{"start":{"line":82,"column":17},"end":{"line":82,"column":27}},"49":{"start":{"line":83,"column":16},"end":{"line":83,"column":52}},"50":{"start":{"line":88,"column":16},"end":{"line":88,"column":63}},"51":{"start":{"line":91,"column":2},"end":{"line":91,"column":18}},"52":{"start":{"line":94,"column":26},"end":{"line":110,"column":2}},"53":{"start":{"line":95,"column":22},"end":{"line":100,"column":3}},"54":{"start":{"line":101,"column":17},"end":{"line":101,"column":58}},"55":{"start":{"line":104,"column":23},"end":{"line":104,"column":68}},"56":{"start":{"line":105,"column":17},"end":{"line":107,"column":3}},"57":{"start":{"line":106,"column":30},"end":{"line":106,"column":92}},"58":{"start":{"line":108,"column":2},"end":{"line":108,"column":23}},"59":{"start":{"line":109,"column":2},"end":{"line":109,"column":19}},"60":{"start":{"line":112,"column":30},"end":{"line":117,"column":2}},"61":{"start":{"line":114,"column":17},"end":{"line":114,"column":72}},"62":{"start":{"line":115,"column":2},"end":{"line":115,"column":23}},"63":{"start":{"line":116,"column":2},"end":{"line":116,"column":19}},"64":{"start":{"line":119,"column":29},"end":{"line":140,"column":2}},"65":{"start":{"line":120,"column":17},"end":{"line":120,"column":27}},"66":{"start":{"line":121,"column":19},"end":{"line":121,"column":63}},"67":{"start":{"line":122,"column":28},"end":{"line":122,"column":53}},"68":{"start":{"line":123,"column":2},"end":{"line":127,"column":3}},"69":{"start":{"line":124,"column":4},"end":{"line":124,"column":58}},"70":{"start":{"line":125,"column":4},"end":{"line":125,"column":25}},"71":{"start":{"line":126,"column":4},"end":{"line":126,"column":39}},"72":{"start":{"line":128,"column":2},"end":{"line":128,"column":57}},"73":{"start":{"line":129,"column":20},"end":{"line":129,"column":51}},"74":{"start":{"line":130,"column":2},"end":{"line":132,"column":3}},"75":{"start":{"line":131,"column":4},"end":{"line":131,"column":71}},"76":{"start":{"line":133,"column":22},"end":{"line":133,"column":94}},"77":{"start":{"line":134,"column":2},"end":{"line":137,"column":3}},"78":{"start":{"line":135,"column":4},"end":{"line":135,"column":43}},"79":{"start":{"line":136,"column":4},"end":{"line":136,"column":58}},"80":{"start":{"line":138,"column":2},"end":{"line":138,"column":23}},"81":{"start":{"line":139,"column":2},"end":{"line":139,"column":24}},"82":{"start":{"line":142,"column":19},"end":{"line":151,"column":2}},"83":{"start":{"line":143,"column":22},"end":{"line":143,"column":88}},"84":{"start":{"line":144,"column":17},"end":{"line":144,"column":58}},"85":{"start":{"line":145,"column":24},"end":{"line":145,"column":62}},"86":{"start":{"line":146,"column":18},"end":{"line":148,"column":3}},"87":{"start":{"line":147,"column":32},"end":{"line":147,"column":88}},"88":{"start":{"line":149,"column":2},"end":{"line":149,"column":23}},"89":{"start":{"line":150,"column":2},"end":{"line":150,"column":20}},"90":{"start":{"line":153,"column":22},"end":{"line":174,"column":2}},"91":{"start":{"line":154,"column":17},"end":{"line":154,"column":27}},"92":{"start":{"line":155,"column":19},"end":{"line":155,"column":71}},"93":{"start":{"line":156,"column":29},"end":{"line":156,"column":54}},"94":{"start":{"line":157,"column":2},"end":{"line":161,"column":3}},"95":{"start":{"line":158,"column":4},"end":{"line":158,"column":59}},"96":{"start":{"line":159,"column":4},"end":{"line":159,"column":25}},"97":{"start":{"line":160,"column":4},"end":{"line":160,"column":40}},"98":{"start":{"line":162,"column":2},"end":{"line":162,"column":58}},"99":{"start":{"line":163,"column":21},"end":{"line":163,"column":52}},"100":{"start":{"line":164,"column":2},"end":{"line":166,"column":3}},"101":{"start":{"line":165,"column":4},"end":{"line":165,"column":63}},"102":{"start":{"line":167,"column":23},"end":{"line":167,"column":89}},"103":{"start":{"line":168,"column":2},"end":{"line":171,"column":3}},"104":{"start":{"line":169,"column":4},"end":{"line":169,"column":44}},"105":{"start":{"line":170,"column":4},"end":{"line":170,"column":59}},"106":{"start":{"line":172,"column":2},"end":{"line":172,"column":23}},"107":{"start":{"line":173,"column":2},"end":{"line":173,"column":25}},"108":{"start":{"line":177,"column":27},"end":{"line":183,"column":1}},"109":{"start":{"line":185,"column":20},"end":{"line":228,"column":2}},"110":{"start":{"line":186,"column":47},"end":{"line":186,"column":56}},"111":{"start":{"line":190,"column":22},"end":{"line":195,"column":3}},"112":{"start":{"line":196,"column":26},"end":{"line":196,"column":74}},"113":{"start":{"line":198,"column":2},"end":{"line":220,"column":3}},"114":{"start":{"line":199,"column":35},"end":{"line":202,"column":7}},"115":{"start":{"line":199,"column":67},"end":{"line":202,"column":5}},"116":{"start":{"line":204,"column":25},"end":{"line":204,"column":55}},"117":{"start":{"line":206,"column":4},"end":{"line":215,"column":5}},"118":{"start":{"line":208,"column":6},"end":{"line":212,"column":7}},"119":{"start":{"line":209,"column":9},"end":{"line":209,"column":67}},"120":{"start":{"line":211,"column":9},"end":{"line":211,"column":74}},"121":{"start":{"line":214,"column":6},"end":{"line":214,"column":36}},"122":{"start":{"line":218,"column":4},"end":{"line":218,"column":37}},"123":{"start":{"line":222,"column":25},"end":{"line":222,"column":72}},"124":{"start":{"line":223,"column":19},"end":{"line":225,"column":3}},"125":{"start":{"line":224,"column":34},"end":{"line":224,"column":92}},"126":{"start":{"line":226,"column":2},"end":{"line":226,"column":23}},"127":{"start":{"line":227,"column":2},"end":{"line":227,"column":21}},"128":{"start":{"line":230,"column":23},"end":{"line":251,"column":2}},"129":{"start":{"line":231,"column":17},"end":{"line":231,"column":27}},"130":{"start":{"line":232,"column":19},"end":{"line":232,"column":57}},"131":{"start":{"line":233,"column":30},"end":{"line":233,"column":55}},"132":{"start":{"line":234,"column":2},"end":{"line":238,"column":3}},"133":{"start":{"line":235,"column":4},"end":{"line":235,"column":60}},"134":{"start":{"line":236,"column":4},"end":{"line":236,"column":25}},"135":{"start":{"line":237,"column":4},"end":{"line":237,"column":41}},"136":{"start":{"line":239,"column":2},"end":{"line":239,"column":59}},"137":{"start":{"line":240,"column":22},"end":{"line":240,"column":53}},"138":{"start":{"line":241,"column":2},"end":{"line":243,"column":3}},"139":{"start":{"line":242,"column":4},"end":{"line":242,"column":64}},"140":{"start":{"line":244,"column":24},"end":{"line":244,"column":92}},"141":{"start":{"line":245,"column":2},"end":{"line":248,"column":3}},"142":{"start":{"line":246,"column":4},"end":{"line":246,"column":45}},"143":{"start":{"line":247,"column":4},"end":{"line":247,"column":60}},"144":{"start":{"line":249,"column":2},"end":{"line":249,"column":23}},"145":{"start":{"line":250,"column":2},"end":{"line":250,"column":26}},"146":{"start":{"line":253,"column":29},"end":{"line":268,"column":2}},"147":{"start":{"line":254,"column":2},"end":{"line":267,"column":5}},"148":{"start":{"line":270,"column":21},"end":{"line":316,"column":2}},"149":{"start":{"line":271,"column":16},"end":{"line":271,"column":25}},"150":{"start":{"line":272,"column":2},"end":{"line":272,"column":73}},"151":{"start":{"line":272,"column":10},"end":{"line":272,"column":73}},"152":{"start":{"line":274,"column":26},"end":{"line":295,"column":3}},"153":{"start":{"line":297,"column":18},"end":{"line":297,"column":20}},"154":{"start":{"line":298,"column":25},"end":{"line":312,"column":4}},"155":{"start":{"line":299,"column":19},"end":{"line":302,"column":5}},"156":{"start":{"line":303,"column":4},"end":{"line":311,"column":5}},"157":{"start":{"line":304,"column":20},"end":{"line":304,"column":50}},"158":{"start":{"line":305,"column":6},"end":{"line":307,"column":8}},"159":{"start":{"line":306,"column":26},"end":{"line":306,"column":62}},"160":{"start":{"line":309,"column":6},"end":{"line":309,"column":55}},"161":{"start":{"line":310,"column":6},"end":{"line":310,"column":26}},"162":{"start":{"line":314,"column":2},"end":{"line":314,"column":36}},"163":{"start":{"line":315,"column":2},"end":{"line":315,"column":20}},"164":{"start":{"line":318,"column":19},"end":{"line":322,"column":2}},"165":{"start":{"line":319,"column":2},"end":{"line":319,"column":29}},"166":{"start":{"line":320,"column":2},"end":{"line":320,"column":39}},"167":{"start":{"line":321,"column":2},"end":{"line":321,"column":41}},"168":{"start":{"line":325,"column":2},"end":{"line":325,"column":57}},"169":{"start":{"line":328,"column":24},"end":{"line":331,"column":2}},"170":{"start":{"line":330,"column":2},"end":{"line":330,"column":53}},"171":{"start":{"line":333,"column":23},"end":{"line":336,"column":2}},"172":{"start":{"line":335,"column":2},"end":{"line":335,"column":53}},"173":{"start":{"line":338,"column":25},"end":{"line":341,"column":2}},"174":{"start":{"line":340,"column":2},"end":{"line":340,"column":53}},"175":{"start":{"line":343,"column":0},"end":{"line":359,"column":2}},"176":{"start":{"line":363,"column":31},"end":{"line":411,"column":2}},"177":{"start":{"line":364,"column":19},"end":{"line":364,"column":59}},"178":{"start":{"line":365,"column":21},"end":{"line":365,"column":46}},"179":{"start":{"line":366,"column":2},"end":{"line":370,"column":3}},"180":{"start":{"line":367,"column":4},"end":{"line":367,"column":43}},"181":{"start":{"line":368,"column":4},"end":{"line":368,"column":25}},"182":{"start":{"line":369,"column":4},"end":{"line":369,"column":32}},"183":{"start":{"line":371,"column":2},"end":{"line":371,"column":42}},"184":{"start":{"line":373,"column":24},"end":{"line":373,"column":56}},"185":{"start":{"line":374,"column":24},"end":{"line":376,"column":3}},"186":{"start":{"line":375,"column":32},"end":{"line":375,"column":88}},"187":{"start":{"line":378,"column":30},"end":{"line":378,"column":32}},"188":{"start":{"line":379,"column":2},"end":{"line":405,"column":3}},"189":{"start":{"line":380,"column":4},"end":{"line":380,"column":31}},"190":{"start":{"line":380,"column":22},"end":{"line":380,"column":31}},"191":{"start":{"line":382,"column":21},"end":{"line":382,"column":23}},"192":{"start":{"line":383,"column":4},"end":{"line":385,"column":5}},"193":{"start":{"line":384,"column":6},"end":{"line":384,"column":93}},"194":{"start":{"line":386,"column":4},"end":{"line":388,"column":5}},"195":{"start":{"line":387,"column":6},"end":{"line":387,"column":116}},"196":{"start":{"line":389,"column":4},"end":{"line":391,"column":5}},"197":{"start":{"line":390,"column":6},"end":{"line":390,"column":120}},"198":{"start":{"line":394,"column":4},"end":{"line":404,"column":5}},"199":{"start":{"line":395,"column":6},"end":{"line":403,"column":9}},"200":{"start":{"line":407,"column":2},"end":{"line":407,"column":49}},"201":{"start":{"line":408,"column":2},"end":{"line":408,"column":102}},"202":{"start":{"line":409,"column":2},"end":{"line":409,"column":23}},"203":{"start":{"line":410,"column":2},"end":{"line":410,"column":32}},"204":{"start":{"line":413,"column":32},"end":{"line":474,"column":2}},"205":{"start":{"line":414,"column":19},"end":{"line":414,"column":60}},"206":{"start":{"line":415,"column":21},"end":{"line":415,"column":46}},"207":{"start":{"line":416,"column":2},"end":{"line":420,"column":3}},"208":{"start":{"line":417,"column":4},"end":{"line":417,"column":43}},"209":{"start":{"line":418,"column":4},"end":{"line":418,"column":25}},"210":{"start":{"line":419,"column":4},"end":{"line":419,"column":32}},"211":{"start":{"line":421,"column":2},"end":{"line":421,"column":42}},"212":{"start":{"line":423,"column":25},"end":{"line":423,"column":58}},"213":{"start":{"line":424,"column":25},"end":{"line":426,"column":3}},"214":{"start":{"line":425,"column":34},"end":{"line":425,"column":92}},"215":{"start":{"line":428,"column":31},"end":{"line":428,"column":84}},"216":{"start":{"line":430,"column":31},"end":{"line":430,"column":33}},"217":{"start":{"line":431,"column":2},"end":{"line":468,"column":3}},"218":{"start":{"line":432,"column":4},"end":{"line":432,"column":32}},"219":{"start":{"line":432,"column":23},"end":{"line":432,"column":32}},"220":{"start":{"line":434,"column":4},"end":{"line":436,"column":5}},"221":{"start":{"line":435,"column":6},"end":{"line":435,"column":15}},"222":{"start":{"line":438,"column":21},"end":{"line":438,"column":23}},"223":{"start":{"line":439,"column":23},"end":{"line":439,"column":88}},"224":{"start":{"line":440,"column":21},"end":{"line":440,"column":84}},"225":{"start":{"line":442,"column":4},"end":{"line":447,"column":5}},"226":{"start":{"line":443,"column":6},"end":{"line":446,"column":9}},"227":{"start":{"line":449,"column":26},"end":{"line":449,"column":131}},"228":{"start":{"line":450,"column":4},"end":{"line":455,"column":5}},"229":{"start":{"line":451,"column":6},"end":{"line":454,"column":9}},"230":{"start":{"line":457,"column":4},"end":{"line":467,"column":5}},"231":{"start":{"line":458,"column":6},"end":{"line":466,"column":9}},"232":{"start":{"line":470,"column":2},"end":{"line":470,"column":50}},"233":{"start":{"line":471,"column":2},"end":{"line":471,"column":104}},"234":{"start":{"line":472,"column":2},"end":{"line":472,"column":23}},"235":{"start":{"line":473,"column":2},"end":{"line":473,"column":33}},"236":{"start":{"line":476,"column":22},"end":{"line":586,"column":2}},"237":{"start":{"line":477,"column":27},"end":{"line":477,"column":37}},"238":{"start":{"line":478,"column":19},"end":{"line":478,"column":67}},"239":{"start":{"line":479,"column":21},"end":{"line":479,"column":46}},"240":{"start":{"line":481,"column":2},"end":{"line":485,"column":3}},"241":{"start":{"line":482,"column":4},"end":{"line":482,"column":57}},"242":{"start":{"line":483,"column":4},"end":{"line":483,"column":25}},"243":{"start":{"line":484,"column":4},"end":{"line":484,"column":32}},"244":{"start":{"line":486,"column":2},"end":{"line":486,"column":56}},"245":{"start":{"line":488,"column":21},"end":{"line":488,"column":58}},"246":{"start":{"line":489,"column":2},"end":{"line":491,"column":3}},"247":{"start":{"line":490,"column":4},"end":{"line":490,"column":63}},"248":{"start":{"line":493,"column":24},"end":{"line":493,"column":90}},"249":{"start":{"line":494,"column":2},"end":{"line":496,"column":3}},"250":{"start":{"line":495,"column":4},"end":{"line":495,"column":104}},"251":{"start":{"line":498,"column":27},"end":{"line":498,"column":36}},"252":{"start":{"line":499,"column":2},"end":{"line":499,"column":82}},"253":{"start":{"line":499,"column":53},"end":{"line":499,"column":80}},"254":{"start":{"line":500,"column":2},"end":{"line":500,"column":75}},"255":{"start":{"line":500,"column":46},"end":{"line":500,"column":73}},"256":{"start":{"line":501,"column":2},"end":{"line":501,"column":76}},"257":{"start":{"line":501,"column":48},"end":{"line":501,"column":74}},"258":{"start":{"line":502,"column":2},"end":{"line":502,"column":76}},"259":{"start":{"line":502,"column":48},"end":{"line":502,"column":74}},"260":{"start":{"line":504,"column":2},"end":{"line":504,"column":78}},"261":{"start":{"line":504,"column":49},"end":{"line":504,"column":76}},"262":{"start":{"line":507,"column":23},"end":{"line":507,"column":86}},"263":{"start":{"line":508,"column":32},"end":{"line":508,"column":41}},"264":{"start":{"line":510,"column":2},"end":{"line":529,"column":3}},"265":{"start":{"line":511,"column":4},"end":{"line":511,"column":36}},"266":{"start":{"line":511,"column":27},"end":{"line":511,"column":36}},"267":{"start":{"line":517,"column":4},"end":{"line":524,"column":5}},"268":{"start":{"line":518,"column":8},"end":{"line":518,"column":84}},"269":{"start":{"line":519,"column":11},"end":{"line":524,"column":5}},"270":{"start":{"line":520,"column":8},"end":{"line":520,"column":85}},"271":{"start":{"line":522,"column":8},"end":{"line":522,"column":93}},"272":{"start":{"line":523,"column":8},"end":{"line":523,"column":17}},"273":{"start":{"line":526,"column":4},"end":{"line":528,"column":5}},"274":{"start":{"line":527,"column":6},"end":{"line":527,"column":55}},"275":{"start":{"line":531,"column":24},"end":{"line":540,"column":3}},"276":{"start":{"line":532,"column":19},"end":{"line":532,"column":55}},"277":{"start":{"line":533,"column":4},"end":{"line":539,"column":6}},"278":{"start":{"line":542,"column":23},"end":{"line":549,"column":3}},"279":{"start":{"line":543,"column":19},"end":{"line":543,"column":55}},"280":{"start":{"line":544,"column":4},"end":{"line":548,"column":6}},"281":{"start":{"line":551,"column":24},"end":{"line":551,"column":79}},"282":{"start":{"line":552,"column":25},"end":{"line":552,"column":73}},"283":{"start":{"line":554,"column":2},"end":{"line":563,"column":5}},"284":{"start":{"line":555,"column":21},"end":{"line":555,"column":59}},"285":{"start":{"line":556,"column":4},"end":{"line":562,"column":5}},"286":{"start":{"line":557,"column":30},"end":{"line":557,"column":53}},"287":{"start":{"line":559,"column":8},"end":{"line":561,"column":9}},"288":{"start":{"line":559,"column":37},"end":{"line":559,"column":62}},"289":{"start":{"line":560,"column":12},"end":{"line":560,"column":47}},"290":{"start":{"line":566,"column":25},"end":{"line":566,"column":75}},"291":{"start":{"line":567,"column":30},"end":{"line":567,"column":80}},"292":{"start":{"line":569,"column":19},"end":{"line":580,"column":3}},"293":{"start":{"line":582,"column":2},"end":{"line":582,"column":38}},"294":{"start":{"line":583,"column":2},"end":{"line":583,"column":83}},"295":{"start":{"line":584,"column":2},"end":{"line":584,"column":23}},"296":{"start":{"line":585,"column":2},"end":{"line":585,"column":21}},"297":{"start":{"line":588,"column":37},"end":{"line":649,"column":2}},"298":{"start":{"line":589,"column":19},"end":{"line":589,"column":62}},"299":{"start":{"line":590,"column":21},"end":{"line":590,"column":46}},"300":{"start":{"line":591,"column":2},"end":{"line":595,"column":3}},"301":{"start":{"line":592,"column":4},"end":{"line":592,"column":43}},"302":{"start":{"line":593,"column":4},"end":{"line":593,"column":25}},"303":{"start":{"line":594,"column":4},"end":{"line":594,"column":32}},"304":{"start":{"line":596,"column":2},"end":{"line":596,"column":42}},"305":{"start":{"line":598,"column":21},"end":{"line":598,"column":30}},"306":{"start":{"line":601,"column":25},"end":{"line":601,"column":60}},"307":{"start":{"line":602,"column":23},"end":{"line":602,"column":56}},"308":{"start":{"line":603,"column":22},"end":{"line":603,"column":54}},"309":{"start":{"line":604,"column":29},"end":{"line":604,"column":68}},"310":{"start":{"line":606,"column":19},"end":{"line":611,"column":3}},"311":{"start":{"line":625,"column":22},"end":{"line":625,"column":120}},"312":{"start":{"line":625,"column":64},"end":{"line":625,"column":118}},"313":{"start":{"line":626,"column":22},"end":{"line":626,"column":116}},"314":{"start":{"line":626,"column":62},"end":{"line":626,"column":114}},"315":{"start":{"line":627,"column":24},"end":{"line":627,"column":116}},"316":{"start":{"line":627,"column":63},"end":{"line":627,"column":114}},"317":{"start":{"line":628,"column":23},"end":{"line":628,"column":129}},"318":{"start":{"line":628,"column":69},"end":{"line":628,"column":127}},"319":{"start":{"line":630,"column":25},"end":{"line":635,"column":3}},"320":{"start":{"line":637,"column":2},"end":{"line":641,"column":5}},"321":{"start":{"line":638,"column":4},"end":{"line":640,"column":5}},"322":{"start":{"line":639,"column":6},"end":{"line":639,"column":70}},"323":{"start":{"line":639,"column":46},"end":{"line":639,"column":68}},"324":{"start":{"line":643,"column":24},"end":{"line":643,"column":53}},"325":{"start":{"line":645,"column":2},"end":{"line":645,"column":43}},"326":{"start":{"line":646,"column":2},"end":{"line":646,"column":99}},"327":{"start":{"line":647,"column":2},"end":{"line":647,"column":23}},"328":{"start":{"line":648,"column":2},"end":{"line":648,"column":26}},"329":{"start":{"line":651,"column":27},"end":{"line":790,"column":2}},"330":{"start":{"line":652,"column":27},"end":{"line":652,"column":37}},"331":{"start":{"line":654,"column":19},"end":{"line":654,"column":73}},"332":{"start":{"line":655,"column":21},"end":{"line":655,"column":46}},"333":{"start":{"line":657,"column":2},"end":{"line":661,"column":3}},"334":{"start":{"line":658,"column":4},"end":{"line":658,"column":63}},"335":{"start":{"line":659,"column":4},"end":{"line":659,"column":25}},"336":{"start":{"line":660,"column":4},"end":{"line":660,"column":32}},"337":{"start":{"line":662,"column":2},"end":{"line":662,"column":62}},"338":{"start":{"line":664,"column":2},"end":{"line":789,"column":3}},"339":{"start":{"line":665,"column":53},"end":{"line":665,"column":111}},"340":{"start":{"line":667,"column":18},"end":{"line":667,"column":20}},"341":{"start":{"line":668,"column":18},"end":{"line":668,"column":20}},"342":{"start":{"line":669,"column":25},"end":{"line":669,"column":34}},"343":{"start":{"line":673,"column":20},"end":{"line":693,"column":5}},"344":{"start":{"line":674,"column":6},"end":{"line":676,"column":7}},"345":{"start":{"line":675,"column":8},"end":{"line":675,"column":52}},"346":{"start":{"line":678,"column":19},"end":{"line":689,"column":7}},"347":{"start":{"line":690,"column":6},"end":{"line":690,"column":23}},"348":{"start":{"line":691,"column":6},"end":{"line":691,"column":34}},"349":{"start":{"line":692,"column":6},"end":{"line":692,"column":18}},"350":{"start":{"line":695,"column":20},"end":{"line":709,"column":5}},"351":{"start":{"line":696,"column":6},"end":{"line":696,"column":45}},"352":{"start":{"line":696,"column":38},"end":{"line":696,"column":45}},"353":{"start":{"line":697,"column":6},"end":{"line":708,"column":9}},"354":{"start":{"line":712,"column":30},"end":{"line":716,"column":6}},"355":{"start":{"line":719,"column":4},"end":{"line":725,"column":7}},"356":{"start":{"line":720,"column":22},"end":{"line":720,"column":58}},"357":{"start":{"line":721,"column":6},"end":{"line":724,"column":7}},"358":{"start":{"line":722,"column":28},"end":{"line":722,"column":104}},"359":{"start":{"line":723,"column":8},"end":{"line":723,"column":71}},"360":{"start":{"line":727,"column":4},"end":{"line":733,"column":7}},"361":{"start":{"line":728,"column":22},"end":{"line":728,"column":58}},"362":{"start":{"line":729,"column":6},"end":{"line":732,"column":7}},"363":{"start":{"line":730,"column":28},"end":{"line":730,"column":105}},"364":{"start":{"line":731,"column":8},"end":{"line":731,"column":70}},"365":{"start":{"line":735,"column":4},"end":{"line":741,"column":7}},"366":{"start":{"line":736,"column":22},"end":{"line":736,"column":58}},"367":{"start":{"line":737,"column":6},"end":{"line":740,"column":7}},"368":{"start":{"line":738,"column":28},"end":{"line":738,"column":125}},"369":{"start":{"line":739,"column":8},"end":{"line":739,"column":79}},"370":{"start":{"line":743,"column":4},"end":{"line":749,"column":7}},"371":{"start":{"line":744,"column":27},"end":{"line":744,"column":69}},"372":{"start":{"line":745,"column":6},"end":{"line":748,"column":7}},"373":{"start":{"line":746,"column":33},"end":{"line":746,"column":137}},"374":{"start":{"line":747,"column":8},"end":{"line":747,"column":82}},"375":{"start":{"line":751,"column":4},"end":{"line":757,"column":7}},"376":{"start":{"line":752,"column":24},"end":{"line":752,"column":63}},"377":{"start":{"line":753,"column":6},"end":{"line":756,"column":7}},"378":{"start":{"line":754,"column":30},"end":{"line":754,"column":125}},"379":{"start":{"line":755,"column":8},"end":{"line":755,"column":80}},"380":{"start":{"line":759,"column":4},"end":{"line":765,"column":7}},"381":{"start":{"line":760,"column":22},"end":{"line":760,"column":61}},"382":{"start":{"line":761,"column":8},"end":{"line":764,"column":9}},"383":{"start":{"line":762,"column":30},"end":{"line":762,"column":57}},"384":{"start":{"line":763,"column":12},"end":{"line":763,"column":73}},"385":{"start":{"line":768,"column":22},"end":{"line":777,"column":5}},"386":{"start":{"line":779,"column":4},"end":{"line":779,"column":41}},"387":{"start":{"line":780,"column":4},"end":{"line":780,"column":91}},"388":{"start":{"line":781,"column":4},"end":{"line":781,"column":25}},"389":{"start":{"line":782,"column":4},"end":{"line":782,"column":24}},"390":{"start":{"line":785,"column":4},"end":{"line":785,"column":83}},"391":{"start":{"line":786,"column":4},"end":{"line":788,"column":5}},"392":{"start":{"line":787,"column":6},"end":{"line":787,"column":95}},"393":{"start":{"line":792,"column":34},"end":{"line":863,"column":2}},"394":{"start":{"line":793,"column":19},"end":{"line":793,"column":62}},"395":{"start":{"line":794,"column":21},"end":{"line":794,"column":46}},"396":{"start":{"line":795,"column":2},"end":{"line":799,"column":3}},"397":{"start":{"line":796,"column":4},"end":{"line":796,"column":43}},"398":{"start":{"line":797,"column":4},"end":{"line":797,"column":25}},"399":{"start":{"line":798,"column":4},"end":{"line":798,"column":32}},"400":{"start":{"line":800,"column":2},"end":{"line":800,"column":42}},"401":{"start":{"line":802,"column":27},"end":{"line":802,"column":62}},"402":{"start":{"line":803,"column":27},"end":{"line":805,"column":3}},"403":{"start":{"line":804,"column":38},"end":{"line":804,"column":100}},"404":{"start":{"line":807,"column":33},"end":{"line":807,"column":35}},"405":{"start":{"line":808,"column":2},"end":{"line":857,"column":3}},"406":{"start":{"line":809,"column":4},"end":{"line":809,"column":34}},"407":{"start":{"line":809,"column":25},"end":{"line":809,"column":34}},"408":{"start":{"line":811,"column":21},"end":{"line":811,"column":23}},"409":{"start":{"line":814,"column":4},"end":{"line":819,"column":5}},"410":{"start":{"line":815,"column":6},"end":{"line":818,"column":9}},"411":{"start":{"line":822,"column":4},"end":{"line":827,"column":5}},"412":{"start":{"line":823,"column":6},"end":{"line":826,"column":9}},"413":{"start":{"line":830,"column":4},"end":{"line":835,"column":5}},"414":{"start":{"line":831,"column":6},"end":{"line":834,"column":9}},"415":{"start":{"line":838,"column":4},"end":{"line":843,"column":5}},"416":{"start":{"line":839,"column":6},"end":{"line":842,"column":9}},"417":{"start":{"line":845,"column":4},"end":{"line":856,"column":5}},"418":{"start":{"line":846,"column":6},"end":{"line":855,"column":9}},"419":{"start":{"line":859,"column":2},"end":{"line":859,"column":52}},"420":{"start":{"line":860,"column":2},"end":{"line":860,"column":108}},"421":{"start":{"line":861,"column":2},"end":{"line":861,"column":23}},"422":{"start":{"line":862,"column":2},"end":{"line":862,"column":35}},"423":{"start":{"line":865,"column":0},"end":{"line":888,"column":2}}},"fnMap":{"0":{"name":"createSnippet","decl":{"start":{"line":12,"column":9},"end":{"line":12,"column":22}},"loc":{"start":{"line":12,"column":46},"end":{"line":21,"column":1}},"line":12},"1":{"name":"(anonymous_1)","decl":{"start":{"line":23,"column":19},"end":{"line":23,"column":20}},"loc":{"start":{"line":23,"column":25},"end":{"line":27,"column":1}},"line":23},"2":{"name":"(anonymous_2)","decl":{"start":{"line":24,"column":9},"end":{"line":24,"column":10}},"loc":{"start":{"line":24,"column":29},"end":{"line":26,"column":3}},"line":24},"3":{"name":"buildNotionFilter","decl":{"start":{"line":29,"column":9},"end":{"line":29,"column":26}},"loc":{"start":{"line":29,"column":47},"end":{"line":48,"column":1}},"line":29},"4":{"name":"(anonymous_4)","decl":{"start":{"line":50,"column":33},"end":{"line":50,"column":34}},"loc":{"start":{"line":50,"column":53},"end":{"line":56,"column":1}},"line":50},"5":{"name":"(anonymous_5)","decl":{"start":{"line":58,"column":36},"end":{"line":58,"column":37}},"loc":{"start":{"line":58,"column":56},"end":{"line":79,"column":1}},"line":58},"6":{"name":"(anonymous_6)","decl":{"start":{"line":81,"column":37},"end":{"line":81,"column":38}},"loc":{"start":{"line":81,"column":57},"end":{"line":92,"column":1}},"line":81},"7":{"name":"(anonymous_7)","decl":{"start":{"line":94,"column":37},"end":{"line":94,"column":38}},"loc":{"start":{"line":94,"column":57},"end":{"line":110,"column":1}},"line":94},"8":{"name":"(anonymous_8)","decl":{"start":{"line":106,"column":21},"end":{"line":106,"column":22}},"loc":{"start":{"line":106,"column":30},"end":{"line":106,"column":92}},"line":106},"9":{"name":"(anonymous_9)","decl":{"start":{"line":112,"column":41},"end":{"line":112,"column":42}},"loc":{"start":{"line":112,"column":61},"end":{"line":117,"column":1}},"line":112},"10":{"name":"(anonymous_10)","decl":{"start":{"line":119,"column":40},"end":{"line":119,"column":41}},"loc":{"start":{"line":119,"column":60},"end":{"line":140,"column":1}},"line":119},"11":{"name":"(anonymous_11)","decl":{"start":{"line":142,"column":30},"end":{"line":142,"column":31}},"loc":{"start":{"line":142,"column":50},"end":{"line":151,"column":1}},"line":142},"12":{"name":"(anonymous_12)","decl":{"start":{"line":147,"column":22},"end":{"line":147,"column":23}},"loc":{"start":{"line":147,"column":32},"end":{"line":147,"column":88}},"line":147},"13":{"name":"(anonymous_13)","decl":{"start":{"line":153,"column":33},"end":{"line":153,"column":34}},"loc":{"start":{"line":153,"column":53},"end":{"line":174,"column":1}},"line":153},"14":{"name":"(anonymous_14)","decl":{"start":{"line":185,"column":31},"end":{"line":185,"column":32}},"loc":{"start":{"line":185,"column":51},"end":{"line":228,"column":1}},"line":185},"15":{"name":"(anonymous_15)","decl":{"start":{"line":199,"column":58},"end":{"line":199,"column":59}},"loc":{"start":{"line":199,"column":67},"end":{"line":202,"column":5}},"line":199},"16":{"name":"(anonymous_16)","decl":{"start":{"line":224,"column":23},"end":{"line":224,"column":24}},"loc":{"start":{"line":224,"column":34},"end":{"line":224,"column":92}},"line":224},"17":{"name":"(anonymous_17)","decl":{"start":{"line":230,"column":34},"end":{"line":230,"column":35}},"loc":{"start":{"line":230,"column":54},"end":{"line":251,"column":1}},"line":230},"18":{"name":"(anonymous_18)","decl":{"start":{"line":253,"column":40},"end":{"line":253,"column":41}},"loc":{"start":{"line":253,"column":60},"end":{"line":268,"column":1}},"line":253},"19":{"name":"(anonymous_19)","decl":{"start":{"line":270,"column":32},"end":{"line":270,"column":33}},"loc":{"start":{"line":270,"column":52},"end":{"line":316,"column":1}},"line":270},"20":{"name":"(anonymous_20)","decl":{"start":{"line":298,"column":61},"end":{"line":298,"column":62}},"loc":{"start":{"line":298,"column":88},"end":{"line":312,"column":3}},"line":298},"21":{"name":"(anonymous_21)","decl":{"start":{"line":306,"column":18},"end":{"line":306,"column":19}},"loc":{"start":{"line":306,"column":26},"end":{"line":306,"column":62}},"line":306},"22":{"name":"(anonymous_22)","decl":{"start":{"line":318,"column":30},"end":{"line":318,"column":31}},"loc":{"start":{"line":318,"column":50},"end":{"line":322,"column":1}},"line":318},"23":{"name":"setCacheHeaders","decl":{"start":{"line":324,"column":9},"end":{"line":324,"column":24}},"loc":{"start":{"line":324,"column":45},"end":{"line":326,"column":1}},"line":324},"24":{"name":"(anonymous_24)","decl":{"start":{"line":328,"column":35},"end":{"line":328,"column":36}},"loc":{"start":{"line":328,"column":55},"end":{"line":331,"column":1}},"line":328},"25":{"name":"(anonymous_25)","decl":{"start":{"line":333,"column":34},"end":{"line":333,"column":35}},"loc":{"start":{"line":333,"column":54},"end":{"line":336,"column":1}},"line":333},"26":{"name":"(anonymous_26)","decl":{"start":{"line":338,"column":36},"end":{"line":338,"column":37}},"loc":{"start":{"line":338,"column":56},"end":{"line":341,"column":1}},"line":338},"27":{"name":"(anonymous_27)","decl":{"start":{"line":363,"column":42},"end":{"line":363,"column":43}},"loc":{"start":{"line":363,"column":62},"end":{"line":411,"column":1}},"line":363},"28":{"name":"(anonymous_28)","decl":{"start":{"line":375,"column":22},"end":{"line":375,"column":23}},"loc":{"start":{"line":375,"column":32},"end":{"line":375,"column":88}},"line":375},"29":{"name":"(anonymous_29)","decl":{"start":{"line":413,"column":43},"end":{"line":413,"column":44}},"loc":{"start":{"line":413,"column":63},"end":{"line":474,"column":1}},"line":413},"30":{"name":"(anonymous_30)","decl":{"start":{"line":425,"column":23},"end":{"line":425,"column":24}},"loc":{"start":{"line":425,"column":34},"end":{"line":425,"column":92}},"line":425},"31":{"name":"(anonymous_31)","decl":{"start":{"line":476,"column":33},"end":{"line":476,"column":34}},"loc":{"start":{"line":476,"column":53},"end":{"line":586,"column":1}},"line":476},"32":{"name":"(anonymous_32)","decl":{"start":{"line":499,"column":47},"end":{"line":499,"column":48}},"loc":{"start":{"line":499,"column":53},"end":{"line":499,"column":80}},"line":499},"33":{"name":"(anonymous_33)","decl":{"start":{"line":500,"column":40},"end":{"line":500,"column":41}},"loc":{"start":{"line":500,"column":46},"end":{"line":500,"column":73}},"line":500},"34":{"name":"(anonymous_34)","decl":{"start":{"line":501,"column":43},"end":{"line":501,"column":44}},"loc":{"start":{"line":501,"column":48},"end":{"line":501,"column":74}},"line":501},"35":{"name":"(anonymous_35)","decl":{"start":{"line":502,"column":43},"end":{"line":502,"column":44}},"loc":{"start":{"line":502,"column":48},"end":{"line":502,"column":74}},"line":502},"36":{"name":"(anonymous_36)","decl":{"start":{"line":504,"column":43},"end":{"line":504,"column":44}},"loc":{"start":{"line":504,"column":49},"end":{"line":504,"column":76}},"line":504},"37":{"name":"(anonymous_37)","decl":{"start":{"line":531,"column":24},"end":{"line":531,"column":25}},"loc":{"start":{"line":531,"column":36},"end":{"line":540,"column":3}},"line":531},"38":{"name":"(anonymous_38)","decl":{"start":{"line":542,"column":23},"end":{"line":542,"column":24}},"loc":{"start":{"line":542,"column":35},"end":{"line":549,"column":3}},"line":542},"39":{"name":"(anonymous_39)","decl":{"start":{"line":554,"column":43},"end":{"line":554,"column":44}},"loc":{"start":{"line":554,"column":55},"end":{"line":563,"column":3}},"line":554},"40":{"name":"(anonymous_40)","decl":{"start":{"line":559,"column":32},"end":{"line":559,"column":33}},"loc":{"start":{"line":559,"column":37},"end":{"line":559,"column":62}},"line":559},"41":{"name":"(anonymous_41)","decl":{"start":{"line":588,"column":48},"end":{"line":588,"column":49}},"loc":{"start":{"line":588,"column":68},"end":{"line":649,"column":1}},"line":588},"42":{"name":"(anonymous_42)","decl":{"start":{"line":625,"column":59},"end":{"line":625,"column":60}},"loc":{"start":{"line":625,"column":64},"end":{"line":625,"column":118}},"line":625},"43":{"name":"(anonymous_43)","decl":{"start":{"line":626,"column":57},"end":{"line":626,"column":58}},"loc":{"start":{"line":626,"column":62},"end":{"line":626,"column":114}},"line":626},"44":{"name":"(anonymous_44)","decl":{"start":{"line":627,"column":58},"end":{"line":627,"column":59}},"loc":{"start":{"line":627,"column":63},"end":{"line":627,"column":114}},"line":627},"45":{"name":"(anonymous_45)","decl":{"start":{"line":628,"column":64},"end":{"line":628,"column":65}},"loc":{"start":{"line":628,"column":69},"end":{"line":628,"column":127}},"line":628},"46":{"name":"(anonymous_46)","decl":{"start":{"line":637,"column":25},"end":{"line":637,"column":26}},"loc":{"start":{"line":637,"column":33},"end":{"line":641,"column":3}},"line":637},"47":{"name":"(anonymous_47)","decl":{"start":{"line":639,"column":36},"end":{"line":639,"column":37}},"loc":{"start":{"line":639,"column":46},"end":{"line":639,"column":68}},"line":639},"48":{"name":"(anonymous_48)","decl":{"start":{"line":651,"column":38},"end":{"line":651,"column":39}},"loc":{"start":{"line":651,"column":58},"end":{"line":790,"column":1}},"line":651},"49":{"name":"(anonymous_49)","decl":{"start":{"line":673,"column":20},"end":{"line":673,"column":21}},"loc":{"start":{"line":673,"column":62},"end":{"line":693,"column":5}},"line":673},"50":{"name":"(anonymous_50)","decl":{"start":{"line":695,"column":20},"end":{"line":695,"column":21}},"loc":{"start":{"line":695,"column":78},"end":{"line":709,"column":5}},"line":695},"51":{"name":"(anonymous_51)","decl":{"start":{"line":719,"column":49},"end":{"line":719,"column":50}},"loc":{"start":{"line":719,"column":59},"end":{"line":725,"column":5}},"line":719},"52":{"name":"(anonymous_52)","decl":{"start":{"line":727,"column":42},"end":{"line":727,"column":43}},"loc":{"start":{"line":727,"column":52},"end":{"line":733,"column":5}},"line":727},"53":{"name":"(anonymous_53)","decl":{"start":{"line":735,"column":45},"end":{"line":735,"column":46}},"loc":{"start":{"line":735,"column":55},"end":{"line":741,"column":5}},"line":735},"54":{"name":"(anonymous_54)","decl":{"start":{"line":743,"column":45},"end":{"line":743,"column":46}},"loc":{"start":{"line":743,"column":61},"end":{"line":749,"column":5}},"line":743},"55":{"name":"(anonymous_55)","decl":{"start":{"line":751,"column":45},"end":{"line":751,"column":46}},"loc":{"start":{"line":751,"column":58},"end":{"line":757,"column":5}},"line":751},"56":{"name":"(anonymous_56)","decl":{"start":{"line":759,"column":40},"end":{"line":759,"column":41}},"loc":{"start":{"line":759,"column":53},"end":{"line":765,"column":5}},"line":759},"57":{"name":"(anonymous_57)","decl":{"start":{"line":792,"column":45},"end":{"line":792,"column":46}},"loc":{"start":{"line":792,"column":65},"end":{"line":863,"column":1}},"line":792},"58":{"name":"(anonymous_58)","decl":{"start":{"line":804,"column":25},"end":{"line":804,"column":26}},"loc":{"start":{"line":804,"column":38},"end":{"line":804,"column":100}},"line":804}},"branchMap":{"0":{"loc":{"start":{"line":12,"column":29},"end":{"line":12,"column":44}},"type":"default-arg","locations":[{"start":{"line":12,"column":41},"end":{"line":12,"column":44}}],"line":12},"1":{"loc":{"start":{"line":13,"column":2},"end":{"line":13,"column":23}},"type":"if","locations":[{"start":{"line":13,"column":2},"end":{"line":13,"column":23}},{"start":{},"end":{}}],"line":13},"2":{"loc":{"start":{"line":15,"column":2},"end":{"line":15,"column":44}},"type":"if","locations":[{"start":{"line":15,"column":2},"end":{"line":15,"column":44}},{"start":{},"end":{}}],"line":15},"3":{"loc":{"start":{"line":17,"column":2},"end":{"line":19,"column":3}},"type":"if","locations":[{"start":{"line":17,"column":2},"end":{"line":19,"column":3}},{"start":{},"end":{}}],"line":17},"4":{"loc":{"start":{"line":17,"column":6},"end":{"line":17,"column":55}},"type":"binary-expr","locations":[{"start":{"line":17,"column":6},"end":{"line":17,"column":28}},{"start":{"line":17,"column":32},"end":{"line":17,"column":55}}],"line":17},"5":{"loc":{"start":{"line":32,"column":4},"end":{"line":44,"column":5}},"type":"if","locations":[{"start":{"line":32,"column":4},"end":{"line":44,"column":5}},{"start":{},"end":{}}],"line":32},"6":{"loc":{"start":{"line":32,"column":8},"end":{"line":32,"column":33}},"type":"binary-expr","locations":[{"start":{"line":32,"column":8},"end":{"line":32,"column":24}},{"start":{"line":32,"column":28},"end":{"line":32,"column":33}}],"line":32},"7":{"loc":{"start":{"line":33,"column":6},"end":{"line":43,"column":7}},"type":"if","locations":[{"start":{"line":33,"column":6},"end":{"line":43,"column":7}},{"start":{"line":38,"column":13},"end":{"line":43,"column":7}}],"line":33},"8":{"loc":{"start":{"line":46,"column":2},"end":{"line":46,"column":54}},"type":"if","locations":[{"start":{"line":46,"column":2},"end":{"line":46,"column":54}},{"start":{},"end":{}}],"line":46},"9":{"loc":{"start":{"line":47,"column":9},"end":{"line":47,"column":88}},"type":"cond-expr","locations":[{"start":{"line":47,"column":41},"end":{"line":47,"column":60}},{"start":{"line":47,"column":63},"end":{"line":47,"column":88}}],"line":47},"10":{"loc":{"start":{"line":62,"column":2},"end":{"line":66,"column":3}},"type":"if","locations":[{"start":{"line":62,"column":2},"end":{"line":66,"column":3}},{"start":{},"end":{}}],"line":62},"11":{"loc":{"start":{"line":69,"column":2},"end":{"line":71,"column":3}},"type":"if","locations":[{"start":{"line":69,"column":2},"end":{"line":71,"column":3}},{"start":{},"end":{}}],"line":69},"12":{"loc":{"start":{"line":73,"column":2},"end":{"line":76,"column":3}},"type":"if","locations":[{"start":{"line":73,"column":2},"end":{"line":76,"column":3}},{"start":{},"end":{}}],"line":73},"13":{"loc":{"start":{"line":73,"column":6},"end":{"line":73,"column":47}},"type":"binary-expr","locations":[{"start":{"line":73,"column":6},"end":{"line":73,"column":21}},{"start":{"line":73,"column":25},"end":{"line":73,"column":47}}],"line":73},"14":{"loc":{"start":{"line":83,"column":25},"end":{"line":83,"column":47}},"type":"binary-expr","locations":[{"start":{"line":83,"column":25},"end":{"line":83,"column":40}},{"start":{"line":83,"column":44},"end":{"line":83,"column":47}}],"line":83},"15":{"loc":{"start":{"line":123,"column":2},"end":{"line":127,"column":3}},"type":"if","locations":[{"start":{"line":123,"column":2},"end":{"line":127,"column":3}},{"start":{},"end":{}}],"line":123},"16":{"loc":{"start":{"line":130,"column":2},"end":{"line":132,"column":3}},"type":"if","locations":[{"start":{"line":130,"column":2},"end":{"line":132,"column":3}},{"start":{},"end":{}}],"line":130},"17":{"loc":{"start":{"line":134,"column":2},"end":{"line":137,"column":3}},"type":"if","locations":[{"start":{"line":134,"column":2},"end":{"line":137,"column":3}},{"start":{},"end":{}}],"line":134},"18":{"loc":{"start":{"line":134,"column":6},"end":{"line":134,"column":39}},"type":"binary-expr","locations":[{"start":{"line":134,"column":6},"end":{"line":134,"column":17}},{"start":{"line":134,"column":21},"end":{"line":134,"column":39}}],"line":134},"19":{"loc":{"start":{"line":157,"column":2},"end":{"line":161,"column":3}},"type":"if","locations":[{"start":{"line":157,"column":2},"end":{"line":161,"column":3}},{"start":{},"end":{}}],"line":157},"20":{"loc":{"start":{"line":164,"column":2},"end":{"line":166,"column":3}},"type":"if","locations":[{"start":{"line":164,"column":2},"end":{"line":166,"column":3}},{"start":{},"end":{}}],"line":164},"21":{"loc":{"start":{"line":168,"column":2},"end":{"line":171,"column":3}},"type":"if","locations":[{"start":{"line":168,"column":2},"end":{"line":171,"column":3}},{"start":{},"end":{}}],"line":168},"22":{"loc":{"start":{"line":168,"column":6},"end":{"line":168,"column":41}},"type":"binary-expr","locations":[{"start":{"line":168,"column":6},"end":{"line":168,"column":18}},{"start":{"line":168,"column":22},"end":{"line":168,"column":41}}],"line":168},"23":{"loc":{"start":{"line":198,"column":2},"end":{"line":220,"column":3}},"type":"if","locations":[{"start":{"line":198,"column":2},"end":{"line":220,"column":3}},{"start":{"line":217,"column":9},"end":{"line":220,"column":3}}],"line":198},"24":{"loc":{"start":{"line":206,"column":4},"end":{"line":215,"column":5}},"type":"if","locations":[{"start":{"line":206,"column":4},"end":{"line":215,"column":5}},{"start":{"line":213,"column":11},"end":{"line":215,"column":5}}],"line":206},"25":{"loc":{"start":{"line":208,"column":6},"end":{"line":212,"column":7}},"type":"if","locations":[{"start":{"line":208,"column":6},"end":{"line":212,"column":7}},{"start":{"line":210,"column":13},"end":{"line":212,"column":7}}],"line":208},"26":{"loc":{"start":{"line":234,"column":2},"end":{"line":238,"column":3}},"type":"if","locations":[{"start":{"line":234,"column":2},"end":{"line":238,"column":3}},{"start":{},"end":{}}],"line":234},"27":{"loc":{"start":{"line":241,"column":2},"end":{"line":243,"column":3}},"type":"if","locations":[{"start":{"line":241,"column":2},"end":{"line":243,"column":3}},{"start":{},"end":{}}],"line":241},"28":{"loc":{"start":{"line":245,"column":2},"end":{"line":248,"column":3}},"type":"if","locations":[{"start":{"line":245,"column":2},"end":{"line":248,"column":3}},{"start":{},"end":{}}],"line":245},"29":{"loc":{"start":{"line":245,"column":6},"end":{"line":245,"column":43}},"type":"binary-expr","locations":[{"start":{"line":245,"column":6},"end":{"line":245,"column":19}},{"start":{"line":245,"column":23},"end":{"line":245,"column":43}}],"line":245},"30":{"loc":{"start":{"line":272,"column":2},"end":{"line":272,"column":73}},"type":"if","locations":[{"start":{"line":272,"column":2},"end":{"line":272,"column":73}},{"start":{},"end":{}}],"line":272},"31":{"loc":{"start":{"line":324,"column":30},"end":{"line":324,"column":43}},"type":"default-arg","locations":[{"start":{"line":324,"column":40},"end":{"line":324,"column":43}}],"line":324},"32":{"loc":{"start":{"line":366,"column":2},"end":{"line":370,"column":3}},"type":"if","locations":[{"start":{"line":366,"column":2},"end":{"line":370,"column":3}},{"start":{},"end":{}}],"line":366},"33":{"loc":{"start":{"line":380,"column":4},"end":{"line":380,"column":31}},"type":"if","locations":[{"start":{"line":380,"column":4},"end":{"line":380,"column":31}},{"start":{},"end":{}}],"line":380},"34":{"loc":{"start":{"line":383,"column":4},"end":{"line":385,"column":5}},"type":"if","locations":[{"start":{"line":383,"column":4},"end":{"line":385,"column":5}},{"start":{},"end":{}}],"line":383},"35":{"loc":{"start":{"line":383,"column":8},"end":{"line":383,"column":54}},"type":"binary-expr","locations":[{"start":{"line":383,"column":8},"end":{"line":383,"column":23}},{"start":{"line":383,"column":27},"end":{"line":383,"column":54}}],"line":383},"36":{"loc":{"start":{"line":386,"column":4},"end":{"line":388,"column":5}},"type":"if","locations":[{"start":{"line":386,"column":4},"end":{"line":388,"column":5}},{"start":{},"end":{}}],"line":386},"37":{"loc":{"start":{"line":386,"column":8},"end":{"line":386,"column":68}},"type":"binary-expr","locations":[{"start":{"line":386,"column":8},"end":{"line":386,"column":30}},{"start":{"line":386,"column":34},"end":{"line":386,"column":68}}],"line":386},"38":{"loc":{"start":{"line":389,"column":4},"end":{"line":391,"column":5}},"type":"if","locations":[{"start":{"line":389,"column":4},"end":{"line":391,"column":5}},{"start":{},"end":{}}],"line":389},"39":{"loc":{"start":{"line":389,"column":8},"end":{"line":389,"column":70}},"type":"binary-expr","locations":[{"start":{"line":389,"column":8},"end":{"line":389,"column":31}},{"start":{"line":389,"column":35},"end":{"line":389,"column":70}}],"line":389},"40":{"loc":{"start":{"line":394,"column":4},"end":{"line":404,"column":5}},"type":"if","locations":[{"start":{"line":394,"column":4},"end":{"line":404,"column":5}},{"start":{},"end":{}}],"line":394},"41":{"loc":{"start":{"line":402,"column":16},"end":{"line":402,"column":48}},"type":"binary-expr","locations":[{"start":{"line":402,"column":16},"end":{"line":402,"column":29}},{"start":{"line":402,"column":33},"end":{"line":402,"column":48}}],"line":402},"42":{"loc":{"start":{"line":416,"column":2},"end":{"line":420,"column":3}},"type":"if","locations":[{"start":{"line":416,"column":2},"end":{"line":420,"column":3}},{"start":{},"end":{}}],"line":416},"43":{"loc":{"start":{"line":432,"column":4},"end":{"line":432,"column":32}},"type":"if","locations":[{"start":{"line":432,"column":4},"end":{"line":432,"column":32}},{"start":{},"end":{}}],"line":432},"44":{"loc":{"start":{"line":434,"column":4},"end":{"line":436,"column":5}},"type":"if","locations":[{"start":{"line":434,"column":4},"end":{"line":436,"column":5}},{"start":{},"end":{}}],"line":434},"45":{"loc":{"start":{"line":439,"column":23},"end":{"line":439,"column":88}},"type":"binary-expr","locations":[{"start":{"line":439,"column":23},"end":{"line":439,"column":48}},{"start":{"line":439,"column":52},"end":{"line":439,"column":88}}],"line":439},"46":{"loc":{"start":{"line":440,"column":21},"end":{"line":440,"column":84}},"type":"binary-expr","locations":[{"start":{"line":440,"column":21},"end":{"line":440,"column":45}},{"start":{"line":440,"column":49},"end":{"line":440,"column":84}}],"line":440},"47":{"loc":{"start":{"line":442,"column":4},"end":{"line":447,"column":5}},"type":"if","locations":[{"start":{"line":442,"column":4},"end":{"line":447,"column":5}},{"start":{},"end":{}}],"line":442},"48":{"loc":{"start":{"line":442,"column":8},"end":{"line":442,"column":32}},"type":"binary-expr","locations":[{"start":{"line":442,"column":8},"end":{"line":442,"column":19}},{"start":{"line":442,"column":23},"end":{"line":442,"column":32}}],"line":442},"49":{"loc":{"start":{"line":449,"column":26},"end":{"line":449,"column":131}},"type":"binary-expr","locations":[{"start":{"line":449,"column":26},"end":{"line":449,"column":77}},{"start":{"line":449,"column":81},"end":{"line":449,"column":131}}],"line":449},"50":{"loc":{"start":{"line":450,"column":4},"end":{"line":455,"column":5}},"type":"if","locations":[{"start":{"line":450,"column":4},"end":{"line":455,"column":5}},{"start":{},"end":{}}],"line":450},"51":{"loc":{"start":{"line":450,"column":8},"end":{"line":450,"column":81}},"type":"binary-expr","locations":[{"start":{"line":450,"column":8},"end":{"line":450,"column":21}},{"start":{"line":450,"column":26},"end":{"line":450,"column":45}},{"start":{"line":450,"column":49},"end":{"line":450,"column":80}}],"line":450},"52":{"loc":{"start":{"line":457,"column":4},"end":{"line":467,"column":5}},"type":"if","locations":[{"start":{"line":457,"column":4},"end":{"line":467,"column":5}},{"start":{},"end":{}}],"line":457},"53":{"loc":{"start":{"line":481,"column":2},"end":{"line":485,"column":3}},"type":"if","locations":[{"start":{"line":481,"column":2},"end":{"line":485,"column":3}},{"start":{},"end":{}}],"line":481},"54":{"loc":{"start":{"line":489,"column":2},"end":{"line":491,"column":3}},"type":"if","locations":[{"start":{"line":489,"column":2},"end":{"line":491,"column":3}},{"start":{},"end":{}}],"line":489},"55":{"loc":{"start":{"line":494,"column":2},"end":{"line":496,"column":3}},"type":"if","locations":[{"start":{"line":494,"column":2},"end":{"line":496,"column":3}},{"start":{},"end":{}}],"line":494},"56":{"loc":{"start":{"line":499,"column":3},"end":{"line":499,"column":37}},"type":"binary-expr","locations":[{"start":{"line":499,"column":3},"end":{"line":499,"column":31}},{"start":{"line":499,"column":35},"end":{"line":499,"column":37}}],"line":499},"57":{"loc":{"start":{"line":500,"column":3},"end":{"line":500,"column":30}},"type":"binary-expr","locations":[{"start":{"line":500,"column":3},"end":{"line":500,"column":24}},{"start":{"line":500,"column":28},"end":{"line":500,"column":30}}],"line":500},"58":{"loc":{"start":{"line":501,"column":3},"end":{"line":501,"column":33}},"type":"binary-expr","locations":[{"start":{"line":501,"column":3},"end":{"line":501,"column":27}},{"start":{"line":501,"column":31},"end":{"line":501,"column":33}}],"line":501},"59":{"loc":{"start":{"line":502,"column":3},"end":{"line":502,"column":33}},"type":"binary-expr","locations":[{"start":{"line":502,"column":3},"end":{"line":502,"column":27}},{"start":{"line":502,"column":31},"end":{"line":502,"column":33}}],"line":502},"60":{"loc":{"start":{"line":504,"column":3},"end":{"line":504,"column":33}},"type":"binary-expr","locations":[{"start":{"line":504,"column":3},"end":{"line":504,"column":27}},{"start":{"line":504,"column":31},"end":{"line":504,"column":33}}],"line":504},"61":{"loc":{"start":{"line":511,"column":4},"end":{"line":511,"column":36}},"type":"if","locations":[{"start":{"line":511,"column":4},"end":{"line":511,"column":36}},{"start":{},"end":{}}],"line":511},"62":{"loc":{"start":{"line":511,"column":8},"end":{"line":511,"column":25}},"type":"binary-expr","locations":[{"start":{"line":511,"column":8},"end":{"line":511,"column":13}},{"start":{"line":511,"column":17},"end":{"line":511,"column":25}}],"line":511},"63":{"loc":{"start":{"line":517,"column":4},"end":{"line":524,"column":5}},"type":"if","locations":[{"start":{"line":517,"column":4},"end":{"line":524,"column":5}},{"start":{"line":519,"column":11},"end":{"line":524,"column":5}}],"line":517},"64":{"loc":{"start":{"line":519,"column":11},"end":{"line":524,"column":5}},"type":"if","locations":[{"start":{"line":519,"column":11},"end":{"line":524,"column":5}},{"start":{"line":521,"column":11},"end":{"line":524,"column":5}}],"line":519},"65":{"loc":{"start":{"line":526,"column":4},"end":{"line":528,"column":5}},"type":"if","locations":[{"start":{"line":526,"column":4},"end":{"line":528,"column":5}},{"start":{},"end":{}}],"line":526},"66":{"loc":{"start":{"line":526,"column":8},"end":{"line":526,"column":43}},"type":"binary-expr","locations":[{"start":{"line":526,"column":8},"end":{"line":526,"column":20}},{"start":{"line":526,"column":24},"end":{"line":526,"column":43}}],"line":526},"67":{"loc":{"start":{"line":535,"column":12},"end":{"line":535,"column":60}},"type":"binary-expr","locations":[{"start":{"line":535,"column":12},"end":{"line":535,"column":24}},{"start":{"line":535,"column":28},"end":{"line":535,"column":39}},{"start":{"line":535,"column":43},"end":{"line":535,"column":60}}],"line":535},"68":{"loc":{"start":{"line":537,"column":17},"end":{"line":537,"column":47}},"type":"binary-expr","locations":[{"start":{"line":537,"column":17},"end":{"line":537,"column":34}},{"start":{"line":537,"column":38},"end":{"line":537,"column":47}}],"line":537},"69":{"loc":{"start":{"line":546,"column":12},"end":{"line":546,"column":61}},"type":"binary-expr","locations":[{"start":{"line":546,"column":12},"end":{"line":546,"column":26}},{"start":{"line":546,"column":30},"end":{"line":546,"column":41}},{"start":{"line":546,"column":45},"end":{"line":546,"column":61}}],"line":546},"70":{"loc":{"start":{"line":551,"column":25},"end":{"line":551,"column":59}},"type":"binary-expr","locations":[{"start":{"line":551,"column":25},"end":{"line":551,"column":53}},{"start":{"line":551,"column":57},"end":{"line":551,"column":59}}],"line":551},"71":{"loc":{"start":{"line":552,"column":26},"end":{"line":552,"column":53}},"type":"binary-expr","locations":[{"start":{"line":552,"column":26},"end":{"line":552,"column":47}},{"start":{"line":552,"column":51},"end":{"line":552,"column":53}}],"line":552},"72":{"loc":{"start":{"line":554,"column":3},"end":{"line":554,"column":33}},"type":"binary-expr","locations":[{"start":{"line":554,"column":3},"end":{"line":554,"column":27}},{"start":{"line":554,"column":31},"end":{"line":554,"column":33}}],"line":554},"73":{"loc":{"start":{"line":556,"column":4},"end":{"line":562,"column":5}},"type":"if","locations":[{"start":{"line":556,"column":4},"end":{"line":562,"column":5}},{"start":{},"end":{}}],"line":556},"74":{"loc":{"start":{"line":556,"column":8},"end":{"line":556,"column":38}},"type":"binary-expr","locations":[{"start":{"line":556,"column":8},"end":{"line":556,"column":16}},{"start":{"line":556,"column":20},"end":{"line":556,"column":38}}],"line":556},"75":{"loc":{"start":{"line":559,"column":8},"end":{"line":561,"column":9}},"type":"if","locations":[{"start":{"line":559,"column":8},"end":{"line":561,"column":9}},{"start":{},"end":{}}],"line":559},"76":{"loc":{"start":{"line":566,"column":26},"end":{"line":566,"column":56}},"type":"binary-expr","locations":[{"start":{"line":566,"column":26},"end":{"line":566,"column":50}},{"start":{"line":566,"column":54},"end":{"line":566,"column":56}}],"line":566},"77":{"loc":{"start":{"line":567,"column":31},"end":{"line":567,"column":61}},"type":"binary-expr","locations":[{"start":{"line":567,"column":31},"end":{"line":567,"column":55}},{"start":{"line":567,"column":59},"end":{"line":567,"column":61}}],"line":567},"78":{"loc":{"start":{"line":591,"column":2},"end":{"line":595,"column":3}},"type":"if","locations":[{"start":{"line":591,"column":2},"end":{"line":595,"column":3}},{"start":{},"end":{}}],"line":591},"79":{"loc":{"start":{"line":638,"column":4},"end":{"line":640,"column":5}},"type":"if","locations":[{"start":{"line":638,"column":4},"end":{"line":640,"column":5}},{"start":{},"end":{}}],"line":638},"80":{"loc":{"start":{"line":638,"column":8},"end":{"line":638,"column":77}},"type":"binary-expr","locations":[{"start":{"line":638,"column":8},"end":{"line":638,"column":12}},{"start":{"line":638,"column":16},"end":{"line":638,"column":37}},{"start":{"line":638,"column":41},"end":{"line":638,"column":77}}],"line":638},"81":{"loc":{"start":{"line":657,"column":2},"end":{"line":661,"column":3}},"type":"if","locations":[{"start":{"line":657,"column":2},"end":{"line":661,"column":3}},{"start":{},"end":{}}],"line":657},"82":{"loc":{"start":{"line":673,"column":41},"end":{"line":673,"column":57}},"type":"default-arg","locations":[{"start":{"line":673,"column":55},"end":{"line":673,"column":57}}],"line":673},"83":{"loc":{"start":{"line":674,"column":6},"end":{"line":676,"column":7}},"type":"if","locations":[{"start":{"line":674,"column":6},"end":{"line":676,"column":7}},{"start":{},"end":{}}],"line":674},"84":{"loc":{"start":{"line":674,"column":10},"end":{"line":674,"column":62}},"type":"binary-expr","locations":[{"start":{"line":674,"column":10},"end":{"line":674,"column":17}},{"start":{"line":674,"column":21},"end":{"line":674,"column":31}},{"start":{"line":674,"column":35},"end":{"line":674,"column":62}}],"line":674},"85":{"loc":{"start":{"line":680,"column":14},"end":{"line":680,"column":91}},"type":"binary-expr","locations":[{"start":{"line":680,"column":14},"end":{"line":680,"column":25}},{"start":{"line":680,"column":29},"end":{"line":680,"column":42}},{"start":{"line":680,"column":46},"end":{"line":680,"column":64}},{"start":{"line":680,"column":68},"end":{"line":680,"column":91}}],"line":680},"86":{"loc":{"start":{"line":683,"column":14},"end":{"line":683,"column":56}},"type":"binary-expr","locations":[{"start":{"line":683,"column":14},"end":{"line":683,"column":27}},{"start":{"line":683,"column":31},"end":{"line":683,"column":56}}],"line":683},"87":{"loc":{"start":{"line":684,"column":14},"end":{"line":684,"column":65}},"type":"binary-expr","locations":[{"start":{"line":684,"column":14},"end":{"line":684,"column":30}},{"start":{"line":684,"column":34},"end":{"line":684,"column":65}}],"line":684},"88":{"loc":{"start":{"line":685,"column":14},"end":{"line":685,"column":107}},"type":"binary-expr","locations":[{"start":{"line":685,"column":14},"end":{"line":685,"column":39}},{"start":{"line":685,"column":43},"end":{"line":685,"column":107}}],"line":685},"89":{"loc":{"start":{"line":686,"column":14},"end":{"line":686,"column":65}},"type":"binary-expr","locations":[{"start":{"line":686,"column":14},"end":{"line":686,"column":30}},{"start":{"line":686,"column":34},"end":{"line":686,"column":65}}],"line":686},"90":{"loc":{"start":{"line":695,"column":58},"end":{"line":695,"column":73}},"type":"default-arg","locations":[{"start":{"line":695,"column":71},"end":{"line":695,"column":73}}],"line":695},"91":{"loc":{"start":{"line":696,"column":6},"end":{"line":696,"column":45}},"type":"if","locations":[{"start":{"line":696,"column":6},"end":{"line":696,"column":45}},{"start":{},"end":{}}],"line":696},"92":{"loc":{"start":{"line":696,"column":10},"end":{"line":696,"column":36}},"type":"binary-expr","locations":[{"start":{"line":696,"column":10},"end":{"line":696,"column":21}},{"start":{"line":696,"column":25},"end":{"line":696,"column":36}}],"line":696},"93":{"loc":{"start":{"line":719,"column":5},"end":{"line":719,"column":39}},"type":"binary-expr","locations":[{"start":{"line":719,"column":5},"end":{"line":719,"column":33}},{"start":{"line":719,"column":37},"end":{"line":719,"column":39}}],"line":719},"94":{"loc":{"start":{"line":721,"column":6},"end":{"line":724,"column":7}},"type":"if","locations":[{"start":{"line":721,"column":6},"end":{"line":724,"column":7}},{"start":{},"end":{}}],"line":721},"95":{"loc":{"start":{"line":727,"column":5},"end":{"line":727,"column":32}},"type":"binary-expr","locations":[{"start":{"line":727,"column":5},"end":{"line":727,"column":26}},{"start":{"line":727,"column":30},"end":{"line":727,"column":32}}],"line":727},"96":{"loc":{"start":{"line":729,"column":6},"end":{"line":732,"column":7}},"type":"if","locations":[{"start":{"line":729,"column":6},"end":{"line":732,"column":7}},{"start":{},"end":{}}],"line":729},"97":{"loc":{"start":{"line":735,"column":5},"end":{"line":735,"column":35}},"type":"binary-expr","locations":[{"start":{"line":735,"column":5},"end":{"line":735,"column":29}},{"start":{"line":735,"column":33},"end":{"line":735,"column":35}}],"line":735},"98":{"loc":{"start":{"line":737,"column":6},"end":{"line":740,"column":7}},"type":"if","locations":[{"start":{"line":737,"column":6},"end":{"line":740,"column":7}},{"start":{},"end":{}}],"line":737},"99":{"loc":{"start":{"line":743,"column":5},"end":{"line":743,"column":35}},"type":"binary-expr","locations":[{"start":{"line":743,"column":5},"end":{"line":743,"column":29}},{"start":{"line":743,"column":33},"end":{"line":743,"column":35}}],"line":743},"100":{"loc":{"start":{"line":745,"column":6},"end":{"line":748,"column":7}},"type":"if","locations":[{"start":{"line":745,"column":6},"end":{"line":748,"column":7}},{"start":{},"end":{}}],"line":745},"101":{"loc":{"start":{"line":751,"column":5},"end":{"line":751,"column":35}},"type":"binary-expr","locations":[{"start":{"line":751,"column":5},"end":{"line":751,"column":29}},{"start":{"line":751,"column":33},"end":{"line":751,"column":35}}],"line":751},"102":{"loc":{"start":{"line":753,"column":6},"end":{"line":756,"column":7}},"type":"if","locations":[{"start":{"line":753,"column":6},"end":{"line":756,"column":7}},{"start":{},"end":{}}],"line":753},"103":{"loc":{"start":{"line":759,"column":5},"end":{"line":759,"column":30}},"type":"binary-expr","locations":[{"start":{"line":759,"column":5},"end":{"line":759,"column":24}},{"start":{"line":759,"column":28},"end":{"line":759,"column":30}}],"line":759},"104":{"loc":{"start":{"line":761,"column":8},"end":{"line":764,"column":9}},"type":"if","locations":[{"start":{"line":761,"column":8},"end":{"line":764,"column":9}},{"start":{},"end":{}}],"line":761},"105":{"loc":{"start":{"line":786,"column":4},"end":{"line":788,"column":5}},"type":"if","locations":[{"start":{"line":786,"column":4},"end":{"line":788,"column":5}},{"start":{},"end":{}}],"line":786},"106":{"loc":{"start":{"line":787,"column":36},"end":{"line":787,"column":91}},"type":"binary-expr","locations":[{"start":{"line":787,"column":36},"end":{"line":787,"column":49}},{"start":{"line":787,"column":53},"end":{"line":787,"column":91}}],"line":787},"107":{"loc":{"start":{"line":795,"column":2},"end":{"line":799,"column":3}},"type":"if","locations":[{"start":{"line":795,"column":2},"end":{"line":799,"column":3}},{"start":{},"end":{}}],"line":795},"108":{"loc":{"start":{"line":809,"column":4},"end":{"line":809,"column":34}},"type":"if","locations":[{"start":{"line":809,"column":4},"end":{"line":809,"column":34}},{"start":{},"end":{}}],"line":809},"109":{"loc":{"start":{"line":814,"column":4},"end":{"line":819,"column":5}},"type":"if","locations":[{"start":{"line":814,"column":4},"end":{"line":819,"column":5}},{"start":{},"end":{}}],"line":814},"110":{"loc":{"start":{"line":814,"column":8},"end":{"line":814,"column":62}},"type":"binary-expr","locations":[{"start":{"line":814,"column":8},"end":{"line":814,"column":27}},{"start":{"line":814,"column":31},"end":{"line":814,"column":62}}],"line":814},"111":{"loc":{"start":{"line":822,"column":4},"end":{"line":827,"column":5}},"type":"if","locations":[{"start":{"line":822,"column":4},"end":{"line":827,"column":5}},{"start":{},"end":{}}],"line":822},"112":{"loc":{"start":{"line":822,"column":8},"end":{"line":822,"column":70}},"type":"binary-expr","locations":[{"start":{"line":822,"column":8},"end":{"line":822,"column":31}},{"start":{"line":822,"column":35},"end":{"line":822,"column":70}}],"line":822},"113":{"loc":{"start":{"line":830,"column":4},"end":{"line":835,"column":5}},"type":"if","locations":[{"start":{"line":830,"column":4},"end":{"line":835,"column":5}},{"start":{},"end":{}}],"line":830},"114":{"loc":{"start":{"line":830,"column":8},"end":{"line":830,"column":78}},"type":"binary-expr","locations":[{"start":{"line":830,"column":8},"end":{"line":830,"column":35}},{"start":{"line":830,"column":39},"end":{"line":830,"column":78}}],"line":830},"115":{"loc":{"start":{"line":838,"column":4},"end":{"line":843,"column":5}},"type":"if","locations":[{"start":{"line":838,"column":4},"end":{"line":843,"column":5}},{"start":{},"end":{}}],"line":838},"116":{"loc":{"start":{"line":838,"column":8},"end":{"line":838,"column":69}},"type":"binary-expr","locations":[{"start":{"line":838,"column":8},"end":{"line":838,"column":30}},{"start":{"line":838,"column":34},"end":{"line":838,"column":69}}],"line":838},"117":{"loc":{"start":{"line":845,"column":4},"end":{"line":856,"column":5}},"type":"if","locations":[{"start":{"line":845,"column":4},"end":{"line":856,"column":5}},{"start":{},"end":{}}],"line":845}},"s":{"0":1,"1":1,"2":1,"3":1,"4":0,"5":0,"6":0,"7":0,"8":0,"9":0,"10":0,"11":0,"12":0,"13":1,"14":22,"15":0,"16":0,"17":0,"18":0,"19":0,"20":0,"21":0,"22":0,"23":0,"24":0,"25":1,"26":0,"27":0,"28":0,"29":1,"30":0,"31":0,"32":0,"33":0,"34":0,"35":0,"36":0,"37":0,"38":0,"39":0,"40":0,"41":0,"42":0,"43":0,"44":0,"45":0,"46":0,"47":1,"48":0,"49":0,"50":0,"51":0,"52":1,"53":0,"54":0,"55":0,"56":0,"57":0,"58":0,"59":0,"60":1,"61":0,"62":0,"63":0,"64":1,"65":0,"66":0,"67":0,"68":0,"69":0,"70":0,"71":0,"72":0,"73":0,"74":0,"75":0,"76":0,"77":0,"78":0,"79":0,"80":0,"81":0,"82":1,"83":0,"84":0,"85":0,"86":0,"87":0,"88":0,"89":0,"90":1,"91":0,"92":0,"93":0,"94":0,"95":0,"96":0,"97":0,"98":0,"99":0,"100":0,"101":0,"102":0,"103":0,"104":0,"105":0,"106":0,"107":0,"108":1,"109":1,"110":0,"111":0,"112":0,"113":0,"114":0,"115":0,"116":0,"117":0,"118":0,"119":0,"120":0,"121":0,"122":0,"123":0,"124":0,"125":0,"126":0,"127":0,"128":1,"129":0,"130":0,"131":0,"132":0,"133":0,"134":0,"135":0,"136":0,"137":0,"138":0,"139":0,"140":0,"141":0,"142":0,"143":0,"144":0,"145":0,"146":1,"147":0,"148":1,"149":0,"150":0,"151":0,"152":0,"153":0,"154":0,"155":0,"156":0,"157":0,"158":0,"159":0,"160":0,"161":0,"162":0,"163":0,"164":1,"165":0,"166":0,"167":0,"168":0,"169":1,"170":0,"171":1,"172":0,"173":1,"174":0,"175":1,"176":1,"177":0,"178":0,"179":0,"180":0,"181":0,"182":0,"183":0,"184":0,"185":0,"186":0,"187":0,"188":0,"189":0,"190":0,"191":0,"192":0,"193":0,"194":0,"195":0,"196":0,"197":0,"198":0,"199":0,"200":0,"201":0,"202":0,"203":0,"204":1,"205":0,"206":0,"207":0,"208":0,"209":0,"210":0,"211":0,"212":0,"213":0,"214":0,"215":0,"216":0,"217":0,"218":0,"219":0,"220":0,"221":0,"222":0,"223":0,"224":0,"225":0,"226":0,"227":0,"228":0,"229":0,"230":0,"231":0,"232":0,"233":0,"234":0,"235":0,"236":1,"237":0,"238":0,"239":0,"240":0,"241":0,"242":0,"243":0,"244":0,"245":0,"246":0,"247":0,"248":0,"249":0,"250":0,"251":0,"252":0,"253":0,"254":0,"255":0,"256":0,"257":0,"258":0,"259":0,"260":0,"261":0,"262":0,"263":0,"264":0,"265":0,"266":0,"267":0,"268":0,"269":0,"270":0,"271":0,"272":0,"273":0,"274":0,"275":0,"276":0,"277":0,"278":0,"279":0,"280":0,"281":0,"282":0,"283":0,"284":0,"285":0,"286":0,"287":0,"288":0,"289":0,"290":0,"291":0,"292":0,"293":0,"294":0,"295":0,"296":0,"297":1,"298":0,"299":0,"300":0,"301":0,"302":0,"303":0,"304":0,"305":0,"306":0,"307":0,"308":0,"309":0,"310":0,"311":0,"312":0,"313":0,"314":0,"315":0,"316":0,"317":0,"318":0,"319":0,"320":0,"321":0,"322":0,"323":0,"324":0,"325":0,"326":0,"327":0,"328":0,"329":1,"330":0,"331":0,"332":0,"333":0,"334":0,"335":0,"336":0,"337":0,"338":0,"339":0,"340":0,"341":0,"342":0,"343":0,"344":0,"345":0,"346":0,"347":0,"348":0,"349":0,"350":0,"351":0,"352":0,"353":0,"354":0,"355":0,"356":0,"357":0,"358":0,"359":0,"360":0,"361":0,"362":0,"363":0,"364":0,"365":0,"366":0,"367":0,"368":0,"369":0,"370":0,"371":0,"372":0,"373":0,"374":0,"375":0,"376":0,"377":0,"378":0,"379":0,"380":0,"381":0,"382":0,"383":0,"384":0,"385":0,"386":0,"387":0,"388":0,"389":0,"390":0,"391":0,"392":0,"393":1,"394":0,"395":0,"396":0,"397":0,"398":0,"399":0,"400":0,"401":0,"402":0,"403":0,"404":0,"405":0,"406":0,"407":0,"408":0,"409":0,"410":0,"411":0,"412":0,"413":0,"414":0,"415":0,"416":0,"417":0,"418":0,"419":0,"420":0,"421":0,"422":0,"423":1},"f":{"0":0,"1":22,"2":0,"3":0,"4":0,"5":0,"6":0,"7":0,"8":0,"9":0,"10":0,"11":0,"12":0,"13":0,"14":0,"15":0,"16":0,"17":0,"18":0,"19":0,"20":0,"21":0,"22":0,"23":0,"24":0,"25":0,"26":0,"27":0,"28":0,"29":0,"30":0,"31":0,"32":0,"33":0,"34":0,"35":0,"36":0,"37":0,"38":0,"39":0,"40":0,"41":0,"42":0,"43":0,"44":0,"45":0,"46":0,"47":0,"48":0,"49":0,"50":0,"51":0,"52":0,"53":0,"54":0,"55":0,"56":0,"57":0,"58":0},"b":{"0":[0],"1":[0,0],"2":[0,0],"3":[0,0],"4":[0,0],"5":[0,0],"6":[0,0],"7":[0,0],"8":[0,0],"9":[0,0],"10":[0,0],"11":[0,0],"12":[0,0],"13":[0,0],"14":[0,0],"15":[0,0],"16":[0,0],"17":[0,0],"18":[0,0],"19":[0,0],"20":[0,0],"21":[0,0],"22":[0,0],"23":[0,0],"24":[0,0],"25":[0,0],"26":[0,0],"27":[0,0],"28":[0,0],"29":[0,0],"30":[0,0],"31":[0],"32":[0,0],"33":[0,0],"34":[0,0],"35":[0,0],"36":[0,0],"37":[0,0],"38":[0,0],"39":[0,0],"40":[0,0],"41":[0,0],"42":[0,0],"43":[0,0],"44":[0,0],"45":[0,0],"46":[0,0],"47":[0,0],"48":[0,0],"49":[0,0],"50":[0,0],"51":[0,0,0],"52":[0,0],"53":[0,0],"54":[0,0],"55":[0,0],"56":[0,0],"57":[0,0],"58":[0,0],"59":[0,0],"60":[0,0],"61":[0,0],"62":[0,0],"63":[0,0],"64":[0,0],"65":[0,0],"66":[0,0],"67":[0,0,0],"68":[0,0],"69":[0,0,0],"70":[0,0],"71":[0,0],"72":[0,0],"73":[0,0],"74":[0,0],"75":[0,0],"76":[0,0],"77":[0,0],"78":[0,0],"79":[0,0],"80":[0,0,0],"81":[0,0],"82":[0],"83":[0,0],"84":[0,0,0],"85":[0,0,0,0],"86":[0,0],"87":[0,0],"88":[0,0],"89":[0,0],"90":[0],"91":[0,0],"92":[0,0],"93":[0,0],"94":[0,0],"95":[0,0],"96":[0,0],"97":[0,0],"98":[0,0],"99":[0,0],"100":[0,0],"101":[0,0],"102":[0,0],"103":[0,0],"104":[0,0],"105":[0,0],"106":[0,0],"107":[0,0],"108":[0,0],"109":[0,0],"110":[0,0],"111":[0,0],"112":[0,0],"113":[0,0],"114":[0,0],"115":[0,0],"116":[0,0],"117":[0,0]},"_coverageSchema":"1a1c01bbd47fc00a2c39e90264f33305004495a9","hash":"23bc2d5253d80217a3c767d596cfdbfcef449711"}
,"/mnt/c/Users/spide/Documents/GitHub/ALNTool/storyforge/backend/src/db/database.js": {"path":"/mnt/c/Users/spide/Documents/GitHub/ALNTool/storyforge/backend/src/db/database.js","statementMap":{"0":{"start":{"line":1,"column":11},"end":{"line":1,"column":24}},"1":{"start":{"line":9,"column":17},"end":{"line":9,"column":42}},"2":{"start":{"line":10,"column":26},"end":{"line":10,"column":49}},"3":{"start":{"line":11,"column":13},"end":{"line":11,"column":28}},"4":{"start":{"line":17,"column":2},"end":{"line":17,"column":96}},"5":{"start":{"line":22,"column":18},"end":{"line":22,"column":40}},"6":{"start":{"line":23,"column":2},"end":{"line":25,"column":3}},"7":{"start":{"line":24,"column":4},"end":{"line":24,"column":47}},"8":{"start":{"line":29,"column":18},"end":{"line":29,"column":32}},"9":{"start":{"line":30,"column":2},"end":{"line":39,"column":3}},"10":{"start":{"line":31,"column":4},"end":{"line":31,"column":38}},"11":{"start":{"line":32,"column":4},"end":{"line":32,"column":41}},"12":{"start":{"line":33,"column":4},"end":{"line":33,"column":59}},"13":{"start":{"line":34,"column":9},"end":{"line":39,"column":3}},"14":{"start":{"line":35,"column":4},"end":{"line":35,"column":41}},"15":{"start":{"line":36,"column":4},"end":{"line":36,"column":59}},"16":{"start":{"line":38,"column":4},"end":{"line":38,"column":53}},"17":{"start":{"line":41,"column":2},"end":{"line":41,"column":103}},"18":{"start":{"line":42,"column":2},"end":{"line":42,"column":39}},"19":{"start":{"line":44,"column":2},"end":{"line":44,"column":12}},"20":{"start":{"line":48,"column":2},"end":{"line":55,"column":3}},"21":{"start":{"line":53,"column":4},"end":{"line":53,"column":124}},"22":{"start":{"line":54,"column":4},"end":{"line":54,"column":14}},"23":{"start":{"line":56,"column":2},"end":{"line":56,"column":12}},"24":{"start":{"line":60,"column":2},"end":{"line":64,"column":3}},"25":{"start":{"line":61,"column":4},"end":{"line":61,"column":101}},"26":{"start":{"line":62,"column":4},"end":{"line":62,"column":15}},"27":{"start":{"line":63,"column":4},"end":{"line":63,"column":14}},"28":{"start":{"line":66,"column":24},"end":{"line":66,"column":112}},"29":{"start":{"line":68,"column":2},"end":{"line":68,"column":67}},"30":{"start":{"line":69,"column":2},"end":{"line":69,"column":25}},"31":{"start":{"line":71,"column":2},"end":{"line":71,"column":39}},"32":{"start":{"line":72,"column":2},"end":{"line":78,"column":3}},"33":{"start":{"line":73,"column":4},"end":{"line":73,"column":22}},"34":{"start":{"line":74,"column":4},"end":{"line":74,"column":68}},"35":{"start":{"line":76,"column":4},"end":{"line":76,"column":77}},"36":{"start":{"line":77,"column":4},"end":{"line":77,"column":16}},"37":{"start":{"line":79,"column":2},"end":{"line":79,"column":12}},"38":{"start":{"line":83,"column":2},"end":{"line":89,"column":3}},"39":{"start":{"line":84,"column":4},"end":{"line":84,"column":15}},"40":{"start":{"line":85,"column":4},"end":{"line":85,"column":14}},"41":{"start":{"line":86,"column":4},"end":{"line":86,"column":47}},"42":{"start":{"line":88,"column":4},"end":{"line":88,"column":59}},"43":{"start":{"line":92,"column":0},"end":{"line":96,"column":2}}},"fnMap":{"0":{"name":"getProductionDbPath","decl":{"start":{"line":16,"column":9},"end":{"line":16,"column":28}},"loc":{"start":{"line":16,"column":31},"end":{"line":18,"column":1}},"line":16},"1":{"name":"ensureDataDirectoryExists","decl":{"start":{"line":21,"column":9},"end":{"line":21,"column":34}},"loc":{"start":{"line":21,"column":45},"end":{"line":26,"column":1}},"line":21},"2":{"name":"connect","decl":{"start":{"line":28,"column":9},"end":{"line":28,"column":16}},"loc":{"start":{"line":28,"column":33},"end":{"line":45,"column":1}},"line":28},"3":{"name":"getDB","decl":{"start":{"line":47,"column":9},"end":{"line":47,"column":14}},"loc":{"start":{"line":47,"column":17},"end":{"line":57,"column":1}},"line":47},"4":{"name":"initializeDatabase","decl":{"start":{"line":59,"column":9},"end":{"line":59,"column":27}},"loc":{"start":{"line":59,"column":51},"end":{"line":80,"column":1}},"line":59},"5":{"name":"closeDB","decl":{"start":{"line":82,"column":9},"end":{"line":82,"column":16}},"loc":{"start":{"line":82,"column":19},"end":{"line":90,"column":1}},"line":82}},"branchMap":{"0":{"loc":{"start":{"line":17,"column":9},"end":{"line":17,"column":95}},"type":"binary-expr","locations":[{"start":{"line":17,"column":9},"end":{"line":17,"column":34}},{"start":{"line":17,"column":38},"end":{"line":17,"column":95}}],"line":17},"1":{"loc":{"start":{"line":23,"column":2},"end":{"line":25,"column":3}},"type":"if","locations":[{"start":{"line":23,"column":2},"end":{"line":25,"column":3}},{"start":{},"end":{}}],"line":23},"2":{"loc":{"start":{"line":30,"column":2},"end":{"line":39,"column":3}},"type":"if","locations":[{"start":{"line":30,"column":2},"end":{"line":39,"column":3}},{"start":{"line":34,"column":9},"end":{"line":39,"column":3}}],"line":30},"3":{"loc":{"start":{"line":34,"column":9},"end":{"line":39,"column":3}},"type":"if","locations":[{"start":{"line":34,"column":9},"end":{"line":39,"column":3}},{"start":{"line":37,"column":9},"end":{"line":39,"column":3}}],"line":34},"4":{"loc":{"start":{"line":41,"column":42},"end":{"line":41,"column":99}},"type":"cond-expr","locations":[{"start":{"line":41,"column":76},"end":{"line":41,"column":87}},{"start":{"line":41,"column":90},"end":{"line":41,"column":99}}],"line":41},"5":{"loc":{"start":{"line":48,"column":2},"end":{"line":55,"column":3}},"type":"if","locations":[{"start":{"line":48,"column":2},"end":{"line":55,"column":3}},{"start":{},"end":{}}],"line":48},"6":{"loc":{"start":{"line":59,"column":28},"end":{"line":59,"column":49}},"type":"default-arg","locations":[{"start":{"line":59,"column":45},"end":{"line":59,"column":49}}],"line":59},"7":{"loc":{"start":{"line":60,"column":2},"end":{"line":64,"column":3}},"type":"if","locations":[{"start":{"line":60,"column":2},"end":{"line":64,"column":3}},{"start":{},"end":{}}],"line":60},"8":{"loc":{"start":{"line":66,"column":24},"end":{"line":66,"column":112}},"type":"binary-expr","locations":[{"start":{"line":66,"column":24},"end":{"line":66,"column":38}},{"start":{"line":66,"column":43},"end":{"line":66,"column":111}}],"line":66},"9":{"loc":{"start":{"line":66,"column":43},"end":{"line":66,"column":111}},"type":"cond-expr","locations":[{"start":{"line":66,"column":77},"end":{"line":66,"column":87}},{"start":{"line":66,"column":90},"end":{"line":66,"column":111}}],"line":66},"10":{"loc":{"start":{"line":83,"column":2},"end":{"line":89,"column":3}},"type":"if","locations"
[...]
"type":"cond-expr","locations":[{"start":{"line":154,"column":30},"end":{"line":154,"column":63}},{"start":{"line":154,"column":66},"end":{"line":154,"column":68}}],"line":154},"29":{"loc":{"start":{"line":155,"column":16},"end":{"line":155,"column":85}},"type":"cond-expr","locations":[{"start":{"line":155,"column":41},"end":{"line":155,"column":80}},{"start":{"line":155,"column":83},"end":{"line":155,"column":85}}],"line":155},"30":{"loc":{"start":{"line":156,"column":20},"end":{"line":156,"column":97}},"type":"cond-expr","locations":[{"start":{"line":156,"column":49},"end":{"line":156,"column":92}},{"start":{"line":156,"column":95},"end":{"line":156,"column":97}}],"line":156},"31":{"loc":{"start":{"line":157,"column":13},"end":{"line":157,"column":74}},"type":"cond-expr","locations":[{"start":{"line":157,"column":34},"end":{"line":157,"column":69}},{"start":{"line":157,"column":72},"end":{"line":157,"column":74}}],"line":157},"32":{"loc":{"start":{"line":158,"column":18},"end":{"line":158,"column":91}},"type":"cond-expr","locations":[{"start":{"line":158,"column":45},"end":{"line":158,"column":86}},{"start":{"line":158,"column":89},"end":{"line":158,"column":91}}],"line":158},"33":{"loc":{"start":{"line":160,"column":16},"end":{"line":160,"column":85}},"type":"cond-expr","locations":[{"start":{"line":160,"column":41},"end":{"line":160,"column":80}},{"start":{"line":160,"column":83},"end":{"line":160,"column":85}}],"line":160},"34":{"loc":{"start":{"line":161,"column":16},"end":{"line":161,"column":85}},"type":"cond-expr","locations":[{"start":{"line":161,"column":41},"end":{"line":161,"column":80}},{"start":{"line":161,"column":83},"end":{"line":161,"column":85}}],"line":161},"35":{"loc":{"start":{"line":163,"column":17},"end":{"line":163,"column":104}},"type":"cond-expr","locations":[{"start":{"line":163,"column":51},"end":{"line":163,"column":99}},{"start":{"line":163,"column":102},"end":{"line":163,"column":104}}],"line":163},"36":{"loc":{"start":{"line":164,"column":22},"end":{"line":164,"column":106}},"type":"cond-expr","locations":[{"start":{"line":164,"column":53},"end":{"line":164,"column":101}},{"start":{"line":164,"column":104},"end":{"line":164,"column":106}}],"line":164},"37":{"loc":{"start":{"line":188,"column":4},"end":{"line":190,"column":5}},"type":"if","locations":[{"start":{"line":188,"column":4},"end":{"line":190,"column":5}},{"start":{},"end":{}}],"line":188},"38":{"loc":{"start":{"line":208,"column":9},"end":{"line":208,"column":42}},"type":"cond-expr","locations":[{"start":{"line":208,"column":16},"end":{"line":208,"column":37}},{"start":{"line":208,"column":40},"end":{"line":208,"column":42}}],"line":208},"39":{"loc":{"start":{"line":219,"column":9},"end":{"line":219,"column":42}},"type":"cond-expr","locations":[{"start":{"line":219,"column":16},"end":{"line":219,"column":37}},{"start":{"line":219,"column":40},"end":{"line":219,"column":42}}],"line":219},"40":{"loc":{"start":{"line":230,"column":9},"end":{"line":230,"column":42}},"type":"cond-expr","locations":[{"start":{"line":230,"column":16},"end":{"line":230,"column":35}},{"start":{"line":230,"column":38},"end":{"line":230,"column":42}}],"line":230},"41":{"loc":{"start":{"line":241,"column":9},"end":{"line":241,"column":45}},"type":"cond-expr","locations":[{"start":{"line":241,"column":16},"end":{"line":241,"column":40}},{"start":{"line":241,"column":43},"end":{"line":241,"column":45}}],"line":241},"42":{"loc":{"start":{"line":252,"column":9},"end":{"line":252,"column":39}},"type":"cond-expr","locations":[{"start":{"line":252,"column":16},"end":{"line":252,"column":32}},{"start":{"line":252,"column":35},"end":{"line":252,"column":39}}],"line":252},"43":{"loc":{"start":{"line":284,"column":28},"end":{"line":284,"column":46}},"type":"default-arg","locations":[{"start":{"line":284,"column":40},"end":{"line":284,"column":46}}],"line":284},"44":{"loc":{"start":{"line":284,"column":86},"end":{"line":284,"column":192}},"type":"binary-expr","locations":[{"start":{"line":284,"column":86},"end":{"line":284,"column":112}},{"start":{"line":284,"column":116},"end":{"line":284,"column":141}},{"start":{"line":284,"column":145},"end":{"line":284,"column":175}},{"start":{"line":284,"column":179},"end":{"line":284,"column":192}}],"line":284},"45":{"loc":{"start":{"line":309,"column":53},"end":{"line":309,"column":85}},"type":"binary-expr","locations":[{"start":{"line":309,"column":53},"end":{"line":309,"column":72}},{"start":{"line":309,"column":76},"end":{"line":309,"column":85}}],"line":309},"46":{"loc":{"start":{"line":313,"column":10},"end":{"line":313,"column":40}},"type":"binary-expr","locations":[{"start":{"line":313,"column":10},"end":{"line":313,"column":29}},{"start":{"line":313,"column":33},"end":{"line":313,"column":40}}],"line":313},"47":{"loc":{"start":{"line":314,"column":12},"end":{"line":314,"column":121}},"type":"cond-expr","locations":[{"start":{"line":314,"column":48},"end":{"line":314,"column":93}},{"start":{"line":314,"column":96},"end":{"line":314,"column":121}}],"line":314},"48":{"loc":{"start":{"line":339,"column":28},"end":{"line":339,"column":46}},"type":"default-arg","locations":[{"start":{"line":339,"column":40},"end":{"line":339,"column":46}}],"line":339},"49":{"loc":{"start":{"line":339,"column":86},"end":{"line":339,"column":163}},"type":"binary-expr","locations":[{"start":{"line":339,"column":86},"end":{"line":339,"column":112}},{"start":{"line":339,"column":116},"end":{"line":339,"column":146}},{"start":{"line":339,"column":150},"end":{"line":339,"column":163}}],"line":339},"50":{"loc":{"start":{"line":345,"column":4},"end":{"line":357,"column":5}},"type":"if","locations":[{"start":{"line":345,"column":4},"end":{"line":357,"column":5}},{"start":{},"end":{}}],"line":345},"51":{"loc":{"start":{"line":346,"column":26},"end":{"line":346,"column":68}},"type":"binary-expr","locations":[{"start":{"line":346,"column":26},"end":{"line":346,"column":62}},{"start":{"line":346,"column":66},"end":{"line":346,"column":68}}],"line":346},"52":{"loc":{"start":{"line":348,"column":32},"end":{"line":348,"column":89}},"type":"binary-expr","locations":[{"start":{"line":348,"column":32},"end":{"line":348,"column":83}},{"start":{"line":348,"column":87},"end":{"line":348,"column":89}}],"line":348},"53":{"loc":{"start":{"line":380,"column":58},"end":{"line":380,"column":86}},"type":"binary-expr","locations":[{"start":{"line":380,"column":58},"end":{"line":380,"column":73}},{"start":{"line":380,"column":77},"end":{"line":380,"column":86}}],"line":380},"54":{"loc":{"start":{"line":384,"column":10},"end":{"line":384,"column":36}},"type":"binary-expr","locations":[{"start":{"line":384,"column":10},"end":{"line":384,"column":25}},{"start":{"line":384,"column":29},"end":{"line":384,"column":36}}],"line":384},"55":{"loc":{"start":{"line":385,"column":19},"end":{"line":385,"column":130}},"type":"cond-expr","locations":[{"start":{"line":385,"column":58},"end":{"line":385,"column":106}},{"start":{"line":385,"column":109},"end":{"line":385,"column":130}}],"line":385},"56":{"loc":{"start":{"line":417,"column":4},"end":{"line":420,"column":5}},"type":"if","locations":[{"start":{"line":417,"column":4},"end":{"line":420,"column":5}},{"start":{},"end":{}}],"line":417},"57":{"loc":{"start":{"line":421,"column":4},"end":{"line":424,"column":5}},"type":"if","locations":[{"start":{"line":421,"column":4},"end":{"line":424,"column":5}},{"start":{},"end":{}}],"line":421},"58":{"loc":{"start":{"line":425,"column":4},"end":{"line":428,"column":5}},"type":"if","locations":[{"start":{"line":425,"column":4},"end":{"line":428,"column":5}},{"start":{},"end":{}}],"line":425},"59":{"loc":{"start":{"line":429,"column":4},"end":{"line":432,"column":5}},"type":"if","locations":[{"start":{"line":429,"column":4},"end":{"line":432,"column":5}},{"start":{},"end":{}}],"line":429},"60":{"loc":{"start":{"line":433,"column":4},"end":{"line":436,"column":5}},"type":"if","locations":[{"start":{"line":433,"column":4},"end":{"line":436,"column":5}},{"start":{},"end":{}}],"line":433},"61":{"loc":{"start":{"line":437,"column":4},"end":{"line":440,"column":5}},"type":"if","locations":[{"start":{"line":437,"column":4},"end":{"line":440,"column":5}},{"start":{},"end":{}}],"line":437},"62":{"loc":{"start":{"line":443,"column":20},"end":{"line":448,"column":11}},"type":"cond-expr","locations":[{"start":{"line":443,"column":42},"end":{"line":448,"column":6}},{"start":{"line":448,"column":9},"end":{"line":448,"column":11}}],"line":443},"63":{"loc":{"start":{"line":451,"column":19},"end":{"line":451,"column":78}},"type":"cond-expr","locations":[{"start":{"line":451,"column":50},"end":{"line":451,"column":73}},{"start":{"line":451,"column":76},"end":{"line":451,"column":78}}],"line":451},"64":{"loc":{"start":{"line":452,"column":24},"end":{"line":452,"column":93}},"type":"cond-expr","locations":[{"start":{"line":452,"column":60},"end":{"line":452,"column":88}},{"start":{"line":452,"column":91},"end":{"line":452,"column":93}}],"line":452},"65":{"loc":{"start":{"line":453,"column":27},"end":{"line":453,"column":102}},"type":"cond-expr","locations":[{"start":{"line":453,"column":66},"end":{"line":453,"column":97}},{"start":{"line":453,"column":100},"end":{"line":453,"column":102}}],"line":453},"66":{"loc":{"start":{"line":454,"column":20},"end":{"line":454,"column":81}},"type":"cond-expr","locations":[{"start":{"line":454,"column":52},"end":{"line":454,"column":76}},{"start":{"line":454,"column":79},"end":{"line":454,"column":81}}],"line":454},"67":{"loc":{"start":{"line":455,"column":24},"end":{"line":455,"column":93}},"type":"cond-expr","locations":[{"start":{"line":455,"column":60},"end":{"line":455,"column":88}},{"start":{"line":455,"column":91},"end":{"line":455,"column":93}}],"line":455},"68":{"loc":{"start":{"line":456,"column":23},"end":{"line":456,"column":90}},"type":"cond-expr","locations":[{"start":{"line":456,"column":58},"end":{"line":456,"column":85}},{"start":{"line":456,"column":88},"end":{"line":456,"column":90}}],"line":456},"69":{"loc":{"start":{"line":459,"column":28},"end":{"line":459,"column":46}},"type":"default-arg","locations":[{"start":{"line":459,"column":40},"end":{"line":459,"column":46}}],"line":459},"70":{"loc":{"start":{"line":459,"column":86},"end":{"line":459,"column":192}},"type":"binary-expr","locations":[{"start":{"line":459,"column":86},"end":{"line":459,"column":112}},{"start":{"line":459,"column":116},"end":{"line":459,"column":141}},{"start":{"line":459,"column":145},"end":{"line":459,"column":175}},{"start":{"line":459,"column":179},"end":{"line":459,"column":192}}],"line":459},"71":{"loc":{"start":{"line":489,"column":23},"end":{"line":489,"column":114}},"type":"cond-expr","locations":[{"start":{"line":489,"column":58},"end":{"line":489,"column":102}},{"start":{"line":489,"column":105},"end":{"line":489,"column":114}}],"line":489},"72":{"loc":{"start":{"line":490,"column":83},"end":{"line":490,"column":112}},"type":"binary-expr","locations":[{"start":{"line":490,"column":83},"end":{"line":490,"column":99}},{"start":{"line":490,"column":103},"end":{"line":490,"column":112}}],"line":490},"73":{"loc":{"start":{"line":491,"column":53},"end":{"line":491,"column":76}},"type":"binary-expr","locations":[{"start":{"line":491,"column":53},"end":{"line":491,"column":63}},{"start":{"line":491,"column":67},"end":{"line":491,"column":76}}],"line":491},"74":{"loc":{"start":{"line":495,"column":4},"end":{"line":506,"column":5}},"type":"if","locations":[{"start":{"line":495,"column":4},"end":{"line":506,"column":5}},{"start":{},"end":{}}],"line":495},"75":{"loc":{"start":{"line":510,"column":10},"end":{"line":510,"column":37}},"type":"binary-expr","locations":[{"start":{"line":510,"column":10},"end":{"line":510,"column":26}},{"start":{"line":510,"column":30},"end":{"line":510,"column":37}}],"line":510},"76":{"loc":{"start":{"line":523,"column":2},"end":{"line":523,"column":67}},"type":"if","locations":[{"start":{"line":523,"column":2},"end":{"line":523,"column":67}},{"start":{},"end":{}}],"line":523},"77":{"loc":{"start":{"line":523,"column":6},"end":{"line":523,"column":53}},"type":"binary-expr","locations":[{"start":{"line":523,"column":6},"end":{"line":523,"column":22}},{"start":{"line":523,"column":26},"end":{"line":523,"column":53}}],"line":523},"78":{"loc":{"start":{"line":563,"column":28},"end":{"line":563,"column":46}},"type":"default-arg","locations":[{"start":{"line":563,"column":40},"end":{"line":563,"column":46}}],"line":563},"79":{"loc":{"start":{"line":563,"column":86},"end":{"line":563,"column":192}},"type":"binary-expr","locations":[{"start":{"line":563,"column":86},"end":{"line":563,"column":112}},{"start":{"line":563,"column":116},"end":{"line":563,"column":146}},{"start":{"line":563,"column":150},"end":{"line":563,"column":175}},{"start":{"line":563,"column":179},"end":{"line":563,"column":192}}],"line":563},"80":{"loc":{"start":{"line":600,"column":4},"end":{"line":651,"column":5}},"type":"if","locations":[{"start":{"line":600,"column":4},"end":{"line":651,"column":5}},{"start":{},"end":{}}],"line":600},"81":{"loc":{"start":{"line":600,"column":8},"end":{"line":600,"column":36}},"type":"binary-expr","locations":[{"start":{"line":600,"column":8},"end":{"line":600,"column":23}},{"start":{"line":600,"column":27},"end":{"line":600,"column":36}}],"line":600},"82":{"loc":{"start":{"line":604,"column":6},"end":{"line":650,"column":7}},"type":"if","locations":[{"start":{"line":604,"column":6},"end":{"line":650,"column":7}},{"start":{},"end":{}}],"line":604},"83":{"loc":{"start":{"line":606,"column":8},"end":{"line":608,"column":9}},"type":"if","locations":[{"start":{"line":606,"column":8},"end":{"line":608,"column":9}},{"start":{},"end":{}}],"line":606},"84":{"loc":{"start":{"line":613,"column":8},"end":{"line":616,"column":9}},"type":"if","locations":[{"start":{"line":613,"column":8},"end":{"line":616,"column":9}},{"start":{},"end":{}}],"line":613},"85":{"loc":{"start":{"line":613,"column":12},"end":{"line":613,"column":37}},"type":"binary-expr","locations":[{"start":{"line":613,"column":12},"end":{"line":613,"column":21}},{"start":{"line":613,"column":25},"end":{"line":613,"column":37}}],"line":613},"86":{"loc":{"start":{"line":620,"column":8},"end":{"line":623,"column":9}},"type":"if","locations":[{"start":{"line":620,"column":8},"end":{"line":623,"column":9}},{"start":{},"end":{}}],"line":620},"87":{"loc":{"start":{"line":620,"column":12},"end":{"line":620,"column":51}},"type":"binary-expr","locations":[{"start":{"line":620,"column":12},"end":{"line":620,"column":28}},{"start":{"line":620,"column":32},"end":{"line":620,"column":51}}],"line":620},"88":{"loc":{"start":{"line":627,"column":8},"end":{"line":630,"column":9}},"type":"if","locations":[{"start":{"line":627,"column":8},"end":{"line":630,"column":9}},{"start":{},"end":{}}],"line":627},"89":{"loc":{"start":{"line":627,"column":12},"end":{"line":627,"column":49}},"type":"binary-expr","locations":[{"start":{"line":627,"column":12},"end":{"line":627,"column":27}},{"start":{"line":627,"column":31},"end":{"line":627,"column":49}}],"line":627},"90":{"loc":{"start":{"line":635,"column":8},"end":{"line":649,"column":9}},"type":"if","locations":[{"start":{"line":635,"column":8},"end":{"line":649,"column":9}},{"start":{},"end":{}}],"line":635},"91":{"loc":{"start":{"line":635,"column":12},"end":{"line":635,"column":39}},"type":"binary-expr","locations":[{"start":{"line":635,"column":12},"end":{"line":635,"column":22}},{"start":{"line":635,"column":26},"end":{"line":635,"column":39}}],"line":635},"92":{"loc":{"start":{"line":642,"column":10},"end":{"line":648,"column":11}},"type":"if","locations":[{"start":{"line":642,"column":10},"end":{"line":648,"column":11}},{"start":{"line":645,"column":17},"end":{"line":648,"column":11}}],"line":642},"93":{"loc":{"start":{"line":642,"column":14},"end":{"line":642,"column":51}},"type":"binary-expr","locations":[{"start":{"line":642,"column":14},"end":{"line":642,"column":29}},{"start":{"line":642,"column":33},"end":{"line":642,"column":51}}],"line":642},"94":{"loc":{"start":{"line":655,"column":51},"end":{"line":655,"column":81}},"type":"binary-expr","locations":[{"start":{"line":655,"column":51},"end":{"line":655,"column":68}},{"start":{"line":655,"column":72},"end":{"line":655,"column":81}}],"line":655},"95":{"loc":{"start":{"line":659,"column":10},"end":{"line":659,"column":38}},"type":"binary-expr","locations":[{"start":{"line":659,"column":10},"end":{"line":659,"column":27}},{"start":{"line":659,"column":31},"end":{"line":659,"column":38}}],"line":659},"96":{"loc":{"start":{"line":660,"column":12},"end":{"line":660,"column":115}},"type":"cond-expr","locations":[{"start":{"line":660,"column":46},"end":{"line":660,"column":89}},{"start":{"line":660,"column":92},"end":{"line":660,"column":115}}],"line":660}},"s":{"0":0,"1":0,"2":0,"3":0,"4":0,"5":0,"6":0,"7":0,"8":0,"9":0,"10":0,"11":0,"12":0,"13":0,"14":0,"15":0,"16":0,"17":0,"18":0,"19":0,"20":0,"21":0,"22":0,"23":0,"24":0,"25":0,"26":0,"27":0,"28":0,"29":0,"30":0,"31":0,"32":0,"33":0,"34":0,"35":0,"36":0,"37":0,"38":0,"39":0,"40":0,"41":0,"42":0,"43":0,"44":0,"45":0,"46":0,"47":0,"48":0,"49":0,"50":0,"51":0,"52":0,"53":0,"54":0,"55":0,"56":0,"57":0,"58":0,"59":0,"60":0,"61":0,"62":0,"63":0,"64":0,"65":0,"66":0,"67":0,"68":0,"69":0,"70":0,"71":0,"72":0,"73":0,"74":0,"75":0,"76":0,"77":0,"78":0,"79":0,"80":0,"81":0,"82":0,"83":0,"84":0,"85":0,"86":0,"87":0,"88":0,"89":0,"90":0,"91":0,"92":0,"93":0,"94":0,"95":0,"96":0,"97":0,"98":0,"99":0,"100":0,"101":0,"102":0,"103":0,"104":0,"105":0,"106":0,"107":0,"108":0,"109":0,"110":0,"111":0,"112":0,"113":0,"114":0,"115":0,"116":0,"117":0,"118":0,"119":0,"120":0,"121":0,"122":0,"123":0,"124":0,"125":0,"126":0,"127":0,"128":0,"129":0,"130":0,"131":0,"132":0,"133":0,"134":0,"135":0,"136":0,"137":0,"138":0,"139":0,"140":0,"141":0,"142":0,"143":0,"144":0,"145":0,"146":0,"147":0,"148":0,"149":0,"150":0,"151":0,"152":0,"153":0,"154":0,"155":0,"156":0,"157":0,"158":0,"159":0,"160":0,"161":0,"162":0,"163":0,"164":0,"165":0,"166":0,"167":0,"168":0,"169":0,"170":0,"171":0,"172":0,"173":0,"174":0,"175":0,"176":0,"177":0,"178":0,"179":0,"180":0,"181":0,"182":0,"183":0,"184":0,"185":0,"186":0,"187":0,"188":0,"189":0,"190":0,"191":0,"192":0,"193":0,"194":0,"195":0,"196":0,"197":0,"198":0,"199":0,"200":0,"201":0,"202":0,"203":0,"204":0,"205":0,"206":0,"207":0,"208":1},"f":{"0":0,"1":0,"2":0,"3":0,"4":0,"5":0,"6":0,"7":0,"8":0,"9":0,"10":0,"11":0,"12":0,"13":0,"14":0,"15":0,"16":0,"17":0,"18":0,"19":0,"20":0,"21":0,"22":0,"23":0,"24":0,"25":0,"26":0,"27":0,"28":0,"29":0,"30":0,"31":0,"32":0,"33":0,"34":0,"35":0,"36":0,"37":0,"38":0,"39":0,"40":0,"41":0,"42":0,"43":0,"44":0,"45":0,"46":0,"47":0,"48":0,"49":0,"50":0,"51":0,"52":0},"b":{"0":[0,0],"1":[0,0,0],"2":[0,0],"3":[0,0,0],"4":[0,0],"5":[0,0],"6":[0,0],"7":[0,0,0],"8":[0,0],"9":[0,0,0],"10":[0,0],"11":[0,0],"12":[0,0],"13":[0,0],"14":[0,0],"15":[0,0,0],"16":[0,0],"17":[0,0],"18":[0,0],"19":[0,0],"20":[0,0],"21":[0,0],"22":[0,0],"23":[0,0],"24":[0,0],"25":[0,0],"26":[0,0],"27":[0,0],"28":[0,0],"29":[0,0],"30":[0,0],"31":[0,0],"32":[0,0],"33":[0,0],"34":[0,0],"35":[0,0],"36":[0,0],"37":[0,0],"38":[0,0],"39":[0,0],"40":[0,0],"41":[0,0],"42":[0,0],"43":[0],"44":[0,0,0,0],"45":[0,0],"46":[0,0],"47":[0,0],"48":[0],"49":[0,0,0],"50":[0,0],"51":[0,0],"52":[0,0],"53":[0,0],"54":[0,0],"55":[0,0],"56":[0,0],"57":[0,0],"58":[0,0],"59":[0,0],"60":[0,0],"61":[0,0],"62":[0,0],"63":[0,0],"64":[0,0],"65":[0,0],"66":[0,0],"67":[0,0],"68":[0,0],"69":[0],"70":[0,0,0,0],"71":[0,0],"72":[0,0],"73":[0,0],"74":[0,0],"75":[0,0],"76":[0,0],"77":[0,0],"78":[0],"79":[0,0,0,0],"80":[0,0],"81":[0,0],"82":[0,0],"83":[0,0],"84":[0,0],"85":[0,0],"86":[0,0],"87":[0,0],"88":[0,0],"89":[0,0],"90":[0,0],"91":[0,0],"92":[0,0],"93":[0,0],"94":[0,0],"95":[0,0],"96":[0,0]},"_coverageSchema":"1a1c01bbd47fc00a2c39e90264f33305004495a9","hash":"247cb4655c39d7844b399d25a89b0c6ad05fbbd2"}
}
