TN:
SF:src/controllers/notionController.js
FN:12,createSnippet
FN:23,(anonymous_1)
FN:24,(anonymous_2)
FN:29,buildNotionFilter
FN:50,(anonymous_4)
FN:58,(anonymous_5)
FN:81,(anonymous_6)
FN:94,(anonymous_7)
FN:106,(anonymous_8)
FN:112,(anonymous_9)
FN:119,(anonymous_10)
FN:142,(anonymous_11)
FN:147,(anonymous_12)
FN:153,(anonymous_13)
FN:185,(anonymous_14)
FN:199,(anonymous_15)
FN:224,(anonymous_16)
FN:230,(anonymous_17)
FN:253,(anonymous_18)
FN:270,(anonymous_19)
FN:298,(anonymous_20)
FN:306,(anonymous_21)
FN:318,(anonymous_22)
FN:324,setCacheHeaders
FN:328,(anonymous_24)
FN:333,(anonymous_25)
FN:338,(anonymous_26)
FN:363,(anonymous_27)
FN:375,(anonymous_28)
FN:413,(anonymous_29)
FN:425,(anonymous_30)
FN:476,(anonymous_31)
FN:499,(anonymous_32)
FN:500,(anonymous_33)
FN:501,(anonymous_34)
FN:502,(anonymous_35)
FN:504,(anonymous_36)
FN:531,(anonymous_37)
FN:542,(anonymous_38)
FN:554,(anonymous_39)
FN:559,(anonymous_40)
FN:588,(anonymous_41)
FN:625,(anonymous_42)
FN:626,(anonymous_43)
FN:627,(anonymous_44)
FN:628,(anonymous_45)
FN:637,(anonymous_46)
FN:639,(anonymous_47)
FN:651,(anonymous_48)
FN:673,(anonymous_49)
FN:695,(anonymous_50)
FN:719,(anonymous_51)
FN:727,(anonymous_52)
FN:735,(anonymous_53)
FN:743,(anonymous_54)
FN:751,(anonymous_55)
FN:759,(anonymous_56)
FN:792,(anonymous_57)
FN:804,(anonymous_58)
FNF:59
FNH:1
FNDA:0,createSnippet
FNDA:22,(anonymous_1)
FNDA:0,(anonymous_2)
FNDA:0,buildNotionFilter
FNDA:0,(anonymous_4)
FNDA:0,(anonymous_5)
FNDA:0,(anonymous_6)
FNDA:0,(anonymous_7)
FNDA:0,(anonymous_8)
FNDA:0,(anonymous_9)
FNDA:0,(anonymous_10)
FNDA:0,(anonymous_11)
FNDA:0,(anonymous_12)
FNDA:0,(anonymous_13)
FNDA:0,(anonymous_14)
FNDA:0,(anonymous_15)
FNDA:0,(anonymous_16)
FNDA:0,(anonymous_17)
FNDA:0,(anonymous_18)
FNDA:0,(anonymous_19)
FNDA:0,(anonymous_20)
FNDA:0,(anonymous_21)
FNDA:0,(anonymous_22)
FNDA:0,setCacheHeaders
FNDA:0,(anonymous_24)
FNDA:0,(anonymous_25)
FNDA:0,(anonymous_26)
FNDA:0,(anonymous_27)
FNDA:0,(anonymous_28)
FNDA:0,(anonymous_29)
FNDA:0,(anonymous_30)
FNDA:0,(anonymous_31)
FNDA:0,(anonymous_32)
FNDA:0,(anonymous_33)
FNDA:0,(anonymous_34)
FNDA:0,(anonymous_35)
FNDA:0,(anonymous_36)
FNDA:0,(anonymous_37)
FNDA:0,(anonymous_38)
FNDA:0,(anonymous_39)
FNDA:0,(anonymous_40)
FNDA:0,(anonymous_41)
FNDA:0,(anonymous_42)
FNDA:0,(anonymous_43)
FNDA:0,(anonymous_44)
FNDA:0,(anonymous_45)
FNDA:0,(anonymous_46)
FNDA:0,(anonymous_47)
FNDA:0,(anonymous_48)
FNDA:0,(anonymous_49)
FNDA:0,(anonymous_50)
FNDA:0,(anonymous_51)
FNDA:0,(anonymous_52)
FNDA:0,(anonymous_53)
FNDA:0,(anonymous_54)
FNDA:0,(anonymous_55)
FNDA:0,(anonymous_56)
FNDA:0,(anonymous_57)
FNDA:0,(anonymous_58)
DA:1,1
DA:2,1
DA:3,1
DA:4,1
DA:13,0
DA:14,0
DA:15,0
DA:16,0
DA:17,0
DA:18,0
DA:20,0
DA:23,1
DA:24,22
DA:25,0
DA:30,0
DA:31,0
DA:32,0
DA:33,0
DA:34,0
DA:39,0
DA:46,0
DA:47,0
DA:50,1
DA:53,0
DA:54,0
DA:55,0
DA:58,1
DA:59,0
DA:60,0
DA:61,0
DA:62,0
DA:63,0
DA:64,0
DA:65,0
DA:67,0
DA:68,0
DA:69,0
DA:70,0
DA:72,0
DA:73,0
DA:74,0
DA:75,0
DA:77,0
DA:78,0
DA:81,1
DA:82,0
DA:83,0
DA:88,0
DA:91,0
DA:94,1
DA:95,0
DA:101,0
DA:104,0
DA:105,0
DA:106,0
DA:108,0
DA:109,0
DA:112,1
DA:114,0
DA:115,0
DA:116,0
DA:119,1
DA:120,0
DA:121,0
DA:122,0
DA:123,0
DA:124,0
DA:125,0
DA:126,0
DA:128,0
DA:129,0
DA:130,0
DA:131,0
DA:133,0
DA:134,0
DA:135,0
DA:136,0
DA:138,0
DA:139,0
DA:142,1
DA:143,0
DA:144,0
DA:145,0
DA:146,0
DA:147,0
DA:149,0
DA:150,0
DA:153,1
DA:154,0
DA:155,0
DA:156,0
DA:157,0
DA:158,0
DA:159,0
DA:160,0
DA:162,0
DA:163,0
DA:164,0
DA:165,0
DA:167,0
DA:168,0
DA:169,0
DA:170,0
DA:172,0
DA:173,0
DA:177,1
DA:185,1
DA:186,0
DA:190,0
DA:196,0
DA:198,0
DA:199,0
DA:204,0
DA:206,0
DA:208,0
DA:209,0
DA:211,0
DA:214,0
DA:218,0
DA:222,0
DA:223,0
DA:224,0
DA:226,0
DA:227,0
DA:230,1
DA:231,0
DA:232,0
DA:233,0
DA:234,0
DA:235,0
DA:236,0
DA:237,0
DA:239,0
DA:240,0
DA:241,0
DA:242,0
DA:244,0
DA:245,0
DA:246,0
DA:247,0
DA:249,0
DA:250,0
DA:253,1
DA:254,0
DA:270,1
DA:271,0
DA:272,0
DA:274,0
DA:297,0
DA:298,0
DA:299,0
DA:303,0
DA:304,0
DA:305,0
DA:306,0
DA:309,0
DA:310,0
DA:314,0
DA:315,0
DA:318,1
DA:319,0
DA:320,0
DA:321,0
DA:325,0
DA:328,1
DA:330,0
DA:333,1
DA:335,0
DA:338,1
DA:340,0
DA:343,1
DA:363,1
DA:364,0
DA:365,0
DA:366,0
DA:367,0
DA:368,0
DA:369,0
DA:371,0
DA:373,0
DA:374,0
DA:375,0
DA:378,0
DA:379,0
DA:380,0
DA:382,0
DA:383,0
DA:384,0
DA:386,0
DA:387,0
DA:389,0
DA:390,0
DA:394,0
DA:395,0
DA:407,0
DA:408,0
DA:409,0
DA:410,0
DA:413,1
DA:414,0
DA:415,0
DA:416,0
DA:417,0
DA:418,0
DA:419,0
DA:421,0
DA:423,0
DA:424,0
DA:425,0
DA:428,0
DA:430,0
DA:431,0
DA:432,0
DA:434,0
DA:435,0
DA:438,0
DA:439,0
DA:440,0
DA:442,0
DA:443,0
DA:449,0
DA:450,0
DA:451,0
DA:457,0
DA:458,0
DA:470,0
DA:471,0
DA:472,0
DA:473,0
DA:476,1
DA:477,0
DA:478,0
DA:479,0
DA:481,0
DA:482,0
DA:483,0
DA:484,0
DA:486,0
DA:488,0
DA:489,0
DA:490,0
DA:493,0
DA:494,0
DA:495,0
DA:498,0
DA:499,0
DA:500,0
DA:501,0
DA:502,0
DA:504,0
DA:507,0
DA:508,0
DA:510,0
DA:511,0
DA:517,0
DA:518,0
DA:519,0
DA:520,0
DA:522,0
DA:523,0
DA:526,0
DA:527,0
DA:531,0
DA:532,0
DA:533,0
DA:542,0
DA:543,0
DA:544,0
DA:551,0
DA:552,0
DA:554,0
DA:555,0
DA:556,0
DA:557,0
DA:559,0
DA:560,0
DA:566,0
DA:567,0
DA:569,0
DA:582,0
DA:583,0
DA:584,0
DA:585,0
DA:588,1
DA:589,0
DA:590,0
DA:591,0
DA:592,0
DA:593,0
DA:594,0
DA:596,0
DA:598,0
DA:601,0
DA:602,0
DA:603,0
DA:604,0
DA:606,0
DA:625,0
DA:626,0
DA:627,0
DA:628,0
DA:630,0
DA:637,0
DA:638,0
DA:639,0
DA:643,0
DA:645,0
DA:646,0
DA:647,0
DA:648,0
DA:651,1
DA:652,0
DA:654,0
DA:655,0
DA:657,0
DA:658,0
DA:659,0
DA:660,0
DA:662,0
DA:664,0
DA:665,0
DA:667,0
DA:668,0
DA:669,0
DA:673,0
DA:674,0
DA:675,0
DA:678,0
DA:690,0
DA:691,0
DA:692,0
DA:695,0
DA:696,0
DA:697,0
DA:712,0
DA:719,0
DA:720,0
DA:721,0
DA:722,0
DA:723,0
DA:727,0
DA:728,0
DA:729,0
DA:730,0
DA:731,0
DA:735,0
DA:736,0
DA:737,0
DA:738,0
DA:739,0
DA:743,0
DA:744,0
DA:745,0
DA:746,0
DA:747,0
DA:751,0
DA:752,0
DA:753,0
DA:754,0
DA:755,0
DA:759,0
DA:760,0
DA:761,0
DA:762,0
DA:763,0
DA:768,0
DA:779,0
DA:780,0
DA:781,0
DA:782,0
DA:785,0
DA:786,0
DA:787,0
DA:792,1
DA:793,0
DA:794,0
DA:795,0
DA:796,0
DA:797,0
DA:798,0
DA:800,0
DA:802,0
DA:803,0
DA:804,0
DA:807,0
DA:808,0
DA:809,0
DA:811,0
DA:814,0
DA:815,0
DA:822,0
DA:823,0
DA:830,0
DA:831,0
DA:838,0
DA:839,0
DA:845,0
DA:846,0
DA:859,0
DA:860,0
DA:861,0
DA:862,0
DA:865,1
LF:403
LH:31
BRDA:12,0,0,0
BRDA:13,1,0,0
BRDA:13,1,1,0
BRDA:15,2,0,0
BRDA:15,2,1,0
BRDA:17,3,0,0
BRDA:17,3,1,0
BRDA:17,4,0,0
BRDA:17,4,1,0
BRDA:32,5,0,0
BRDA:32,5,1,0
BRDA:32,6,0,0
BRDA:32,6,1,0
BRDA:33,7,0,0
BRDA:33,7,1,0
BRDA:46,8,0,0
BRDA:46,8,1,0
BRDA:47,9,0,0
BRDA:47,9,1,0
BRDA:62,10,0,0
BRDA:62,10,1,0
BRDA:69,11,0,0
BRDA:69,11,1,0
BRDA:73,12,0,0
BRDA:73,12,1,0
BRDA:73,13,0,0
BRDA:73,13,1,0
BRDA:83,14,0,0
BRDA:83,14,1,0
BRDA:123,15,0,0
BRDA:123,15,1,0
BRDA:130,16,0,0
BRDA:130,16,1,0
BRDA:134,17,0,0
BRDA:134,17,1,0
BRDA:134,18,0,0
BRDA:134,18,1,0
BRDA:157,19,0,0
BRDA:157,19,1,0
BRDA:164,20,0,0
BRDA:164,20,1,0
BRDA:168,21,0,0
BRDA:168,21,1,0
BRDA:168,22,0,0
BRDA:168,22,1,0
BRDA:198,23,0,0
BRDA:198,23,1,0
BRDA:206,24,0,0
BRDA:206,24,1,0
BRDA:208,25,0,0
BRDA:208,25,1,0
BRDA:234,26,0,0
BRDA:234,26,1,0
BRDA:241,27,0,0
BRDA:241,27,1,0
BRDA:245,28,0,0
BRDA:245,28,1,0
BRDA:245,29,0,0
BRDA:245,29,1,0
BRDA:272,30,0,0
BRDA:272,30,1,0
BRDA:324,31,0,0
BRDA:366,32,0,0
BRDA:366,32,1,0
BRDA:380,33,0,0
BRDA:380,33,1,0
BRDA:383,34,0,0
BRDA:383,34,1,0
BRDA:383,35,0,0
BRDA:383,35,1,0
BRDA:386,36,0,0
BRDA:386,36,1,0
BRDA:386,37,0,0
BRDA:386,37,1,0
BRDA:389,38,0,0
BRDA:389,38,1,0
BRDA:389,39,0,0
BRDA:389,39,1,0
BRDA:394,40,0,0
BRDA:394,40,1,0
BRDA:402,41,0,0
BRDA:402,41,1,0
BRDA:416,42,0,0
BRDA:416,42,1,0
BRDA:432,43,0,0
BRDA:432,43,1,0
BRDA:434,44,0,0
BRDA:434,44,1,0
BRDA:439,45,0,0
BRDA:439,45,1,0
BRDA:440,46,0,0
BRDA:440,46,1,0
BRDA:442,47,0,0
BRDA:442,47,1,0
BRDA:442,48,0,0
BRDA:442,48,1,0
BRDA:449,49,0,0
BRDA:449,49,1,0
BRDA:450,50,0,0
BRDA:450,50,1,0
BRDA:450,51,0,0
BRDA:450,51,1,0
BRDA:450,51,2,0
BRDA:457,52,0,0
BRDA:457,52,1,0
BRDA:481,53,0,0
BRDA:481,53,1,0
BRDA:489,54,0,0
BRDA:489,54,1,0
BRDA:494,55,0,0
BRDA:494,55,1,0
BRDA:499,56,0,0
BRDA:499,56,1,0
BRDA:500,57,0,0
BRDA:500,57,1,0
BRDA:501,58,0,0
BRDA:501,58,1,0
BRDA:502,59,0,0
BRDA:502,59,1,0
BRDA:504,60,0,0
BRDA:504,60,1,0
BRDA:511,61,0,0
BRDA:511,61,1,0
BRDA:511,62,0,0
BRDA:511,62,1,0
BRDA:517,63,0,0
BRDA:517,63,1,0
BRDA:519,64,0,0
BRDA:519,64,1,0
BRDA:526,65,0,0
BRDA:526,65,1,0
BRDA:526,66,0,0
BRDA:526,66,1,0
BRDA:535,67,0,0
BRDA:535,67,1,0
BRDA:535,67,2,0
BRDA:537,68,0,0
BRDA:537,68,1,0
BRDA:546,69,0,0
BRDA:546,69,1,0
BRDA:546,69,2,0
BRDA:551,70,0,0
BRDA:551,70,1,0
BRDA:552,71,0,0
BRDA:552,71,1,0
BRDA:554,72,0,0
BRDA:554,72,1,0
BRDA:556,73,0,0
BRDA:556,73,1,0
BRDA:556,74,0,0
BRDA:556,74,1,0
BRDA:559,75,0,0
BRDA:559,75,1,0
BRDA:566,76,0,0
BRDA:566,76,1,0
BRDA:567,77,0,0
BRDA:567,77,1,0
BRDA:591,78,0,0
BRDA:591,78,1,0
BRDA:638,79,0,0
BRDA:638,79,1,0
BRDA:638,80,0,0
BRDA:638,80,1,0
BRDA:638,80,2,0
BRDA:657,81,0,0
BRDA:657,81,1,0
BRDA:673,82,0,0
BRDA:674,83,0,0
BRDA:674,83,1,0
BRDA:674,84,0,0
BRDA:674,84,1,0
BRDA:674,84,2,0
BRDA:680,85,0,0
BRDA:680,85,1,0
BRDA:680,85,2,0
BRDA:680,85,3,0
BRDA:683,86,0,0
BRDA:683,86,1,0
BRDA:684,87,0,0
BRDA:684,87,1,0
BRDA:685,88,0,0
BRDA:685,88,1,0
BRDA:686,89,0,0
BRDA:686,89,1,0
BRDA:695,90,0,0
BRDA:696,91,0,0
BRDA:696,91,1,0
BRDA:696,92,0,0
BRDA:696,92,1,0
BRDA:719,93,0,0
BRDA:719,93,1,0
BRDA:721,94,0,0
BRDA:721,94,1,0
BRDA:727,95,0,0
BRDA:727,95,1,0
BRDA:729,96,0,0
BRDA:729,96,1,0
BRDA:735,97,0,0
BRDA:735,97,1,0
BRDA:737,98,0,0
BRDA:737,98,1,0
BRDA:743,99,0,0
BRDA:743,99,1,0
BRDA:745,100,0,0
BRDA:745,100,1,0
BRDA:751,101,0,0
BRDA:751,101,1,0
BRDA:753,102,0,0
BRDA:753,102,1,0
BRDA:759,103,0,0
BRDA:759,103,1,0
BRDA:761,104,0,0
BRDA:761,104,1,0
BRDA:786,105,0,0
BRDA:786,105,1,0
BRDA:787,106,0,0
BRDA:787,106,1,0
BRDA:795,107,0,0
BRDA:795,107,1,0
BRDA:809,108,0,0
BRDA:809,108,1,0
BRDA:814,109,0,0
BRDA:814,109,1,0
BRDA:814,110,0,0
BRDA:814,110,1,0
BRDA:822,111,0,0
BRDA:822,111,1,0
BRDA:822,112,0,0
BRDA:822,112,1,0
BRDA:830,113,0,0
BRDA:830,113,1,0
BRDA:830,114,0,0
BRDA:830,114,1,0
BRDA:838,115,0,0
BRDA:838,115,1,0
BRDA:838,116,0,0
BRDA:838,116,1,0
BRDA:845,117,0,0
BRDA:845,117,1,0
BRF:239
BRH:0
end_of_record
TN:
SF:src/db/database.js
FN:16,getProductionDbPath
FN:21,ensureDataDirectoryExists
FN:28,connect
FN:47,getDB
FN:59,initializeDatabase
FN:82,closeDB
FNF:6
FNH:0
FNDA:0,getProductionDbPath
FNDA:0,ensureDataDirectoryExists
FNDA:0,connect
FNDA:0,getDB
FNDA:0,initializeDatabase
FNDA:0,closeDB
DA:1,2
DA:9,2
DA:10,2
DA:11,2
DA:17,0
DA:22,0
DA:23,0
DA:24,0
DA:29,0
DA:30,0
DA:31,0
DA:32,0
DA:33,0
DA:34,0
DA:35,0
DA:36,0
DA:38,0
DA:41,0
DA:42,0
DA:44,0
DA:48,0
DA:53,0
DA:54,0
DA:56,0
DA:60,0
DA:61,0
DA:62,0
DA:63,0
DA:66,0
DA:68,0
DA:69,0
DA:71,0
DA:72,0
DA:73,0
DA:74,0
DA:76,0
DA:77,0
DA:79,0
DA:83,0
DA:84,0
DA:85,0
DA:86,0
DA:88,0
DA:92,2
LF:44
LH:5
BRDA:17,0,0,0
BRDA:17,0,1,0
BRDA:23,1,0,0
BRDA:23,1,1,0
BRDA:30,2,0,0
BRDA:30,2,1,0
BRDA:34,3,0,0
BRDA:34,3,1,0
BRDA:41,4,0,0
BRDA:41,4,1,0
BRDA:48,5,0,0
BRDA:48,5,1,0
BRDA:59,6,0,0
BRDA:60,7,0,0
BRDA:60,7,1,0
BRDA:66,8,0,0
BRDA:66,8,1,0
BRDA:66,9,0,0
BRDA:66,9,1,0
BRDA:83,10,0,0
BRDA:83,10,1,0
BRF:21
BRH:0
end_of_record
TN:
SF:src/db/migrations.js
FN:10,ensureSchemaMigrationsTable
FN:21,getAppliedMigrations
FN:23,(anonymous_2)
FN:26,readMigrationScripts
FN:31,(anonymous_4)
FN:34,(anonymous_5)
FN:44,runMigrations
FN:49,(anonymous_7)
FNF:8
FNH:0
FNDA:0,ensureSchemaMigrationsTable
FNDA:0,getAppliedMigrations
FNDA:0,(anonymous_2)
FNDA:0,readMigrationScripts
FNDA:0,(anonymous_4)
FNDA:0,(anonymous_5)
FNDA:0,runMigrations
FNDA:0,(anonymous_7)
DA:2,2
DA:3,2
DA:8,2
DA:11,0
DA:22,0
DA:23,0
DA:27,0
DA:28,0
DA:30,0
DA:31,0
DA:34,0
DA:35,0
DA:36,0
DA:45,0
DA:46,0
DA:47,0
DA:49,0
DA:51,0
DA:52,0
DA:53,0
DA:56,0
DA:58,0
DA:59,0
DA:60,0
DA:61,0
DA:62,0
DA:63,0
DA:64,0
DA:66,0
DA:69,2
LF:30
LH:4
BRDA:27,0,0,0
BRDA:27,0,1,0
BRDA:51,1,0,0
BRDA:51,1,1,0
BRF:4
BRH:0
end_of_record
TN:
SF:src/db/queries.js
FN:5,getCharacterById
FN:11,getCharacterRelations
FN:47,getAllEvents
FN:53,getTimelineEventsForList
FN:69,getAllPuzzles
FN:76,getAllElements
FN:82,getAllCharacterIdsAndNames
FN:88,getLinkedCharacters
FN:114,getFullEntityDetails
FN:119,(anonymous_9)
FN:135,getCharacterJourneyData
FN:140,(anonymous_11)
FN:141,(anonymous_12)
FN:142,(anonymous_13)
FN:151,(anonymous_14)
FN:155,(anonymous_15)
FN:161,(anonymous_16)
FN:163,(anonymous_17)
FN:166,(anonymous_18)
FN:171,(anonymous_19)
FN:172,(anonymous_20)
FN:184,getElementById
FN:189,getCharactersForList
FN:205,(anonymous_23)
FN:218,generateJourneyVersionHash
FN:253,getCachedJourneyGraph
FN:304,saveCachedJourneyGraph
FN:335,clearExpiredJourneyCache
FN:357,invalidateJourneyCache
FNF:29
FNH:0
FNDA:0,getCharacterById
FNDA:0,getCharacterRelations
FNDA:0,getAllEvents
FNDA:0,getTimelineEventsForList
FNDA:0,getAllPuzzles
FNDA:0,getAllElements
FNDA:0,getAllCharacterIdsAndNames
FNDA:0,getLinkedCharacters
FNDA:0,getFullEntityDetails
FNDA:0,(anonymous_9)
FNDA:0,getCharacterJourneyData
FNDA:0,(anonymous_11)
FNDA:0,(anonymous_12)
FNDA:0,(anonymous_13)
FNDA:0,(anonymous_14)
FNDA:0,(anonymous_15)
FNDA:0,(anonymous_16)
FNDA:0,(anonymous_17)
FNDA:0,(anonymous_18)
FNDA:0,(anonymous_19)
FNDA:0,(anonymous_20)
FNDA:0,getElementById
FNDA:0,getCharactersForList
FNDA:0,(anonymous_23)
FNDA:0,generateJourneyVersionHash
FNDA:0,getCachedJourneyGraph
FNDA:0,saveCachedJourneyGraph
FNDA:0,clearExpiredJourneyCache
FNDA:0,invalidateJourneyCache
DA:2,1
DA:6,0
DA:7,0
DA:12,0
DA:14,0
DA:20,0
DA:26,0
DA:32,0
DA:38,0
DA:48,0
DA:49,0
DA:54,0
DA:55,0
DA:70,0
DA:71,0
DA:77,0
DA:78,0
DA:83,0
DA:84,0
DA:89,0
DA:90,0
DA:111,0
DA:115,0
DA:116,0
DA:117,0
DA:119,0
DA:121,0
DA:122,0
DA:123,0
DA:124,0
DA:126,0
DA:136,0
DA:139,0
DA:140,0
DA:141,0
DA:142,0
DA:145,0
DA:146,0
DA:147,0
DA:151,0
DA:154,0
DA:155,0
DA:159,0
DA:160,0
DA:161,0
DA:162,0
DA:163,0
DA:164,0
DA:165,0
DA:166,0
DA:170,0
DA:171,0
DA:172,0
DA:176,0
DA:185,0
DA:190,0
DA:192,0
DA:205,0
DA:219,0
DA:224,0
DA:235,0
DA:238,0
DA:239,0
DA:240,0
DA:241,0
DA:242,0
DA:245,0
DA:254,0
DA:255,0
DA:257,0
DA:258,0
DA:264,0
DA:265,0
DA:269,0
DA:270,0
DA:272,0
DA:273,0
DA:277,0
DA:284,0
DA:294,0
DA:295,0
DA:305,0
DA:307,0
DA:308,0
DA:311,0
DA:323,0
DA:326,0
DA:336,0
DA:338,0
DA:339,0
DA:344,0
DA:345,0
DA:349,0
DA:358,0
DA:360,0
DA:361,0
DA:362,0
DA:364,0
DA:368,1
LF:99
LH:2
BRDA:116,0,0,0
BRDA:116,0,1,0
BRDA:116,1,0,0
BRDA:116,1,1,0
BRDA:146,2,0,0
BRDA:146,2,1,0
BRDA:160,3,0,0
BRDA:160,3,1,0
BRDA:165,4,0,0
BRDA:165,4,1,0
BRDA:170,5,0,0
BRDA:170,5,1,0
BRDA:207,6,0,0
BRDA:207,6,1,0
BRDA:264,7,0,0
BRDA:264,7,1,0
BRDA:270,8,0,0
BRDA:270,8,1,0
BRDA:335,9,0,0
BRDA:344,10,0,0
BRDA:344,10,1,0
BRF:21
BRH:0
end_of_record
TN:
SF:src/services/graphService.js
FN:9,createSnippet
FN:25,createNode
FN:84,createEdge
FN:103,(anonymous_3)
FN:111,(anonymous_4)
FN:132,(anonymous_5)
FN:142,(anonymous_6)
FN:152,(anonymous_7)
FNF:8
FNH:1
FNDA:0,createSnippet
FNDA:0,createNode
FNDA:0,createEdge
FNDA:1,(anonymous_3)
FNDA:0,(anonymous_4)
FNDA:0,(anonymous_5)
FNDA:0,(anonymous_6)
FNDA:0,(anonymous_7)
DA:1,1
DA:10,0
DA:11,0
DA:12,0
DA:13,0
DA:14,0
DA:15,0
DA:17,0
DA:26,0
DA:28,0
DA:34,0
DA:36,0
DA:37,0
DA:39,0
DA:43,0
DA:45,0
DA:50,0
DA:52,0
DA:57,0
DA:59,0
DA:63,0
DA:67,0
DA:68,0
DA:70,0
DA:71,0
DA:74,0
DA:85,0
DA:86,0
DA:112,0
DA:113,0
DA:114,0
DA:117,0
DA:118,0
DA:119,0
DA:121,0
DA:122,0
DA:123,0
DA:124,0
DA:125,0
DA:129,0
DA:132,0
DA:133,0
DA:134,0
DA:135,0
DA:136,0
DA:138,0
DA:139,0
DA:142,0
DA:143,0
DA:144,0
DA:145,0
DA:146,0
DA:148,0
DA:149,0
DA:152,0
DA:153,0
DA:154,0
DA:155,0
DA:156,0
DA:158,0
DA:159,0
DA:160,0
DA:165,0
DA:173,1
LF:64
LH:2
BRDA:9,0,0,0
BRDA:10,1,0,0
BRDA:10,1,1,0
BRDA:12,2,0,0
BRDA:12,2,1,0
BRDA:14,3,0,0
BRDA:14,3,1,0
BRDA:14,4,0,0
BRDA:14,4,1,0
BRDA:26,5,0,0
BRDA:26,5,1,0
BRDA:26,6,0,0
BRDA:26,6,1,0
BRDA:30,7,0,0
BRDA:30,7,1,0
BRDA:30,7,2,0
BRDA:32,8,0,0
BRDA:32,8,1,0
BRDA:32,8,2,0
BRDA:32,8,3,0
BRDA:37,9,0,0
BRDA:37,9,1,0
BRDA:37,9,2,0
BRDA:37,9,3,0
BRDA:67,10,0,0
BRDA:67,10,1,0
BRDA:70,11,0,0
BRDA:70,11,1,0
BRDA:85,12,0,0
BRDA:85,12,1,0
BRDA:85,13,0,0
BRDA:85,13,1,0
BRDA:111,14,0,0
BRDA:118,15,0,0
BRDA:118,15,1,0
BRDA:123,16,0,0
BRDA:123,16,1,0
BRDA:134,17,0,0
BRDA:134,17,1,0
BRDA:134,18,0,0
BRDA:134,18,1,0
BRDA:139,19,0,0
BRDA:139,19,1,0
BRDA:144,20,0,0
BRDA:144,20,1,0
BRDA:144,21,0,0
BRDA:144,21,1,0
BRDA:149,22,0,0
BRDA:149,22,1,0
BRDA:154,23,0,0
BRDA:154,23,1,0
BRDA:154,24,0,0
BRDA:154,24,1,0
BRDA:158,25,0,0
BRDA:158,25,1,0
BRDA:160,26,0,0
BRDA:160,26,1,0
BRF:57
BRH:0
end_of_record
TN:
SF:src/services/notionService.js
FN:10,getNotionClient
FN:42,makeCacheKey
FN:52,queryDatabase
FN:88,getPage
FN:111,getCharacters
FN:120,getTimelineEvents
FN:129,getPuzzles
FN:138,getElements
FN:147,getElementsByType
FN:163,getPagesByIds
FN:167,(anonymous_10)
FN:167,(anonymous_11)
FN:173,clearCache
FN:206,getCharacterDetails
FN:234,(anonymous_14)
FN:248,getAllCharacterOverviews
FN:320,getCharactersForList
FN:325,getTimelineEventsForList
FNF:18
FNH:0
FNDA:0,getNotionClient
FNDA:0,makeCacheKey
FNDA:0,queryDatabase
FNDA:0,getPage
FNDA:0,getCharacters
FNDA:0,getTimelineEvents
FNDA:0,getPuzzles
FNDA:0,getElements
FNDA:0,getElementsByType
FNDA:0,getPagesByIds
FNDA:0,(anonymous_10)
FNDA:0,(anonymous_11)
FNDA:0,clearCache
FNDA:0,getCharacterDetails
FNDA:0,(anonymous_14)
FNDA:0,getAllCharacterOverviews
FNDA:0,getCharactersForList
FNDA:0,getTimelineEventsForList
DA:1,1
DA:2,1
DA:3,1
DA:4,1
DA:5,1
DA:8,1
DA:11,0
DA:13,0
DA:14,0
DA:15,0
DA:21,0
DA:22,0
DA:25,0
DA:29,0
DA:33,1
DA:40,1
DA:43,0
DA:53,0
DA:54,0
DA:55,0
DA:56,0
DA:57,0
DA:59,0
DA:61,0
DA:66,0
DA:67,0
DA:71,0
DA:73,0
DA:74,0
DA:76,0
DA:78,0
DA:79,0
DA:89,0
DA:90,0
DA:91,0
DA:92,0
DA:93,0
DA:95,0
DA:96,0
DA:97,0
DA:98,0
DA:99,0
DA:101,0
DA:102,0
DA:112,0
DA:121,0
DA:130,0
DA:139,0
DA:148,0
DA:155,0
DA:164,0
DA:166,0
DA:167,0
DA:170,0
DA:174,0
DA:175,0
DA:178,1
DA:207,0
DA:208,0
DA:209,0
DA:210,0
DA:213,0
DA:214,0
DA:215,0
DA:216,0
DA:220,0
DA:221,0
DA:224,0
DA:225,0
DA:228,0
DA:232,0
DA:233,0
DA:234,0
DA:236,0
DA:251,0
DA:252,0
DA:322,0
DA:327,0
LF:78
LH:9
BRDA:11,0,0,0
BRDA:11,0,1,0
BRDA:13,1,0,0
BRDA:13,1,1,0
BRDA:21,2,0,0
BRDA:21,2,1,0
BRDA:34,3,0,1
BRDA:34,3,1,0
BRDA:35,4,0,1
BRDA:35,4,1,0
BRDA:36,5,0,1
BRDA:36,5,1,0
BRDA:37,6,0,1
BRDA:37,6,1,0
BRDA:52,7,0,0
BRDA:55,8,0,0
BRDA:55,8,1,0
BRDA:66,9,0,0
BRDA:66,9,1,0
BRDA:91,10,0,0
BRDA:91,10,1,0
BRDA:111,11,0,0
BRDA:120,12,0,0
BRDA:129,13,0,0
BRDA:138,14,0,0
BRDA:164,15,0,0
BRDA:164,15,1,0
BRDA:164,16,0,0
BRDA:164,16,1,0
BRDA:208,17,0,0
BRDA:208,17,1,0
BRDA:214,18,0,0
BRDA:214,18,1,0
BRDA:220,19,0,0
BRDA:220,19,1,0
BRDA:224,20,0,0
BRDA:224,20,1,0
BRDA:229,21,0,0
BRDA:229,21,1,0
BRDA:230,22,0,0
BRDA:230,22,1,0
BRDA:233,23,0,0
BRDA:233,23,1,0
BRF:43
BRH:4
end_of_record
TN:
SF:src/services/sync/entitySyncers/BaseSyncer.js
FN:15,(anonymous_0)
FN:35,(anonymous_1)
FN:49,(anonymous_2)
FN:137,(anonymous_3)
FN:150,(anonymous_4)
FN:162,(anonymous_5)
FN:171,(anonymous_6)
FN:181,(anonymous_7)
FN:191,(anonymous_8)
FN:200,(anonymous_9)
FN:244,(anonymous_10)
FNF:11
FNH:5
FNDA:8,(anonymous_0)
FNDA:7,(anonymous_1)
FNDA:7,(anonymous_2)
FNDA:1,(anonymous_3)
FNDA:0,(anonymous_4)
FNDA:0,(anonymous_5)
FNDA:0,(anonymous_6)
FNDA:0,(anonymous_7)
FNDA:0,(anonymous_8)
FNDA:1,(anonymous_9)
FNDA:0,(anonymous_10)
DA:1,1
DA:16,8
DA:17,0
DA:20,8
DA:21,0
DA:24,8
DA:25,8
DA:26,8
DA:27,8
DA:28,8
DA:36,7
DA:37,7
DA:39,7
DA:50,7
DA:52,7
DA:53,7
DA:55,7
DA:57,7
DA:58,7
DA:60,7
DA:61,1
DA:62,1
DA:63,1
DA:67,6
DA:68,6
DA:70,6
DA:72,6
DA:75,5
DA:76,5
DA:78,5
DA:79,8
DA:81,8
DA:83,8
DA:85,7
DA:86,7
DA:88,1
DA:89,1
DA:91,1
DA:92,0
DA:96,0
DA:97,0
DA:99,0
DA:100,0
DA:107,5
DA:110,4
DA:113,4
DA:115,4
DA:119,2
DA:120,2
DA:122,2
DA:126,2
DA:127,2
DA:138,1
DA:139,1
DA:163,0
DA:172,0
DA:182,0
DA:192,0
DA:201,1
DA:203,1
DA:205,1
DA:206,1
DA:209,1
DA:210,1
DA:211,1
DA:214,1
DA:215,2
DA:216,2
DA:217,2
DA:218,2
DA:220,0
DA:223,0
DA:227,1
DA:235,0
DA:246,0
DA:250,1
LF:76
LH:61
BRDA:16,0,0,0
BRDA:16,0,1,8
BRDA:20,1,0,0
BRDA:20,1,1,8
BRDA:36,2,0,7
BRDA:36,2,1,0
BRDA:49,3,0,7
BRDA:50,4,0,7
BRDA:50,5,0,7
BRDA:60,6,0,1
BRDA:60,6,1,6
BRDA:83,7,0,7
BRDA:83,7,1,1
BRDA:83,8,0,8
BRDA:83,8,1,8
BRDA:89,9,0,1
BRDA:89,9,1,0
BRDA:91,10,0,0
BRDA:91,10,1,1
BRDA:99,11,0,0
BRDA:99,11,1,0
BRDA:119,12,0,2
BRDA:119,12,1,0
BRDA:138,13,0,0
BRDA:138,13,1,1
BRDA:200,14,0,1
BRDA:217,15,0,2
BRDA:217,15,1,0
BRDA:217,16,0,2
BRDA:217,16,1,2
BRF:30
BRH:20
end_of_record
TN:
SF:src/services/sync/entitySyncers/TimelineEventSyncer.js
FN:20,(anonymous_0)
FN:28,(anonymous_1)
FN:36,(anonymous_2)
FN:52,(anonymous_3)
FN:65,(anonymous_4)
FN:69,(anonymous_5)
FN:95,(anonymous_6)
FN:129,(anonymous_7)
FN:179,(anonymous_8)
FNF:9
FNH:9
FNDA:8,(anonymous_0)
FNDA:8,(anonymous_1)
FNDA:6,(anonymous_2)
FNDA:10,(anonymous_3)
FNDA:5,(anonymous_4)
FNDA:2,(anonymous_5)
FNDA:7,(anonymous_6)
FNDA:5,(anonymous_7)
FNDA:1,(anonymous_8)
DA:1,1
DA:21,8
DA:29,8
DA:38,6
DA:41,5
DA:44,5
DA:53,10
DA:54,10
DA:59,10
DA:60,1
DA:64,9
DA:65,5
DA:68,9
DA:69,2
DA:72,9
DA:86,0
DA:97,7
DA:99,7
DA:106,7
DA:116,7
DA:117,5
DA:119,7
DA:130,5
DA:131,0
DA:134,5
DA:137,5
DA:142,5
DA:143,7
DA:146,7
DA:147,7
DA:148,5
DA:151,5
DA:152,0
DA:153,0
DA:154,0
DA:156,0
DA:157,0
DA:161,5
DA:162,5
DA:172,4
DA:180,1
DA:181,1
DA:185,1
LF:43
LH:36
BRDA:59,0,0,1
BRDA:59,0,1,9
BRDA:64,1,0,4
BRDA:64,1,1,5
BRDA:68,2,0,3
BRDA:68,2,1,6
BRDA:74,3,0,9
BRDA:74,3,1,0
BRDA:75,4,0,9
BRDA:75,4,1,6
BRDA:78,5,0,9
BRDA:78,5,1,7
BRDA:81,6,0,9
BRDA:81,6,1,5
BRDA:82,7,0,9
BRDA:82,7,1,6
BRDA:116,8,0,5
BRDA:116,8,1,2
BRDA:130,9,0,0
BRDA:130,9,1,5
BRDA:130,10,0,5
BRDA:130,10,1,5
BRDA:146,11,0,7
BRDA:146,11,1,0
BRDA:146,12,0,7
BRDA:146,12,1,7
BRDA:148,13,0,5
BRDA:148,13,1,0
BRDA:151,14,0,0
BRDA:151,14,1,5
BRDA:151,15,0,5
BRDA:151,15,1,0
BRDA:153,16,0,0
BRDA:153,16,1,0
BRDA:161,17,0,5
BRDA:161,17,1,0
BRF:36
BRH:27
end_of_record
TN:
SF:src/utils/notionPropertyMapper.js
FN:6,extractTitle
FN:10,(anonymous_1)
FN:18,extractRichText
FN:22,(anonymous_3)
FN:30,extractSelect
FN:42,extractMultiSelect
FN:46,(anonymous_6)
FN:54,extractRelation
FN:58,(anonymous_8)
FN:66,extractUrl
FN:78,extractDate
FN:90,extractNumber
FN:102,mapCharacter
FN:128,mapTimelineEvent
FN:148,mapPuzzle
FN:176,getProperty
FN:206,extractRelationByName
FN:217,extractRichTextByName
FN:228,extractSelectByName
FN:239,extractMultiSelectByName
FN:250,extractUrlByName
FN:261,mapCharacterWithNames
FN:284,(anonymous_22)
FN:295,(anonymous_23)
FN:296,(anonymous_24)
FN:297,(anonymous_25)
FN:298,(anonymous_26)
FN:326,mapTimelineEventWithNames
FN:339,(anonymous_28)
FN:342,(anonymous_29)
FN:364,(anonymous_30)
FN:397,mapPuzzleWithNames
FN:445,(anonymous_32)
FN:446,(anonymous_33)
FN:459,(anonymous_34)
FN:464,(anonymous_35)
FN:465,(anonymous_36)
FN:466,(anonymous_37)
FN:467,(anonymous_38)
FN:470,(anonymous_39)
FN:471,(anonymous_40)
FN:522,mapCharacterOverview
FN:538,mapElementWithNames
FN:563,(anonymous_43)
FN:568,(anonymous_44)
FN:571,(anonymous_45)
FN:572,(anonymous_46)
FN:573,(anonymous_47)
FN:574,(anonymous_48)
FN:575,(anonymous_49)
FN:576,(anonymous_50)
FN:577,(anonymous_51)
FN:602,(anonymous_52)
FNF:53
FNH:0
FNDA:0,extractTitle
FNDA:0,(anonymous_1)
FNDA:0,extractRichText
FNDA:0,(anonymous_3)
FNDA:0,extractSelect
FNDA:0,extractMultiSelect
FNDA:0,(anonymous_6)
FNDA:0,extractRelation
FNDA:0,(anonymous_8)
FNDA:0,extractUrl
FNDA:0,extractDate
FNDA:0,extractNumber
FNDA:0,mapCharacter
FNDA:0,mapTimelineEvent
FNDA:0,mapPuzzle
FNDA:0,getProperty
FNDA:0,extractRelationByName
FNDA:0,extractRichTextByName
FNDA:0,extractSelectByName
FNDA:0,extractMultiSelectByName
FNDA:0,extractUrlByName
FNDA:0,mapCharacterWithNames
FNDA:0,(anonymous_22)
FNDA:0,(anonymous_23)
FNDA:0,(anonymous_24)
FNDA:0,(anonymous_25)
FNDA:0,(anonymous_26)
FNDA:0,mapTimelineEventWithNames
FNDA:0,(anonymous_28)
FNDA:0,(anonymous_29)
FNDA:0,(anonymous_30)
FNDA:0,mapPuzzleWithNames
FNDA:0,(anonymous_32)
FNDA:0,(anonymous_33)
FNDA:0,(anonymous_34)
FNDA:0,(anonymous_35)
FNDA:0,(anonymous_36)
FNDA:0,(anonymous_37)
FNDA:0,(anonymous_38)
FNDA:0,(anonymous_39)
FNDA:0,(anonymous_40)
FNDA:0,mapCharacterOverview
FNDA:0,mapElementWithNames
FNDA:0,(anonymous_43)
FNDA:0,(anonymous_44)
FNDA:0,(anonymous_45)
FNDA:0,(anonymous_46)
FNDA:0,(anonymous_47)
FNDA:0,(anonymous_48)
FNDA:0,(anonymous_49)
FNDA:0,(anonymous_50)
FNDA:0,(anonymous_51)
FNDA:0,(anonymous_52)
DA:7,0
DA:8,0
DA:10,0
DA:19,0
DA:20,0
DA:22,0
DA:31,0
DA:32,0
DA:34,0
DA:43,0
DA:44,0
DA:46,0
DA:55,0
DA:56,0
DA:58,0
DA:67,0
DA:68,0
DA:70,0
DA:79,0
DA:80,0
DA:82,0
DA:91,0
DA:92,0
DA:94,0
DA:103,0
DA:105,0
DA:129,0
DA:131,0
DA:149,0
DA:151,0
DA:178,0
DA:187,0
DA:188,0
DA:189,0
DA:194,0
DA:197,0
DA:207,0
DA:208,0
DA:218,0
DA:219,0
DA:229,0
DA:230,0
DA:240,0
DA:241,0
DA:251,0
DA:252,0
DA:262,0
DA:263,0
DA:266,0
DA:267,0
DA:268,0
DA:269,0
DA:277,0
DA:284,0
DA:286,0
DA:295,0
DA:296,0
DA:297,0
DA:298,0
DA:307,0
DA:309,0
DA:312,0
DA:327,0
DA:328,0
DA:331,0
DA:332,0
DA:334,0
DA:339,0
DA:342,0
DA:345,0
DA:346,0
DA:348,0
DA:351,0
DA:352,0
DA:355,0
DA:359,0
DA:364,0
DA:378,0
DA:380,0
DA:383,0
DA:398,0
DA:399,0
DA:402,0
DA:403,0
DA:404,0
DA:405,0
DA:406,0
DA:407,0
DA:414,0
DA:415,0
DA:417,0
DA:418,0
DA:419,0
DA:421,0
DA:422,0
DA:423,0
DA:425,0
DA:426,0
DA:427,0
DA:429,0
DA:430,0
DA:431,0
DA:433,0
DA:434,0
DA:435,0
DA:437,0
DA:438,0
DA:439,0
DA:443,0
DA:446,0
DA:451,0
DA:452,0
DA:453,0
DA:454,0
DA:455,0
DA:456,0
DA:459,0
DA:461,0
DA:464,0
DA:465,0
DA:466,0
DA:467,0
DA:470,0
DA:471,0
DA:487,0
DA:489,0
DA:490,0
DA:491,0
DA:492,0
DA:495,0
DA:496,0
DA:497,0
DA:505,0
DA:509,0
DA:523,0
DA:524,0
DA:526,0
DA:539,0
DA:540,0
DA:543,0
DA:544,0
DA:545,0
DA:546,0
DA:547,0
DA:548,0
DA:549,0
DA:550,0
DA:552,0
DA:563,0
DA:565,0
DA:568,0
DA:571,0
DA:572,0
DA:573,0
DA:574,0
DA:575,0
DA:576,0
DA:577,0
DA:597,0
DA:598,0
DA:600,0
DA:601,0
DA:602,0
DA:604,0
DA:606,0
DA:607,0
DA:611,0
DA:612,0
DA:613,0
DA:614,0
DA:615,0
DA:618,0
DA:619,0
DA:620,0
DA:621,0
DA:622,0
DA:625,0
DA:626,0
DA:627,0
DA:628,0
DA:629,0
DA:633,0
DA:634,0
DA:635,0
DA:636,0
DA:637,0
DA:640,0
DA:641,0
DA:642,0
DA:643,0
DA:644,0
DA:646,0
DA:647,0
DA:653,0
DA:655,0
DA:658,0
DA:666,1
LF:197
LH:1
BRDA:7,0,0,0
BRDA:7,0,1,0
BRDA:7,1,0,0
BRDA:7,1,1,0
BRDA:7,1,2,0
BRDA:19,2,0,0
BRDA:19,2,1,0
BRDA:19,3,0,0
BRDA:19,3,1,0
BRDA:19,3,2,0
BRDA:31,4,0,0
BRDA:31,4,1,0
BRDA:31,5,0,0
BRDA:31,5,1,0
BRDA:43,6,0,0
BRDA:43,6,1,0
BRDA:43,7,0,0
BRDA:43,7,1,0
BRDA:43,7,2,0
BRDA:55,8,0,0
BRDA:55,8,1,0
BRDA:55,9,0,0
BRDA:55,9,1,0
BRDA:55,9,2,0
BRDA:67,10,0,0
BRDA:67,10,1,0
BRDA:67,11,0,0
BRDA:67,11,1,0
BRDA:79,12,0,0
BRDA:79,12,1,0
BRDA:79,13,0,0
BRDA:79,13,1,0
BRDA:91,14,0,0
BRDA:91,14,1,0
BRDA:91,15,0,0
BRDA:91,15,1,0
BRDA:91,15,2,0
BRDA:110,16,0,0
BRDA:110,16,1,0
BRDA:111,17,0,0
BRDA:111,17,1,0
BRDA:112,18,0,0
BRDA:112,18,1,0
BRDA:113,19,0,0
BRDA:113,19,1,0
BRDA:114,20,0,0
BRDA:114,20,1,0
BRDA:115,21,0,0
BRDA:115,21,1,0
BRDA:116,22,0,0
BRDA:116,22,1,0
BRDA:117,23,0,0
BRDA:117,23,1,0
BRDA:135,24,0,0
BRDA:135,24,1,0
BRDA:136,25,0,0
BRDA:136,25,1,0
BRDA:137,26,0,0
BRDA:137,26,1,0
BRDA:138,27,0,0
BRDA:138,27,1,0
BRDA:154,28,0,0
BRDA:154,28,1,0
BRDA:155,29,0,0
BRDA:155,29,1,0
BRDA:156,30,0,0
BRDA:156,30,1,0
BRDA:157,31,0,0
BRDA:157,31,1,0
BRDA:158,32,0,0
BRDA:158,32,1,0
BRDA:160,33,0,0
BRDA:160,33,1,0
BRDA:161,34,0,0
BRDA:161,34,1,0
BRDA:163,35,0,0
BRDA:163,35,1,0
BRDA:164,36,0,0
BRDA:164,36,1,0
BRDA:188,37,0,0
BRDA:188,37,1,0
BRDA:208,38,0,0
BRDA:208,38,1,0
BRDA:219,39,0,0
BRDA:219,39,1,0
BRDA:230,40,0,0
BRDA:230,40,1,0
BRDA:241,41,0,0
BRDA:241,41,1,0
BRDA:252,42,0,0
BRDA:252,42,1,0
BRDA:284,43,0,0
BRDA:284,44,0,0
BRDA:284,44,1,0
BRDA:284,44,2,0
BRDA:284,44,3,0
BRDA:309,45,0,0
BRDA:309,45,1,0
BRDA:313,46,0,0
BRDA:313,46,1,0
BRDA:314,47,0,0
BRDA:314,47,1,0
BRDA:339,48,0,0
BRDA:339,49,0,0
BRDA:339,49,1,0
BRDA:339,49,2,0
BRDA:345,50,0,0
BRDA:345,50,1,0
BRDA:346,51,0,0
BRDA:346,51,1,0
BRDA:348,52,0,0
BRDA:348,52,1,0
BRDA:380,53,0,0
BRDA:380,53,1,0
BRDA:384,54,0,0
BRDA:384,54,1,0
BRDA:385,55,0,0
BRDA:385,55,1,0
BRDA:417,56,0,0
BRDA:417,56,1,0
BRDA:421,57,0,0
BRDA:421,57,1,0
BRDA:425,58,0,0
BRDA:425,58,1,0
BRDA:429,59,0,0
BRDA:429,59,1,0
BRDA:433,60,0,0
BRDA:433,60,1,0
BRDA:437,61,0,0
BRDA:437,61,1,0
BRDA:443,62,0,0
BRDA:443,62,1,0
BRDA:451,63,0,0
BRDA:451,63,1,0
BRDA:452,64,0,0
BRDA:452,64,1,0
BRDA:453,65,0,0
BRDA:453,65,1,0
BRDA:454,66,0,0
BRDA:454,66,1,0
BRDA:455,67,0,0
BRDA:455,67,1,0
BRDA:456,68,0,0
BRDA:456,68,1,0
BRDA:459,69,0,0
BRDA:459,70,0,0
BRDA:459,70,1,0
BRDA:459,70,2,0
BRDA:459,70,3,0
BRDA:489,71,0,0
BRDA:489,71,1,0
BRDA:490,72,0,0
BRDA:490,72,1,0
BRDA:491,73,0,0
BRDA:491,73,1,0
BRDA:495,74,0,0
BRDA:495,74,1,0
BRDA:510,75,0,0
BRDA:510,75,1,0
BRDA:523,76,0,0
BRDA:523,76,1,0
BRDA:523,77,0,0
BRDA:523,77,1,0
BRDA:563,78,0,0
BRDA:563,79,0,0
BRDA:563,79,1,0
BRDA:563,79,2,0
BRDA:563,79,3,0
BRDA:600,80,0,0
BRDA:600,80,1,0
BRDA:600,81,0,0
BRDA:600,81,1,0
BRDA:604,82,0,0
BRDA:604,82,1,0
BRDA:606,83,0,0
BRDA:606,83,1,0
BRDA:613,84,0,0
BRDA:613,84,1,0
BRDA:613,85,0,0
BRDA:613,85,1,0
BRDA:620,86,0,0
BRDA:620,86,1,0
BRDA:620,87,0,0
BRDA:620,87,1,0
BRDA:627,88,0,0
BRDA:627,88,1,0
BRDA:627,89,0,0
BRDA:627,89,1,0
BRDA:635,90,0,0
BRDA:635,90,1,0
BRDA:635,91,0,0
BRDA:635,91,1,0
BRDA:642,92,0,0
BRDA:642,92,1,0
BRDA:642,93,0,0
BRDA:642,93,1,0
BRDA:655,94,0,0
BRDA:655,94,1,0
BRDA:659,95,0,0
BRDA:659,95,1,0
BRDA:660,96,0,0
BRDA:660,96,1,0
BRF:202
BRH:0
end_of_record
