TN:
SF:src\index.js
FN:32,(anonymous_0)
FN:44,(anonymous_1)
FN:49,(anonymous_2)
FN:55,startServer
FN:64,(anonymous_4)
FNF:5
FNH:2
FNDA:4,(anonymous_0)
FNDA:0,(anonymous_1)
FNDA:0,(anonymous_2)
FNDA:1,startServer
FNDA:0,(anonymous_4)
DA:1,1
DA:2,1
DA:3,1
DA:4,1
DA:5,1
DA:6,1
DA:9,1
DA:10,1
DA:13,1
DA:16,1
DA:17,1
DA:20,1
DA:21,1
DA:22,1
DA:23,1
DA:26,1
DA:34,4
DA:37,1
DA:40,1
DA:41,1
DA:44,1
DA:45,0
DA:49,1
DA:50,0
DA:51,0
DA:57,1
DA:58,0
DA:59,0
DA:60,0
DA:63,0
DA:64,0
DA:65,0
DA:66,0
DA:67,0
DA:71,0
DA:72,0
DA:77,1
DA:81,1
DA:83,1
LF:39
LH:26
BRDA:17,0,0,1
BRDA:17,0,1,0
BRDA:57,1,0,0
BRDA:57,1,1,1
BRDA:63,2,0,0
BRDA:63,2,1,0
BRF:6
BRH:2
end_of_record
TN:
SF:src\controllers\journeyController.js
FN:12,getCharacterJourney
FN:29,getGapSuggestions
FN:37,(anonymous_2)
FN:57,getCharacterGaps
FN:74,getAllGaps
FN:87,(anonymous_5)
FN:102,getSyncStatus
FN:127,resolveGap
FNF:8
FNH:7
FNDA:4,getCharacterJourney
FNDA:3,getGapSuggestions
FNDA:2,(anonymous_2)
FNDA:2,getCharacterGaps
FNDA:3,getAllGaps
FNDA:2,(anonymous_5)
FNDA:0,getSyncStatus
FNDA:4,resolveGap
DA:1,3
DA:3,3
DA:7,3
DA:13,4
DA:14,4
DA:15,4
DA:16,4
DA:17,2
DA:19,2
DA:21,0
DA:22,0
DA:30,3
DA:31,3
DA:32,3
DA:33,3
DA:34,1
DA:37,2
DA:38,2
DA:39,1
DA:42,1
DA:43,1
DA:45,1
DA:46,1
DA:49,0
DA:50,0
DA:58,2
DA:59,2
DA:60,2
DA:61,2
DA:62,1
DA:64,1
DA:66,0
DA:67,0
DA:75,3
DA:76,3
DA:77,3
DA:79,3
DA:80,1
DA:81,1
DA:84,2
DA:85,4
DA:86,4
DA:87,2
DA:88,2
DA:89,2
DA:92,2
DA:94,0
DA:95,0
DA:103,0
DA:105,0
DA:113,0
DA:114,0
DA:118,3
DA:128,4
DA:129,4
DA:131,4
DA:132,1
DA:135,3
DA:136,3
DA:137,3
DA:138,1
DA:140,2
DA:142,0
DA:143,0
LF:64
LH:50
BRDA:16,0,0,2
BRDA:16,0,1,2
BRDA:33,1,0,1
BRDA:33,1,1,2
BRDA:38,2,0,1
BRDA:38,2,1,1
BRDA:61,3,0,1
BRDA:61,3,1,1
BRDA:64,4,0,1
BRDA:64,4,1,0
BRDA:79,5,0,1
BRDA:79,5,1,2
BRDA:79,6,0,3
BRDA:79,6,1,3
BRDA:86,7,0,2
BRDA:86,7,1,2
BRDA:86,8,0,4
BRDA:86,8,1,2
BRDA:86,8,2,2
BRDA:88,9,0,2
BRDA:88,9,1,0
BRDA:131,10,0,1
BRDA:131,10,1,3
BRDA:137,11,0,1
BRDA:137,11,1,2
BRF:25
BRH:23
end_of_record
TN:
SF:src\controllers\notionController.js
FN:11,createSnippet
FN:22,(anonymous_1)
FN:23,(anonymous_2)
FN:28,buildNotionFilter
FN:49,(anonymous_4)
FN:54,(anonymous_5)
FN:60,(anonymous_6)
FN:83,(anonymous_7)
FN:110,(anonymous_8)
FN:111,(anonymous_9)
FN:112,(anonymous_10)
FN:113,(anonymous_11)
FN:121,(anonymous_12)
FN:124,(anonymous_13)
FN:127,(anonymous_14)
FN:127,(anonymous_15)
FN:150,(anonymous_16)
FN:173,(anonymous_17)
FN:183,(anonymous_18)
FN:204,(anonymous_19)
FN:205,(anonymous_20)
FN:207,(anonymous_21)
FN:214,(anonymous_22)
FN:225,(anonymous_23)
FN:269,(anonymous_24)
FN:272,(anonymous_25)
FN:276,(anonymous_26)
FN:284,(anonymous_27)
FN:287,(anonymous_28)
FN:291,(anonymous_29)
FN:299,(anonymous_30)
FN:302,(anonymous_31)
FN:302,(anonymous_32)
FN:318,(anonymous_33)
FN:330,(anonymous_34)
FN:336,(anonymous_35)
FN:359,(anonymous_36)
FN:364,(anonymous_37)
FN:370,(anonymous_38)
FN:402,(anonymous_39)
FN:416,(anonymous_40)
FN:441,(anonymous_41)
FN:447,(anonymous_42)
FN:470,(anonymous_43)
FN:487,(anonymous_44)
FN:515,(anonymous_45)
FN:523,(anonymous_46)
FN:535,(anonymous_47)
FN:541,setCacheHeaders
FN:545,(anonymous_49)
FN:572,(anonymous_50)
FN:573,(anonymous_51)
FN:574,(anonymous_52)
FN:575,(anonymous_53)
FN:576,(anonymous_54)
FN:577,(anonymous_55)
FN:578,(anonymous_56)
FN:579,(anonymous_57)
FN:586,(anonymous_58)
FN:586,(anonymous_59)
FN:588,(anonymous_60)
FN:590,(anonymous_61)
FN:590,(anonymous_62)
FN:590,(anonymous_63)
FN:592,(anonymous_64)
FN:592,(anonymous_65)
FN:602,(anonymous_66)
FN:606,(anonymous_67)
FN:610,(anonymous_68)
FN:614,(anonymous_69)
FN:618,(anonymous_70)
FN:622,(anonymous_71)
FN:626,(anonymous_72)
FN:630,(anonymous_73)
FN:637,(anonymous_74)
FN:670,(anonymous_75)
FN:673,(anonymous_76)
FN:673,(anonymous_77)
FN:676,(anonymous_78)
FN:676,(anonymous_79)
FN:681,(anonymous_80)
FN:684,(anonymous_81)
FN:699,(anonymous_82)
FN:725,(anonymous_83)
FN:726,(anonymous_84)
FN:727,(anonymous_85)
FN:728,(anonymous_86)
FN:729,(anonymous_87)
FN:730,(anonymous_88)
FN:737,(anonymous_89)
FN:739,(anonymous_90)
FN:739,(anonymous_91)
FN:739,(anonymous_92)
FN:741,(anonymous_93)
FN:741,(anonymous_94)
FN:751,(anonymous_95)
FN:755,(anonymous_96)
FN:759,(anonymous_97)
FN:763,(anonymous_98)
FN:767,(anonymous_99)
FN:771,(anonymous_100)
FN:778,(anonymous_101)
FN:811,(anonymous_102)
FN:814,(anonymous_103)
FN:817,(anonymous_104)
FN:822,(anonymous_105)
FN:825,(anonymous_106)
FN:830,(anonymous_107)
FN:833,(anonymous_108)
FN:848,(anonymous_109)
FN:874,(anonymous_110)
FN:875,(anonymous_111)
FN:882,(anonymous_112)
FN:884,(anonymous_113)
FN:894,(anonymous_114)
FN:898,(anonymous_115)
FN:905,(anonymous_116)
FN:939,(anonymous_117)
FN:939,(anonymous_118)
FN:942,(anonymous_119)
FN:945,(anonymous_120)
FN:950,(anonymous_121)
FN:953,(anonymous_122)
FN:956,(anonymous_123)
FN:971,_createGraphNodeInternal
FN:1051,(anonymous_125)
FN:1073,_createGraphEdgeInternal
FN:1125,(anonymous_127)
FN:1168,(anonymous_128)
FN:1180,(anonymous_129)
FN:1218,(anonymous_130)
FN:1230,(anonymous_131)
FN:1281,(anonymous_132)
FN:1304,(anonymous_133)
FN:1305,(anonymous_134)
FN:1306,(anonymous_135)
FN:1307,(anonymous_136)
FN:1309,(anonymous_137)
FN:1336,(anonymous_138)
FN:1347,(anonymous_139)
FN:1359,(anonymous_140)
FN:1364,(anonymous_141)
FN:1393,(anonymous_142)
FN:1430,(anonymous_143)
FN:1431,(anonymous_144)
FN:1432,(anonymous_145)
FN:1433,(anonymous_146)
FN:1442,(anonymous_147)
FN:1444,(anonymous_148)
FN:1456,(anonymous_149)
FN:1478,(anonymous_150)
FN:1500,(anonymous_151)
FN:1524,(anonymous_152)
FN:1532,(anonymous_153)
FN:1540,(anonymous_154)
FN:1548,(anonymous_155)
FN:1556,(anonymous_156)
FN:1564,(anonymous_157)
FN:1597,(anonymous_158)
FN:1609,(anonymous_159)
FNF:160
FNH:7
FNDA:0,createSnippet
FNDA:168,(anonymous_1)
FNDA:4,(anonymous_2)
FNDA:4,buildNotionFilter
FNDA:1,(anonymous_4)
FNDA:0,(anonymous_5)
FNDA:0,(anonymous_6)
FNDA:0,(anonymous_7)
FNDA:0,(anonymous_8)
FNDA:0,(anonymous_9)
FNDA:0,(anonymous_10)
FNDA:0,(anonymous_11)
FNDA:0,(anonymous_12)
FNDA:0,(anonymous_13)
FNDA:0,(anonymous_14)
FNDA:0,(anonymous_15)
FNDA:0,(anonymous_16)
FNDA:0,(anonymous_17)
FNDA:0,(anonymous_18)
FNDA:0,(anonymous_19)
FNDA:0,(anonymous_20)
FNDA:0,(anonymous_21)
FNDA:0,(anonymous_22)
FNDA:0,(anonymous_23)
FNDA:0,(anonymous_24)
FNDA:0,(anonymous_25)
FNDA:0,(anonymous_26)
FNDA:0,(anonymous_27)
FNDA:0,(anonymous_28)
FNDA:0,(anonymous_29)
FNDA:0,(anonymous_30)
FNDA:0,(anonymous_31)
FNDA:0,(anonymous_32)
FNDA:1,(anonymous_33)
FNDA:0,(anonymous_34)
FNDA:0,(anonymous_35)
FNDA:1,(anonymous_36)
FNDA:0,(anonymous_37)
FNDA:0,(anonymous_38)
FNDA:1,(anonymous_39)
FNDA:0,(anonymous_40)
FNDA:0,(anonymous_41)
FNDA:0,(anonymous_42)
FNDA:0,(anonymous_43)
FNDA:0,(anonymous_44)
FNDA:0,(anonymous_45)
FNDA:0,(anonymous_46)
FNDA:0,(anonymous_47)
FNDA:0,setCacheHeaders
FNDA:0,(anonymous_49)
FNDA:0,(anonymous_50)
FNDA:0,(anonymous_51)
FNDA:0,(anonymous_52)
FNDA:0,(anonymous_53)
FNDA:0,(anonymous_54)
FNDA:0,(anonymous_55)
FNDA:0,(anonymous_56)
FNDA:0,(anonymous_57)
FNDA:0,(anonymous_58)
FNDA:0,(anonymous_59)
FNDA:0,(anonymous_60)
FNDA:0,(anonymous_61)
FNDA:0,(anonymous_62)
FNDA:0,(anonymous_63)
FNDA:0,(anonymous_64)
FNDA:0,(anonymous_65)
FNDA:0,(anonymous_66)
FNDA:0,(anonymous_67)
FNDA:0,(anonymous_68)
FNDA:0,(anonymous_69)
FNDA:0,(anonymous_70)
FNDA:0,(anonymous_71)
FNDA:0,(anonymous_72)
FNDA:0,(anonymous_73)
FNDA:0,(anonymous_74)
FNDA:0,(anonymous_75)
FNDA:0,(anonymous_76)
FNDA:0,(anonymous_77)
FNDA:0,(anonymous_78)
FNDA:0,(anonymous_79)
FNDA:0,(anonymous_80)
FNDA:0,(anonymous_81)
FNDA:0,(anonymous_82)
FNDA:0,(anonymous_83)
FNDA:0,(anonymous_84)
FNDA:0,(anonymous_85)
FNDA:0,(anonymous_86)
FNDA:0,(anonymous_87)
FNDA:0,(anonymous_88)
FNDA:0,(anonymous_89)
FNDA:0,(anonymous_90)
FNDA:0,(anonymous_91)
FNDA:0,(anonymous_92)
FNDA:0,(anonymous_93)
FNDA:0,(anonymous_94)
FNDA:0,(anonymous_95)
FNDA:0,(anonymous_96)
FNDA:0,(anonymous_97)
FNDA:0,(anonymous_98)
FNDA:0,(anonymous_99)
FNDA:0,(anonymous_100)
FNDA:0,(anonymous_101)
FNDA:0,(anonymous_102)
FNDA:0,(anonymous_103)
FNDA:0,(anonymous_104)
FNDA:0,(anonymous_105)
FNDA:0,(anonymous_106)
FNDA:0,(anonymous_107)
FNDA:0,(anonymous_108)
FNDA:0,(anonymous_109)
FNDA:0,(anonymous_110)
FNDA:0,(anonymous_111)
FNDA:0,(anonymous_112)
FNDA:0,(anonymous_113)
FNDA:0,(anonymous_114)
FNDA:0,(anonymous_115)
FNDA:0,(anonymous_116)
FNDA:0,(anonymous_117)
FNDA:0,(anonymous_118)
FNDA:0,(anonymous_119)
FNDA:0,(anonymous_120)
FNDA:0,(anonymous_121)
FNDA:0,(anonymous_122)
FNDA:0,(anonymous_123)
FNDA:0,_createGraphNodeInternal
FNDA:0,(anonymous_125)
FNDA:0,_createGraphEdgeInternal
FNDA:0,(anonymous_127)
FNDA:0,(anonymous_128)
FNDA:0,(anonymous_129)
FNDA:0,(anonymous_130)
FNDA:0,(anonymous_131)
FNDA:0,(anonymous_132)
FNDA:0,(anonymous_133)
FNDA:0,(anonymous_134)
FNDA:0,(anonymous_135)
FNDA:0,(anonymous_136)
FNDA:0,(anonymous_137)
FNDA:0,(anonymous_138)
FNDA:0,(anonymous_139)
FNDA:0,(anonymous_140)
FNDA:0,(anonymous_141)
FNDA:0,(anonymous_142)
FNDA:0,(anonymous_143)
FNDA:0,(anonymous_144)
FNDA:0,(anonymous_145)
FNDA:0,(anonymous_146)
FNDA:0,(anonymous_147)
FNDA:0,(anonymous_148)
FNDA:0,(anonymous_149)
FNDA:0,(anonymous_150)
FNDA:0,(anonymous_151)
FNDA:0,(anonymous_152)
FNDA:0,(anonymous_153)
FNDA:0,(anonymous_154)
FNDA:0,(anonymous_155)
FNDA:0,(anonymous_156)
FNDA:0,(anonymous_157)
FNDA:0,(anonymous_158)
FNDA:0,(anonymous_159)
DA:1,8
DA:2,8
DA:3,8
DA:12,0
DA:13,0
DA:14,0
DA:15,0
DA:16,0
DA:17,0
DA:19,0
DA:22,8
DA:23,168
DA:24,4
DA:29,4
DA:30,4
DA:31,0
DA:32,0
DA:33,0
DA:38,0
DA:45,4
DA:46,0
DA:49,8
DA:50,1
DA:51,1
DA:52,1
DA:53,0
DA:54,0
DA:56,0
DA:57,0
DA:60,8
DA:61,0
DA:62,0
DA:63,0
DA:64,0
DA:65,0
DA:66,0
DA:67,0
DA:69,0
DA:70,0
DA:71,0
DA:72,0
DA:74,0
DA:75,0
DA:76,0
DA:77,0
DA:79,0
DA:80,0
DA:83,8
DA:84,0
DA:85,0
DA:86,0
DA:87,0
DA:88,0
DA:89,0
DA:90,0
DA:91,0
DA:93,0
DA:94,0
DA:95,0
DA:97,0
DA:98,0
DA:99,0
DA:100,0
DA:103,0
DA:104,0
DA:105,0
DA:106,0
DA:107,0
DA:109,0
DA:110,0
DA:111,0
DA:112,0
DA:113,0
DA:115,0
DA:116,0
DA:117,0
DA:118,0
DA:120,0
DA:121,0
DA:122,0
DA:123,0
DA:124,0
DA:125,0
DA:126,0
DA:127,0
DA:128,0
DA:129,0
DA:131,0
DA:132,0
DA:133,0
DA:134,0
DA:138,0
DA:139,0
DA:141,0
DA:146,0
DA:147,0
DA:148,0
DA:149,0
DA:150,0
DA:151,0
DA:152,0
DA:158,0
DA:159,0
DA:160,0
DA:161,0
DA:162,0
DA:163,0
DA:164,0
DA:165,0
DA:166,0
DA:167,0
DA:173,0
DA:174,0
DA:176,0
DA:177,0
DA:178,0
DA:179,0
DA:181,0
DA:182,0
DA:183,0
DA:184,0
DA:188,0
DA:189,0
DA:191,0
DA:192,0
DA:193,0
DA:196,0
DA:204,0
DA:205,0
DA:207,0
DA:208,0
DA:209,0
DA:210,0
DA:211,0
DA:214,0
DA:215,0
DA:216,0
DA:217,0
DA:218,0
DA:222,0
DA:223,0
DA:225,0
DA:226,0
DA:228,0
DA:232,0
DA:233,0
DA:234,0
DA:235,0
DA:236,0
DA:237,0
DA:238,0
DA:239,0
DA:240,0
DA:242,0
DA:243,0
DA:244,0
DA:245,0
DA:246,0
DA:251,0
DA:252,0
DA:253,0
DA:254,0
DA:255,0
DA:257,0
DA:263,0
DA:264,0
DA:265,0
DA:267,0
DA:269,0
DA:270,0
DA:272,0
DA:273,0
DA:275,0
DA:276,0
DA:277,0
DA:278,0
DA:282,0
DA:284,0
DA:285,0
DA:287,0
DA:288,0
DA:290,0
DA:291,0
DA:292,0
DA:293,0
DA:297,0
DA:299,0
DA:300,0
DA:302,0
DA:303,0
DA:305,0
DA:308,0
DA:311,0
DA:312,0
DA:313,0
DA:314,0
DA:315,0
DA:318,8
DA:319,1
DA:325,1
DA:328,1
DA:329,0
DA:330,0
DA:332,0
DA:333,0
DA:336,8
DA:337,0
DA:338,0
DA:339,0
DA:340,0
DA:341,0
DA:342,0
DA:343,0
DA:345,0
DA:346,0
DA:347,0
DA:348,0
DA:350,0
DA:351,0
DA:352,0
DA:353,0
DA:355,0
DA:356,0
DA:359,8
DA:360,1
DA:361,1
DA:362,1
DA:363,0
DA:364,0
DA:366,0
DA:367,0
DA:370,8
DA:371,0
DA:372,0
DA:373,0
DA:374,0
DA:375,0
DA:376,0
DA:377,0
DA:379,0
DA:380,0
DA:381,0
DA:382,0
DA:384,0
DA:385,0
DA:386,0
DA:387,0
DA:389,0
DA:390,0
DA:394,8
DA:402,8
DA:403,1
DA:407,1
DA:413,1
DA:415,1
DA:416,0
DA:421,0
DA:423,0
DA:425,0
DA:426,0
DA:428,0
DA:431,0
DA:435,1
DA:439,1
DA:440,0
DA:441,0
DA:443,0
DA:444,0
DA:447,8
DA:448,0
DA:449,0
DA:450,0
DA:451,0
DA:452,0
DA:453,0
DA:454,0
DA:456,0
DA:457,0
DA:458,0
DA:459,0
DA:461,0
DA:462,0
DA:463,0
DA:464,0
DA:466,0
DA:467,0
DA:470,8
DA:471,0
DA:487,8
DA:488,0
DA:489,0
DA:491,0
DA:514,0
DA:515,0
DA:516,0
DA:520,0
DA:521,0
DA:522,0
DA:523,0
DA:526,0
DA:527,0
DA:531,0
DA:532,0
DA:535,8
DA:536,0
DA:537,0
DA:538,0
DA:542,0
DA:545,8
DA:546,0
DA:547,0
DA:548,0
DA:549,0
DA:550,0
DA:551,0
DA:552,0
DA:553,0
DA:555,0
DA:557,0
DA:558,0
DA:559,0
DA:560,0
DA:561,0
DA:562,0
DA:565,0
DA:566,0
DA:567,0
DA:568,0
DA:569,0
DA:571,0
DA:572,0
DA:573,0
DA:574,0
DA:575,0
DA:576,0
DA:577,0
DA:578,0
DA:579,0
DA:581,0
DA:582,0
DA:583,0
DA:584,0
DA:585,0
DA:586,0
DA:587,0
DA:588,0
DA:589,0
DA:590,0
DA:591,0
DA:592,0
DA:593,0
DA:595,0
DA:596,0
DA:597,0
DA:598,0
DA:602,0
DA:603,0
DA:604,0
DA:606,0
DA:607,0
DA:608,0
DA:610,0
DA:611,0
DA:612,0
DA:614,0
DA:615,0
DA:616,0
DA:618,0
DA:619,0
DA:620,0
DA:622,0
DA:623,0
DA:624,0
DA:626,0
DA:627,0
DA:628,0
DA:630,0
DA:631,0
DA:632,0
DA:635,0
DA:636,0
DA:637,0
DA:638,0
DA:639,0
DA:640,0
DA:641,0
DA:642,0
DA:643,0
DA:644,0
DA:645,0
DA:646,0
DA:647,0
DA:649,0
DA:650,0
DA:651,0
DA:652,0
DA:656,0
DA:657,0
DA:658,0
DA:659,0
DA:660,0
DA:664,0
DA:665,0
DA:666,0
DA:668,0
DA:670,0
DA:671,0
DA:673,0
DA:674,0
DA:676,0
DA:677,0
DA:679,0
DA:681,0
DA:682,0
DA:684,0
DA:685,0
DA:687,0
DA:690,0
DA:692,0
DA:693,0
DA:694,0
DA:695,0
DA:696,0
DA:699,8
DA:700,0
DA:701,0
DA:702,0
DA:703,0
DA:704,0
DA:705,0
DA:706,0
DA:707,0
DA:709,0
DA:710,0
DA:711,0
DA:712,0
DA:713,0
DA:714,0
DA:715,0
DA:718,0
DA:719,0
DA:720,0
DA:721,0
DA:722,0
DA:724,0
DA:725,0
DA:726,0
DA:727,0
DA:728,0
DA:729,0
DA:730,0
DA:732,0
DA:733,0
DA:734,0
DA:735,0
DA:736,0
DA:737,0
DA:738,0
DA:739,0
DA:740,0
DA:741,0
DA:742,0
DA:744,0
DA:745,0
DA:746,0
DA:747,0
DA:751,0
DA:752,0
DA:753,0
DA:755,0
DA:756,0
DA:757,0
DA:759,0
DA:760,0
DA:761,0
DA:763,0
DA:764,0
DA:765,0
DA:767,0
DA:768,0
DA:769,0
DA:771,0
DA:772,0
DA:773,0
DA:776,0
DA:777,0
DA:778,0
DA:779,0
DA:780,0
DA:781,0
DA:782,0
DA:783,0
DA:784,0
DA:785,0
DA:786,0
DA:787,0
DA:788,0
DA:790,0
DA:791,0
DA:792,0
DA:793,0
DA:797,0
DA:798,0
DA:799,0
DA:800,0
DA:801,0
DA:805,0
DA:806,0
DA:807,0
DA:809,0
DA:811,0
DA:812,0
DA:814,0
DA:815,0
DA:817,0
DA:818,0
DA:820,0
DA:822,0
DA:823,0
DA:825,0
DA:826,0
DA:828,0
DA:830,0
DA:831,0
DA:833,0
DA:834,0
DA:836,0
DA:839,0
DA:841,0
DA:842,0
DA:843,0
DA:844,0
DA:845,0
DA:848,8
DA:849,0
DA:850,0
DA:851,0
DA:852,0
DA:853,0
DA:854,0
DA:855,0
DA:856,0
DA:858,0
DA:859,0
DA:860,0
DA:861,0
DA:862,0
DA:863,0
DA:864,0
DA:867,0
DA:868,0
DA:869,0
DA:870,0
DA:871,0
DA:873,0
DA:874,0
DA:875,0
DA:877,0
DA:878,0
DA:879,0
DA:880,0
DA:881,0
DA:882,0
DA:883,0
DA:884,0
DA:885,0
DA:887,0
DA:888,0
DA:889,0
DA:890,0
DA:894,0
DA:895,0
DA:896,0
DA:898,0
DA:899,0
DA:900,0
DA:903,0
DA:904,0
DA:905,0
DA:906,0
DA:907,0
DA:908,0
DA:909,0
DA:910,0
DA:911,0
DA:912,0
DA:913,0
DA:914,0
DA:915,0
DA:916,0
DA:918,0
DA:919,0
DA:920,0
DA:921,0
DA:925,0
DA:926,0
DA:927,0
DA:928,0
DA:929,0
DA:933,0
DA:934,0
DA:935,0
DA:937,0
DA:939,0
DA:940,0
DA:942,0
DA:943,0
DA:945,0
DA:946,0
DA:948,0
DA:950,0
DA:951,0
DA:953,0
DA:954,0
DA:956,0
DA:957,0
DA:959,0
DA:962,0
DA:964,0
DA:965,0
DA:966,0
DA:967,0
DA:968,0
DA:972,0
DA:974,0
DA:977,0
DA:978,0
DA:982,0
DA:983,0
DA:984,0
DA:986,0
DA:992,0
DA:998,0
DA:999,0
DA:1000,0
DA:1002,0
DA:1007,0
DA:1009,0
DA:1016,0
DA:1018,0
DA:1027,0
DA:1029,0
DA:1034,0
DA:1038,0
DA:1042,0
DA:1043,0
DA:1044,0
DA:1046,0
DA:1049,0
DA:1051,0
DA:1052,0
DA:1055,0
DA:1057,0
DA:1063,0
DA:1064,0
DA:1067,0
DA:1068,0
DA:1069,0
DA:1070,0
DA:1074,0
DA:1076,0
DA:1079,0
DA:1081,0
DA:1084,0
DA:1085,0
DA:1086,0
DA:1087,0
DA:1088,0
DA:1089,0
DA:1092,0
DA:1093,0
DA:1094,0
DA:1095,0
DA:1096,0
DA:1097,0
DA:1098,0
DA:1099,0
DA:1100,0
DA:1101,0
DA:1102,0
DA:1103,0
DA:1104,0
DA:1105,0
DA:1106,0
DA:1107,0
DA:1108,0
DA:1109,0
DA:1110,0
DA:1111,0
DA:1112,0
DA:1113,0
DA:1114,0
DA:1115,0
DA:1116,0
DA:1118,0
DA:1119,0
DA:1120,0
DA:1124,0
DA:1125,0
DA:1128,0
DA:1129,0
DA:1148,8
DA:1168,8
DA:1169,0
DA:1170,0
DA:1171,0
DA:1172,0
DA:1173,0
DA:1174,0
DA:1176,0
DA:1178,0
DA:1179,0
DA:1180,0
DA:1183,0
DA:1184,0
DA:1185,0
DA:1187,0
DA:1188,0
DA:1189,0
DA:1191,0
DA:1192,0
DA:1194,0
DA:1195,0
DA:1199,0
DA:1200,0
DA:1212,0
DA:1213,0
DA:1214,0
DA:1215,0
DA:1218,8
DA:1219,0
DA:1220,0
DA:1221,0
DA:1222,0
DA:1223,0
DA:1224,0
DA:1226,0
DA:1228,0
DA:1229,0
DA:1230,0
DA:1233,0
DA:1235,0
DA:1236,0
DA:1237,0
DA:1239,0
DA:1240,0
DA:1243,0
DA:1244,0
DA:1245,0
DA:1247,0
DA:1248,0
DA:1254,0
DA:1255,0
DA:1256,0
DA:1262,0
DA:1263,0
DA:1275,0
DA:1276,0
DA:1277,0
DA:1278,0
DA:1281,8
DA:1282,0
DA:1283,0
DA:1284,0
DA:1286,0
DA:1287,0
DA:1288,0
DA:1289,0
DA:1291,0
DA:1293,0
DA:1294,0
DA:1295,0
DA:1298,0
DA:1299,0
DA:1300,0
DA:1303,0
DA:1304,0
DA:1305,0
DA:1306,0
DA:1307,0
DA:1309,0
DA:1312,0
DA:1313,0
DA:1315,0
DA:1316,0
DA:1322,0
DA:1323,0
DA:1324,0
DA:1325,0
DA:1327,0
DA:1328,0
DA:1331,0
DA:1332,0
DA:1336,0
DA:1337,0
DA:1338,0
DA:1347,0
DA:1348,0
DA:1349,0
DA:1356,0
DA:1357,0
DA:1359,0
DA:1360,0
DA:1361,0
DA:1362,0
DA:1364,0
DA:1365,0
DA:1371,0
DA:1372,0
DA:1374,0
DA:1387,0
DA:1388,0
DA:1389,0
DA:1390,0
DA:1393,8
DA:1394,0
DA:1395,0
DA:1396,0
DA:1397,0
DA:1398,0
DA:1399,0
DA:1401,0
DA:1403,0
DA:1406,0
DA:1407,0
DA:1408,0
DA:1409,0
DA:1411,0
DA:1430,0
DA:1431,0
DA:1432,0
DA:1433,0
DA:1435,0
DA:1442,0
DA:1443,0
DA:1444,0
DA:1448,0
DA:1450,0
DA:1451,0
DA:1452,0
DA:1453,0
DA:1456,8
DA:1457,0
DA:1459,0
DA:1460,0
DA:1462,0
DA:1463,0
DA:1464,0
DA:1465,0
DA:1467,0
DA:1469,0
DA:1470,0
DA:1472,0
DA:1473,0
DA:1474,0
DA:1478,0
DA:1479,0
DA:1480,0
DA:1483,0
DA:1495,0
DA:1496,0
DA:1497,0
DA:1500,0
DA:1501,0
DA:1502,0
DA:1517,0
DA:1524,0
DA:1525,0
DA:1526,0
DA:1527,0
DA:1528,0
DA:1532,0
DA:1533,0
DA:1534,0
DA:1535,0
DA:1536,0
DA:1540,0
DA:1541,0
DA:1542,0
DA:1543,0
DA:1544,0
DA:1548,0
DA:1549,0
DA:1550,0
DA:1551,0
DA:1552,0
DA:1556,0
DA:1557,0
DA:1558,0
DA:1559,0
DA:1560,0
DA:1564,0
DA:1565,0
DA:1566,0
DA:1567,0
DA:1568,0
DA:1573,0
DA:1584,0
DA:1585,0
DA:1586,0
DA:1587,0
DA:1590,0
DA:1591,0
DA:1592,0
DA:1597,8
DA:1598,0
DA:1599,0
DA:1600,0
DA:1601,0
DA:1602,0
DA:1603,0
DA:1605,0
DA:1607,0
DA:1608,0
DA:1609,0
DA:1612,0
DA:1613,0
DA:1614,0
DA:1616,0
DA:1619,0
DA:1620,0
DA:1627,0
DA:1628,0
DA:1635,0
DA:1636,0
DA:1643,0
DA:1644,0
DA:1650,0
DA:1651,0
DA:1664,0
DA:1665,0
DA:1666,0
DA:1667,0
DA:1670,8
LF:934
LH:48
BRDA:11,0,0,0
BRDA:12,1,0,0
BRDA:12,1,1,0
BRDA:14,2,0,0
BRDA:14,2,1,0
BRDA:16,3,0,0
BRDA:16,3,1,0
BRDA:16,4,0,0
BRDA:16,4,1,0
BRDA:31,5,0,0
BRDA:31,5,1,0
BRDA:31,6,0,0
BRDA:31,6,1,0
BRDA:32,7,0,0
BRDA:32,7,1,0
BRDA:45,8,0,4
BRDA:45,8,1,0
BRDA:46,9,0,0
BRDA:46,9,1,0
BRDA:64,10,0,0
BRDA:64,10,1,0
BRDA:71,11,0,0
BRDA:71,11,1,0
BRDA:75,12,0,0
BRDA:75,12,1,0
BRDA:75,13,0,0
BRDA:75,13,1,0
BRDA:85,14,0,0
BRDA:85,14,1,0
BRDA:88,15,0,0
BRDA:88,15,1,0
BRDA:95,16,0,0
BRDA:95,16,1,0
BRDA:98,17,0,0
BRDA:98,17,1,0
BRDA:110,18,0,0
BRDA:110,18,1,0
BRDA:111,19,0,0
BRDA:111,19,1,0
BRDA:112,20,0,0
BRDA:112,20,1,0
BRDA:113,21,0,0
BRDA:113,21,1,0
BRDA:118,22,0,0
BRDA:118,22,1,0
BRDA:118,23,0,0
BRDA:118,23,1,0
BRDA:121,24,0,0
BRDA:121,24,1,0
BRDA:121,25,0,0
BRDA:121,25,1,0
BRDA:124,26,0,0
BRDA:124,26,1,0
BRDA:124,27,0,0
BRDA:124,27,1,0
BRDA:127,28,0,0
BRDA:127,28,1,0
BRDA:127,29,0,0
BRDA:127,29,1,0
BRDA:127,30,0,0
BRDA:127,30,1,0
BRDA:127,31,0,0
BRDA:127,31,1,0
BRDA:131,32,0,0
BRDA:131,32,1,0
BRDA:131,33,0,0
BRDA:131,33,1,0
BRDA:133,34,0,0
BRDA:133,34,1,0
BRDA:133,35,0,0
BRDA:133,35,1,0
BRDA:142,36,0,0
BRDA:142,36,1,0
BRDA:143,37,0,0
BRDA:143,37,1,0
BRDA:148,38,0,0
BRDA:148,38,1,0
BRDA:148,39,0,0
BRDA:148,39,1,0
BRDA:148,39,2,0
BRDA:148,39,3,0
BRDA:151,40,0,0
BRDA:151,40,1,0
BRDA:151,41,0,0
BRDA:151,41,1,0
BRDA:159,42,0,0
BRDA:159,42,1,0
BRDA:162,43,0,0
BRDA:162,43,1,0
BRDA:162,44,0,0
BRDA:162,44,1,0
BRDA:164,45,0,0
BRDA:164,45,1,0
BRDA:164,46,0,0
BRDA:164,46,1,0
BRDA:166,47,0,0
BRDA:166,47,1,0
BRDA:166,48,0,0
BRDA:166,48,1,0
BRDA:176,49,0,0
BRDA:176,49,1,0
BRDA:176,50,0,0
BRDA:176,50,1,0
BRDA:178,51,0,0
BRDA:178,51,1,0
BRDA:178,52,0,0
BRDA:178,52,1,0
BRDA:182,53,0,0
BRDA:182,53,1,0
BRDA:182,54,0,0
BRDA:182,54,1,0
BRDA:184,55,0,0
BRDA:184,55,1,0
BRDA:184,55,2,0
BRDA:188,56,0,0
BRDA:188,56,1,0
BRDA:189,57,0,0
BRDA:189,57,1,0
BRDA:192,58,0,0
BRDA:192,58,1,0
BRDA:204,59,0,0
BRDA:204,59,1,0
BRDA:205,60,0,0
BRDA:205,60,1,0
BRDA:207,61,0,0
BRDA:207,61,1,0
BRDA:209,62,0,0
BRDA:209,62,1,0
BRDA:209,63,0,0
BRDA:209,63,1,0
BRDA:211,64,0,0
BRDA:211,64,1,0
BRDA:211,65,0,0
BRDA:211,65,1,0
BRDA:214,66,0,0
BRDA:214,66,1,0
BRDA:216,67,0,0
BRDA:216,67,1,0
BRDA:216,68,0,0
BRDA:216,68,1,0
BRDA:218,69,0,0
BRDA:218,69,1,0
BRDA:218,70,0,0
BRDA:218,70,1,0
BRDA:222,71,0,0
BRDA:222,71,1,0
BRDA:225,72,0,0
BRDA:226,73,0,0
BRDA:226,73,1,0
BRDA:226,74,0,0
BRDA:226,74,1,0
BRDA:226,74,2,0
BRDA:228,75,0,0
BRDA:228,75,1,0
BRDA:228,75,2,0
BRDA:232,76,0,0
BRDA:232,76,1,0
BRDA:234,77,0,0
BRDA:234,77,1,0
BRDA:235,78,0,0
BRDA:235,78,1,0
BRDA:235,78,2,0
BRDA:235,78,3,0
BRDA:235,78,4,0
BRDA:242,79,0,0
BRDA:242,79,1,0
BRDA:242,80,0,0
BRDA:242,80,1,0
BRDA:243,81,0,0
BRDA:243,81,1,0
BRDA:244,82,0,0
BRDA:244,82,1,0
BRDA:244,83,0,0
BRDA:244,83,1,0
BRDA:251,84,0,0
BRDA:251,84,1,0
BRDA:252,85,0,0
BRDA:252,85,1,0
BRDA:253,86,0,0
BRDA:253,86,1,0
BRDA:254,87,0,0
BRDA:254,87,1,0
BRDA:265,88,0,0
BRDA:265,88,1,0
BRDA:267,89,0,0
BRDA:267,89,1,0
BRDA:267,89,2,0
BRDA:269,90,0,0
BRDA:269,90,1,0
BRDA:272,91,0,0
BRDA:272,91,1,0
BRDA:275,92,0,0
BRDA:275,92,1,0
BRDA:275,93,0,0
BRDA:275,93,1,0
BRDA:277,94,0,0
BRDA:277,94,1,0
BRDA:284,95,0,0
BRDA:284,95,1,0
BRDA:287,96,0,0
BRDA:287,96,1,0
BRDA:290,97,0,0
BRDA:290,97,1,0
BRDA:290,98,0,0
BRDA:290,98,1,0
BRDA:292,99,0,0
BRDA:292,99,1,0
BRDA:299,100,0,0
BRDA:299,100,1,0
BRDA:302,101,0,0
BRDA:302,101,1,0
BRDA:340,102,0,0
BRDA:340,102,1,0
BRDA:347,103,0,0
BRDA:347,103,1,0
BRDA:351,104,0,0
BRDA:351,104,1,0
BRDA:351,105,0,0
BRDA:351,105,1,0
BRDA:374,106,0,0
BRDA:374,106,1,0
BRDA:381,107,0,0
BRDA:381,107,1,0
BRDA:385,108,0,0
BRDA:385,108,1,0
BRDA:385,109,0,0
BRDA:385,109,1,0
BRDA:415,110,0,0
BRDA:415,110,1,1
BRDA:423,111,0,0
BRDA:423,111,1,0
BRDA:425,112,0,0
BRDA:425,112,1,0
BRDA:451,113,0,0
BRDA:451,113,1,0
BRDA:458,114,0,0
BRDA:458,114,1,0
BRDA:462,115,0,0
BRDA:462,115,1,0
BRDA:462,116,0,0
BRDA:462,116,1,0
BRDA:489,117,0,0
BRDA:489,117,1,0
BRDA:541,118,0,0
BRDA:547,119,0,0
BRDA:547,119,1,0
BRDA:550,120,0,0
BRDA:550,120,1,0
BRDA:558,121,0,0
BRDA:558,121,1,0
BRDA:560,122,0,0
BRDA:560,122,1,0
BRDA:572,123,0,0
BRDA:572,123,1,0
BRDA:573,124,0,0
BRDA:573,124,1,0
BRDA:574,125,0,0
BRDA:574,125,1,0
BRDA:575,126,0,0
BRDA:575,126,1,0
BRDA:576,127,0,0
BRDA:576,127,1,0
BRDA:577,128,0,0
BRDA:577,128,1,0
BRDA:578,129,0,0
BRDA:578,129,1,0
BRDA:579,130,0,0
BRDA:579,130,1,0
BRDA:584,131,0,0
BRDA:584,131,1,0
BRDA:584,132,0,0
BRDA:584,132,1,0
BRDA:586,133,0,0
BRDA:586,133,1,0
BRDA:586,134,0,0
BRDA:586,134,1,0
BRDA:586,135,0,0
BRDA:586,135,1,0
BRDA:586,136,0,0
BRDA:586,136,1,0
BRDA:588,137,0,0
BRDA:588,137,1,0
BRDA:588,138,0,0
BRDA:588,138,1,0
BRDA:590,139,0,0
BRDA:590,139,1,0
BRDA:590,140,0,0
BRDA:590,140,1,0
BRDA:590,140,2,0
BRDA:590,141,0,0
BRDA:590,141,1,0
BRDA:590,142,0,0
BRDA:590,142,1,0
BRDA:590,143,0,0
BRDA:590,143,1,0
BRDA:592,144,0,0
BRDA:592,144,1,0
BRDA:592,145,0,0
BRDA:592,145,1,0
BRDA:592,146,0,0
BRDA:592,146,1,0
BRDA:592,147,0,0
BRDA:592,147,1,0
BRDA:595,148,0,0
BRDA:595,148,1,0
BRDA:595,149,0,0
BRDA:595,149,1,0
BRDA:597,150,0,0
BRDA:597,150,1,0
BRDA:597,151,0,0
BRDA:597,151,1,0
BRDA:602,152,0,0
BRDA:602,152,1,0
BRDA:604,153,0,0
BRDA:604,153,1,0
BRDA:604,154,0,0
BRDA:604,154,1,0
BRDA:604,155,0,0
BRDA:604,155,1,0
BRDA:606,156,0,0
BRDA:606,156,1,0
BRDA:608,157,0,0
BRDA:608,157,1,0
BRDA:608,158,0,0
BRDA:608,158,1,0
BRDA:608,159,0,0
BRDA:608,159,1,0
BRDA:610,160,0,0
BRDA:610,160,1,0
BRDA:612,161,0,0
BRDA:612,161,1,0
BRDA:612,162,0,0
BRDA:612,162,1,0
BRDA:612,163,0,0
BRDA:612,163,1,0
BRDA:614,164,0,0
BRDA:614,164,1,0
BRDA:616,165,0,0
BRDA:616,165,1,0
BRDA:616,166,0,0
BRDA:616,166,1,0
BRDA:616,167,0,0
BRDA:616,167,1,0
BRDA:618,168,0,0
BRDA:618,168,1,0
BRDA:620,169,0,0
BRDA:620,169,1,0
BRDA:620,170,0,0
BRDA:620,170,1,0
BRDA:620,171,0,0
BRDA:620,171,1,0
BRDA:622,172,0,0
BRDA:622,172,1,0
BRDA:624,173,0,0
BRDA:624,173,1,0
BRDA:624,174,0,0
BRDA:624,174,1,0
BRDA:624,175,0,0
BRDA:624,175,1,0
BRDA:626,176,0,0
BRDA:626,176,1,0
BRDA:628,177,0,0
BRDA:628,177,1,0
BRDA:628,178,0,0
BRDA:628,178,1,0
BRDA:628,179,0,0
BRDA:628,179,1,0
BRDA:630,180,0,0
BRDA:630,180,1,0
BRDA:632,181,0,0
BRDA:632,181,1,0
BRDA:632,182,0,0
BRDA:632,182,1,0
BRDA:632,183,0,0
BRDA:632,183,1,0
BRDA:635,184,0,0
BRDA:635,184,1,0
BRDA:637,185,0,0
BRDA:638,186,0,0
BRDA:638,186,1,0
BRDA:638,187,0,0
BRDA:638,187,1,0
BRDA:638,187,2,0
BRDA:639,188,0,0
BRDA:639,188,1,0
BRDA:640,189,0,0
BRDA:640,189,1,0
BRDA:642,190,0,0
BRDA:642,190,1,0
BRDA:643,191,0,0
BRDA:643,191,1,0
BRDA:643,191,2,0
BRDA:643,191,3,0
BRDA:649,192,0,0
BRDA:649,192,1,0
BRDA:649,193,0,0
BRDA:649,193,1,0
BRDA:650,194,0,0
BRDA:650,194,1,0
BRDA:651,195,0,0
BRDA:651,195,1,0
BRDA:651,196,0,0
BRDA:651,196,1,0
BRDA:656,197,0,0
BRDA:656,197,1,0
BRDA:657,198,0,0
BRDA:657,198,1,0
BRDA:658,199,0,0
BRDA:658,199,1,0
BRDA:659,200,0,0
BRDA:659,200,1,0
BRDA:666,201,0,0
BRDA:666,201,1,0
BRDA:666,202,0,0
BRDA:666,202,1,0
BRDA:668,203,0,0
BRDA:668,203,1,0
BRDA:670,204,0,0
BRDA:670,204,1,0
BRDA:673,205,0,0
BRDA:673,205,1,0
BRDA:676,206,0,0
BRDA:676,206,1,0
BRDA:681,207,0,0
BRDA:681,207,1,0
BRDA:684,208,0,0
BRDA:684,208,1,0
BRDA:701,209,0,0
BRDA:701,209,1,0
BRDA:704,210,0,0
BRDA:704,210,1,0
BRDA:711,211,0,0
BRDA:711,211,1,0
BRDA:713,212,0,0
BRDA:713,212,1,0
BRDA:725,213,0,0
BRDA:725,213,1,0
BRDA:726,214,0,0
BRDA:726,214,1,0
BRDA:727,215,0,0
BRDA:727,215,1,0
BRDA:728,216,0,0
BRDA:728,216,1,0
BRDA:729,217,0,0
BRDA:729,217,1,0
BRDA:730,218,0,0
BRDA:730,218,1,0
BRDA:735,219,0,0
BRDA:735,219,1,0
BRDA:735,220,0,0
BRDA:735,220,1,0
BRDA:737,221,0,0
BRDA:737,221,1,0
BRDA:737,222,0,0
BRDA:737,222,1,0
BRDA:739,223,0,0
BRDA:739,223,1,0
BRDA:739,224,0,0
BRDA:739,224,1,0
BRDA:739,224,2,0
BRDA:739,225,0,0
BRDA:739,225,1,0
BRDA:739,226,0,0
BRDA:739,226,1,0
BRDA:739,227,0,0
BRDA:739,227,1,0
BRDA:741,228,0,0
BRDA:741,228,1,0
BRDA:741,229,0,0
BRDA:741,229,1,0
BRDA:741,230,0,0
BRDA:741,230,1,0
BRDA:741,231,0,0
BRDA:741,231,1,0
BRDA:744,232,0,0
BRDA:744,232,1,0
BRDA:744,233,0,0
BRDA:744,233,1,0
BRDA:746,234,0,0
BRDA:746,234,1,0
BRDA:746,235,0,0
BRDA:746,235,1,0
BRDA:751,236,0,0
BRDA:751,236,1,0
BRDA:753,237,0,0
BRDA:753,237,1,0
BRDA:753,238,0,0
BRDA:753,238,1,0
BRDA:753,239,0,0
BRDA:753,239,1,0
BRDA:755,240,0,0
BRDA:755,240,1,0
BRDA:757,241,0,0
BRDA:757,241,1,0
BRDA:757,242,0,0
BRDA:757,242,1,0
BRDA:757,243,0,0
BRDA:757,243,1,0
BRDA:759,244,0,0
BRDA:759,244,1,0
BRDA:761,245,0,0
BRDA:761,245,1,0
BRDA:761,246,0,0
BRDA:761,246,1,0
BRDA:761,247,0,0
BRDA:761,247,1,0
BRDA:763,248,0,0
BRDA:763,248,1,0
BRDA:765,249,0,0
BRDA:765,249,1,0
BRDA:765,250,0,0
BRDA:765,250,1,0
BRDA:765,251,0,0
BRDA:765,251,1,0
BRDA:767,252,0,0
BRDA:767,252,1,0
BRDA:769,253,0,0
BRDA:769,253,1,0
BRDA:769,254,0,0
BRDA:769,254,1,0
BRDA:769,255,0,0
BRDA:769,255,1,0
BRDA:771,256,0,0
BRDA:771,256,1,0
BRDA:773,257,0,0
BRDA:773,257,1,0
BRDA:773,258,0,0
BRDA:773,258,1,0
BRDA:773,259,0,0
BRDA:773,259,1,0
BRDA:776,260,0,0
BRDA:776,260,1,0
BRDA:778,261,0,0
BRDA:779,262,0,0
BRDA:779,262,1,0
BRDA:779,263,0,0
BRDA:779,263,1,0
BRDA:779,263,2,0
BRDA:780,264,0,0
BRDA:780,264,1,0
BRDA:781,265,0,0
BRDA:781,265,1,0
BRDA:783,266,0,0
BRDA:783,266,1,0
BRDA:784,267,0,0
BRDA:784,267,1,0
BRDA:784,267,2,0
BRDA:784,267,3,0
BRDA:790,268,0,0
BRDA:790,268,1,0
BRDA:790,269,0,0
BRDA:790,269,1,0
BRDA:791,270,0,0
BRDA:791,270,1,0
BRDA:792,271,0,0
BRDA:792,271,1,0
BRDA:792,272,0,0
BRDA:792,272,1,0
BRDA:797,273,0,0
BRDA:797,273,1,0
BRDA:798,274,0,0
BRDA:798,274,1,0
BRDA:799,275,0,0
BRDA:799,275,1,0
BRDA:800,276,0,0
BRDA:800,276,1,0
BRDA:807,277,0,0
BRDA:807,277,1,0
BRDA:807,278,0,0
BRDA:807,278,1,0
BRDA:809,279,0,0
BRDA:809,279,1,0
BRDA:809,279,2,0
BRDA:811,280,0,0
BRDA:811,280,1,0
BRDA:814,281,0,0
BRDA:814,281,1,0
BRDA:817,282,0,0
BRDA:817,282,1,0
BRDA:822,283,0,0
BRDA:822,283,1,0
BRDA:825,284,0,0
BRDA:825,284,1,0
BRDA:830,285,0,0
BRDA:830,285,1,0
BRDA:833,286,0,0
BRDA:833,286,1,0
BRDA:850,287,0,0
BRDA:850,287,1,0
BRDA:853,288,0,0
BRDA:853,288,1,0
BRDA:860,289,0,0
BRDA:860,289,1,0
BRDA:862,290,0,0
BRDA:862,290,1,0
BRDA:874,291,0,0
BRDA:874,291,1,0
BRDA:875,292,0,0
BRDA:875,292,1,0
BRDA:880,293,0,0
BRDA:880,293,1,0
BRDA:880,294,0,0
BRDA:880,294,1,0
BRDA:882,295,0,0
BRDA:882,295,1,0
BRDA:882,296,0,0
BRDA:882,296,1,0
BRDA:884,297,0,0
BRDA:884,297,1,0
BRDA:884,298,0,0
BRDA:884,298,1,0
BRDA:887,299,0,0
BRDA:887,299,1,0
BRDA:887,300,0,0
BRDA:887,300,1,0
BRDA:889,301,0,0
BRDA:889,301,1,0
BRDA:889,302,0,0
BRDA:889,302,1,0
BRDA:894,303,0,0
BRDA:894,303,1,0
BRDA:896,304,0,0
BRDA:896,304,1,0
BRDA:896,305,0,0
BRDA:896,305,1,0
BRDA:896,306,0,0
BRDA:896,306,1,0
BRDA:898,307,0,0
BRDA:898,307,1,0
BRDA:900,308,0,0
BRDA:900,308,1,0
BRDA:900,309,0,0
BRDA:900,309,1,0
BRDA:900,310,0,0
BRDA:900,310,1,0
BRDA:903,311,0,0
BRDA:903,311,1,0
BRDA:905,312,0,0
BRDA:906,313,0,0
BRDA:906,313,1,0
BRDA:906,314,0,0
BRDA:906,314,1,0
BRDA:906,314,2,0
BRDA:907,315,0,0
BRDA:907,315,1,0
BRDA:908,316,0,0
BRDA:908,316,1,0
BRDA:910,317,0,0
BRDA:910,317,1,0
BRDA:911,318,0,0
BRDA:911,318,1,0
BRDA:911,318,2,0
BRDA:911,318,3,0
BRDA:911,318,4,0
BRDA:918,319,0,0
BRDA:918,319,1,0
BRDA:918,320,0,0
BRDA:918,320,1,0
BRDA:919,321,0,0
BRDA:919,321,1,0
BRDA:920,322,0,0
BRDA:920,322,1,0
BRDA:920,323,0,0
BRDA:920,323,1,0
BRDA:925,324,0,0
BRDA:925,324,1,0
BRDA:926,325,0,0
BRDA:926,325,1,0
BRDA:927,326,0,0
BRDA:927,326,1,0
BRDA:928,327,0,0
BRDA:928,327,1,0
BRDA:935,328,0,0
BRDA:935,328,1,0
BRDA:935,329,0,0
BRDA:935,329,1,0
BRDA:937,330,0,0
BRDA:937,330,1,0
BRDA:939,331,0,0
BRDA:939,331,1,0
BRDA:942,332,0,0
BRDA:942,332,1,0
BRDA:945,333,0,0
BRDA:945,333,1,0
BRDA:950,334,0,0
BRDA:950,334,1,0
BRDA:953,335,0,0
BRDA:953,335,1,0
BRDA:956,336,0,0
BRDA:956,336,1,0
BRDA:972,337,0,0
BRDA:972,337,1,0
BRDA:972,338,0,0
BRDA:972,338,1,0
BRDA:977,339,0,0
BRDA:977,339,1,0
BRDA:982,340,0,0
BRDA:982,340,1,0
BRDA:994,341,0,0
BRDA:994,341,1,0
BRDA:994,341,2,0
BRDA:994,341,3,0
BRDA:996,342,0,0
BRDA:996,342,1,0
BRDA:996,342,2,0
BRDA:996,342,3,0
BRDA:996,342,4,0
BRDA:1000,343,0,0
BRDA:1000,343,1,0
BRDA:1000,343,2,0
BRDA:1000,343,3,0
BRDA:1000,343,4,0
BRDA:1011,344,0,0
BRDA:1011,344,1,0
BRDA:1011,345,0,0
BRDA:1011,345,1,0
BRDA:1021,346,0,0
BRDA:1021,346,1,0
BRDA:1021,347,0,0
BRDA:1021,347,1,0
BRDA:1021,348,0,0
BRDA:1021,348,1,0
BRDA:1025,349,0,0
BRDA:1025,349,1,0
BRDA:1031,350,0,0
BRDA:1031,350,1,0
BRDA:1031,351,0,0
BRDA:1031,351,1,0
BRDA:1042,352,0,0
BRDA:1042,352,1,0
BRDA:1043,353,0,0
BRDA:1043,353,1,0
BRDA:1043,354,0,0
BRDA:1043,354,1,0
BRDA:1044,355,0,0
BRDA:1044,355,1,0
BRDA:1044,356,0,0
BRDA:1044,356,1,0
BRDA:1049,357,0,0
BRDA:1049,357,1,0
BRDA:1052,358,0,0
BRDA:1052,358,1,0
BRDA:1055,359,0,0
BRDA:1055,359,1,0
BRDA:1055,360,0,0
BRDA:1055,360,1,0
BRDA:1055,360,2,0
BRDA:1074,361,0,0
BRDA:1074,361,1,0
BRDA:1074,362,0,0
BRDA:1074,362,1,0
BRDA:1074,362,2,0
BRDA:1074,362,3,0
BRDA:1079,363,0,0
BRDA:1079,363,1,0
BRDA:1086,364,0,0
BRDA:1086,364,1,0
BRDA:1086,365,0,0
BRDA:1086,365,1,0
BRDA:1087,366,0,0
BRDA:1087,366,1,0
BRDA:1087,367,0,0
BRDA:1087,367,1,0
BRDA:1088,368,0,0
BRDA:1088,368,1,0
BRDA:1089,369,0,0
BRDA:1089,369,1,0
BRDA:1092,370,0,0
BRDA:1092,370,1,0
BRDA:1092,370,2,0
BRDA:1092,370,3,0
BRDA:1092,370,4,0
BRDA:1092,370,5,0
BRDA:1092,370,6,0
BRDA:1092,370,7,0
BRDA:1092,370,8,0
BRDA:1092,370,9,0
BRDA:1092,370,10,0
BRDA:1092,370,11,0
BRDA:1092,370,12,0
BRDA:1092,370,13,0
BRDA:1092,370,14,0
BRDA:1092,370,15,0
BRDA:1092,370,16,0
BRDA:1092,370,17,0
BRDA:1092,370,18,0
BRDA:1092,370,19,0
BRDA:1092,370,20,0
BRDA:1092,370,21,0
BRDA:1092,370,22,0
BRDA:1092,370,23,0
BRDA:1092,370,24,0
BRDA:1119,371,0,0
BRDA:1119,371,1,0
BRDA:1125,372,0,0
BRDA:1125,372,1,0
BRDA:1125,372,2,0
BRDA:1128,373,0,0
BRDA:1128,373,1,0
BRDA:1171,374,0,0
BRDA:1171,374,1,0
BRDA:1185,375,0,0
BRDA:1185,375,1,0
BRDA:1188,376,0,0
BRDA:1188,376,1,0
BRDA:1188,377,0,0
BRDA:1188,377,1,0
BRDA:1191,378,0,0
BRDA:1191,378,1,0
BRDA:1191,379,0,0
BRDA:1191,379,1,0
BRDA:1194,380,0,0
BRDA:1194,380,1,0
BRDA:1194,381,0,0
BRDA:1194,381,1,0
BRDA:1199,382,0,0
BRDA:1199,382,1,0
BRDA:1207,383,0,0
BRDA:1207,383,1,0
BRDA:1221,384,0,0
BRDA:1221,384,1,0
BRDA:1237,385,0,0
BRDA:1237,385,1,0
BRDA:1239,386,0,0
BRDA:1239,386,1,0
BRDA:1244,387,0,0
BRDA:1244,387,1,0
BRDA:1245,388,0,0
BRDA:1245,388,1,0
BRDA:1247,389,0,0
BRDA:1247,389,1,0
BRDA:1247,390,0,0
BRDA:1247,390,1,0
BRDA:1254,391,0,0
BRDA:1254,391,1,0
BRDA:1255,392,0,0
BRDA:1255,392,1,0
BRDA:1255,393,0,0
BRDA:1255,393,1,0
BRDA:1255,393,2,0
BRDA:1262,394,0,0
BRDA:1262,394,1,0
BRDA:1286,395,0,0
BRDA:1286,395,1,0
BRDA:1294,396,0,0
BRDA:1294,396,1,0
BRDA:1299,397,0,0
BRDA:1299,397,1,0
BRDA:1304,398,0,0
BRDA:1304,398,1,0
BRDA:1305,399,0,0
BRDA:1305,399,1,0
BRDA:1306,400,0,0
BRDA:1306,400,1,0
BRDA:1307,401,0,0
BRDA:1307,401,1,0
BRDA:1309,402,0,0
BRDA:1309,402,1,0
BRDA:1316,403,0,0
BRDA:1316,403,1,0
BRDA:1316,404,0,0
BRDA:1316,404,1,0
BRDA:1322,405,0,0
BRDA:1322,405,1,0
BRDA:1324,406,0,0
BRDA:1324,406,1,0
BRDA:1331,407,0,0
BRDA:1331,407,1,0
BRDA:1331,408,0,0
BRDA:1331,408,1,0
BRDA:1340,409,0,0
BRDA:1340,409,1,0
BRDA:1340,409,2,0
BRDA:1342,410,0,0
BRDA:1342,410,1,0
BRDA:1351,411,0,0
BRDA:1351,411,1,0
BRDA:1351,411,2,0
BRDA:1356,412,0,0
BRDA:1356,412,1,0
BRDA:1357,413,0,0
BRDA:1357,413,1,0
BRDA:1359,414,0,0
BRDA:1359,414,1,0
BRDA:1361,415,0,0
BRDA:1361,415,1,0
BRDA:1361,416,0,0
BRDA:1361,416,1,0
BRDA:1364,417,0,0
BRDA:1364,417,1,0
BRDA:1371,418,0,0
BRDA:1371,418,1,0
BRDA:1372,419,0,0
BRDA:1372,419,1,0
BRDA:1396,420,0,0
BRDA:1396,420,1,0
BRDA:1443,421,0,0
BRDA:1443,421,1,0
BRDA:1443,422,0,0
BRDA:1443,422,1,0
BRDA:1443,422,2,0
BRDA:1462,423,0,0
BRDA:1462,423,1,0
BRDA:1478,424,0,0
BRDA:1479,425,0,0
BRDA:1479,425,1,0
BRDA:1479,426,0,0
BRDA:1479,426,1,0
BRDA:1479,426,2,0
BRDA:1485,427,0,0
BRDA:1485,427,1,0
BRDA:1485,427,2,0
BRDA:1485,427,3,0
BRDA:1488,428,0,0
BRDA:1488,428,1,0
BRDA:1489,429,0,0
BRDA:1489,429,1,0
BRDA:1490,430,0,0
BRDA:1490,430,1,0
BRDA:1491,431,0,0
BRDA:1491,431,1,0
BRDA:1500,432,0,0
BRDA:1501,433,0,0
BRDA:1501,433,1,0
BRDA:1501,434,0,0
BRDA:1501,434,1,0
BRDA:1524,435,0,0
BRDA:1524,435,1,0
BRDA:1526,436,0,0
BRDA:1526,436,1,0
BRDA:1532,437,0,0
BRDA:1532,437,1,0
BRDA:1534,438,0,0
BRDA:1534,438,1,0
BRDA:1540,439,0,0
BRDA:1540,439,1,0
BRDA:1542,440,0,0
BRDA:1542,440,1,0
BRDA:1548,441,0,0
BRDA:1548,441,1,0
BRDA:1550,442,0,0
BRDA:1550,442,1,0
BRDA:1556,443,0,0
BRDA:1556,443,1,0
BRDA:1558,444,0,0
BRDA:1558,444,1,0
BRDA:1564,445,0,0
BRDA:1564,445,1,0
BRDA:1566,446,0,0
BRDA:1566,446,1,0
BRDA:1591,447,0,0
BRDA:1591,447,1,0
BRDA:1592,448,0,0
BRDA:1592,448,1,0
BRDA:1600,449,0,0
BRDA:1600,449,1,0
BRDA:1614,450,0,0
BRDA:1614,450,1,0
BRDA:1619,451,0,0
BRDA:1619,451,1,0
BRDA:1619,452,0,0
BRDA:1619,452,1,0
BRDA:1627,453,0,0
BRDA:1627,453,1,0
BRDA:1627,454,0,0
BRDA:1627,454,1,0
BRDA:1635,455,0,0
BRDA:1635,455,1,0
BRDA:1635,456,0,0
BRDA:1635,456,1,0
BRDA:1643,457,0,0
BRDA:1643,457,1,0
BRDA:1643,458,0,0
BRDA:1643,458,1,0
BRDA:1650,459,0,0
BRDA:1650,459,1,0
BRF:976
BRH:2
end_of_record
TN:
SF:src\db\database.js
FN:16,getProductionDbPath
FN:21,ensureDataDirectoryExists
FN:28,connect
FN:46,getDB
FN:58,initializeDatabase
FN:81,closeDB
FNF:6
FNH:4
FNDA:0,getProductionDbPath
FNDA:0,ensureDataDirectoryExists
FNDA:2,connect
FNDA:54,getDB
FNDA:2,initializeDatabase
FNDA:1,closeDB
DA:1,6
DA:9,6
DA:10,6
DA:11,6
DA:17,0
DA:22,0
DA:23,0
DA:24,0
DA:29,2
DA:30,2
DA:31,0
DA:32,0
DA:33,0
DA:34,2
DA:35,0
DA:36,0
DA:38,2
DA:41,2
DA:42,2
DA:43,2
DA:47,54
DA:52,0
DA:53,0
DA:55,54
DA:59,2
DA:60,0
DA:61,0
DA:62,0
DA:65,2
DA:67,2
DA:68,2
DA:70,2
DA:71,2
DA:72,2
DA:73,2
DA:75,0
DA:76,0
DA:78,2
DA:82,1
DA:83,1
DA:84,1
DA:85,1
DA:87,0
DA:91,6
LF:44
LH:27
BRDA:17,0,0,0
BRDA:17,0,1,0
BRDA:23,1,0,0
BRDA:23,1,1,0
BRDA:30,2,0,0
BRDA:30,2,1,2
BRDA:34,3,0,0
BRDA:34,3,1,2
BRDA:41,4,0,0
BRDA:41,4,1,2
BRDA:47,5,0,0
BRDA:47,5,1,54
BRDA:58,6,0,2
BRDA:59,7,0,0
BRDA:59,7,1,2
BRDA:65,8,0,2
BRDA:65,8,1,2
BRDA:65,9,0,2
BRDA:65,9,1,0
BRDA:82,10,0,1
BRDA:82,10,1,0
BRF:21
BRH:10
end_of_record
TN:
SF:src\db\migrations.js
FN:10,ensureSchemaMigrationsTable
FN:21,getAppliedMigrations
FN:23,(anonymous_2)
FN:26,readMigrationScripts
FN:31,(anonymous_4)
FN:34,(anonymous_5)
FN:44,runMigrations
FN:49,(anonymous_7)
FNF:8
FNH:7
FNDA:2,ensureSchemaMigrationsTable
FNDA:2,getAppliedMigrations
FNDA:0,(anonymous_2)
FNDA:2,readMigrationScripts
FNDA:4,(anonymous_4)
FNDA:4,(anonymous_5)
FNDA:2,runMigrations
FNDA:4,(anonymous_7)
DA:2,6
DA:3,6
DA:8,6
DA:11,2
DA:22,2
DA:23,2
DA:27,2
DA:28,0
DA:30,2
DA:31,4
DA:34,2
DA:35,4
DA:36,4
DA:45,2
DA:46,2
DA:47,2
DA:49,4
DA:51,2
DA:52,0
DA:53,0
DA:56,2
DA:58,2
DA:59,4
DA:60,4
DA:61,4
DA:62,4
DA:63,4
DA:64,4
DA:66,2
DA:69,6
LF:30
LH:27
BRDA:27,0,0,0
BRDA:27,0,1,2
BRDA:51,1,0,0
BRDA:51,1,1,2
BRF:4
BRH:2
end_of_record
TN:
SF:src\db\queries.js
FN:5,getCharacterById
FN:11,getEventsForCharacter
FN:18,(anonymous_2)
FN:26,getAllEvents
FN:32,getPuzzlesForCharacter
FN:40,getAllPuzzles
FN:46,getElementsForCharacter
FN:55,getAllElements
FN:61,getAllCharacterIdsAndNames
FN:86,getCachedJourney
FN:101,(anonymous_10)
FN:102,(anonymous_11)
FN:114,saveCachedJourney
FN:165,isValidJourneyCache
FN:175,updateGapResolution
FNF:15
FNH:8
FNDA:9,getCharacterById
FNDA:0,getEventsForCharacter
FNDA:0,(anonymous_2)
FNDA:7,getAllEvents
FNDA:0,getPuzzlesForCharacter
FNDA:8,getAllPuzzles
FNDA:0,getElementsForCharacter
FNDA:8,getAllElements
FNDA:2,getAllCharacterIdsAndNames
FNDA:9,getCachedJourney
FNDA:0,(anonymous_10)
FNDA:0,(anonymous_11)
FNDA:7,saveCachedJourney
FNDA:0,isValidJourneyCache
FNDA:3,updateGapResolution
DA:2,4
DA:6,9
DA:7,9
DA:12,0
DA:17,0
DA:18,0
DA:19,0
DA:20,0
DA:21,0
DA:22,0
DA:27,7
DA:28,7
DA:33,0
DA:37,0
DA:41,8
DA:42,8
DA:47,0
DA:52,0
DA:56,8
DA:57,8
DA:62,2
DA:63,2
DA:66,4
DA:87,9
DA:88,9
DA:89,9
DA:90,0
DA:92,0
DA:93,0
DA:99,0
DA:101,0
DA:102,0
DA:107,9
DA:110,9
DA:115,7
DA:116,7
DA:119,7
DA:120,7
DA:122,7
DA:123,0
DA:126,0
DA:129,0
DA:130,0
DA:143,0
DA:146,0
DA:147,0
DA:156,0
DA:159,7
DA:160,7
DA:166,0
DA:167,0
DA:169,0
DA:170,0
DA:171,0
DA:172,0
DA:176,3
DA:181,3
DA:187,3
DA:189,3
DA:190,3
DA:192,0
DA:193,0
LF:62
LH:29
BRDA:20,0,0,0
BRDA:20,0,1,0
BRDA:92,1,0,0
BRDA:92,1,1,0
BRDA:92,2,0,0
BRDA:92,2,1,0
BRDA:101,3,0,0
BRDA:101,3,1,0
BRDA:101,4,0,0
BRDA:101,4,1,0
BRDA:101,5,0,0
BRDA:101,5,1,0
BRDA:102,6,0,0
BRDA:102,6,1,0
BRDA:134,7,0,0
BRDA:134,7,1,0
BRDA:135,8,0,0
BRDA:135,8,1,0
BRDA:136,9,0,0
BRDA:136,9,1,0
BRDA:152,10,0,0
BRDA:152,10,1,0
BRDA:166,11,0,0
BRDA:166,11,1,0
BRDA:166,12,0,0
BRDA:166,12,1,0
BRDA:175,13,0,1
BRDA:189,14,0,3
BRDA:189,14,1,1
BRF:29
BRH:3
end_of_record
TN:
SF:src\routes\journeyRoutes.js
FNF:0
FNH:0
DA:1,2
DA:2,2
DA:11,2
DA:17,2
DA:18,2
DA:19,2
DA:20,2
DA:21,2
DA:23,2
DA:25,2
LF:10
LH:10
BRF:0
BRH:0
end_of_record
TN:
SF:src\routes\notion.js
FNF:0
FNH:0
DA:1,1
DA:2,1
DA:4,1
DA:7,1
DA:10,1
DA:11,1
DA:12,1
DA:13,1
DA:16,1
DA:17,1
DA:18,1
DA:21,1
DA:22,1
DA:23,1
DA:24,1
DA:25,1
DA:28,1
DA:29,1
DA:30,1
DA:31,1
DA:34,1
DA:37,1
DA:39,1
LF:23
LH:23
BRF:0
BRH:0
end_of_record
TN:
SF:src\services\journeyEngine.js
FN:9,(anonymous_0)
FN:23,(anonymous_1)
FN:45,(anonymous_2)
FN:55,(anonymous_3)
FN:85,(anonymous_4)
FN:87,(anonymous_5)
FN:129,(anonymous_6)
FN:155,(anonymous_7)
FN:156,(anonymous_8)
FN:177,(anonymous_9)
FN:181,(anonymous_10)
FN:225,(anonymous_11)
FN:280,(anonymous_12)
FN:336,(anonymous_13)
FNF:14
FNH:14
FNDA:25,(anonymous_0)
FNDA:17,(anonymous_1)
FNDA:126,(anonymous_2)
FNDA:108,(anonymous_3)
FNDA:234,(anonymous_4)
FNDA:216,(anonymous_5)
FNDA:216,(anonymous_6)
FNDA:7,(anonymous_7)
FNDA:7,(anonymous_8)
FNDA:18,(anonymous_9)
FNDA:206,(anonymous_10)
FNDA:14,(anonymous_11)
FNDA:4,(anonymous_12)
FNDA:1,(anonymous_13)
DA:2,4
DA:3,4
DA:11,25
DA:12,25
DA:24,17
DA:29,17
DA:30,306
DA:45,306
DA:46,126
DA:47,126
DA:48,126
DA:51,0
DA:55,306
DA:58,108
DA:59,108
DA:60,72
DA:61,36
DA:63,36
DA:64,36
DA:65,18
DA:78,108
DA:79,5
DA:85,306
DA:87,306
DA:88,216
DA:89,216
DA:90,216
DA:91,216
DA:93,216
DA:94,198
DA:95,18
DA:96,0
DA:97,0
DA:98,18
DA:99,0
DA:100,18
DA:101,18
DA:102,0
DA:103,0
DA:111,216
DA:113,23
DA:129,306
DA:131,216
DA:132,216
DA:133,216
DA:134,216
DA:135,216
DA:136,198
DA:137,18
DA:138,0
DA:139,0
DA:140,18
DA:141,0
DA:142,18
DA:143,18
DA:144,0
DA:145,0
DA:149,216
DA:152,12
DA:153,7
DA:154,7
DA:155,7
DA:156,7
DA:157,7
DA:160,0
DA:166,306
DA:168,17
DA:178,18
DA:179,18
DA:181,18
DA:182,206
DA:183,206
DA:185,206
DA:187,18
DA:188,188
DA:190,7
DA:198,7
DA:203,18
DA:204,11
DA:213,18
DA:226,14
DA:229,14
DA:230,13
DA:231,13
DA:232,1
DA:233,1
DA:234,1
DA:243,13
DA:244,13
DA:245,3
DA:246,3
DA:250,10
DA:251,10
DA:252,10
DA:254,10
DA:255,10
DA:257,10
DA:266,10
DA:267,9
DA:270,10
DA:281,4
DA:282,4
DA:284,4
DA:285,1
DA:291,1
DA:297,3
DA:298,1
DA:304,1
DA:310,2
DA:311,2
DA:317,2
DA:327,4
DA:340,1
DA:341,1
DA:345,4
LF:115
LH:103
BRDA:23,0,0,3
BRDA:23,1,0,3
BRDA:23,2,0,3
BRDA:47,3,0,126
BRDA:47,3,1,18
BRDA:59,4,0,72
BRDA:59,4,1,36
BRDA:61,5,0,36
BRDA:61,5,1,0
BRDA:64,6,0,18
BRDA:64,6,1,18
BRDA:64,7,0,36
BRDA:64,7,1,18
BRDA:78,8,0,5
BRDA:78,8,1,103
BRDA:78,9,0,108
BRDA:78,9,1,90
BRDA:78,9,2,8
BRDA:79,10,0,5
BRDA:79,10,1,3
BRDA:79,10,2,3
BRDA:89,11,0,216
BRDA:89,11,1,0
BRDA:93,12,0,198
BRDA:93,12,1,18
BRDA:95,13,0,0
BRDA:95,13,1,18
BRDA:98,14,0,0
BRDA:98,14,1,18
BRDA:100,15,0,18
BRDA:100,15,1,0
BRDA:102,16,0,0
BRDA:102,16,1,0
BRDA:111,17,0,23
BRDA:111,17,1,193
BRDA:111,18,0,216
BRDA:111,18,1,216
BRDA:111,18,2,216
BRDA:111,18,3,34
BRDA:113,19,0,23
BRDA:113,19,1,3
BRDA:132,20,0,216
BRDA:132,20,1,0
BRDA:135,21,0,198
BRDA:135,21,1,18
BRDA:137,22,0,0
BRDA:137,22,1,18
BRDA:140,23,0,0
BRDA:140,23,1,18
BRDA:142,24,0,18
BRDA:142,24,1,0
BRDA:144,25,0,0
BRDA:144,25,1,0
BRDA:149,26,0,12
BRDA:149,26,1,204
BRDA:149,27,0,216
BRDA:149,27,1,216
BRDA:149,27,2,216
BRDA:149,27,3,34
BRDA:152,28,0,7
BRDA:152,28,1,5
BRDA:157,29,0,7
BRDA:157,29,1,0
BRDA:157,30,0,7
BRDA:157,30,1,0
BRDA:182,31,0,206
BRDA:182,31,1,174
BRDA:182,31,2,174
BRDA:183,32,0,32
BRDA:183,32,1,174
BRDA:185,33,0,18
BRDA:185,33,1,188
BRDA:185,34,0,206
BRDA:185,34,1,174
BRDA:188,35,0,7
BRDA:188,35,1,181
BRDA:188,36,0,188
BRDA:188,36,1,32
BRDA:195,37,0,1
BRDA:195,37,1,6
BRDA:195,38,0,1
BRDA:195,38,1,5
BRDA:203,39,0,11
BRDA:203,39,1,7
BRDA:209,40,0,10
BRDA:209,40,1,1
BRDA:209,41,0,0
BRDA:209,41,1,1
BRDA:225,42,0,13
BRDA:226,43,0,14
BRDA:226,43,1,13
BRDA:226,43,2,13
BRDA:229,44,0,13
BRDA:229,44,1,1
BRDA:231,45,0,1
BRDA:231,45,1,12
BRDA:231,46,0,13
BRDA:231,46,1,1
BRDA:233,47,0,1
BRDA:233,47,1,0
BRDA:244,48,0,3
BRDA:244,48,1,10
BRDA:250,49,0,1
BRDA:250,49,1,9
BRDA:251,50,0,1
BRDA:251,50,1,9
BRDA:252,51,0,1
BRDA:252,51,1,9
BRDA:266,52,0,9
BRDA:266,52,1,1
BRDA:284,53,0,1
BRDA:284,53,1,3
BRDA:284,54,0,4
BRDA:284,54,1,3
BRDA:297,55,0,1
BRDA:297,55,1,2
BRDA:297,56,0,3
BRDA:297,56,1,2
BRDA:297,56,2,2
BRDA:310,57,0,2
BRDA:310,57,1,0
BRDA:310,58,0,2
BRDA:310,58,1,0
BRF:123
BRH:104
end_of_record
TN:
SF:src\services\notionService.js
FN:20,makeCacheKey
FN:30,queryDatabase
FN:66,getPage
FN:89,getCharacters
FN:98,getTimelineEvents
FN:107,getPuzzles
FN:116,getElements
FN:125,getElementsByType
FN:141,getPagesByIds
FN:145,(anonymous_9)
FN:145,(anonymous_10)
FN:151,clearCache
FN:182,getCharacterDetails
FN:224,getAllCharacterOverviews
FNF:14
FNH:6
FNDA:4,makeCacheKey
FNDA:4,queryDatabase
FNDA:0,getPage
FNDA:1,getCharacters
FNDA:1,getTimelineEvents
FNDA:1,getPuzzles
FNDA:1,getElements
FNDA:0,getElementsByType
FNDA:0,getPagesByIds
FNDA:0,(anonymous_9)
FNDA:0,(anonymous_10)
FNDA:0,clearCache
FNDA:0,getCharacterDetails
FNDA:0,getAllCharacterOverviews
DA:1,9
DA:2,9
DA:3,9
DA:6,9
DA:11,9
DA:18,9
DA:21,4
DA:31,4
DA:32,4
DA:33,4
DA:34,0
DA:35,0
DA:37,4
DA:39,4
DA:44,4
DA:45,0
DA:49,4
DA:51,0
DA:52,0
DA:54,0
DA:56,0
DA:57,0
DA:67,0
DA:68,0
DA:69,0
DA:70,0
DA:71,0
DA:73,0
DA:74,0
DA:75,0
DA:76,0
DA:77,0
DA:79,0
DA:80,0
DA:90,1
DA:99,1
DA:108,1
DA:117,1
DA:126,0
DA:133,0
DA:142,0
DA:144,0
DA:145,0
DA:148,0
DA:152,0
DA:153,0
DA:156,9
DA:183,0
DA:184,0
DA:185,0
DA:186,0
DA:189,0
DA:190,0
DA:191,0
DA:192,0
DA:196,0
DA:197,0
DA:200,0
DA:201,0
DA:204,0
DA:208,0
DA:209,0
DA:210,0
DA:212,0
DA:227,0
DA:228,0
LF:66
LH:19
BRDA:12,0,0,9
BRDA:12,0,1,0
BRDA:13,1,0,9
BRDA:13,1,1,0
BRDA:14,2,0,9
BRDA:14,2,1,0
BRDA:15,3,0,9
BRDA:15,3,1,0
BRDA:30,4,0,0
BRDA:33,5,0,0
BRDA:33,5,1,4
BRDA:44,6,0,0
BRDA:44,6,1,4
BRDA:69,7,0,0
BRDA:69,7,1,0
BRDA:89,8,0,1
BRDA:98,9,0,1
BRDA:107,10,0,1
BRDA:116,11,0,1
BRDA:142,12,0,0
BRDA:142,12,1,0
BRDA:142,13,0,0
BRDA:142,13,1,0
BRDA:184,14,0,0
BRDA:184,14,1,0
BRDA:190,15,0,0
BRDA:190,15,1,0
BRDA:196,16,0,0
BRDA:196,16,1,0
BRDA:200,17,0,0
BRDA:200,17,1,0
BRDA:205,18,0,0
BRDA:205,18,1,0
BRDA:206,19,0,0
BRDA:206,19,1,0
BRDA:209,20,0,0
BRDA:209,20,1,0
BRF:37
BRH:10
end_of_record
TN:
SF:src\utils\notionPropertyMapper.js
FN:6,extractTitle
FN:10,(anonymous_1)
FN:18,extractRichText
FN:22,(anonymous_3)
FN:30,extractSelect
FN:42,extractMultiSelect
FN:46,(anonymous_6)
FN:54,extractRelation
FN:58,(anonymous_8)
FN:66,extractUrl
FN:78,extractDate
FN:90,extractNumber
FN:102,mapCharacter
FN:128,mapTimelineEvent
FN:148,mapPuzzle
FN:174,mapElement
FN:205,getProperty
FN:235,extractRelationByName
FN:246,extractRichTextByName
FN:257,extractSelectByName
FN:268,extractMultiSelectByName
FN:279,extractUrlByName
FN:290,mapCharacterWithNames
FN:315,(anonymous_23)
FN:326,(anonymous_24)
FN:327,(anonymous_25)
FN:328,(anonymous_26)
FN:329,(anonymous_27)
FN:335,(anonymous_28)
FN:360,mapTimelineEventWithNames
FN:373,(anonymous_30)
FN:379,(anonymous_31)
FN:380,(anonymous_32)
FN:409,mapPuzzleWithNames
FN:447,(anonymous_34)
FN:452,(anonymous_35)
FN:453,(anonymous_36)
FN:454,(anonymous_37)
FN:455,(anonymous_38)
FN:458,(anonymous_39)
FN:459,(anonymous_40)
FN:467,(anonymous_41)
FN:468,(anonymous_42)
FN:492,mapElementWithNames
FN:517,(anonymous_44)
FN:522,(anonymous_45)
FN:525,(anonymous_46)
FN:526,(anonymous_47)
FN:527,(anonymous_48)
FN:528,(anonymous_49)
FN:529,(anonymous_50)
FN:530,(anonymous_51)
FN:531,(anonymous_52)
FN:554,(anonymous_53)
FNF:54
FNH:38
FNDA:35,extractTitle
FNDA:33,(anonymous_1)
FNDA:10,extractRichText
FNDA:8,(anonymous_3)
FNDA:22,extractSelect
FNDA:11,extractMultiSelect
FNDA:7,(anonymous_6)
FNDA:30,extractRelation
FNDA:33,(anonymous_8)
FNDA:6,extractUrl
FNDA:6,extractDate
FNDA:7,extractNumber
FNDA:1,mapCharacter
FNDA:1,mapTimelineEvent
FNDA:1,mapPuzzle
FNDA:1,mapElement
FNDA:148,getProperty
FNDA:69,extractRelationByName
FNDA:24,extractRichTextByName
FNDA:24,extractSelectByName
FNDA:21,extractMultiSelectByName
FNDA:5,extractUrlByName
FNDA:3,mapCharacterWithNames
FNDA:4,(anonymous_23)
FNDA:2,(anonymous_24)
FNDA:0,(anonymous_25)
FNDA:2,(anonymous_26)
FNDA:0,(anonymous_27)
FNDA:0,(anonymous_28)
FNDA:3,mapTimelineEventWithNames
FNDA:6,(anonymous_30)
FNDA:4,(anonymous_31)
FNDA:2,(anonymous_32)
FNDA:4,mapPuzzleWithNames
FNDA:4,(anonymous_34)
FNDA:2,(anonymous_35)
FNDA:0,(anonymous_36)
FNDA:0,(anonymous_37)
FNDA:2,(anonymous_38)
FNDA:0,(anonymous_39)
FNDA:0,(anonymous_40)
FNDA:0,(anonymous_41)
FNDA:0,(anonymous_42)
FNDA:2,mapElementWithNames
FNDA:2,(anonymous_44)
FNDA:2,(anonymous_45)
FNDA:0,(anonymous_46)
FNDA:0,(anonymous_47)
FNDA:0,(anonymous_48)
FNDA:0,(anonymous_49)
FNDA:0,(anonymous_50)
FNDA:0,(anonymous_51)
FNDA:0,(anonymous_52)
FNDA:2,(anonymous_53)
DA:7,35
DA:8,1
DA:10,34
DA:19,10
DA:20,1
DA:22,9
DA:31,22
DA:32,4
DA:34,18
DA:43,11
DA:44,2
DA:46,9
DA:55,30
DA:56,1
DA:58,33
DA:67,6
DA:68,5
DA:70,1
DA:79,6
DA:80,2
DA:82,4
DA:91,7
DA:92,5
DA:94,2
DA:103,1
DA:105,1
DA:129,1
DA:131,1
DA:149,1
DA:151,1
DA:175,1
DA:177,1
DA:207,148
DA:216,148
DA:217,581
DA:218,48
DA:223,100
DA:226,100
DA:236,69
DA:237,69
DA:247,24
DA:248,24
DA:258,24
DA:259,24
DA:269,21
DA:270,21
DA:280,5
DA:281,5
DA:291,3
DA:292,3
DA:295,3
DA:296,3
DA:297,3
DA:298,3
DA:299,3
DA:307,3
DA:315,4
DA:317,2
DA:326,2
DA:327,0
DA:328,2
DA:329,0
DA:335,0
DA:339,2
DA:340,2
DA:341,2
DA:343,1
DA:346,1
DA:361,3
DA:362,3
DA:365,3
DA:366,3
DA:368,3
DA:373,6
DA:375,2
DA:379,4
DA:380,2
DA:388,2
DA:389,2
DA:390,2
DA:392,1
DA:395,1
DA:410,4
DA:411,4
DA:414,4
DA:415,4
DA:416,4
DA:417,4
DA:418,4
DA:419,4
DA:421,4
DA:422,4
DA:435,4
DA:447,4
DA:449,3
DA:452,2
DA:453,0
DA:454,0
DA:455,2
DA:458,0
DA:459,0
DA:467,0
DA:468,0
DA:471,3
DA:472,3
DA:473,3
DA:475,1
DA:478,1
DA:493,2
DA:494,2
DA:497,2
DA:498,2
DA:499,2
DA:500,2
DA:501,2
DA:502,2
DA:503,2
DA:504,2
DA:506,2
DA:517,2
DA:519,2
DA:522,2
DA:525,0
DA:526,0
DA:527,0
DA:528,0
DA:529,0
DA:530,0
DA:531,0
DA:544,2
DA:545,2
DA:546,2
DA:549,2
DA:550,2
DA:552,2
DA:553,2
DA:554,2
DA:556,2
DA:558,2
DA:559,2
DA:562,2
DA:563,2
DA:564,2
DA:565,0
DA:566,0
DA:569,2
DA:570,2
DA:571,2
DA:572,0
DA:573,0
DA:576,2
DA:577,2
DA:578,2
DA:579,0
DA:580,0
DA:585,2
DA:587,0
DA:590,0
DA:598,9
LF:159
LH:135
BRDA:7,0,0,1
BRDA:7,0,1,34
BRDA:7,1,0,35
BRDA:7,1,1,35
BRDA:7,1,2,34
BRDA:19,2,0,1
BRDA:19,2,1,9
BRDA:19,3,0,10
BRDA:19,3,1,10
BRDA:19,3,2,9
BRDA:31,4,0,4
BRDA:31,4,1,18
BRDA:31,5,0,22
BRDA:31,5,1,20
BRDA:43,6,0,2
BRDA:43,6,1,9
BRDA:43,7,0,11
BRDA:43,7,1,11
BRDA:43,7,2,9
BRDA:55,8,0,1
BRDA:55,8,1,29
BRDA:55,9,0,30
BRDA:55,9,1,30
BRDA:55,9,2,29
BRDA:67,10,0,5
BRDA:67,10,1,1
BRDA:67,11,0,6
BRDA:67,11,1,4
BRDA:79,12,0,2
BRDA:79,12,1,4
BRDA:79,13,0,6
BRDA:79,13,1,6
BRDA:91,14,0,5
BRDA:91,14,1,2
BRDA:91,15,0,7
BRDA:91,15,1,4
BRDA:91,15,2,3
BRDA:110,16,0,1
BRDA:110,16,1,0
BRDA:111,17,0,0
BRDA:111,17,1,1
BRDA:112,18,0,0
BRDA:112,18,1,1
BRDA:113,19,0,0
BRDA:113,19,1,1
BRDA:114,20,0,1
BRDA:114,20,1,0
BRDA:115,21,0,0
BRDA:115,21,1,1
BRDA:116,22,0,1
BRDA:116,22,1,0
BRDA:117,23,0,0
BRDA:117,23,1,1
BRDA:135,24,0,1
BRDA:135,24,1,0
BRDA:136,25,0,1
BRDA:136,25,1,0
BRDA:137,26,0,0
BRDA:137,26,1,1
BRDA:138,27,0,0
BRDA:138,27,1,1
BRDA:154,28,0,1
BRDA:154,28,1,0
BRDA:155,29,0,0
BRDA:155,29,1,1
BRDA:156,30,0,0
BRDA:156,30,1,1
BRDA:157,31,0,1
BRDA:157,31,1,0
BRDA:158,32,0,0
BRDA:158,32,1,1
BRDA:160,33,0,0
BRDA:160,33,1,1
BRDA:161,34,0,0
BRDA:161,34,1,1
BRDA:163,35,0,0
BRDA:163,35,1,1
BRDA:164,36,0,1
BRDA:164,36,1,0
BRDA:180,37,0,1
BRDA:180,37,1,0
BRDA:182,38,0,1
BRDA:182,38,1,0
BRDA:183,39,0,0
BRDA:183,39,1,1
BRDA:184,40,0,0
BRDA:184,40,1,1
BRDA:185,41,0,0
BRDA:185,41,1,1
BRDA:186,42,0,0
BRDA:186,42,1,1
BRDA:187,43,0,0
BRDA:187,43,1,1
BRDA:188,44,0,0
BRDA:188,44,1,1
BRDA:189,45,0,0
BRDA:189,45,1,1
BRDA:190,46,0,0
BRDA:190,46,1,1
BRDA:194,47,0,0
BRDA:194,47,1,1
BRDA:217,48,0,48
BRDA:217,48,1,533
BRDA:237,49,0,20
BRDA:237,49,1,49
BRDA:248,50,0,5
BRDA:248,50,1,19
BRDA:259,51,0,13
BRDA:259,51,1,11
BRDA:270,52,0,6
BRDA:270,52,1,15
BRDA:281,53,0,0
BRDA:281,53,1,5
BRDA:315,54,0,0
BRDA:315,55,0,4
BRDA:315,55,1,0
BRDA:315,55,2,0
BRDA:315,55,3,0
BRDA:339,56,0,0
BRDA:339,56,1,2
BRDA:340,57,0,0
BRDA:340,57,1,2
BRDA:340,58,0,2
BRDA:340,58,1,2
BRDA:343,59,0,1
BRDA:343,59,1,0
BRDA:347,60,0,1
BRDA:347,60,1,0
BRDA:348,61,0,1
BRDA:348,61,1,0
BRDA:373,62,0,0
BRDA:373,63,0,6
BRDA:373,63,1,0
BRDA:373,63,2,0
BRDA:388,64,0,0
BRDA:388,64,1,2
BRDA:389,65,0,0
BRDA:389,65,1,2
BRDA:389,66,0,2
BRDA:389,66,1,2
BRDA:392,67,0,1
BRDA:392,67,1,0
BRDA:396,68,0,1
BRDA:396,68,1,0
BRDA:397,69,0,1
BRDA:397,69,1,0
BRDA:447,70,0,0
BRDA:447,71,0,4
BRDA:447,71,1,0
BRDA:447,71,2,0
BRDA:447,71,3,0
BRDA:471,72,0,3
BRDA:471,72,1,0
BRDA:472,73,0,2
BRDA:472,73,1,1
BRDA:472,74,0,3
BRDA:472,74,1,3
BRDA:475,75,0,1
BRDA:475,75,1,0
BRDA:479,76,0,1
BRDA:479,76,1,0
BRDA:480,77,0,1
BRDA:480,77,1,0
BRDA:517,78,0,0
BRDA:517,79,0,2
BRDA:517,79,1,0
BRDA:517,79,2,0
BRDA:517,79,3,0
BRDA:544,80,0,0
BRDA:544,80,1,2
BRDA:545,81,0,0
BRDA:545,81,1,2
BRDA:545,82,0,2
BRDA:545,82,1,2
BRDA:546,83,0,0
BRDA:546,83,1,2
BRDA:546,84,0,2
BRDA:546,84,1,2
BRDA:552,85,0,2
BRDA:552,85,1,0
BRDA:552,86,0,2
BRDA:552,86,1,2
BRDA:556,87,0,2
BRDA:556,87,1,0
BRDA:558,88,0,2
BRDA:558,88,1,0
BRDA:564,89,0,0
BRDA:564,89,1,2
BRDA:564,90,0,2
BRDA:564,90,1,0
BRDA:571,91,0,0
BRDA:571,91,1,2
BRDA:571,92,0,2
BRDA:571,92,1,0
BRDA:578,93,0,0
BRDA:578,93,1,2
BRDA:578,94,0,2
BRDA:578,94,1,0
BRDA:587,95,0,0
BRDA:587,95,1,0
BRDA:591,96,0,0
BRDA:591,96,1,0
BRDA:592,97,0,0
BRDA:592,97,1,0
BRF:204
BRH:124
end_of_record
TN:
SF:src\utils\propertyMapper.js
FN:8,(anonymous_0)
FN:10,(anonymous_1)
FN:18,(anonymous_2)
FN:28,(anonymous_3)
FN:30,(anonymous_4)
FN:37,(anonymous_5)
FN:57,(anonymous_6)
FN:80,(anonymous_7)
FN:99,(anonymous_8)
FN:116,(anonymous_9)
FNF:10
FNH:8
FNDA:9,(anonymous_0)
FNDA:8,(anonymous_1)
FNDA:0,(anonymous_2)
FNDA:11,(anonymous_3)
FNDA:10,(anonymous_4)
FNDA:2,(anonymous_5)
FNDA:1,(anonymous_6)
FNDA:1,(anonymous_7)
FNDA:1,(anonymous_8)
FNDA:0,(anonymous_9)
DA:8,9
DA:9,9
DA:10,8
DA:18,9
DA:19,0
DA:20,0
DA:28,9
DA:29,11
DA:30,10
DA:37,9
DA:38,2
DA:39,1
DA:41,1
DA:57,9
DA:58,1
DA:59,1
DA:64,1
DA:66,1
DA:80,9
DA:81,1
DA:82,1
DA:84,1
DA:99,9
DA:100,1
DA:101,1
DA:103,1
DA:116,9
DA:117,0
DA:118,0
DA:119,0
DA:126,9
LF:31
LH:26
BRDA:9,0,0,1
BRDA:9,0,1,8
BRDA:9,1,0,9
BRDA:9,1,1,8
BRDA:19,2,0,0
BRDA:19,2,1,0
BRDA:19,3,0,0
BRDA:19,3,1,0
BRDA:19,3,2,0
BRDA:29,4,0,3
BRDA:29,4,1,8
BRDA:29,5,0,11
BRDA:29,5,1,8
BRDA:38,6,0,1
BRDA:38,6,1,1
BRDA:38,7,0,2
BRDA:38,7,1,1
BRDA:58,8,0,0
BRDA:58,8,1,1
BRDA:58,9,0,1
BRDA:58,9,1,1
BRDA:81,10,0,0
BRDA:81,10,1,1
BRDA:81,11,0,1
BRDA:81,11,1,1
BRDA:100,12,0,0
BRDA:100,12,1,1
BRDA:100,13,0,1
BRDA:100,13,1,1
BRDA:117,14,0,0
BRDA:117,14,1,0
BRDA:117,15,0,0
BRDA:117,15,1,0
BRF:33
BRH:21
end_of_record
