{"/mnt/c/Users/spide/Documents/GitHub/ALNTool/storyforge/backend/src/controllers/journeyController.js": {"path":"/mnt/c/Users/spide/Documents/GitHub/ALNTool/storyforge/backend/src/controllers/journeyController.js","statementMap":{"0":{"start":{"line":1,"column":22},"end":{"line":1,"column":58}},"1":{"start":{"line":2,"column":43},"end":{"line":2,"column":67}},"2":{"start":{"line":5,"column":22},"end":{"line":5,"column":41}},"3":{"start":{"line":11,"column":2},"end":{"line":23,"column":3}},"4":{"start":{"line":12,"column":28},"end":{"line":12,"column":38}},"5":{"start":{"line":13,"column":20},"end":{"line":13,"column":74}},"6":{"start":{"line":15,"column":4},"end":{"line":17,"column":5}},"7":{"start":{"line":16,"column":6},"end":{"line":16,"column":68}},"8":{"start":{"line":19,"column":4},"end":{"line":19,"column":22}},"9":{"start":{"line":21,"column":4},"end":{"line":21,"column":62}},"10":{"start":{"line":22,"column":4},"end":{"line":22,"column":73}},"11":{"start":{"line":32,"column":2},"end":{"line":32,"column":15}},"12":{"start":{"line":41,"column":2},"end":{"line":41,"column":15}},"13":{"start":{"line":48,"column":2},"end":{"line":54,"column":3}},"14":{"start":{"line":49,"column":19},"end":{"line":49,"column":36}},"15":{"start":{"line":50,"column":4},"end":{"line":50,"column":21}},"16":{"start":{"line":52,"column":4},"end":{"line":52,"column":56}},"17":{"start":{"line":53,"column":4},"end":{"line":53,"column":67}},"18":{"start":{"line":62,"column":2},"end":{"line":66,"column":5}},"19":{"start":{"line":74,"column":2},"end":{"line":78,"column":5}},"20":{"start":{"line":81,"column":0},"end":{"line":88,"column":2}}},"fnMap":{"0":{"name":"getCharacterJourney","decl":{"start":{"line":10,"column":15},"end":{"line":10,"column":34}},"loc":{"start":{"line":10,"column":45},"end":{"line":24,"column":1}},"line":10},"1":{"name":"getCharacterGaps","decl":{"start":{"line":30,"column":15},"end":{"line":30,"column":31}},"loc":{"start":{"line":30,"column":42},"end":{"line":33,"column":1}},"line":30},"2":{"name":"getAllGaps","decl":{"start":{"line":39,"column":15},"end":{"line":39,"column":25}},"loc":{"start":{"line":39,"column":36},"end":{"line":42,"column":1}},"line":39},"3":{"name":"getSyncStatus","decl":{"start":{"line":47,"column":15},"end":{"line":47,"column":28}},"loc":{"start":{"line":47,"column":39},"end":{"line":55,"column":1}},"line":47},"4":{"name":"getGapSuggestions","decl":{"start":{"line":61,"column":15},"end":{"line":61,"column":32}},"loc":{"start":{"line":61,"column":43},"end":{"line":67,"column":1}},"line":61},"5":{"name":"resolveGap","decl":{"start":{"line":73,"column":15},"end":{"line":73,"column":25}},"loc":{"start":{"line":73,"column":36},"end":{"line":79,"column":1}},"line":73}},"branchMap":{"0":{"loc":{"start":{"line":15,"column":4},"end":{"line":17,"column":5}},"type":"if","locations":[{"start":{"line":15,"column":4},"end":{"line":17,"column":5}},{"start":{},"end":{}}],"line":15}},"s":{"0":1,"1":1,"2":1,"3":8,"4":8,"5":8,"6":8,"7":8,"8":0,"9":0,"10":0,"11":2,"12":2,"13":3,"14":3,"15":2,"16":1,"17":1,"18":2,"19":2,"20":1},"f":{"0":8,"1":2,"2":2,"3":3,"4":2,"5":2},"b":{"0":[8,0]},"_coverageSchema":"1a1c01bbd47fc00a2c39e90264f33305004495a9","hash":"ae3ab0665ec6506b60896dfda07a297de3cd0ffa"}
,"/mnt/c/Users/spide/Documents/GitHub/ALNTool/storyforge/backend/src/controllers/notionController.js": {"path":"/mnt/c/Users/spide/Documents/GitHub/ALNTool/storyforge/backend/src/controllers/notionController.js","statementMap":{"0":{"start":{"line":1,"column":22},"end":{"line":1,"column":58}},"1":{"start":{"line":2,"column":21},"end":{"line":2,"column":56}},"2":{"start":{"line":3,"column":23},"end":{"line":3,"column":63}},"3":{"start":{"line":4,"column":38},"end":{"line":4,"column":74}},"4":{"start":{"line":5,"column":18},"end":{"line":5,"column":43}},"5":{"start":{"line":14,"column":2},"end":{"line":14,"column":23}},"6":{"start":{"line":14,"column":13},"end":{"line":14,"column":23}},"7":{"start":{"line":15,"column":2},"end":{"line":15,"column":22}},"8":{"start":{"line":16,"column":2},"end":{"line":16,"column":44}},"9":{"start":{"line":16,"column":32},"end":{"line":16,"column":44}},"10":{"start":{"line":17,"column":17},"end":{"line":17,"column":53}},"11":{"start":{"line":18,"column":2},"end":{"line":20,"column":3}},"12":{"start":{"line":19,"column":6},"end":{"line":19,"column":47}},"13":{"start":{"line":21,"column":2},"end":{"line":21,"column":50}},"14":{"start":{"line":24,"column":19},"end":{"line":28,"column":1}},"15":{"start":{"line":25,"column":2},"end":{"line":27,"column":4}},"16":{"start":{"line":26,"column":4},"end":{"line":26,"column":52}},"17":{"start":{"line":31,"column":27},"end":{"line":31,"column":29}},"18":{"start":{"line":32,"column":2},"end":{"line":46,"column":3}},"19":{"start":{"line":33,"column":4},"end":{"line":45,"column":5}},"20":{"start":{"line":34,"column":6},"end":{"line":44,"column":7}},"21":{"start":{"line":35,"column":8},"end":{"line":38,"column":11}},"22":{"start":{"line":40,"column":8},"end":{"line":43,"column":11}},"23":{"start":{"line":47,"column":2},"end":{"line":47,"column":54}},"24":{"start":{"line":47,"column":37},"end":{"line":47,"column":54}},"25":{"start":{"line":48,"column":2},"end":{"line":48,"column":89}},"26":{"start":{"line":51,"column":22},"end":{"line":57,"column":2}},"27":{"start":{"line":54,"column":21},"end":{"line":54,"column":72}},"28":{"start":{"line":55,"column":2},"end":{"line":55,"column":23}},"29":{"start":{"line":56,"column":2},"end":{"line":56,"column":23}},"30":{"start":{"line":59,"column":39},"end":{"line":98,"column":2}},"31":{"start":{"line":60,"column":13},"end":{"line":60,"column":20}},"32":{"start":{"line":63,"column":21},"end":{"line":83,"column":10}},"33":{"start":{"line":86,"column":29},"end":{"line":94,"column":5}},"34":{"start":{"line":86,"column":53},"end":{"line":94,"column":3}},"35":{"start":{"line":96,"column":2},"end":{"line":96,"column":23}},"36":{"start":{"line":97,"column":2},"end":{"line":97,"column":31}},"37":{"start":{"line":100,"column":25},"end":{"line":121,"column":2}},"38":{"start":{"line":101,"column":17},"end":{"line":101,"column":27}},"39":{"start":{"line":102,"column":19},"end":{"line":102,"column":74}},"40":{"start":{"line":103,"column":32},"end":{"line":103,"column":57}},"41":{"start":{"line":104,"column":2},"end":{"line":108,"column":3}},"42":{"start":{"line":105,"column":4},"end":{"line":105,"column":62}},"43":{"start":{"line":106,"column":4},"end":{"line":106,"column":25}},"44":{"start":{"line":107,"column":4},"end":{"line":107,"column":43}},"45":{"start":{"line":109,"column":2},"end":{"line":109,"column":61}},"46":{"start":{"line":110,"column":24},"end":{"line":110,"column":55}},"47":{"start":{"line":111,"column":2},"end":{"line":113,"column":3}},"48":{"start":{"line":112,"column":4},"end":{"line":112,"column":66}},"49":{"start":{"line":114,"column":26},"end":{"line":114,"column":98}},"50":{"start":{"line":115,"column":2},"end":{"line":118,"column":3}},"51":{"start":{"line":116,"column":4},"end":{"line":116,"column":47}},"52":{"start":{"line":117,"column":4},"end":{"line":117,"column":62}},"53":{"start":{"line":119,"column":2},"end":{"line":119,"column":23}},"54":{"start":{"line":120,"column":2},"end":{"line":120,"column":28}},"55":{"start":{"line":123,"column":26},"end":{"line":134,"column":2}},"56":{"start":{"line":124,"column":17},"end":{"line":124,"column":27}},"57":{"start":{"line":125,"column":16},"end":{"line":125,"column":52}},"58":{"start":{"line":130,"column":16},"end":{"line":130,"column":63}},"59":{"start":{"line":133,"column":2},"end":{"line":133,"column":18}},"60":{"start":{"line":136,"column":26},"end":{"line":152,"column":2}},"61":{"start":{"line":137,"column":22},"end":{"line":142,"column":3}},"62":{"start":{"line":143,"column":17},"end":{"line":143,"column":58}},"63":{"start":{"line":146,"column":23},"end":{"line":146,"column":68}},"64":{"start":{"line":147,"column":17},"end":{"line":149,"column":3}},"65":{"start":{"line":148,"column":30},"end":{"line":148,"column":92}},"66":{"start":{"line":150,"column":2},"end":{"line":150,"column":23}},"67":{"start":{"line":151,"column":2},"end":{"line":151,"column":19}},"68":{"start":{"line":154,"column":30},"end":{"line":159,"column":2}},"69":{"start":{"line":156,"column":17},"end":{"line":156,"column":72}},"70":{"start":{"line":157,"column":2},"end":{"line":157,"column":23}},"71":{"start":{"line":158,"column":2},"end":{"line":158,"column":19}},"72":{"start":{"line":161,"column":29},"end":{"line":182,"column":2}},"73":{"start":{"line":162,"column":17},"end":{"line":162,"column":27}},"74":{"start":{"line":163,"column":19},"end":{"line":163,"column":63}},"75":{"start":{"line":164,"column":28},"end":{"line":164,"column":53}},"76":{"start":{"line":165,"column":2},"end":{"line":169,"column":3}},"77":{"start":{"line":166,"column":4},"end":{"line":166,"column":58}},"78":{"start":{"line":167,"column":4},"end":{"line":167,"column":25}},"79":{"start":{"line":168,"column":4},"end":{"line":168,"column":39}},"80":{"start":{"line":170,"column":2},"end":{"line":170,"column":57}},"81":{"start":{"line":171,"column":20},"end":{"line":171,"column":51}},"82":{"start":{"line":172,"column":2},"end":{"line":174,"column":3}},"83":{"start":{"line":173,"column":4},"end":{"line":173,"column":71}},"84":{"start":{"line":175,"column":22},"end":{"line":175,"column":94}},"85":{"start":{"line":176,"column":2},"end":{"line":179,"column":3}},"86":{"start":{"line":177,"column":4},"end":{"line":177,"column":43}},"87":{"start":{"line":178,"column":4},"end":{"line":178,"column":58}},"88":{"start":{"line":180,"column":2},"end":{"line":180,"column":23}},"89":{"start":{"line":181,"column":2},"end":{"line":181,"column":24}},"90":{"start":{"line":184,"column":19},"end":{"line":193,"column":2}},"91":{"start":{"line":185,"column":22},"end":{"line":185,"column":88}},"92":{"start":{"line":186,"column":17},"end":{"line":186,"column":58}},"93":{"start":{"line":187,"column":24},"end":{"line":187,"column":62}},"94":{"start":{"line":188,"column":18},"end":{"line":190,"column":3}},"95":{"start":{"line":189,"column":32},"end":{"line":189,"column":88}},"96":{"start":{"line":191,"column":2},"end":{"line":191,"column":23}},"97":{"start":{"line":192,"column":2},"end":{"line":192,"column":20}},"98":{"start":{"line":195,"column":22},"end":{"line":216,"column":2}},"99":{"start":{"line":196,"column":17},"end":{"line":196,"column":27}},"100":{"start":{"line":197,"column":19},"end":{"line":197,"column":71}},"101":{"start":{"line":198,"column":29},"end":{"line":198,"column":54}},"102":{"start":{"line":199,"column":2},"end":{"line":203,"column":3}},"103":{"start":{"line":200,"column":4},"end":{"line":200,"column":59}},"104":{"start":{"line":201,"column":4},"end":{"line":201,"column":25}},"105":{"start":{"line":202,"column":4},"end":{"line":202,"column":40}},"106":{"start":{"line":204,"column":2},"end":{"line":204,"column":58}},"107":{"start":{"line":205,"column":21},"end":{"line":205,"column":52}},"108":{"start":{"line":206,"column":2},"end":{"line":208,"column":3}},"109":{"start":{"line":207,"column":4},"end":{"line":207,"column":63}},"110":{"start":{"line":209,"column":23},"end":{"line":209,"column":89}},"111":{"start":{"line":210,"column":2},"end":{"line":213,"column":3}},"112":{"start":{"line":211,"column":4},"end":{"line":211,"column":44}},"113":{"start":{"line":212,"column":4},"end":{"line":212,"column":59}},"114":{"start":{"line":214,"column":2},"end":{"line":214,"column":23}},"115":{"start":{"line":215,"column":2},"end":{"line":215,"column":25}},"116":{"start":{"line":219,"column":27},"end":{"line":225,"column":1}},"117":{"start":{"line":227,"column":20},"end":{"line":286,"column":2}},"118":{"start":{"line":228,"column":47},"end":{"line":228,"column":56}},"119":{"start":{"line":231,"column":2},"end":{"line":267,"column":3}},"120":{"start":{"line":232,"column":15},"end":{"line":232,"column":22}},"121":{"start":{"line":233,"column":21},"end":{"line":243,"column":12}},"122":{"start":{"line":246,"column":32},"end":{"line":263,"column":7}},"123":{"start":{"line":246,"column":52},"end":{"line":263,"column":5}},"124":{"start":{"line":265,"column":4},"end":{"line":265,"column":25}},"125":{"start":{"line":266,"column":4},"end":{"line":266,"column":41}},"126":{"start":{"line":271,"column":22},"end":{"line":276,"column":3}},"127":{"start":{"line":277,"column":26},"end":{"line":277,"column":74}},"128":{"start":{"line":278,"column":2},"end":{"line":278,"column":35}},"129":{"start":{"line":280,"column":25},"end":{"line":280,"column":72}},"130":{"start":{"line":281,"column":19},"end":{"line":283,"column":3}},"131":{"start":{"line":282,"column":34},"end":{"line":282,"column":92}},"132":{"start":{"line":284,"column":2},"end":{"line":284,"column":23}},"133":{"start":{"line":285,"column":2},"end":{"line":285,"column":21}},"134":{"start":{"line":288,"column":23},"end":{"line":309,"column":2}},"135":{"start":{"line":289,"column":17},"end":{"line":289,"column":27}},"136":{"start":{"line":290,"column":19},"end":{"line":290,"column":57}},"137":{"start":{"line":291,"column":30},"end":{"line":291,"column":55}},"138":{"start":{"line":292,"column":2},"end":{"line":296,"column":3}},"139":{"start":{"line":293,"column":4},"end":{"line":293,"column":60}},"140":{"start":{"line":294,"column":4},"end":{"line":294,"column":25}},"141":{"start":{"line":295,"column":4},"end":{"line":295,"column":41}},"142":{"start":{"line":297,"column":2},"end":{"line":297,"column":59}},"143":{"start":{"line":298,"column":22},"end":{"line":298,"column":53}},"144":{"start":{"line":299,"column":2},"end":{"line":301,"column":3}},"145":{"start":{"line":300,"column":4},"end":{"line":300,"column":64}},"146":{"start":{"line":302,"column":24},"end":{"line":302,"column":92}},"147":{"start":{"line":303,"column":2},"end":{"line":306,"column":3}},"148":{"start":{"line":304,"column":4},"end":{"line":304,"column":45}},"149":{"start":{"line":305,"column":4},"end":{"line":305,"column":60}},"150":{"start":{"line":307,"column":2},"end":{"line":307,"column":23}},"151":{"start":{"line":308,"column":2},"end":{"line":308,"column":26}},"152":{"start":{"line":311,"column":29},"end":{"line":326,"column":2}},"153":{"start":{"line":312,"column":2},"end":{"line":325,"column":5}},"154":{"start":{"line":328,"column":21},"end":{"line":374,"column":2}},"155":{"start":{"line":329,"column":16},"end":{"line":329,"column":25}},"156":{"start":{"line":330,"column":2},"end":{"line":330,"column":73}},"157":{"start":{"line":330,"column":10},"end":{"line":330,"column":73}},"158":{"start":{"line":332,"column":26},"end":{"line":353,"column":3}},"159":{"start":{"line":355,"column":18},"end":{"line":355,"column":20}},"160":{"start":{"line":356,"column":25},"end":{"line":370,"column":4}},"161":{"start":{"line":357,"column":19},"end":{"line":360,"column":5}},"162":{"start":{"line":361,"column":4},"end":{"line":369,"column":5}},"163":{"start":{"line":362,"column":20},"end":{"line":362,"column":50}},"164":{"start":{"line":363,"column":6},"end":{"line":365,"column":8}},"165":{"start":{"line":364,"column":26},"end":{"line":364,"column":62}},"166":{"start":{"line":367,"column":6},"end":{"line":367,"column":55}},"167":{"start":{"line":368,"column":6},"end":{"line":368,"column":26}},"168":{"start":{"line":372,"column":2},"end":{"line":372,"column":36}},"169":{"start":{"line":373,"column":2},"end":{"line":373,"column":20}},"170":{"start":{"line":376,"column":19},"end":{"line":380,"column":2}},"171":{"start":{"line":377,"column":2},"end":{"line":377,"column":29}},"172":{"start":{"line":378,"column":2},"end":{"line":378,"column":39}},"173":{"start":{"line":379,"column":2},"end":{"line":379,"column":41}},"174":{"start":{"line":383,"column":2},"end":{"line":383,"column":57}},"175":{"start":{"line":386,"column":24},"end":{"line":389,"column":2}},"176":{"start":{"line":388,"column":2},"end":{"line":388,"column":53}},"177":{"start":{"line":391,"column":23},"end":{"line":394,"column":2}},"178":{"start":{"line":393,"column":2},"end":{"line":393,"column":53}},"179":{"start":{"line":396,"column":25},"end":{"line":399,"column":2}},"180":{"start":{"line":398,"column":2},"end":{"line":398,"column":53}},"181":{"start":{"line":401,"column":0},"end":{"line":417,"column":2}},"182":{"start":{"line":421,"column":31},"end":{"line":469,"column":2}},"183":{"start":{"line":422,"column":19},"end":{"line":422,"column":59}},"184":{"start":{"line":423,"column":21},"end":{"line":423,"column":46}},"185":{"start":{"line":424,"column":2},"end":{"line":428,"column":3}},"186":{"start":{"line":425,"column":4},"end":{"line":425,"column":43}},"187":{"start":{"line":426,"column":4},"end":{"line":426,"column":25}},"188":{"start":{"line":427,"column":4},"end":{"line":427,"column":32}},"189":{"start":{"line":429,"column":2},"end":{"line":429,"column":42}},"190":{"start":{"line":431,"column":24},"end":{"line":431,"column":56}},"191":{"start":{"line":432,"column":24},"end":{"line":434,"column":3}},"192":{"start":{"line":433,"column":32},"end":{"line":433,"column":88}},"193":{"start":{"line":436,"column":30},"end":{"line":436,"column":32}},"194":{"start":{"line":437,"column":2},"end":{"line":463,"column":3}},"195":{"start":{"line":438,"column":4},"end":{"line":438,"column":31}},"196":{"start":{"line":438,"column":22},"end":{"line":438,"column":31}},"197":{"start":{"line":440,"column":21},"end":{"line":440,"column":23}},"198":{"start":{"line":441,"column":4},"end":{"line":443,"column":5}},"199":{"start":{"line":442,"column":6},"end":{"line":442,"column":93}},"200":{"start":{"line":444,"column":4},"end":{"line":446,"column":5}},"201":{"start":{"line":445,"column":6},"end":{"line":445,"column":116}},"202":{"start":{"line":447,"column":4},"end":{"line":449,"column":5}},"203":{"start":{"line":448,"column":6},"end":{"line":448,"column":120}},"204":{"start":{"line":452,"column":4},"end":{"line":462,"column":5}},"205":{"start":{"line":453,"column":6},"end":{"line":461,"column":9}},"206":{"start":{"line":465,"column":2},"end":{"line":465,"column":49}},"207":{"start":{"line":466,"column":2},"end":{"line":466,"column":102}},"208":{"start":{"line":467,"column":2},"end":{"line":467,"column":23}},"209":{"start":{"line":468,"column":2},"end":{"line":468,"column":32}},"210":{"start":{"line":471,"column":32},"end":{"line":532,"column":2}},"211":{"start":{"line":472,"column":19},"end":{"line":472,"column":60}},"212":{"start":{"line":473,"column":21},"end":{"line":473,"column":46}},"213":{"start":{"line":474,"column":2},"end":{"line":478,"column":3}},"214":{"start":{"line":475,"column":4},"end":{"line":475,"column":43}},"215":{"start":{"line":476,"column":4},"end":{"line":476,"column":25}},"216":{"start":{"line":477,"column":4},"end":{"line":477,"column":32}},"217":{"start":{"line":479,"column":2},"end":{"line":479,"column":42}},"218":{"start":{"line":481,"column":25},"end":{"line":481,"column":58}},"219":{"start":{"line":482,"column":25},"end":{"line":484,"column":3}},"220":{"start":{"line":483,"column":34},"end":{"line":483,"column":92}},"221":{"start":{"line":486,"column":31},"end":{"line":486,"column":84}},"222":{"start":{"line":488,"column":31},"end":{"line":488,"column":33}},"223":{"start":{"line":489,"column":2},"end":{"line":526,"column":3}},"224":{"start":{"line":490,"column":4},"end":{"line":490,"column":32}},"225":{"start":{"line":490,"column":23},"end":{"line":490,"column":32}},"226":{"start":{"line":492,"column":4},"end":{"line":494,"column":5}},"227":{"start":{"line":493,"column":6},"end":{"line":493,"column":15}},"228":{"start":{"line":496,"column":21},"end":{"line":496,"column":23}},"229":{"start":{"line":497,"column":23},"end":{"line":497,"column":88}},"230":{"start":{"line":498,"column":21},"end":{"line":498,"column":84}},"231":{"start":{"line":500,"column":4},"end":{"line":505,"column":5}},"232":{"start":{"line":501,"column":6},"end":{"line":504,"column":9}},"233":{"start":{"line":507,"column":26},"end":{"line":507,"column":131}},"234":{"start":{"line":508,"column":4},"end":{"line":513,"column":5}},"235":{"start":{"line":509,"column":6},"end":{"line":512,"column":9}},"236":{"start":{"line":515,"column":4},"end":{"line":525,"column":5}},"237":{"start":{"line":516,"column":6},"end":{"line":524,"column":9}},"238":{"start":{"line":528,"column":2},"end":{"line":528,"column":50}},"239":{"start":{"line":529,"column":2},"end":{"line":529,"column":104}},"240":{"start":{"line":530,"column":2},"end":{"line":530,"column":23}},"241":{"start":{"line":531,"column":2},"end":{"line":531,"column":33}},"242":{"start":{"line":534,"column":22},"end":{"line":644,"column":2}},"243":{"start":{"line":535,"column":27},"end":{"line":535,"column":37}},"244":{"start":{"line":536,"column":19},"end":{"line":536,"column":67}},"245":{"start":{"line":537,"column":21},"end":{"line":537,"column":46}},"246":{"start":{"line":539,"column":2},"end":{"line":543,"column":3}},"247":{"start":{"line":540,"column":4},"end":{"line":540,"column":57}},"248":{"start":{"line":541,"column":4},"end":{"line":541,"column":25}},"249":{"start":{"line":542,"column":4},"end":{"line":542,"column":32}},"250":{"start":{"line":544,"column":2},"end":{"line":544,"column":56}},"251":{"start":{"line":546,"column":21},"end":{"line":546,"column":58}},"252":{"start":{"line":547,"column":2},"end":{"line":549,"column":3}},"253":{"start":{"line":548,"column":4},"end":{"line":548,"column":63}},"254":{"start":{"line":551,"column":24},"end":{"line":551,"column":90}},"255":{"start":{"line":552,"column":2},"end":{"line":554,"column":3}},"256":{"start":{"line":553,"column":4},"end":{"line":553,"column":104}},"257":{"start":{"line":556,"column":27},"end":{"line":556,"column":36}},"258":{"start":{"line":557,"column":2},"end":{"line":557,"column":82}},"259":{"start":{"line":557,"column":53},"end":{"line":557,"column":80}},"260":{"start":{"line":558,"column":2},"end":{"line":558,"column":75}},"261":{"start":{"line":558,"column":46},"end":{"line":558,"column":73}},"262":{"start":{"line":559,"column":2},"end":{"line":559,"column":76}},"263":{"start":{"line":559,"column":48},"end":{"line":559,"column":74}},"264":{"start":{"line":560,"column":2},"end":{"line":560,"column":76}},"265":{"start":{"line":560,"column":48},"end":{"line":560,"column":74}},"266":{"start":{"line":562,"column":2},"end":{"line":562,"column":78}},"267":{"start":{"line":562,"column":49},"end":{"line":562,"column":76}},"268":{"start":{"line":565,"column":23},"end":{"line":565,"column":86}},"269":{"start":{"line":566,"column":32},"end":{"line":566,"column":41}},"270":{"start":{"line":568,"column":2},"end":{"line":587,"column":3}},"271":{"start":{"line":569,"column":4},"end":{"line":569,"column":36}},"272":{"start":{"line":569,"column":27},"end":{"line":569,"column":36}},"273":{"start":{"line":575,"column":4},"end":{"line":582,"column":5}},"274":{"start":{"line":576,"column":8},"end":{"line":576,"column":84}},"275":{"start":{"line":577,"column":11},"end":{"line":582,"column":5}},"276":{"start":{"line":578,"column":8},"end":{"line":578,"column":85}},"277":{"start":{"line":580,"column":8},"end":{"line":580,"column":93}},"278":{"start":{"line":581,"column":8},"end":{"line":581,"column":17}},"279":{"start":{"line":584,"column":4},"end":{"line":586,"column":5}},"280":{"start":{"line":585,"column":6},"end":{"line":585,"column":55}},"281":{"start":{"line":589,"column":24},"end":{"line":598,"column":3}},"282":{"start":{"line":590,"column":19},"end":{"line":590,"column":55}},"283":{"start":{"line":591,"column":4},"end":{"line":597,"column":6}},"284":{"start":{"line":600,"column":23},"end":{"line":607,"column":3}},"285":{"start":{"line":601,"column":19},"end":{"line":601,"column":55}},"286":{"start":{"line":602,"column":4},"end":{"line":606,"column":6}},"287":{"start":{"line":609,"column":24},"end":{"line":609,"column":79}},"288":{"start":{"line":610,"column":25},"end":{"line":610,"column":73}},"289":{"start":{"line":612,"column":2},"end":{"line":621,"column":5}},"290":{"start":{"line":613,"column":21},"end":{"line":613,"column":59}},"291":{"start":{"line":614,"column":4},"end":{"line":620,"column":5}},"292":{"start":{"line":615,"column":30},"end":{"line":615,"column":53}},"293":{"start":{"line":617,"column":8},"end":{"line":619,"column":9}},"294":{"start":{"line":617,"column":37},"end":{"line":617,"column":62}},"295":{"start":{"line":618,"column":12},"end":{"line":618,"column":47}},"296":{"start":{"line":624,"column":25},"end":{"line":624,"column":75}},"297":{"start":{"line":625,"column":30},"end":{"line":625,"column":80}},"298":{"start":{"line":627,"column":19},"end":{"line":638,"column":3}},"299":{"start":{"line":640,"column":2},"end":{"line":640,"column":38}},"300":{"start":{"line":641,"column":2},"end":{"line":641,"column":83}},"301":{"start":{"line":642,"column":2},"end":{"line":642,"column":23}},"302":{"start":{"line":643,"column":2},"end":{"line":643,"column":21}},"303":{"start":{"line":646,"column":37},"end":{"line":707,"column":2}},"304":{"start":{"line":647,"column":19},"end":{"line":647,"column":62}},"305":{"start":{"line":648,"column":21},"end":{"line":648,"column":46}},"306":{"start":{"line":649,"column":2},"end":{"line":653,"column":3}},"307":{"start":{"line":650,"column":4},"end":{"line":650,"column":43}},"308":{"start":{"line":651,"column":4},"end":{"line":651,"column":25}},"309":{"start":{"line":652,"column":4},"end":{"line":652,"column":32}},"310":{"start":{"line":654,"column":2},"end":{"line":654,"column":42}},"311":{"start":{"line":656,"column":21},"end":{"line":656,"column":30}},"312":{"start":{"line":659,"column":25},"end":{"line":659,"column":60}},"313":{"start":{"line":660,"column":23},"end":{"line":660,"column":56}},"314":{"start":{"line":661,"column":22},"end":{"line":661,"column":54}},"315":{"start":{"line":662,"column":29},"end":{"line":662,"column":68}},"316":{"start":{"line":664,"column":19},"end":{"line":669,"column":3}},"317":{"start":{"line":683,"column":22},"end":{"line":683,"column":120}},"318":{"start":{"line":683,"column":64},"end":{"line":683,"column":118}},"319":{"start":{"line":684,"column":22},"end":{"line":684,"column":116}},"320":{"start":{"line":684,"column":62},"end":{"line":684,"column":114}},"321":{"start":{"line":685,"column":24},"end":{"line":685,"column":116}},"322":{"start":{"line":685,"column":63},"end":{"line":685,"column":114}},"323":{"start":{"line":686,"column":23},"end":{"line":686,"column":129}},"324":{"start":{"line":686,"column":69},"end":{"line":686,"column":127}},"325":{"start":{"line":688,"column":25},"end":{"line":693,"column":3}},"326":{"start":{"line":695,"column":2},"end":{"line":699,"column":5}},"327":{"start":{"line":696,"column":4},"end":{"line":698,"column":5}},"328":{"start":{"line":697,"column":6},"end":{"line":697,"column":70}},"329":{"start":{"line":697,"column":46},"end":{"line":697,"column":68}},"330":{"start":{"line":701,"column":24},"end":{"line":701,"column":53}},"331":{"start":{"line":703,"column":2},"end":{"line":703,"column":43}},"332":{"start":{"line":704,"column":2},"end":{"line":704,"column":99}},"333":{"start":{"line":705,"column":2},"end":{"line":705,"column":23}},"334":{"start":{"line":706,"column":2},"end":{"line":706,"column":26}},"335":{"start":{"line":709,"column":27},"end":{"line":848,"column":2}},"336":{"start":{"line":710,"column":27},"end":{"line":710,"column":37}},"337":{"start":{"line":712,"column":19},"end":{"line":712,"column":73}},"338":{"start":{"line":713,"column":21},"end":{"line":713,"column":46}},"339":{"start":{"line":715,"column":2},"end":{"line":719,"column":3}},"340":{"start":{"line":716,"column":4},"end":{"line":716,"column":63}},"341":{"start":{"line":717,"column":4},"end":{"line":717,"column":25}},"342":{"start":{"line":718,"column":4},"end":{"line":718,"column":32}},"343":{"start":{"line":720,"column":2},"end":{"line":720,"column":62}},"344":{"start":{"line":722,"column":2},"end":{"line":847,"column":3}},"345":{"start":{"line":723,"column":53},"end":{"line":723,"column":111}},"346":{"start":{"line":725,"column":18},"end":{"line":725,"column":20}},"347":{"start":{"line":726,"column":18},"end":{"line":726,"column":20}},"348":{"start":{"line":727,"column":25},"end":{"line":727,"column":34}},"349":{"start":{"line":731,"column":20},"end":{"line":751,"column":5}},"350":{"start":{"line":732,"column":6},"end":{"line":734,"column":7}},"351":{"start":{"line":733,"column":8},"end":{"line":733,"column":52}},"352":{"start":{"line":736,"column":19},"end":{"line":747,"column":7}},"353":{"start":{"line":748,"column":6},"end":{"line":748,"column":23}},"354":{"start":{"line":749,"column":6},"end":{"line":749,"column":34}},"355":{"start":{"line":750,"column":6},"end":{"line":750,"column":18}},"356":{"start":{"line":753,"column":20},"end":{"line":767,"column":5}},"357":{"start":{"line":754,"column":6},"end":{"line":754,"column":45}},"358":{"start":{"line":754,"column":38},"end":{"line":754,"column":45}},"359":{"start":{"line":755,"column":6},"end":{"line":766,"column":9}},"360":{"start":{"line":770,"column":30},"end":{"line":774,"column":6}},"361":{"start":{"line":777,"column":4},"end":{"line":783,"column":7}},"362":{"start":{"line":778,"column":22},"end":{"line":778,"column":58}},"363":{"start":{"line":779,"column":6},"end":{"line":782,"column":7}},"364":{"start":{"line":780,"column":28},"end":{"line":780,"column":104}},"365":{"start":{"line":781,"column":8},"end":{"line":781,"column":71}},"366":{"start":{"line":785,"column":4},"end":{"line":791,"column":7}},"367":{"start":{"line":786,"column":22},"end":{"line":786,"column":58}},"368":{"start":{"line":787,"column":6},"end":{"line":790,"column":7}},"369":{"start":{"line":788,"column":28},"end":{"line":788,"column":105}},"370":{"start":{"line":789,"column":8},"end":{"line":789,"column":70}},"371":{"start":{"line":793,"column":4},"end":{"line":799,"column":7}},"372":{"start":{"line":794,"column":22},"end":{"line":794,"column":58}},"373":{"start":{"line":795,"column":6},"end":{"line":798,"column":7}},"374":{"start":{"line":796,"column":28},"end":{"line":796,"column":125}},"375":{"start":{"line":797,"column":8},"end":{"line":797,"column":79}},"376":{"start":{"line":801,"column":4},"end":{"line":807,"column":7}},"377":{"start":{"line":802,"column":27},"end":{"line":802,"column":69}},"378":{"start":{"line":803,"column":6},"end":{"line":806,"column":7}},"379":{"start":{"line":804,"column":33},"end":{"line":804,"column":137}},"380":{"start":{"line":805,"column":8},"end":{"line":805,"column":82}},"381":{"start":{"line":809,"column":4},"end":{"line":815,"column":7}},"382":{"start":{"line":810,"column":24},"end":{"line":810,"column":63}},"383":{"start":{"line":811,"column":6},"end":{"line":814,"column":7}},"384":{"start":{"line":812,"column":30},"end":{"line":812,"column":125}},"385":{"start":{"line":813,"column":8},"end":{"line":813,"column":80}},"386":{"start":{"line":817,"column":4},"end":{"line":823,"column":7}},"387":{"start":{"line":818,"column":22},"end":{"line":818,"column":61}},"388":{"start":{"line":819,"column":8},"end":{"line":822,"column":9}},"389":{"start":{"line":820,"column":30},"end":{"line":820,"column":57}},"390":{"start":{"line":821,"column":12},"end":{"line":821,"column":73}},"391":{"start":{"line":826,"column":22},"end":{"line":835,"column":5}},"392":{"start":{"line":837,"column":4},"end":{"line":837,"column":41}},"393":{"start":{"line":838,"column":4},"end":{"line":838,"column":91}},"394":{"start":{"line":839,"column":4},"end":{"line":839,"column":25}},"395":{"start":{"line":840,"column":4},"end":{"line":840,"column":24}},"396":{"start":{"line":843,"column":4},"end":{"line":843,"column":83}},"397":{"start":{"line":844,"column":4},"end":{"line":846,"column":5}},"398":{"start":{"line":845,"column":6},"end":{"line":845,"column":95}},"399":{"start":{"line":850,"column":34},"end":{"line":921,"column":2}},"400":{"start":{"line":851,"column":19},"end":{"line":851,"column":62}},"401":{"start":{"line":852,"column":21},"end":{"line":852,"column":46}},"402":{"start":{"line":853,"column":2},"end":{"line":857,"column":3}},"403":{"start":{"line":854,"column":4},"end":{"line":854,"column":43}},"404":{"start":{"line":855,"column":4},"end":{"line":855,"column":25}},"405":{"start":{"line":856,"column":4},"end":{"line":856,"column":32}},"406":{"start":{"line":858,"column":2},"end":{"line":858,"column":42}},"407":{"start":{"line":860,"column":27},"end":{"line":860,"column":62}},"408":{"start":{"line":861,"column":27},"end":{"line":863,"column":3}},"409":{"start":{"line":862,"column":38},"end":{"line":862,"column":100}},"410":{"start":{"line":865,"column":33},"end":{"line":865,"column":35}},"411":{"start":{"line":866,"column":2},"end":{"line":915,"column":3}},"412":{"start":{"line":867,"column":4},"end":{"line":867,"column":34}},"413":{"start":{"line":867,"column":25},"end":{"line":867,"column":34}},"414":{"start":{"line":869,"column":21},"end":{"line":869,"column":23}},"415":{"start":{"line":872,"column":4},"end":{"line":877,"column":5}},"416":{"start":{"line":873,"column":6},"end":{"line":876,"column":9}},"417":{"start":{"line":880,"column":4},"end":{"line":885,"column":5}},"418":{"start":{"line":881,"column":6},"end":{"line":884,"column":9}},"419":{"start":{"line":888,"column":4},"end":{"line":893,"column":5}},"420":{"start":{"line":889,"column":6},"end":{"line":892,"column":9}},"421":{"start":{"line":896,"column":4},"end":{"line":901,"column":5}},"422":{"start":{"line":897,"column":6},"end":{"line":900,"column":9}},"423":{"start":{"line":903,"column":4},"end":{"line":914,"column":5}},"424":{"start":{"line":904,"column":6},"end":{"line":913,"column":9}},"425":{"start":{"line":917,"column":2},"end":{"line":917,"column":52}},"426":{"start":{"line":918,"column":2},"end":{"line":918,"column":108}},"427":{"start":{"line":919,"column":2},"end":{"line":919,"column":23}},"428":{"start":{"line":920,"column":2},"end":{"line":920,"column":35}},"429":{"start":{"line":923,"column":0},"end":{"line":947,"column":2}}},"fnMap":{"0":{"name":"createSnippet","decl":{"start":{"line":13,"column":9},"end":{"line":13,"column":22}},"loc":{"start":{"line":13,"column":46},"end":{"line":22,"column":1}},"line":13},"1":{"name":"(anonymous_1)","decl":{"start":{"line":24,"column":19},"end":{"line":24,"column":20}},"loc":{"start":{"line":24,"column":25},"end":{"line":28,"column":1}},"line":24},"2":{"name":"(anonymous_2)","decl":{"start":{"line":25,"column":9},"end":{"line":25,"column":10}},"loc":{"start":{"line":25,"column":29},"end":{"line":27,"column":3}},"line":25},"3":{"name":"buildNotionFilter","decl":{"start":{"line":30,"column":9},"end":{"line":30,"column":26}},"loc":{"start":{"line":30,"column":47},"end":{"line":49,"column":1}},"line":30},"4":{"name":"(anonymous_4)","decl":{"start":{"line":51,"column":33},"end":{"line":51,"column":34}},"loc":{"start":{"line":51,"column":53},"end":{"line":57,"column":1}},"line":51},"5":{"name":"(anonymous_5)","decl":{"start":{"line":59,"column":50},"end":{"line":59,"column":51}},"loc":{"start":{"line":59,"column":70},"end":{"line":98,"column":1}},"line":59},"6":{"name":"(anonymous_6)","decl":{"start":{"line":86,"column":44},"end":{"line":86,"column":45}},"loc":{"start":{"line":86,"column":53},"end":{"line":94,"column":3}},"line":86},"7":{"name":"(anonymous_7)","decl":{"start":{"line":100,"column":36},"end":{"line":100,"column":37}},"loc":{"start":{"line":100,"column":56},"end":{"line":121,"column":1}},"line":100},"8":{"name":"(anonymous_8)","decl":{"start":{"line":123,"column":37},"end":{"line":123,"column":38}},"loc":{"start":{"line":123,"column":57},"end":{"line":134,"column":1}},"line":123},"9":{"name":"(anonymous_9)","decl":{"start":{"line":136,"column":37},"end":{"line":136,"column":38}},"loc":{"start":{"line":136,"column":57},"end":{"line":152,"column":1}},"line":136},"10":{"name":"(anonymous_10)","decl":{"start":{"line":148,"column":21},"end":{"line":148,"column":22}},"loc":{"start":{"line":148,"column":30},"end":{"line":148,"column":92}},"line":148},"11":{"name":"(anonymous_11)","decl":{"start":{"line":154,"column":41},"end":{"line":154,"column":42}},"loc":{"start":{"line":154,"column":61},"end":{"line":159,"column":1}},"line":154},"12":{"name":"(anonymous_12)","decl":{"start":{"line":161,"column":40},"end":{"line":161,"column":41}},"loc":{"start":{"line":161,"column":60},"end":{"line":182,"column":1}},"line":161},"13":{"name":"(anonymous_13)","decl":{"start":{"line":184,"column":30},"end":{"line":184,"column":31}},"loc":{"start":{"line":184,"column":50},"end":{"line":193,"column":1}},"line":184},"14":{"name":"(anonymous_14)","decl":{"start":{"line":189,"column":22},"end":{"line":189,"column":23}},"loc":{"start":{"line":189,"column":32},"end":{"line":189,"column":88}},"line":189},"15":{"name":"(anonymous_15)","decl":{"start":{"line":195,"column":33},"end":{"line":195,"column":34}},"loc":{"start":{"line":195,"column":53},"end":{"line":216,"column":1}},"line":195},"16":{"name":"(anonymous_16)","decl":{"start":{"line":227,"column":31},"end":{"line":227,"column":32}},"loc":{"start":{"line":227,"column":51},"end":{"line":286,"column":1}},"line":227},"17":{"name":"(anonymous_17)","decl":{"start":{"line":246,"column":45},"end":{"line":246,"column":46}},"loc":{"start":{"line":246,"column":52},"end":{"line":263,"column":5}},"line":246},"18":{"name":"(anonymous_18)","decl":{"start":{"line":282,"column":23},"end":{"line":282,"column":24}},"loc":{"start":{"line":282,"column":34},"end":{"line":282,"column":92}},"line":282},"19":{"name":"(anonymous_19)","decl":{"start":{"line":288,"column":34},"end":{"line":288,"column":35}},"loc":{"start":{"line":288,"column":54},"end":{"line":309,"column":1}},"line":288},"20":{"name":"(anonymous_20)","decl":{"start":{"line":311,"column":40},"end":{"line":311,"column":41}},"loc":{"start":{"line":311,"column":60},"end":{"line":326,"column":1}},"line":311},"21":{"name":"(anonymous_21)","decl":{"start":{"line":328,"column":32},"end":{"line":328,"column":33}},"loc":{"start":{"line":328,"column":52},"end":{"line":374,"column":1}},"line":328},"22":{"name":"(anonymous_22)","decl":{"start":{"line":356,"column":61},"end":{"line":356,"column":62}},"loc":{"start":{"line":356,"column":88},"end":{"line":370,"column":3}},"line":356},"23":{"name":"(anonymous_23)","decl":{"start":{"line":364,"column":18},"end":{"line":364,"column":19}},"loc":{"start":{"line":364,"column":26},"end":{"line":364,"column":62}},"line":364},"24":{"name":"(anonymous_24)","decl":{"start":{"line":376,"column":30},"end":{"line":376,"column":31}},"loc":{"start":{"line":376,"column":50},"end":{"line":380,"column":1}},"line":376},"25":{"name":"setCacheHeaders","decl":{"start":{"line":382,"column":9},"end":{"line":382,"column":24}},"loc":{"start":{"line":382,"column":45},"end":{"line":384,"column":1}},"line":382},"26":{"name":"(anonymous_26)","decl":{"start":{"line":386,"column":35},"end":{"line":386,"column":36}},"loc":{"start":{"line":386,"column":55},"end":{"line":389,"column":1}},"line":386},"27":{"name":"(anonymous_27)","decl":{"start":{"line":391,"column":34},"end":{"line":391,"column":35}},"loc":{"start":{"line":391,"column":54},"end":{"line":394,"column":1}},"line":391},"28":{"name":"(anonymous_28)","decl":{"start":{"line":396,"column":36},"end":{"line":396,"column":37}},"loc":{"start":{"line":396,"column":56},"end":{"line":399,"column":1}},"line":396},"29":{"name":"(anonymous_29)","decl":{"start":{"line":421,"column":42},"end":{"line":421,"column":43}},"loc":{"start":{"line":421,"column":62},"end":{"line":469,"column":1}},"line":421},"30":{"name":"(anonymous_30)","decl":{"start":{"line":433,"column":22},"end":{"line":433,"column":23}},"loc":{"start":{"line":433,"column":32},"end":{"line":433,"column":88}},"line":433},"31":{"name":"(anonymous_31)","decl":{"start":{"line":471,"column":43},"end":{"line":471,"column":44}},"loc":{"start":{"line":471,"column":63},"end":{"line":532,"column":1}},"line":471},"32":{"name":"(anonymous_32)","decl":{"start":{"line":483,"column":23},"end":{"line":483,"column":24}},"loc":{"start":{"line":483,"column":34},"end":{"line":483,"column":92}},"line":483},"33":{"name":"(anonymous_33)","decl":{"start":{"line":534,"column":33},"end":{"line":534,"column":34}},"loc":{"start":{"line":534,"column":53},"end":{"line":644,"column":1}},"line":534},"34":{"name":"(anonymous_34)","decl":{"start":{"line":557,"column":47},"end":{"line":557,"column":48}},"loc":{"start":{"line":557,"column":53},"end":{"line":557,"column":80}},"line":557},"35":{"name":"(anonymous_35)","decl":{"start":{"line":558,"column":40},"end":{"line":558,"column":41}},"loc":{"start":{"line":558,"column":46},"end":{"line":558,"column":73}},"line":558},"36":{"name":"(anonymous_36)","decl":{"start":{"line":559,"column":43},"end":{"line":559,"column":44}},"loc":{"start":{"line":559,"column":48},"end":{"line":559,"column":74}},"line":559},"37":{"name":"(anonymous_37)","decl":{"start":{"line":560,"column":43},"end":{"line":560,"column":44}},"loc":{"start":{"line":560,"column":48},"end":{"line":560,"column":74}},"line":560},"38":{"name":"(anonymous_38)","decl":{"start":{"line":562,"column":43},"end":{"line":562,"column":44}},"loc":{"start":{"line":562,"column":49},"end":{"line":562,"column":76}},"line":562},"39":{"name":"(anonymous_39)","decl":{"start":{"line":589,"column":24},"end":{"line":589,"column":25}},"loc":{"start":{"line":589,"column":36},"end":{"line":598,"column":3}},"line":589},"40":{"name":"(anonymous_40)","decl":{"start":{"line":600,"column":23},"end":{"line":600,"column":24}},"loc":{"start":{"line":600,"column":35},"end":{"line":607,"column":3}},"line":600},"41":{"name":"(anonymous_41)","decl":{"start":{"line":612,"column":43},"end":{"line":612,"column":44}},"loc":{"start":{"line":612,"column":55},"end":{"line":621,"column":3}},"line":612},"42":{"name":"(anonymous_42)","decl":{"start":{"line":617,"column":32},"end":{"line":617,"column":33}},"loc":{"start":{"line":617,"column":37},"end":{"line":617,"column":62}},"line":617},"43":{"name":"(anonymous_43)","decl":{"start":{"line":646,"column":48},"end":{"line":646,"column":49}},"loc":{"start":{"line":646,"column":68},"end":{"line":707,"column":1}},"line":646},"44":{"name":"(anonymous_44)","decl":{"start":{"line":683,"column":59},"end":{"line":683,"column":60}},"loc":{"start":{"line":683,"column":64},"end":{"line":683,"column":118}},"line":683},"45":{"name":"(anonymous_45)","decl":{"start":{"line":684,"column":57},"end":{"line":684,"column":58}},"loc":{"start":{"line":684,"column":62},"end":{"line":684,"column":114}},"line":684},"46":{"name":"(anonymous_46)","decl":{"start":{"line":685,"column":58},"end":{"line":685,"column":59}},"loc":{"start":{"line":685,"column":63},"end":{"line":685,"column":114}},"line":685},"47":{"name":"(anonymous_47)","decl":{"start":{"line":686,"column":64},"end":{"line":686,"column":65}},"loc":{"start":{"line":686,"column":69},"end":{"line":686,"column":127}},"line":686},"48":{"name":"(anonymous_48)","decl":{"start":{"line":695,"column":25},"end":{"line":695,"column":26}},"loc":{"start":{"line":695,"column":33},"end":{"line":699,"column":3}},"line":695},"49":{"name":"(anonymous_49)","decl":{"start":{"line":697,"column":36},"end":{"line":697,"column":37}},"loc":{"start":{"line":697,"column":46},"end":{"line":697,"column":68}},"line":697},"50":{"name":"(anonymous_50)","decl":{"start":{"line":709,"column":38},"end":{"line":709,"column":39}},"loc":{"start":{"line":709,"column":58},"end":{"line":848,"column":1}},"line":709},"51":{"name":"(anonymous_51)","decl":{"start":{"line":731,"column":20},"end":{"line":731,"column":21}},"loc":{"start":{"line":731,"column":62},"end":{"line":751,"column":5}},"line":731},"52":{"name":"(anonymous_52)","decl":{"start":{"line":753,"column":20},"end":{"line":753,"column":21}},"loc":{"start":{"line":753,"column":78},"end":{"line":767,"column":5}},"line":753},"53":{"name":"(anonymous_53)","decl":{"start":{"line":777,"column":49},"end":{"line":777,"column":50}},"loc":{"start":{"line":777,"column":59},"end":{"line":783,"column":5}},"line":777},"54":{"name":"(anonymous_54)","decl":{"start":{"line":785,"column":42},"end":{"line":785,"column":43}},"loc":{"start":{"line":785,"column":52},"end":{"line":791,"column":5}},"line":785},"55":{"name":"(anonymous_55)","decl":{"start":{"line":793,"column":45},"end":{"line":793,"column":46}},"loc":{"start":{"line":793,"column":55},"end":{"line":799,"column":5}},"line":793},"56":{"name":"(anonymous_56)","decl":{"start":{"line":801,"column":45},"end":{"line":801,"column":46}},"loc":{"start":{"line":801,"column":61},"end":{"line":807,"column":5}},"line":801},"57":{"name":"(anonymous_57)","decl":{"start":{"line":809,"column":45},"end":{"line":809,"column":46}},"loc":{"start":{"line":809,"column":58},"end":{"line":815,"column":5}},"line":809},"58":{"name":"(anonymous_58)","decl":{"start":{"line":817,"column":40},"end":{"line":817,"column":41}},"loc":{"start":{"line":817,"column":53},"end":{"line":823,"column":5}},"line":817},"59":{"name":"(anonymous_59)","decl":{"start":{"line":850,"column":45},"end":{"line":850,"column":46}},"loc":{"start":{"line":850,"column":65},"end":{"line":921,"column":1}},"line":850},"60":{"name":"(anonymous_60)","decl":{"start":{"line":862,"column":25},"end":{"line":862,"column":26}},"loc":{"start":{"line":862,"column":38},"end":{"line":862,"column":100}},"line":862}},"branchMap":{"0":{"loc":{"start":{"line":13,"column":29},"end":{"line":13,"column":44}},"type":"default-arg","locations":[{"start":{"line":13,"column":41},"end":{"line":13,"column":44}}],"line":13},"1":{"loc":{"start":{"line":14,"column":2},"end":{"line":14,"column":23}},"type":"if","locations":[{"start":{"line":14,"column":2},"end":{"line":14,"column":23}},{"start":{},"end":{}}],"line":14},"2":{"loc":{"start":{"line":16,"column":2},"end":{"line":16,"column":44}},"type":"if","locations":[{"start":{"line":16,"column":2},"end":{"line":16,"column":44}},{"start":{},"end":{}}],"line":16},"3":{"loc":{"start":{"line":18,"column":2},"end":{"line":20,"column":3}},"type":"if","locations":[{"start":{"line":18,"column":2},"end":{"line":20,"column":3}},{"start":{},"end":{}}],"line":18},"4":{"loc":{"start":{"line":18,"column":6},"end":{"line":18,"column":55}},"type":"binary-expr","locations":[{"start":{"line":18,"column":6},"end":{"line":18,"column":28}},{"start":{"line":18,"column":32},"end":{"line":18,"column":55}}],"line":18},"5":{"loc":{"start":{"line":33,"column":4},"end":{"line":45,"column":5}},"type":"if","locations":[{"start":{"line":33,"column":4},"end":{"line":45,"column":5}},{"start":{},"end":{}}],"line":33},"6":{"loc":{"start":{"line":33,"column":8},"end":{"line":33,"column":33}},"type":"binary-expr","locations":[{"start":{"line":33,"column":8},"end":{"line":33,"column":24}},{"start":{"line":33,"column":28},"end":{"line":33,"column":33}}],"line":33},"7":{"loc":{"start":{"line":34,"column":6},"end":{"line":44,"column":7}},"type":"if","locations":[{"start":{"line":34,"column":6},"end":{"line":44,"column":7}},{"start":{"line":39,"column":13},"end":{"line":44,"column":7}}],"line":34},"8":{"loc":{"start":{"line":47,"column":2},"end":{"line":47,"column":54}},"type":"if","locations":[{"start":{"line":47,"column":2},"end":{"line":47,"column":54}},{"start":{},"end":{}}],"line":47},"9":{"loc":{"start":{"line":48,"column":9},"end":{"line":48,"column":88}},"type":"cond-expr","locations":[{"start":{"line":48,"column":41},"end":{"line":48,"column":60}},{"start":{"line":48,"column":63},"end":{"line":48,"column":88}}],"line":48},"10":{"loc":{"start":{"line":88,"column":22},"end":{"line":88,"column":84}},"type":"cond-expr","locations":[{"start":{"line":88,"column":46},"end":{"line":88,"column":79}},{"start":{"line":88,"column":82},"end":{"line":88,"column":84}}],"line":88},"11":{"loc":{"start":{"line":89,"column":21},"end":{"line":89,"column":83}},"type":"cond-expr","locations":[{"start":{"line":89,"column":45},"end":{"line":89,"column":78}},{"start":{"line":89,"column":81},"end":{"line":89,"column":83}}],"line":89},"12":{"loc":{"start":{"line":90,"column":17},"end":{"line":90,"column":45}},"type":"binary-expr","locations":[{"start":{"line":90,"column":17},"end":{"line":90,"column":40}},{"start":{"line":90,"column":44},"end":{"line":90,"column":45}}],"line":90},"13":{"loc":{"start":{"line":104,"column":2},"end":{"line":108,"column":3}},"type":"if","locations":[{"start":{"line":104,"column":2},"end":{"line":108,"column":3}},{"start":{},"end":{}}],"line":104},"14":{"loc":{"start":{"line":111,"column":2},"end":{"line":113,"column":3}},"type":"if","locations":[{"start":{"line":111,"column":2},"end":{"line":113,"column":3}},{"start":{},"end":{}}],"line":111},"15":{"loc":{"start":{"line":115,"column":2},"end":{"line":118,"column":3}},"type":"if","locations":[{"start":{"line":115,"column":2},"end":{"line":118,"column":3}},{"start":{},"end":{}}],"line":115},"16":{"loc":{"start":{"line":115,"column":6},"end":{"line":115,"column":47}},"type":"binary-expr","locations":[{"start":{"line":115,"column":6},"end":{"line":115,"column":21}},{"start":{"line":115,"column":25},"end":{"line":115,"column":47}}],"line":115},"17":{"loc":{"start":{"line":125,"column":25},"end":{"line":125,"column":47}},"type":"binary-expr","locations":[{"start":{"line":125,"column":25},"end":{"line":125,"column":40}},{"start":{"line":125,"column":44},"end":{"line":125,"column":47}}],"line":125},"18":{"loc":{"start":{"line":165,"column":2},"end":{"line":169,"column":3}},"type":"if","locations":[{"start":{"line":165,"column":2},"end":{"line":169,"column":3}},{"start":{},"end":{}}],"line":165},"19":{"loc":{"start":{"line":172,"column":2},"end":{"line":174,"column":3}},"type":"if","locations":[{"start":{"line":172,"column":2},"end":{"line":174,"column":3}},{"start":{},"end":{}}],"line":172},"20":{"loc":{"start":{"line":176,"column":2},"end":{"line":179,"column":3}},"type":"if","locations":[{"start":{"line":176,"column":2},"end":{"line":179,"column":3}},{"start":{},"end":{}}],"line":176},"21":{"loc":{"start":{"line":176,"column":6},"end":{"line":176,"column":39}},"type":"binary-expr","locations":[{"start":{"line":176,"column":6},"end":{"line":176,"column":17}},{"start":{"line":176,"column":21},"end":{"line":176,"column":39}}],"line":176},"22":{"loc":{"start":{"line":199,"column":2},"end":{"line":203,"column":3}},"type":"if","locations":[{"start":{"line":199,"column":2},"end":{"line":203,"column":3}},{"start":{},"end":{}}],"line":199},"23":{"loc":{"start":{"line":206,"column":2},"end":{"line":208,"column":3}},"type":"if","locations":[{"start":{"line":206,"column":2},"end":{"line":208,"column":3}},{"start":{},"end":{}}],"line":206},"24":{"loc":{"start":{"line":210,"column":2},"end":{"line":213,"column":3}},"type":"if","locations":[{"start":{"line":210,"column":2},"end":{"line":213,"column":3}},{"start":{},"end":{}}],"line":210},"25":{"loc":{"start":{"line":210,"column":6},"end":{"line":210,"column":41}},"type":"binary-expr","locations":[{"start":{"line":210,"column":6},"end":{"line":210,"column":18}},{"start":{"line":210,"column":22},"end":{"line":210,"column":41}}],"line":210},"26":{"loc":{"start":{"line":231,"column":2},"end":{"line":267,"column":3}},"type":"if","locations":[{"start":{"line":231,"column":2},"end":{"line":267,"column":3}},{"start":{},"end":{}}],"line":231},"27":{"loc":{"start":{"line":249,"column":23},"end":{"line":249,"column":113}},"type":"cond-expr","locations":[{"start":{"line":249,"column":52},"end":{"line":249,"column":109}},{"start":{"line":249,"column":112},"end":{"line":249,"column":113}}],"line":249},"28":{"loc":{"start":{"line":250,"column":22},"end":{"line":250,"column":49}},"type":"binary-expr","locations":[{"start":{"line":250,"column":22},"end":{"line":250,"column":36}},{"start":{"line":250,"column":40},"end":{"line":250,"column":49}}],"line":250},"29":{"loc":{"start":{"line":251,"column":22},"end":{"line":251,"column":41}},"type":"binary-expr","locations":[{"start":{"line":251,"column":22},"end":{"line":251,"column":33}},{"start":{"line":251,"column":37},"end":{"line":251,"column":41}}],"line":251},"30":{"loc":{"start":{"line":252,"column":23},"end":{"line":252,"column":46}},"type":"binary-expr","locations":[{"start":{"line":252,"column":23},"end":{"line":252,"column":38}},{"start":{"line":252,"column":42},"end":{"line":252,"column":46}}],"line":252},"31":{"loc":{"start":{"line":255,"column":23},"end":{"line":255,"column":81}},"type":"cond-expr","locations":[{"start":{"line":255,"column":45},"end":{"line":255,"column":76}},{"start":{"line":255,"column":79},"end":{"line":255,"column":81}}],"line":255},"32":{"loc":{"start":{"line":262,"column":19},"end":{"line":262,"column":50}},"type":"binary-expr","locations":[{"start":{"line":262,"column":19},"end":{"line":262,"column":45}},{"start":{"line":262,"column":49},"end":{"line":262,"column":50}}],"line":262},"33":{"loc":{"start":{"line":292,"column":2},"end":{"line":296,"column":3}},"type":"if","locations":[{"start":{"line":292,"column":2},"end":{"line":296,"column":3}},{"start":{},"end":{}}],"line":292},"34":{"loc":{"start":{"line":299,"column":2},"end":{"line":301,"column":3}},"type":"if","locations":[{"start":{"line":299,"column":2},"end":{"line":301,"column":3}},{"start":{},"end":{}}],"line":299},"35":{"loc":{"start":{"line":303,"column":2},"end":{"line":306,"column":3}},"type":"if","locations":[{"start":{"line":303,"column":2},"end":{"line":306,"column":3}},{"start":{},"end":{}}],"line":303},"36":{"loc":{"start":{"line":303,"column":6},"end":{"line":303,"column":43}},"type":"binary-expr","locations":[{"start":{"line":303,"column":6},"end":{"line":303,"column":19}},{"start":{"line":303,"column":23},"end":{"line":303,"column":43}}],"line":303},"37":{"loc":{"start":{"line":330,"column":2},"end":{"line":330,"column":73}},"type":"if","locations":[{"start":{"line":330,"column":2},"end":{"line":330,"column":73}},{"start":{},"end":{}}],"line":330},"38":{"loc":{"start":{"line":382,"column":30},"end":{"line":382,"column":43}},"type":"default-arg","locations":[{"start":{"line":382,"column":40},"end":{"line":382,"column":43}}],"line":382},"39":{"loc":{"start":{"line":424,"column":2},"end":{"line":428,"column":3}},"type":"if","locations":[{"start":{"line":424,"column":2},"end":{"line":428,"column":3}},{"start":{},"end":{}}],"line":424},"40":{"loc":{"start":{"line":438,"column":4},"end":{"line":438,"column":31}},"type":"if","locations":[{"start":{"line":438,"column":4},"end":{"line":438,"column":31}},{"start":{},"end":{}}],"line":438},"41":{"loc":{"start":{"line":441,"column":4},"end":{"line":443,"column":5}},"type":"if","locations":[{"start":{"line":441,"column":4},"end":{"line":443,"column":5}},{"start":{},"end":{}}],"line":441},"42":{"loc":{"start":{"line":441,"column":8},"end":{"line":441,"column":54}},"type":"binary-expr","locations":[{"start":{"line":441,"column":8},"end":{"line":441,"column":23}},{"start":{"line":441,"column":27},"end":{"line":441,"column":54}}],"line":441},"43":{"loc":{"start":{"line":444,"column":4},"end":{"line":446,"column":5}},"type":"if","locations":[{"start":{"line":444,"column":4},"end":{"line":446,"column":5}},{"start":{},"end":{}}],"line":444},"44":{"loc":{"start":{"line":444,"column":8},"end":{"line":444,"column":68}},"type":"binary-expr","locations":[{"start":{"line":444,"column":8},"end":{"line":444,"column":30}},{"start":{"line":444,"column":34},"end":{"line":444,"column":68}}],"line":444},"45":{"loc":{"start":{"line":447,"column":4},"end":{"line":449,"column":5}},"type":"if","locations":[{"start":{"line":447,"column":4},"end":{"line":449,"column":5}},{"start":{},"end":{}}],"line":447},"46":{"loc":{"start":{"line":447,"column":8},"end":{"line":447,"column":70}},"type":"binary-expr","locations":[{"start":{"line":447,"column":8},"end":{"line":447,"column":31}},{"start":{"line":447,"column":35},"end":{"line":447,"column":70}}],"line":447},"47":{"loc":{"start":{"line":452,"column":4},"end":{"line":462,"column":5}},"type":"if","locations":[{"start":{"line":452,"column":4},"end":{"line":462,"column":5}},{"start":{},"end":{}}],"line":452},"48":{"loc":{"start":{"line":460,"column":16},"end":{"line":460,"column":48}},"type":"binary-expr","locations":[{"start":{"line":460,"column":16},"end":{"line":460,"column":29}},{"start":{"line":460,"column":33},"end":{"line":460,"column":48}}],"line":460},"49":{"loc":{"start":{"line":474,"column":2},"end":{"line":478,"column":3}},"type":"if","locations":[{"start":{"line":474,"column":2},"end":{"line":478,"column":3}},{"start":{},"end":{}}],"line":474},"50":{"loc":{"start":{"line":490,"column":4},"end":{"line":490,"column":32}},"type":"if","locations":[{"start":{"line":490,"column":4},"end":{"line":490,"column":32}},{"start":{},"end":{}}],"line":490},"51":{"loc":{"start":{"line":492,"column":4},"end":{"line":494,"column":5}},"type":"if","locations":[{"start":{"line":492,"column":4},"end":{"line":494,"column":5}},{"start":{},"end":{}}],"line":492},"52":{"loc":{"start":{"line":497,"column":23},"end":{"line":497,"column":88}},"type":"binary-expr","locations":[{"start":{"line":497,"column":23},"end":{"line":497,"column":48}},{"start":{"line":497,"column":52},"end":{"line":497,"column":88}}],"line":497},"53":{"loc":{"start":{"line":498,"column":21},"end":{"line":498,"column":84}},"type":"binary-expr","locations":[{"start":{"line":498,"column":21},"end":{"line":498,"column":45}},{"start":{"line":498,"column":49},"end":{"line":498,"column":84}}],"line":498},"54":{"loc":{"start":{"line":500,"column":4},"end":{"line":505,"column":5}},"type":"if","locations":[{"start":{"line":500,"column":4},"end":{"line":505,"column":5}},{"start":{},"end":{}}],"line":500},"55":{"loc":{"start":{"line":500,"column":8},"end":{"line":500,"column":32}},"type":"binary-expr","locations":[{"start":{"line":500,"column":8},"end":{"line":500,"column":19}},{"start":{"line":500,"column":23},"end":{"line":500,"column":32}}],"line":500},"56":{"loc":{"start":{"line":507,"column":26},"end":{"line":507,"column":131}},"type":"binary-expr","locations":[{"start":{"line":507,"column":26},"end":{"line":507,"column":77}},{"start":{"line":507,"column":81},"end":{"line":507,"column":131}}],"line":507},"57":{"loc":{"start":{"line":508,"column":4},"end":{"line":513,"column":5}},"type":"if","locations":[{"start":{"line":508,"column":4},"end":{"line":513,"column":5}},{"start":{},"end":{}}],"line":508},"58":{"loc":{"start":{"line":508,"column":8},"end":{"line":508,"column":81}},"type":"binary-expr","locations":[{"start":{"line":508,"column":8},"end":{"line":508,"column":21}},{"start":{"line":508,"column":26},"end":{"line":508,"column":45}},{"start":{"line":508,"column":49},"end":{"line":508,"column":80}}],"line":508},"59":{"loc":{"start":{"line":515,"column":4},"end":{"line":525,"column":5}},"type":"if","locations":[{"start":{"line":515,"column":4},"end":{"line":525,"column":5}},{"start":{},"end":{}}],"line":515},"60":{"loc":{"start":{"line":539,"column":2},"end":{"line":543,"column":3}},"type":"if","locations":[{"start":{"line":539,"column":2},"end":{"line":543,"column":3}},{"start":{},"end":{}}],"line":539},"61":{"loc":{"start":{"line":547,"column":2},"end":{"line":549,"column":3}},"type":"if","locations":[{"start":{"line":547,"column":2},"end":{"line":549,"column":3}},{"start":{},"end":{}}],"line":547},"62":{"loc":{"start":{"line":552,"column":2},"end":{"line":554,"column":3}},"type":"if","locations":[{"start":{"line":552,"column":2},"end":{"line":554,"column":3}},{"start":{},"end":{}}],"line":552},"63":{"loc":{"start":{"line":557,"column":3},"end":{"line":557,"column":37}},"type":"binary-expr","locations":[{"start":{"line":557,"column":3},"end":{"line":557,"column":31}},{"start":{"line":557,"column":35},"end":{"line":557,"column":37}}],"line":557},"64":{"loc":{"start":{"line":558,"column":3},"end":{"line":558,"column":30}},"type":"binary-expr","locations":[{"start":{"line":558,"column":3},"end":{"line":558,"column":24}},{"start":{"line":558,"column":28},"end":{"line":558,"column":30}}],"line":558},"65":{"loc":{"start":{"line":559,"column":3},"end":{"line":559,"column":33}},"type":"binary-expr","locations":[{"start":{"line":559,"column":3},"end":{"line":559,"column":27}},{"start":{"line":559,"column":31},"end":{"line":559,"column":33}}],"line":559},"66":{"loc":{"start":{"line":560,"column":3},"end":{"line":560,"column":33}},"type":"binary-expr","locations":[{"start":{"line":560,"column":3},"end":{"line":560,"column":27}},{"start":{"line":560,"column":31},"end":{"line":560,"column":33}}],"line":560},"67":{"loc":{"start":{"line":562,"column":3},"end":{"line":562,"column":33}},"type":"binary-expr","locations":[{"start":{"line":562,"column":3},"end":{"line":562,"column":27}},{"start":{"line":562,"column":31},"end":{"line":562,"column":33}}],"line":562},"68":{"loc":{"start":{"line":569,"column":4},"end":{"line":569,"column":36}},"type":"if","locations":[{"start":{"line":569,"column":4},"end":{"line":569,"column":36}},{"start":{},"end":{}}],"line":569},"69":{"loc":{"start":{"line":569,"column":8},"end":{"line":569,"column":25}},"type":"binary-expr","locations":[{"start":{"line":569,"column":8},"end":{"line":569,"column":13}},{"start":{"line":569,"column":17},"end":{"line":569,"column":25}}],"line":569},"70":{"loc":{"start":{"line":575,"column":4},"end":{"line":582,"column":5}},"type":"if","locations":[{"start":{"line":575,"column":4},"end":{"line":582,"column":5}},{"start":{"line":577,"column":11},"end":{"line":582,"column":5}}],"line":575},"71":{"loc":{"start":{"line":577,"column":11},"end":{"line":582,"column":5}},"type":"if","locations":[{"start":{"line":577,"column":11},"end":{"line":582,"column":5}},{"start":{"line":579,"column":11},"end":{"line":582,"column":5}}],"line":577},"72":{"loc":{"start":{"line":584,"column":4},"end":{"line":586,"column":5}},"type":"if","locations":[{"start":{"line":584,"column":4},"end":{"line":586,"column":5}},{"start":{},"end":{}}],"line":584},"73":{"loc":{"start":{"line":584,"column":8},"end":{"line":584,"column":43}},"type":"binary-expr","locations":[{"start":{"line":584,"column":8},"end":{"line":584,"column":20}},{"start":{"line":584,"column":24},"end":{"line":584,"column":43}}],"line":584},"74":{"loc":{"start":{"line":593,"column":12},"end":{"line":593,"column":60}},"type":"binary-expr","locations":[{"start":{"line":593,"column":12},"end":{"line":593,"column":24}},{"start":{"line":593,"column":28},"end":{"line":593,"column":39}},{"start":{"line":593,"column":43},"end":{"line":593,"column":60}}],"line":593},"75":{"loc":{"start":{"line":595,"column":17},"end":{"line":595,"column":47}},"type":"binary-expr","locations":[{"start":{"line":595,"column":17},"end":{"line":595,"column":34}},{"start":{"line":595,"column":38},"end":{"line":595,"column":47}}],"line":595},"76":{"loc":{"start":{"line":604,"column":12},"end":{"line":604,"column":61}},"type":"binary-expr","locations":[{"start":{"line":604,"column":12},"end":{"line":604,"column":26}},{"start":{"line":604,"column":30},"end":{"line":604,"column":41}},{"start":{"line":604,"column":45},"end":{"line":604,"column":61}}],"line":604},"77":{"loc":{"start":{"line":609,"column":25},"end":{"line":609,"column":59}},"type":"binary-expr","locations":[{"start":{"line":609,"column":25},"end":{"line":609,"column":53}},{"start":{"line":609,"column":57},"end":{"line":609,"column":59}}],"line":609},"78":{"loc":{"start":{"line":610,"column":26},"end":{"line":610,"column":53}},"type":"binary-expr","locations":[{"start":{"line":610,"column":26},"end":{"line":610,"column":47}},{"start":{"line":610,"column":51},"end":{"line":610,"column":53}}],"line":610},"79":{"loc":{"start":{"line":612,"column":3},"end":{"line":612,"column":33}},"type":"binary-expr","locations":[{"start":{"line":612,"column":3},"end":{"line":612,"column":27}},{"start":{"line":612,"column":31},"end":{"line":612,"column":33}}],"line":612},"80":{"loc":{"start":{"line":614,"column":4},"end":{"line":620,"column":5}},"type":"if","locations":[{"start":{"line":614,"column":4},"end":{"line":620,"column":5}},{"start":{},"end":{}}],"line":614},"81":{"loc":{"start":{"line":614,"column":8},"end":{"line":614,"column":38}},"type":"binary-expr","locations":[{"start":{"line":614,"column":8},"end":{"line":614,"column":16}},{"start":{"line":614,"column":20},"end":{"line":614,"column":38}}],"line":614},"82":{"loc":{"start":{"line":617,"column":8},"end":{"line":619,"column":9}},"type":"if","locations":[{"start":{"line":617,"column":8},"end":{"line":619,"column":9}},{"start":{},"end":{}}],"line":617},"83":{"loc":{"start":{"line":624,"column":26},"end":{"line":624,"column":56}},"type":"binary-expr","locations":[{"start":{"line":624,"column":26},"end":{"line":624,"column":50}},{"start":{"line":624,"column":54},"end":{"line":624,"column":56}}],"line":624},"84":{"loc":{"start":{"line":625,"column":31},"end":{"line":625,"column":61}},"type":"binary-expr","locations":[{"start":{"line":625,"column":31},"end":{"line":625,"column":55}},{"start":{"line":625,"column":59},"end":{"line":625,"column":61}}],"line":625},"85":{"loc":{"start":{"line":649,"column":2},"end":{"line":653,"column":3}},"type":"if","locations":[{"start":{"line":649,"column":2},"end":{"line":653,"column":3}},{"start":{},"end":{}}],"line":649},"86":{"loc":{"start":{"line":696,"column":4},"end":{"line":698,"column":5}},"type":"if","locations":[{"start":{"line":696,"column":4},"end":{"line":698,"column":5}},{"start":{},"end":{}}],"line":696},"87":{"loc":{"start":{"line":696,"column":8},"end":{"line":696,"column":77}},"type":"binary-expr","locations":[{"start":{"line":696,"column":8},"end":{"line":696,"column":12}},{"start":{"line":696,"column":16},"end":{"line":696,"column":37}},{"start":{"line":696,"column":41},"end":{"line":696,"column":77}}],"line":696},"88":{"loc":{"start":{"line":715,"column":2},"end":{"line":719,"column":3}},"type":"if","locations":[{"start":{"line":715,"column":2},"end":{"line":719,"column":3}},{"start":{},"end":{}}],"line":715},"89":{"loc":{"start":{"line":731,"column":41},"end":{"line":731,"column":57}},"type":"default-arg","locations":[{"start":{"line":731,"column":55},"end":{"line":731,"column":57}}],"line":731},"90":{"loc":{"start":{"line":732,"column":6},"end":{"line":734,"column":7}},"type":"if","locations":[{"start":{"line":732,"column":6},"end":{"line":734,"column":7}},{"start":{},"end":{}}],"line":732},"91":{"loc":{"start":{"line":732,"column":10},"end":{"line":732,"column":62}},"type":"binary-expr","locations":[{"start":{"line":732,"column":10},"end":{"line":732,"column":17}},{"start":{"line":732,"column":21},"end":{"line":732,"column":31}},{"start":{"line":732,"column":35},"end":{"line":732,"column":62}}],"line":732},"92":{"loc":{"start":{"line":738,"column":14},"end":{"line":738,"column":91}},"type":"binary-expr","locations":[{"start":{"line":738,"column":14},"end":{"line":738,"column":25}},{"start":{"line":738,"column":29},"end":{"line":738,"column":42}},{"start":{"line":738,"column":46},"end":{"line":738,"column":64}},{"start":{"line":738,"column":68},"end":{"line":738,"column":91}}],"line":738},"93":{"loc":{"start":{"line":741,"column":14},"end":{"line":741,"column":56}},"type":"binary-expr","locations":[{"start":{"line":741,"column":14},"end":{"line":741,"column":27}},{"start":{"line":741,"column":31},"end":{"line":741,"column":56}}],"line":741},"94":{"loc":{"start":{"line":742,"column":14},"end":{"line":742,"column":65}},"type":"binary-expr","locations":[{"start":{"line":742,"column":14},"end":{"line":742,"column":30}},{"start":{"line":742,"column":34},"end":{"line":742,"column":65}}],"line":742},"95":{"loc":{"start":{"line":743,"column":14},"end":{"line":743,"column":107}},"type":"binary-expr","locations":[{"start":{"line":743,"column":14},"end":{"line":743,"column":39}},{"start":{"line":743,"column":43},"end":{"line":743,"column":107}}],"line":743},"96":{"loc":{"start":{"line":744,"column":14},"end":{"line":744,"column":65}},"type":"binary-expr","locations":[{"start":{"line":744,"column":14},"end":{"line":744,"column":30}},{"start":{"line":744,"column":34},"end":{"line":744,"column":65}}],"line":744},"97":{"loc":{"start":{"line":753,"column":58},"end":{"line":753,"column":73}},"type":"default-arg","locations":[{"start":{"line":753,"column":71},"end":{"line":753,"column":73}}],"line":753},"98":{"loc":{"start":{"line":754,"column":6},"end":{"line":754,"column":45}},"type":"if","locations":[{"start":{"line":754,"column":6},"end":{"line":754,"column":45}},{"start":{},"end":{}}],"line":754},"99":{"loc":{"start":{"line":754,"column":10},"end":{"line":754,"column":36}},"type":"binary-expr","locations":[{"start":{"line":754,"column":10},"end":{"line":754,"column":21}},{"start":{"line":754,"column":25},"end":{"line":754,"column":36}}],"line":754},"100":{"loc":{"start":{"line":777,"column":5},"end":{"line":777,"column":39}},"type":"binary-expr","locations":[{"start":{"line":777,"column":5},"end":{"line":777,"column":33}},{"start":{"line":777,"column":37},"end":{"line":777,"column":39}}],"line":777},"101":{"loc":{"start":{"line":779,"column":6},"end":{"line":782,"column":7}},"type":"if","locations":[{"start":{"line":779,"column":6},"end":{"line":782,"column":7}},{"start":{},"end":{}}],"line":779},"102":{"loc":{"start":{"line":785,"column":5},"end":{"line":785,"column":32}},"type":"binary-expr","locations":[{"start":{"line":785,"column":5},"end":{"line":785,"column":26}},{"start":{"line":785,"column":30},"end":{"line":785,"column":32}}],"line":785},"103":{"loc":{"start":{"line":787,"column":6},"end":{"line":790,"column":7}},"type":"if","locations":[{"start":{"line":787,"column":6},"end":{"line":790,"column":7}},{"start":{},"end":{}}],"line":787},"104":{"loc":{"start":{"line":793,"column":5},"end":{"line":793,"column":35}},"type":"binary-expr","locations":[{"start":{"line":793,"column":5},"end":{"line":793,"column":29}},{"start":{"line":793,"column":33},"end":{"line":793,"column":35}}],"line":793},"105":{"loc":{"start":{"line":795,"column":6},"end":{"line":798,"column":7}},"type":"if","locations":[{"start":{"line":795,"column":6},"end":{"line":798,"column":7}},{"start":{},"end":{}}],"line":795},"106":{"loc":{"start":{"line":801,"column":5},"end":{"line":801,"column":35}},"type":"binary-expr","locations":[{"start":{"line":801,"column":5},"end":{"line":801,"column":29}},{"start":{"line":801,"column":33},"end":{"line":801,"column":35}}],"line":801},"107":{"loc":{"start":{"line":803,"column":6},"end":{"line":806,"column":7}},"type":"if","locations":[{"start":{"line":803,"column":6},"end":{"line":806,"column":7}},{"start":{},"end":{}}],"line":803},"108":{"loc":{"start":{"line":809,"column":5},"end":{"line":809,"column":35}},"type":"binary-expr","locations":[{"start":{"line":809,"column":5},"end":{"line":809,"column":29}},{"start":{"line":809,"column":33},"end":{"line":809,"column":35}}],"line":809},"109":{"loc":{"start":{"line":811,"column":6},"end":{"line":814,"column":7}},"type":"if","locations":[{"start":{"line":811,"column":6},"end":{"line":814,"column":7}},{"start":{},"end":{}}],"line":811},"110":{"loc":{"start":{"line":817,"column":5},"end":{"line":817,"column":30}},"type":"binary-expr","locations":[{"start":{"line":817,"column":5},"end":{"line":817,"column":24}},{"start":{"line":817,"column":28},"end":{"line":817,"column":30}}],"line":817},"111":{"loc":{"start":{"line":819,"column":8},"end":{"line":822,"column":9}},"type":"if","locations":[{"start":{"line":819,"column":8},"end":{"line":822,"column":9}},{"start":{},"end":{}}],"line":819},"112":{"loc":{"start":{"line":844,"column":4},"end":{"line":846,"column":5}},"type":"if","locations":[{"start":{"line":844,"column":4},"end":{"line":846,"column":5}},{"start":{},"end":{}}],"line":844},"113":{"loc":{"start":{"line":845,"column":36},"end":{"line":845,"column":91}},"type":"binary-expr","locations":[{"start":{"line":845,"column":36},"end":{"line":845,"column":49}},{"start":{"line":845,"column":53},"end":{"line":845,"column":91}}],"line":845},"114":{"loc":{"start":{"line":853,"column":2},"end":{"line":857,"column":3}},"type":"if","locations":[{"start":{"line":853,"column":2},"end":{"line":857,"column":3}},{"start":{},"end":{}}],"line":853},"115":{"loc":{"start":{"line":867,"column":4},"end":{"line":867,"column":34}},"type":"if","locations":[{"start":{"line":867,"column":4},"end":{"line":867,"column":34}},{"start":{},"end":{}}],"line":867},"116":{"loc":{"start":{"line":872,"column":4},"end":{"line":877,"column":5}},"type":"if","locations":[{"start":{"line":872,"column":4},"end":{"line":877,"column":5}},{"start":{},"end":{}}],"line":872},"117":{"loc":{"start":{"line":872,"column":8},"end":{"line":872,"column":62}},"type":"binary-expr","locations":[{"start":{"line":872,"column":8},"end":{"line":872,"column":27}},{"start":{"line":872,"column":31},"end":{"line":872,"column":62}}],"line":872},"118":{"loc":{"start":{"line":880,"column":4},"end":{"line":885,"column":5}},"type":"if","locations":[{"start":{"line":880,"column":4},"end":{"line":885,"column":5}},{"start":{},"end":{}}],"line":880},"119":{"loc":{"start":{"line":880,"column":8},"end":{"line":880,"column":70}},"type":"binary-expr","locations":[{"start":{"line":880,"column":8},"end":{"line":880,"column":31}},{"start":{"line":880,"column":35},"end":{"line":880,"column":70}}],"line":880},"120":{"loc":{"start":{"line":888,"column":4},"end":{"line":893,"column":5}},"type":"if","locations":[{"start":{"line":888,"column":4},"end":{"line":893,"column":5}},{"start":{},"end":{}}],"line":888},"121":{"loc":{"start":{"line":888,"column":8},"end":{"line":888,"column":78}},"type":"binary-expr","locations":[{"start":{"line":888,"column":8},"end":{"line":888,"column":35}},{"start":{"line":888,"column":39},"end":{"line":888,"column":78}}],"line":888},"122":{"loc":{"start":{"line":896,"column":4},"end":{"line":901,"column":5}},"type":"if","locations":[{"start":{"line":896,"column":4},"end":{"line":901,"column":5}},{"start":{},"end":{}}],"line":896},"123":{"loc":{"start":{"line":896,"column":8},"end":{"line":896,"column":69}},"type":"binary-expr","locations":[{"start":{"line":896,"column":8},"end":{"line":896,"column":30}},{"start":{"line":896,"column":34},"end":{"line":896,"column":69}}],"line":896},"124":{"loc":{"start":{"line":903,"column":4},"end":{"line":914,"column":5}},"type":"if","locations":[{"start":{"line":903,"column":4},"end":{"line":914,"column":5}},{"start":{},"end":{}}],"line":903}},"s":{"0":1,"1":1,"2":1,"3":1,"4":1,"5":0,"6":0,"7":0,"8":0,"9":0,"10":0,"11":0,"12":0,"13":0,"14":1,"15":23,"16":0,"17":0,"18":0,"19":0,"20":0,"21":0,"22":0,"23":0,"24":0,"25":0,"26":1,"27":0,"28":0,"29":0,"30":1,"31":0,"32":0,"33":0,"34":0,"35":0,"36":0,"37":1,"38":0,"39":0,"40":0,"41":0,"42":0,"43":0,"44":0,"45":0,"46":0,"47":0,"48":0,"49":0,"50":0,"51":0,"52":0,"53":0,"54":0,"55":1,"56":0,"57":0,"58":0,"59":0,"60":1,"61":0,"62":0,"63":0,"64":0,"65":0,"66":0,"67":0,"68":1,"69":0,"70":0,"71":0,"72":1,"73":0,"74":0,"75":0,"76":0,"77":0,"78":0,"79":0,"80":0,"81":0,"82":0,"83":0,"84":0,"85":0,"86":0,"87":0,"88":0,"89":0,"90":1,"91":0,"92":0,"93":0,"94":0,"95":0,"96":0,"97":0,"98":1,"99":0,"100":0,"101":0,"102":0,"103":0,"104":0,"105":0,"106":0,"107":0,"108":0,"109":0,"110":0,"111":0,"112":0,"113":0,"114":0,"115":0,"116":1,"117":1,"118":0,"119":0,"120":0,"121":0,"122":0,"123":0,"124":0,"125":0,"126":0,"127":0,"128":0,"129":0,"130":0,"131":0,"132":0,"133":0,"134":1,"135":0,"136":0,"137":0,"138":0,"139":0,"140":0,"141":0,"142":0,"143":0,"144":0,"145":0,"146":0,"147":0,"148":0,"149":0,"150":0,"151":0,"152":1,"153":0,"154":1,"155":0,"156":0,"157":0,"158":0,"159":0,"160":0,"161":0,"162":0,"163":0,"164":0,"165":0,"166":0,"167":0,"168":0,"169":0,"170":1,"171":0,"172":0,"173":0,"174":0,"175":1,"176":0,"177":1,"178":0,"179":1,"180":0,"181":1,"182":1,"183":0,"184":0,"185":0,"186":0,"187":0,"188":0,"189":0,"190":0,"191":0,"192":0,"193":0,"194":0,"195":0,"196":0,"197":0,"198":0,"199":0,"200":0,"201":0,"202":0,"203":0,"204":0,"205":0,"206":0,"207":0,"208":0,"209":0,"210":1,"211":0,"212":0,"213":0,"214":0,"215":0,"216":0,"217":0,"218":0,"219":0,"220":0,"221":0,"222":0,"223":0,"224":0,"225":0,"226":0,"227":0,"228":0,"229":0,"230":0,"231":0,"232":0,"233":0,"234":0,"235":0,"236":0,"237":0,"238":0,"239":0,"240":0,"241":0,"242":1,"243":0,"244":0,"245":0,"246":0,"247":0,"248":0,"249":0,"250":0,"251":0,"252":0,"253":0,"254":0,"255":0,"256":0,"257":0,"258":0,"259":0,"260":0,"261":0,"262":0,"263":0,"264":0,"265":0,"266":0,"267":0,"268":0,"269":0,"270":0,"271":0,"272":0,"273":0,"274":0,"275":0,"276":0,"277":0,"278":0,"279":0,"280":0,"281":0,"282":0,"283":0,"284":0,"285":0,"286":0,"287":0,"288":0,"289":0,"290":0,"291":0,"292":0,"293":0,"294":0,"295":0,"296":0,"297":0,"298":0,"299":0,"300":0,"301":0,"302":0,"303":1,"304":0,"305":0,"306":0,"307":0,"308":0,"309":0,"310":0,"311":0,"312":0,"313":0,"314":0,"315":0,"316":0,"317":0,"318":0,"319":0,"320":0,"321":0,"322":0,"323":0,"324":0,"325":0,"326":0,"327":0,"328":0,"329":0,"330":0,"331":0,"332":0,"333":0,"334":0,"335":1,"336":0,"337":0,"338":0,"339":0,"340":0,"341":0,"342":0,"343":0,"344":0,"345":0,"346":0,"347":0,"348":0,"349":0,"350":0,"351":0,"352":0,"353":0,"354":0,"355":0,"356":0,"357":0,"358":0,"359":0,"360":0,"361":0,"362":0,"363":0,"364":0,"365":0,"366":0,"367":0,"368":0,"369":0,"370":0,"371":0,"372":0,"373":0,"374":0,"375":0,"376":0,"377":0,"378":0,"379":0,"380":0,"381":0,"382":0,"383":0,"384":0,"385":0,"386":0,"387":0,"388":0,"389":0,"390":0,"391":0,"392":0,"393":0,"394":0,"395":0,"396":0,"397":0,"398":0,"399":1,"400":0,"401":0,"402":0,"403":0,"404":0,"405":0,"406":0,"407":0,"408":0,"409":0,"410":0,"411":0,"412":0,"413":0,"414":0,"415":0,"416":0,"417":0,"418":0,"419":0,"420":0,"421":0,"422":0,"423":0,"424":0,"425":0,"426":0,"427":0,"428":0,"429":1},"f":{"0":0,"1":23,"2":0,"3":0,"4":0,"5":0,"6":0,"7":0,"8":0,"9":0,"10":0,"11":0,"12":0,"13":0,"14":0,"15":0,"16":0,"17":0,"18":0,"19":0,"20":0,"21":0,"22":0,"23":0,"24":0,"25":0,"26":0,"27":0,"28":0,"29":0,"30":0,"31":0,"32":0,"33":0,"34":0,"35":0,"36":0,"37":0,"38":0,"39":0,"40":0,"41":0,"42":0,"43":0,"44":0,"45":0,"46":0,"47":0,"48":0,"49":0,"50":0,"51":0,"52":0,"53":0,"54":0,"55":0,"56":0,"57":0,"58":0,"59":0,"60":0},"b":{"0":[0],"1":[0,0],"2":[0,0],"3":[0,0],"4":[0,0],"5":[0,0],"6":[0,0],"7":[0,0],"8":[0,0],"9":[0,0],"10":[0,0],"11":[0,0],"12":[0,0],"13":[0,0],"14":[0,0],"15":[0,0],"16":[0,0],"17":[0,0],"18":[0,0],"19":[0,0],"20":[0,0],"21":[0,0],"22":[0,0],"23":[0,0],"24":[0,0],"25":[0,0],"26":[0,0],"27":[0,0],"28":[0,0],"29":[0,0],"30":[0,0],"31":[0,0],"32":[0,0],"33":[0,0],"34":[0,0],"35":[0,0],"36":[0,0],"37":[0,0],"38":[0],"39":[0,0],"40":[0,0],"41":[0,0],"42":[0,0],"43":[0,0],"44":[0,0],"45":[0,0],"46":[0,0],"47":[0,0],"48":[0,0],"49":[0,0],"50":[0,0],"51":[0,0],"52":[0,0],"53":[0,0],"54":[0,0],"55":[0,0],"56":[0,0],"57":[0,0],"58":[0,0,0],"59":[0,0],"60":[0,0],"61":[0,0],"62":[0,0],"63":[0,0],"64":[0,0],"65":[0,0],"66":[0,0],"67":[0,0],"68":[0,0],"69":[0,0],"70":[0,0],"71":[0,0],"72":[0,0],"73":[0,0],"74":[0,0,0],"75":[0,0],"76":[0,0,0],"77":[0,0],"78":[0,0],"79":[0,0],"80":[0,0],"81":[0,0],"82":[0,0],"83":[0,0],"84":[0,0],"85":[0,0],"86":[0,0],"87":[0,0,0],"88":[0,0],"89":[0],"90":[0,0],"91":[0,0,0],"92":[0,0,0,0],"93":[0,0],"94":[0,0],"95":[0,0],"96":[0,0],"97":[0],"98":[0,0],"99":[0,0],"100":[0,0],"101":[0,0],"102":[0,0],"103":[0,0],"104":[0,0],"105":[0,0],"106":[0,0],"107":[0,0],"108":[0,0],"109":[0,0],"110":[0,0],"111":[0,0],"112":[0,0],"113":[0,0],"114":[0,0],"115":[0,0],"116":[0,0],"117":[0,0],"118":[0,0],"119":[0,0],"120":[0,0],"121":[0,0],"122":[0,0],"123":[0,0],"124":[0,0]},"_coverageSchema":"1a1c01bbd47fc00a2c39e90264f33305004495a9","hash":"8704b277acea1b0dcc0e16c1a5e717a76cad41e8"}
[...]
"type":"cond-expr","locations":[{"start":{"line":154,"column":30},"end":{"line":154,"column":63}},{"start":{"line":154,"column":66},"end":{"line":154,"column":68}}],"line":154},"29":{"loc":{"start":{"line":155,"column":16},"end":{"line":155,"column":85}},"type":"cond-expr","locations":[{"start":{"line":155,"column":41},"end":{"line":155,"column":80}},{"start":{"line":155,"column":83},"end":{"line":155,"column":85}}],"line":155},"30":{"loc":{"start":{"line":156,"column":20},"end":{"line":156,"column":97}},"type":"cond-expr","locations":[{"start":{"line":156,"column":49},"end":{"line":156,"column":92}},{"start":{"line":156,"column":95},"end":{"line":156,"column":97}}],"line":156},"31":{"loc":{"start":{"line":157,"column":13},"end":{"line":157,"column":74}},"type":"cond-expr","locations":[{"start":{"line":157,"column":34},"end":{"line":157,"column":69}},{"start":{"line":157,"column":72},"end":{"line":157,"column":74}}],"line":157},"32":{"loc":{"start":{"line":158,"column":18},"end":{"line":158,"column":91}},"type":"cond-expr","locations":[{"start":{"line":158,"column":45},"end":{"line":158,"column":86}},{"start":{"line":158,"column":89},"end":{"line":158,"column":91}}],"line":158},"33":{"loc":{"start":{"line":160,"column":16},"end":{"line":160,"column":85}},"type":"cond-expr","locations":[{"start":{"line":160,"column":41},"end":{"line":160,"column":80}},{"start":{"line":160,"column":83},"end":{"line":160,"column":85}}],"line":160},"34":{"loc":{"start":{"line":161,"column":16},"end":{"line":161,"column":85}},"type":"cond-expr","locations":[{"start":{"line":161,"column":41},"end":{"line":161,"column":80}},{"start":{"line":161,"column":83},"end":{"line":161,"column":85}}],"line":161},"35":{"loc":{"start":{"line":163,"column":17},"end":{"line":163,"column":104}},"type":"cond-expr","locations":[{"start":{"line":163,"column":51},"end":{"line":163,"column":99}},{"start":{"line":163,"column":102},"end":{"line":163,"column":104}}],"line":163},"36":{"loc":{"start":{"line":164,"column":22},"end":{"line":164,"column":106}},"type":"cond-expr","locations":[{"start":{"line":164,"column":53},"end":{"line":164,"column":101}},{"start":{"line":164,"column":104},"end":{"line":164,"column":106}}],"line":164},"37":{"loc":{"start":{"line":188,"column":4},"end":{"line":190,"column":5}},"type":"if","locations":[{"start":{"line":188,"column":4},"end":{"line":190,"column":5}},{"start":{},"end":{}}],"line":188},"38":{"loc":{"start":{"line":208,"column":9},"end":{"line":208,"column":42}},"type":"cond-expr","locations":[{"start":{"line":208,"column":16},"end":{"line":208,"column":37}},{"start":{"line":208,"column":40},"end":{"line":208,"column":42}}],"line":208},"39":{"loc":{"start":{"line":219,"column":9},"end":{"line":219,"column":42}},"type":"cond-expr","locations":[{"start":{"line":219,"column":16},"end":{"line":219,"column":37}},{"start":{"line":219,"column":40},"end":{"line":219,"column":42}}],"line":219},"40":{"loc":{"start":{"line":230,"column":9},"end":{"line":230,"column":42}},"type":"cond-expr","locations":[{"start":{"line":230,"column":16},"end":{"line":230,"column":35}},{"start":{"line":230,"column":38},"end":{"line":230,"column":42}}],"line":230},"41":{"loc":{"start":{"line":241,"column":9},"end":{"line":241,"column":45}},"type":"cond-expr","locations":[{"start":{"line":241,"column":16},"end":{"line":241,"column":40}},{"start":{"line":241,"column":43},"end":{"line":241,"column":45}}],"line":241},"42":{"loc":{"start":{"line":252,"column":9},"end":{"line":252,"column":39}},"type":"cond-expr","locations":[{"start":{"line":252,"column":16},"end":{"line":252,"column":32}},{"start":{"line":252,"column":35},"end":{"line":252,"column":39}}],"line":252},"43":{"loc":{"start":{"line":284,"column":28},"end":{"line":284,"column":46}},"type":"default-arg","locations":[{"start":{"line":284,"column":40},"end":{"line":284,"column":46}}],"line":284},"44":{"loc":{"start":{"line":284,"column":86},"end":{"line":284,"column":192}},"type":"binary-expr","locations":[{"start":{"line":284,"column":86},"end":{"line":284,"column":112}},{"start":{"line":284,"column":116},"end":{"line":284,"column":141}},{"start":{"line":284,"column":145},"end":{"line":284,"column":175}},{"start":{"line":284,"column":179},"end":{"line":284,"column":192}}],"line":284},"45":{"loc":{"start":{"line":309,"column":53},"end":{"line":309,"column":85}},"type":"binary-expr","locations":[{"start":{"line":309,"column":53},"end":{"line":309,"column":72}},{"start":{"line":309,"column":76},"end":{"line":309,"column":85}}],"line":309},"46":{"loc":{"start":{"line":313,"column":10},"end":{"line":313,"column":40}},"type":"binary-expr","locations":[{"start":{"line":313,"column":10},"end":{"line":313,"column":29}},{"start":{"line":313,"column":33},"end":{"line":313,"column":40}}],"line":313},"47":{"loc":{"start":{"line":314,"column":12},"end":{"line":314,"column":121}},"type":"cond-expr","locations":[{"start":{"line":314,"column":48},"end":{"line":314,"column":93}},{"start":{"line":314,"column":96},"end":{"line":314,"column":121}}],"line":314},"48":{"loc":{"start":{"line":339,"column":28},"end":{"line":339,"column":46}},"type":"default-arg","locations":[{"start":{"line":339,"column":40},"end":{"line":339,"column":46}}],"line":339},"49":{"loc":{"start":{"line":339,"column":86},"end":{"line":339,"column":163}},"type":"binary-expr","locations":[{"start":{"line":339,"column":86},"end":{"line":339,"column":112}},{"start":{"line":339,"column":116},"end":{"line":339,"column":146}},{"start":{"line":339,"column":150},"end":{"line":339,"column":163}}],"line":339},"50":{"loc":{"start":{"line":345,"column":4},"end":{"line":357,"column":5}},"type":"if","locations":[{"start":{"line":345,"column":4},"end":{"line":357,"column":5}},{"start":{},"end":{}}],"line":345},"51":{"loc":{"start":{"line":346,"column":26},"end":{"line":346,"column":68}},"type":"binary-expr","locations":[{"start":{"line":346,"column":26},"end":{"line":346,"column":62}},{"start":{"line":346,"column":66},"end":{"line":346,"column":68}}],"line":346},"52":{"loc":{"start":{"line":348,"column":32},"end":{"line":348,"column":89}},"type":"binary-expr","locations":[{"start":{"line":348,"column":32},"end":{"line":348,"column":83}},{"start":{"line":348,"column":87},"end":{"line":348,"column":89}}],"line":348},"53":{"loc":{"start":{"line":380,"column":58},"end":{"line":380,"column":86}},"type":"binary-expr","locations":[{"start":{"line":380,"column":58},"end":{"line":380,"column":73}},{"start":{"line":380,"column":77},"end":{"line":380,"column":86}}],"line":380},"54":{"loc":{"start":{"line":384,"column":10},"end":{"line":384,"column":36}},"type":"binary-expr","locations":[{"start":{"line":384,"column":10},"end":{"line":384,"column":25}},{"start":{"line":384,"column":29},"end":{"line":384,"column":36}}],"line":384},"55":{"loc":{"start":{"line":385,"column":19},"end":{"line":385,"column":130}},"type":"cond-expr","locations":[{"start":{"line":385,"column":58},"end":{"line":385,"column":106}},{"start":{"line":385,"column":109},"end":{"line":385,"column":130}}],"line":385},"56":{"loc":{"start":{"line":417,"column":4},"end":{"line":420,"column":5}},"type":"if","locations":[{"start":{"line":417,"column":4},"end":{"line":420,"column":5}},{"start":{},"end":{}}],"line":417},"57":{"loc":{"start":{"line":421,"column":4},"end":{"line":424,"column":5}},"type":"if","locations":[{"start":{"line":421,"column":4},"end":{"line":424,"column":5}},{"start":{},"end":{}}],"line":421},"58":{"loc":{"start":{"line":425,"column":4},"end":{"line":428,"column":5}},"type":"if","locations":[{"start":{"line":425,"column":4},"end":{"line":428,"column":5}},{"start":{},"end":{}}],"line":425},"59":{"loc":{"start":{"line":429,"column":4},"end":{"line":432,"column":5}},"type":"if","locations":[{"start":{"line":429,"column":4},"end":{"line":432,"column":5}},{"start":{},"end":{}}],"line":429},"60":{"loc":{"start":{"line":433,"column":4},"end":{"line":436,"column":5}},"type":"if","locations":[{"start":{"line":433,"column":4},"end":{"line":436,"column":5}},{"start":{},"end":{}}],"line":433},"61":{"loc":{"start":{"line":437,"column":4},"end":{"line":440,"column":5}},"type":"if","locations":[{"start":{"line":437,"column":4},"end":{"line":440,"column":5}},{"start":{},"end":{}}],"line":437},"62":{"loc":{"start":{"line":443,"column":20},"end":{"line":448,"column":11}},"type":"cond-expr","locations":[{"start":{"line":443,"column":42},"end":{"line":448,"column":6}},{"start":{"line":448,"column":9},"end":{"line":448,"column":11}}],"line":443},"63":{"loc":{"start":{"line":451,"column":19},"end":{"line":451,"column":78}},"type":"cond-expr","locations":[{"start":{"line":451,"column":50},"end":{"line":451,"column":73}},{"start":{"line":451,"column":76},"end":{"line":451,"column":78}}],"line":451},"64":{"loc":{"start":{"line":452,"column":24},"end":{"line":452,"column":93}},"type":"cond-expr","locations":[{"start":{"line":452,"column":60},"end":{"line":452,"column":88}},{"start":{"line":452,"column":91},"end":{"line":452,"column":93}}],"line":452},"65":{"loc":{"start":{"line":453,"column":27},"end":{"line":453,"column":102}},"type":"cond-expr","locations":[{"start":{"line":453,"column":66},"end":{"line":453,"column":97}},{"start":{"line":453,"column":100},"end":{"line":453,"column":102}}],"line":453},"66":{"loc":{"start":{"line":454,"column":20},"end":{"line":454,"column":81}},"type":"cond-expr","locations":[{"start":{"line":454,"column":52},"end":{"line":454,"column":76}},{"start":{"line":454,"column":79},"end":{"line":454,"column":81}}],"line":454},"67":{"loc":{"start":{"line":455,"column":24},"end":{"line":455,"column":93}},"type":"cond-expr","locations":[{"start":{"line":455,"column":60},"end":{"line":455,"column":88}},{"start":{"line":455,"column":91},"end":{"line":455,"column":93}}],"line":455},"68":{"loc":{"start":{"line":456,"column":23},"end":{"line":456,"column":90}},"type":"cond-expr","locations":[{"start":{"line":456,"column":58},"end":{"line":456,"column":85}},{"start":{"line":456,"column":88},"end":{"line":456,"column":90}}],"line":456},"69":{"loc":{"start":{"line":459,"column":28},"end":{"line":459,"column":46}},"type":"default-arg","locations":[{"start":{"line":459,"column":40},"end":{"line":459,"column":46}}],"line":459},"70":{"loc":{"start":{"line":459,"column":86},"end":{"line":459,"column":192}},"type":"binary-expr","locations":[{"start":{"line":459,"column":86},"end":{"line":459,"column":112}},{"start":{"line":459,"column":116},"end":{"line":459,"column":141}},{"start":{"line":459,"column":145},"end":{"line":459,"column":175}},{"start":{"line":459,"column":179},"end":{"line":459,"column":192}}],"line":459},"71":{"loc":{"start":{"line":489,"column":23},"end":{"line":489,"column":114}},"type":"cond-expr","locations":[{"start":{"line":489,"column":58},"end":{"line":489,"column":102}},{"start":{"line":489,"column":105},"end":{"line":489,"column":114}}],"line":489},"72":{"loc":{"start":{"line":490,"column":83},"end":{"line":490,"column":112}},"type":"binary-expr","locations":[{"start":{"line":490,"column":83},"end":{"line":490,"column":99}},{"start":{"line":490,"column":103},"end":{"line":490,"column":112}}],"line":490},"73":{"loc":{"start":{"line":491,"column":53},"end":{"line":491,"column":76}},"type":"binary-expr","locations":[{"start":{"line":491,"column":53},"end":{"line":491,"column":63}},{"start":{"line":491,"column":67},"end":{"line":491,"column":76}}],"line":491},"74":{"loc":{"start":{"line":495,"column":4},"end":{"line":506,"column":5}},"type":"if","locations":[{"start":{"line":495,"column":4},"end":{"line":506,"column":5}},{"start":{},"end":{}}],"line":495},"75":{"loc":{"start":{"line":510,"column":10},"end":{"line":510,"column":37}},"type":"binary-expr","locations":[{"start":{"line":510,"column":10},"end":{"line":510,"column":26}},{"start":{"line":510,"column":30},"end":{"line":510,"column":37}}],"line":510},"76":{"loc":{"start":{"line":523,"column":2},"end":{"line":523,"column":67}},"type":"if","locations":[{"start":{"line":523,"column":2},"end":{"line":523,"column":67}},{"start":{},"end":{}}],"line":523},"77":{"loc":{"start":{"line":523,"column":6},"end":{"line":523,"column":53}},"type":"binary-expr","locations":[{"start":{"line":523,"column":6},"end":{"line":523,"column":22}},{"start":{"line":523,"column":26},"end":{"line":523,"column":53}}],"line":523},"78":{"loc":{"start":{"line":563,"column":28},"end":{"line":563,"column":46}},"type":"default-arg","locations":[{"start":{"line":563,"column":40},"end":{"line":563,"column":46}}],"line":563},"79":{"loc":{"start":{"line":563,"column":86},"end":{"line":563,"column":192}},"type":"binary-expr","locations":[{"start":{"line":563,"column":86},"end":{"line":563,"column":112}},{"start":{"line":563,"column":116},"end":{"line":563,"column":146}},{"start":{"line":563,"column":150},"end":{"line":563,"column":175}},{"start":{"line":563,"column":179},"end":{"line":563,"column":192}}],"line":563},"80":{"loc":{"start":{"line":600,"column":4},"end":{"line":651,"column":5}},"type":"if","locations":[{"start":{"line":600,"column":4},"end":{"line":651,"column":5}},{"start":{},"end":{}}],"line":600},"81":{"loc":{"start":{"line":600,"column":8},"end":{"line":600,"column":36}},"type":"binary-expr","locations":[{"start":{"line":600,"column":8},"end":{"line":600,"column":23}},{"start":{"line":600,"column":27},"end":{"line":600,"column":36}}],"line":600},"82":{"loc":{"start":{"line":604,"column":6},"end":{"line":650,"column":7}},"type":"if","locations":[{"start":{"line":604,"column":6},"end":{"line":650,"column":7}},{"start":{},"end":{}}],"line":604},"83":{"loc":{"start":{"line":606,"column":8},"end":{"line":608,"column":9}},"type":"if","locations":[{"start":{"line":606,"column":8},"end":{"line":608,"column":9}},{"start":{},"end":{}}],"line":606},"84":{"loc":{"start":{"line":613,"column":8},"end":{"line":616,"column":9}},"type":"if","locations":[{"start":{"line":613,"column":8},"end":{"line":616,"column":9}},{"start":{},"end":{}}],"line":613},"85":{"loc":{"start":{"line":613,"column":12},"end":{"line":613,"column":37}},"type":"binary-expr","locations":[{"start":{"line":613,"column":12},"end":{"line":613,"column":21}},{"start":{"line":613,"column":25},"end":{"line":613,"column":37}}],"line":613},"86":{"loc":{"start":{"line":620,"column":8},"end":{"line":623,"column":9}},"type":"if","locations":[{"start":{"line":620,"column":8},"end":{"line":623,"column":9}},{"start":{},"end":{}}],"line":620},"87":{"loc":{"start":{"line":620,"column":12},"end":{"line":620,"column":51}},"type":"binary-expr","locations":[{"start":{"line":620,"column":12},"end":{"line":620,"column":28}},{"start":{"line":620,"column":32},"end":{"line":620,"column":51}}],"line":620},"88":{"loc":{"start":{"line":627,"column":8},"end":{"line":630,"column":9}},"type":"if","locations":[{"start":{"line":627,"column":8},"end":{"line":630,"column":9}},{"start":{},"end":{}}],"line":627},"89":{"loc":{"start":{"line":627,"column":12},"end":{"line":627,"column":49}},"type":"binary-expr","locations":[{"start":{"line":627,"column":12},"end":{"line":627,"column":27}},{"start":{"line":627,"column":31},"end":{"line":627,"column":49}}],"line":627},"90":{"loc":{"start":{"line":635,"column":8},"end":{"line":649,"column":9}},"type":"if","locations":[{"start":{"line":635,"column":8},"end":{"line":649,"column":9}},{"start":{},"end":{}}],"line":635},"91":{"loc":{"start":{"line":635,"column":12},"end":{"line":635,"column":39}},"type":"binary-expr","locations":[{"start":{"line":635,"column":12},"end":{"line":635,"column":22}},{"start":{"line":635,"column":26},"end":{"line":635,"column":39}}],"line":635},"92":{"loc":{"start":{"line":642,"column":10},"end":{"line":648,"column":11}},"type":"if","locations":[{"start":{"line":642,"column":10},"end":{"line":648,"column":11}},{"start":{"line":645,"column":17},"end":{"line":648,"column":11}}],"line":642},"93":{"loc":{"start":{"line":642,"column":14},"end":{"line":642,"column":51}},"type":"binary-expr","locations":[{"start":{"line":642,"column":14},"end":{"line":642,"column":29}},{"start":{"line":642,"column":33},"end":{"line":642,"column":51}}],"line":642},"94":{"loc":{"start":{"line":655,"column":51},"end":{"line":655,"column":81}},"type":"binary-expr","locations":[{"start":{"line":655,"column":51},"end":{"line":655,"column":68}},{"start":{"line":655,"column":72},"end":{"line":655,"column":81}}],"line":655},"95":{"loc":{"start":{"line":659,"column":10},"end":{"line":659,"column":38}},"type":"binary-expr","locations":[{"start":{"line":659,"column":10},"end":{"line":659,"column":27}},{"start":{"line":659,"column":31},"end":{"line":659,"column":38}}],"line":659},"96":{"loc":{"start":{"line":660,"column":12},"end":{"line":660,"column":115}},"type":"cond-expr","locations":[{"start":{"line":660,"column":46},"end":{"line":660,"column":89}},{"start":{"line":660,"column":92},"end":{"line":660,"column":115}}],"line":660}},"s":{"0":0,"1":0,"2":0,"3":0,"4":0,"5":0,"6":0,"7":0,"8":0,"9":0,"10":0,"11":0,"12":0,"13":0,"14":0,"15":0,"16":0,"17":0,"18":0,"19":0,"20":0,"21":0,"22":0,"23":0,"24":0,"25":0,"26":0,"27":0,"28":0,"29":0,"30":0,"31":0,"32":0,"33":0,"34":0,"35":0,"36":0,"37":0,"38":0,"39":0,"40":0,"41":0,"42":0,"43":0,"44":0,"45":0,"46":0,"47":0,"48":0,"49":0,"50":0,"51":0,"52":0,"53":0,"54":0,"55":0,"56":0,"57":0,"58":0,"59":0,"60":0,"61":0,"62":0,"63":0,"64":0,"65":0,"66":0,"67":0,"68":0,"69":0,"70":0,"71":0,"72":0,"73":0,"74":0,"75":0,"76":0,"77":0,"78":0,"79":0,"80":0,"81":0,"82":0,"83":0,"84":0,"85":0,"86":0,"87":0,"88":0,"89":0,"90":0,"91":0,"92":0,"93":0,"94":0,"95":0,"96":0,"97":0,"98":0,"99":0,"100":0,"101":0,"102":0,"103":0,"104":0,"105":0,"106":0,"107":0,"108":0,"109":0,"110":0,"111":0,"112":0,"113":0,"114":0,"115":0,"116":0,"117":0,"118":0,"119":0,"120":0,"121":0,"122":0,"123":0,"124":0,"125":0,"126":0,"127":0,"128":0,"129":0,"130":0,"131":0,"132":0,"133":0,"134":0,"135":0,"136":0,"137":0,"138":0,"139":0,"140":0,"141":0,"142":0,"143":0,"144":0,"145":0,"146":0,"147":0,"148":0,"149":0,"150":0,"151":0,"152":0,"153":0,"154":0,"155":0,"156":0,"157":0,"158":0,"159":0,"160":0,"161":0,"162":0,"163":0,"164":0,"165":0,"166":0,"167":0,"168":0,"169":0,"170":0,"171":0,"172":0,"173":0,"174":0,"175":0,"176":0,"177":0,"178":0,"179":0,"180":0,"181":0,"182":0,"183":0,"184":0,"185":0,"186":0,"187":0,"188":0,"189":0,"190":0,"191":0,"192":0,"193":0,"194":0,"195":0,"196":0,"197":0,"198":0,"199":0,"200":0,"201":0,"202":0,"203":0,"204":0,"205":0,"206":0,"207":0,"208":1},"f":{"0":0,"1":0,"2":0,"3":0,"4":0,"5":0,"6":0,"7":0,"8":0,"9":0,"10":0,"11":0,"12":0,"13":0,"14":0,"15":0,"16":0,"17":0,"18":0,"19":0,"20":0,"21":0,"22":0,"23":0,"24":0,"25":0,"26":0,"27":0,"28":0,"29":0,"30":0,"31":0,"32":0,"33":0,"34":0,"35":0,"36":0,"37":0,"38":0,"39":0,"40":0,"41":0,"42":0,"43":0,"44":0,"45":0,"46":0,"47":0,"48":0,"49":0,"50":0,"51":0,"52":0},"b":{"0":[0,0],"1":[0,0,0],"2":[0,0],"3":[0,0,0],"4":[0,0],"5":[0,0],"6":[0,0],"7":[0,0,0],"8":[0,0],"9":[0,0,0],"10":[0,0],"11":[0,0],"12":[0,0],"13":[0,0],"14":[0,0],"15":[0,0,0],"16":[0,0],"17":[0,0],"18":[0,0],"19":[0,0],"20":[0,0],"21":[0,0],"22":[0,0],"23":[0,0],"24":[0,0],"25":[0,0],"26":[0,0],"27":[0,0],"28":[0,0],"29":[0,0],"30":[0,0],"31":[0,0],"32":[0,0],"33":[0,0],"34":[0,0],"35":[0,0],"36":[0,0],"37":[0,0],"38":[0,0],"39":[0,0],"40":[0,0],"41":[0,0],"42":[0,0],"43":[0],"44":[0,0,0,0],"45":[0,0],"46":[0,0],"47":[0,0],"48":[0],"49":[0,0,0],"50":[0,0],"51":[0,0],"52":[0,0],"53":[0,0],"54":[0,0],"55":[0,0],"56":[0,0],"57":[0,0],"58":[0,0],"59":[0,0],"60":[0,0],"61":[0,0],"62":[0,0],"63":[0,0],"64":[0,0],"65":[0,0],"66":[0,0],"67":[0,0],"68":[0,0],"69":[0],"70":[0,0,0,0],"71":[0,0],"72":[0,0],"73":[0,0],"74":[0,0],"75":[0,0],"76":[0,0],"77":[0,0],"78":[0],"79":[0,0,0,0],"80":[0,0],"81":[0,0],"82":[0,0],"83":[0,0],"84":[0,0],"85":[0,0],"86":[0,0],"87":[0,0],"88":[0,0],"89":[0,0],"90":[0,0],"91":[0,0],"92":[0,0],"93":[0,0],"94":[0,0],"95":[0,0],"96":[0,0]},"_coverageSchema":"1a1c01bbd47fc00a2c39e90264f33305004495a9","hash":"247cb4655c39d7844b399d25a89b0c6ad05fbbd2"}
}
