<?xml version="1.0" encoding="UTF-8"?>
<coverage generated="1749676448383" clover="3.2.0">
  <project timestamp="1749676448383" name="All files">
    <metrics statements="2099" coveredstatements="1346" conditionals="1189" coveredconditionals="610" methods="358" coveredmethods="239" elements="3646" coveredelements="2195" complexity="0" loc="2099" ncloc="2099" packages="9" files="31" classes="31"/>
    <package name="src">
      <metrics statements="45" coveredstatements="0" conditionals="8" coveredconditionals="0" methods="5" coveredmethods="0"/>
      <file name="index.js" path="/mnt/c/Users/spide/Documents/GitHub/ALNTool/storyforge/backend/src/index.js">
        <metrics statements="45" coveredstatements="0" conditionals="8" coveredconditionals="0" methods="5" coveredmethods="0"/>
        <line num="1" count="0" type="stmt"/>
        <line num="2" count="0" type="stmt"/>
        <line num="3" count="0" type="stmt"/>
        <line num="4" count="0" type="stmt"/>
        <line num="5" count="0" type="stmt"/>
        <line num="6" count="0" type="stmt"/>
        <line num="7" count="0" type="stmt"/>
        <line num="10" count="0" type="stmt"/>
        <line num="11" count="0" type="stmt"/>
        <line num="12" count="0" type="stmt"/>
        <line num="15" count="0" type="stmt"/>
        <line num="18" count="0" type="stmt"/>
        <line num="19" count="0" type="cond" truecount="0" falsecount="2"/>
        <line num="22" count="0" type="stmt"/>
        <line num="23" count="0" type="stmt"/>
        <line num="24" count="0" type="stmt"/>
        <line num="25" count="0" type="stmt"/>
        <line num="29" count="0" type="cond" truecount="0" falsecount="2"/>
        <line num="30" count="0" type="stmt"/>
        <line num="38" count="0" type="stmt"/>
        <line num="41" count="0" type="stmt"/>
        <line num="42" count="0" type="stmt"/>
        <line num="44" count="0" type="stmt"/>
        <line num="48" count="0" type="stmt"/>
        <line num="49" count="0" type="stmt"/>
        <line num="50" count="0" type="stmt"/>
        <line num="53" count="0" type="stmt"/>
        <line num="54" count="0" type="stmt"/>
        <line num="58" count="0" type="stmt"/>
        <line num="59" count="0" type="stmt"/>
        <line num="60" count="0" type="stmt"/>
        <line num="66" count="0" type="cond" truecount="0" falsecount="2"/>
        <line num="67" count="0" type="stmt"/>
        <line num="68" count="0" type="stmt"/>
        <line num="69" count="0" type="stmt"/>
        <line num="72" count="0" type="cond" truecount="0" falsecount="2"/>
        <line num="73" count="0" type="stmt"/>
        <line num="74" count="0" type="stmt"/>
        <line num="75" count="0" type="stmt"/>
        <line num="76" count="0" type="stmt"/>
        <line num="80" count="0" type="stmt"/>
        <line num="81" count="0" type="stmt"/>
        <line num="86" count="0" type="stmt"/>
        <line num="90" count="0" type="stmt"/>
        <line num="92" count="0" type="stmt"/>
      </file>
    </package>
    <package name="src.controllers">
      <metrics statements="429" coveredstatements="74" conditionals="255" coveredconditionals="11" methods="67" coveredmethods="16"/>
      <file name="journeyController.js" path="/mnt/c/Users/spide/Documents/GitHub/ALNTool/storyforge/backend/src/controllers/journeyController.js">
        <metrics statements="21" coveredstatements="17" conditionals="2" coveredconditionals="2" methods="6" coveredmethods="6"/>
        <line num="1" count="3" type="stmt"/>
        <line num="2" count="3" type="stmt"/>
        <line num="5" count="3" type="stmt"/>
        <line num="11" count="19" type="stmt"/>
        <line num="12" count="19" type="stmt"/>
        <line num="13" count="19" type="stmt"/>
        <line num="15" count="19" type="cond" truecount="2" falsecount="0"/>
        <line num="16" count="3" type="stmt"/>
        <line num="19" count="16" type="stmt"/>
        <line num="21" count="0" type="stmt"/>
        <line num="22" count="0" type="stmt"/>
        <line num="32" count="4" type="stmt"/>
        <line num="41" count="3" type="stmt"/>
        <line num="48" count="2" type="stmt"/>
        <line num="49" count="2" type="stmt"/>
        <line num="50" count="2" type="stmt"/>
        <line num="52" count="0" type="stmt"/>
        <line num="53" count="0" type="stmt"/>
        <line num="62" count="4" type="stmt"/>
        <line num="74" count="5" type="stmt"/>
        <line num="81" count="3" type="stmt"/>
      </file>
      <file name="notionController.js" path="/mnt/c/Users/spide/Documents/GitHub/ALNTool/storyforge/backend/src/controllers/notionController.js">
        <metrics statements="408" coveredstatements="57" conditionals="253" coveredconditionals="9" methods="61" coveredmethods="10"/>
        <line num="1" count="32" type="stmt"/>
        <line num="2" count="32" type="stmt"/>
        <line num="3" count="32" type="stmt"/>
        <line num="4" count="32" type="stmt"/>
        <line num="5" count="32" type="stmt"/>
        <line num="14" count="0" type="cond" truecount="0" falsecount="2"/>
        <line num="15" count="0" type="stmt"/>
        <line num="16" count="0" type="cond" truecount="0" falsecount="2"/>
        <line num="17" count="0" type="stmt"/>
        <line num="18" count="0" type="cond" truecount="0" falsecount="4"/>
        <line num="19" count="0" type="stmt"/>
        <line num="21" count="0" type="stmt"/>
        <line num="24" count="32" type="stmt"/>
        <line num="25" count="736" type="stmt"/>
        <line num="26" count="9" type="stmt"/>
        <line num="31" count="3" type="stmt"/>
        <line num="32" count="3" type="stmt"/>
        <line num="33" count="0" type="cond" truecount="0" falsecount="4"/>
        <line num="34" count="0" type="cond" truecount="0" falsecount="2"/>
        <line num="35" count="0" type="stmt"/>
        <line num="40" count="0" type="stmt"/>
        <line num="47" count="3" type="cond" truecount="1" falsecount="1"/>
        <line num="48" count="0" type="cond" truecount="0" falsecount="2"/>
        <line num="51" count="32" type="stmt"/>
        <line num="54" count="1" type="stmt"/>
        <line num="55" count="1" type="stmt"/>
        <line num="56" count="0" type="stmt"/>
        <line num="59" count="32" type="stmt"/>
        <line num="60" count="5" type="stmt"/>
        <line num="63" count="5" type="stmt"/>
        <line num="86" count="34" type="stmt"/>
        <line num="96" count="5" type="stmt"/>
        <line num="97" count="5" type="stmt"/>
        <line num="100" count="32" type="stmt"/>
        <line num="101" count="0" type="stmt"/>
        <line num="102" count="0" type="stmt"/>
        <line num="103" count="0" type="stmt"/>
        <line num="104" count="0" type="cond" truecount="0" falsecount="2"/>
        <line num="105" count="0" type="stmt"/>
        <line num="106" count="0" type="stmt"/>
        <line num="107" count="0" type="stmt"/>
        <line num="109" count="0" type="stmt"/>
        <line num="110" count="0" type="stmt"/>
        <line num="111" count="0" type="cond" truecount="0" falsecount="2"/>
        <line num="112" count="0" type="stmt"/>
        <line num="114" count="0" type="stmt"/>
        <line num="115" count="0" type="cond" truecount="0" falsecount="4"/>
        <line num="116" count="0" type="stmt"/>
        <line num="117" count="0" type="stmt"/>
        <line num="119" count="0" type="stmt"/>
        <line num="120" count="0" type="stmt"/>
        <line num="123" count="32" type="stmt"/>
        <line num="124" count="0" type="stmt"/>
        <line num="125" count="0" type="cond" truecount="0" falsecount="2"/>
        <line num="130" count="0" type="stmt"/>
        <line num="133" count="0" type="stmt"/>
        <line num="136" count="32" type="stmt"/>
        <line num="137" count="1" type="stmt"/>
        <line num="143" count="1" type="stmt"/>
        <line num="146" count="1" type="stmt"/>
        <line num="147" count="0" type="stmt"/>
        <line num="148" count="0" type="stmt"/>
        <line num="150" count="0" type="stmt"/>
        <line num="151" count="0" type="stmt"/>
        <line num="154" count="32" type="stmt"/>
        <line num="156" count="0" type="stmt"/>
        <line num="157" count="0" type="stmt"/>
        <line num="158" count="0" type="stmt"/>
        <line num="161" count="32" type="stmt"/>
        <line num="162" count="0" type="stmt"/>
        <line num="163" count="0" type="stmt"/>
        <line num="164" count="0" type="stmt"/>
        <line num="165" count="0" type="cond" truecount="0" falsecount="2"/>
        <line num="166" count="0" type="stmt"/>
        <line num="167" count="0" type="stmt"/>
        <line num="168" count="0" type="stmt"/>
        <line num="170" count="0" type="stmt"/>
        <line num="171" count="0" type="stmt"/>
        <line num="172" count="0" type="cond" truecount="0" falsecount="2"/>
        <line num="173" count="0" type="stmt"/>
        <line num="175" count="0" type="stmt"/>
        <line num="176" count="0" type="cond" truecount="0" falsecount="4"/>
        <line num="177" count="0" type="stmt"/>
        <line num="178" count="0" type="stmt"/>
        <line num="180" count="0" type="stmt"/>
        <line num="181" count="0" type="stmt"/>
        <line num="184" count="32" type="stmt"/>
        <line num="185" count="1" type="stmt"/>
        <line num="186" count="1" type="stmt"/>
        <line num="187" count="1" type="stmt"/>
        <line num="188" count="0" type="stmt"/>
        <line num="189" count="0" type="stmt"/>
        <line num="191" count="0" type="stmt"/>
        <line num="192" count="0" type="stmt"/>
        <line num="195" count="32" type="stmt"/>
        <line num="196" count="0" type="stmt"/>
        <line num="197" count="0" type="stmt"/>
        <line num="198" count="0" type="stmt"/>
        <line num="199" count="0" type="cond" truecount="0" falsecount="2"/>
        <line num="200" count="0" type="stmt"/>
        <line num="201" count="0" type="stmt"/>
        <line num="202" count="0" type="stmt"/>
        <line num="204" count="0" type="stmt"/>
        <line num="205" count="0" type="stmt"/>
        <line num="206" count="0" type="cond" truecount="0" falsecount="2"/>
        <line num="207" count="0" type="stmt"/>
        <line num="209" count="0" type="stmt"/>
        <line num="210" count="0" type="cond" truecount="0" falsecount="4"/>
        <line num="211" count="0" type="stmt"/>
        <line num="212" count="0" type="stmt"/>
        <line num="214" count="0" type="stmt"/>
        <line num="215" count="0" type="stmt"/>
        <line num="219" count="32" type="stmt"/>
        <line num="227" count="32" type="stmt"/>
        <line num="228" count="1" type="stmt"/>
        <line num="231" count="1" type="cond" truecount="1" falsecount="1"/>
        <line num="232" count="0" type="stmt"/>
        <line num="233" count="0" type="stmt"/>
        <line num="246" count="0" type="stmt"/>
        <line num="265" count="0" type="stmt"/>
        <line num="266" count="0" type="stmt"/>
        <line num="271" count="1" type="stmt"/>
        <line num="277" count="1" type="stmt"/>
        <line num="278" count="1" type="stmt"/>
        <line num="280" count="1" type="stmt"/>
        <line num="281" count="0" type="stmt"/>
        <line num="282" count="0" type="stmt"/>
        <line num="284" count="0" type="stmt"/>
        <line num="285" count="0" type="stmt"/>
        <line num="288" count="32" type="stmt"/>
        <line num="289" count="0" type="stmt"/>
        <line num="290" count="0" type="stmt"/>
        <line num="291" count="0" type="stmt"/>
        <line num="292" count="0" type="cond" truecount="0" falsecount="2"/>
        <line num="293" count="0" type="stmt"/>
        <line num="294" count="0" type="stmt"/>
        <line num="295" count="0" type="stmt"/>
        <line num="297" count="0" type="stmt"/>
        <line num="298" count="0" type="stmt"/>
        <line num="299" count="0" type="cond" truecount="0" falsecount="2"/>
        <line num="300" count="0" type="stmt"/>
        <line num="302" count="0" type="stmt"/>
        <line num="303" count="0" type="cond" truecount="0" falsecount="4"/>
        <line num="304" count="0" type="stmt"/>
        <line num="305" count="0" type="stmt"/>
        <line num="307" count="0" type="stmt"/>
        <line num="308" count="0" type="stmt"/>
        <line num="311" count="32" type="stmt"/>
        <line num="312" count="0" type="stmt"/>
        <line num="328" count="32" type="stmt"/>
        <line num="329" count="0" type="stmt"/>
        <line num="330" count="0" type="cond" truecount="0" falsecount="2"/>
        <line num="332" count="0" type="stmt"/>
        <line num="355" count="0" type="stmt"/>
        <line num="356" count="0" type="stmt"/>
        <line num="357" count="0" type="stmt"/>
        <line num="361" count="0" type="stmt"/>
        <line num="362" count="0" type="stmt"/>
        <line num="363" count="0" type="stmt"/>
        <line num="364" count="0" type="stmt"/>
        <line num="367" count="0" type="stmt"/>
        <line num="368" count="0" type="stmt"/>
        <line num="372" count="0" type="stmt"/>
        <line num="373" count="0" type="stmt"/>
        <line num="376" count="32" type="stmt"/>
        <line num="377" count="0" type="stmt"/>
        <line num="378" count="0" type="stmt"/>
        <line num="379" count="0" type="stmt"/>
        <line num="383" count="6" type="stmt"/>
        <line num="386" count="32" type="stmt"/>
        <line num="388" count="0" type="stmt"/>
        <line num="391" count="32" type="stmt"/>
        <line num="393" count="0" type="stmt"/>
        <line num="396" count="32" type="stmt"/>
        <line num="398" count="0" type="stmt"/>
        <line num="401" count="32" type="stmt"/>
        <line num="421" count="32" type="stmt"/>
        <line num="422" count="0" type="stmt"/>
        <line num="423" count="0" type="stmt"/>
        <line num="424" count="0" type="cond" truecount="0" falsecount="2"/>
        <line num="425" count="0" type="stmt"/>
        <line num="426" count="0" type="stmt"/>
        <line num="427" count="0" type="stmt"/>
        <line num="429" count="0" type="stmt"/>
        <line num="431" count="0" type="stmt"/>
        <line num="432" count="0" type="stmt"/>
        <line num="433" count="0" type="stmt"/>
        <line num="436" count="0" type="stmt"/>
        <line num="437" count="0" type="stmt"/>
        <line num="438" count="0" type="cond" truecount="0" falsecount="2"/>
        <line num="440" count="0" type="stmt"/>
        <line num="441" count="0" type="cond" truecount="0" falsecount="4"/>
        <line num="442" count="0" type="stmt"/>
        <line num="444" count="0" type="cond" truecount="0" falsecount="4"/>
        <line num="445" count="0" type="stmt"/>
        <line num="447" count="0" type="cond" truecount="0" falsecount="4"/>
        <line num="448" count="0" type="stmt"/>
        <line num="452" count="0" type="cond" truecount="0" falsecount="2"/>
        <line num="453" count="0" type="stmt"/>
        <line num="465" count="0" type="stmt"/>
        <line num="466" count="0" type="stmt"/>
        <line num="467" count="0" type="stmt"/>
        <line num="468" count="0" type="stmt"/>
        <line num="471" count="32" type="stmt"/>
        <line num="472" count="0" type="stmt"/>
        <line num="473" count="0" type="stmt"/>
        <line num="474" count="0" type="cond" truecount="0" falsecount="2"/>
        <line num="475" count="0" type="stmt"/>
        <line num="476" count="0" type="stmt"/>
        <line num="477" count="0" type="stmt"/>
        <line num="479" count="0" type="stmt"/>
        <line num="481" count="0" type="stmt"/>
        <line num="482" count="0" type="stmt"/>
        <line num="483" count="0" type="stmt"/>
        <line num="486" count="0" type="stmt"/>
        <line num="488" count="0" type="stmt"/>
        <line num="489" count="0" type="stmt"/>
        <line num="490" count="0" type="cond" truecount="0" falsecount="2"/>
        <line num="492" count="0" type="cond" truecount="0" falsecount="2"/>
        <line num="493" count="0" type="stmt"/>
        <line num="496" count="0" type="stmt"/>
        <line num="497" count="0" type="cond" truecount="0" falsecount="2"/>
        <line num="498" count="0" type="cond" truecount="0" falsecount="2"/>
        <line num="500" count="0" type="cond" truecount="0" falsecount="4"/>
        <line num="501" count="0" type="stmt"/>
        <line num="507" count="0" type="cond" truecount="0" falsecount="2"/>
        <line num="508" count="0" type="cond" truecount="0" falsecount="5"/>
        <line num="509" count="0" type="stmt"/>
        <line num="515" count="0" type="cond" truecount="0" falsecount="2"/>
        <line num="516" count="0" type="stmt"/>
        <line num="528" count="0" type="stmt"/>
        <line num="529" count="0" type="stmt"/>
        <line num="530" count="0" type="stmt"/>
        <line num="531" count="0" type="stmt"/>
        <line num="534" count="32" type="stmt"/>
        <line num="535" count="0" type="stmt"/>
        <line num="536" count="0" type="stmt"/>
        <line num="537" count="0" type="stmt"/>
        <line num="539" count="0" type="cond" truecount="0" falsecount="2"/>
        <line num="540" count="0" type="stmt"/>
        <line num="541" count="0" type="stmt"/>
        <line num="542" count="0" type="stmt"/>
        <line num="544" count="0" type="stmt"/>
        <line num="546" count="0" type="stmt"/>
        <line num="547" count="0" type="cond" truecount="0" falsecount="2"/>
        <line num="548" count="0" type="stmt"/>
        <line num="551" count="0" type="stmt"/>
        <line num="552" count="0" type="cond" truecount="0" falsecount="2"/>
        <line num="553" count="0" type="stmt"/>
        <line num="556" count="0" type="stmt"/>
        <line num="557" count="0" type="cond" truecount="0" falsecount="2"/>
        <line num="558" count="0" type="cond" truecount="0" falsecount="2"/>
        <line num="559" count="0" type="cond" truecount="0" falsecount="2"/>
        <line num="560" count="0" type="cond" truecount="0" falsecount="2"/>
        <line num="562" count="0" type="cond" truecount="0" falsecount="2"/>
        <line num="565" count="0" type="stmt"/>
        <line num="566" count="0" type="stmt"/>
        <line num="568" count="0" type="stmt"/>
        <line num="569" count="0" type="cond" truecount="0" falsecount="4"/>
        <line num="575" count="0" type="cond" truecount="0" falsecount="2"/>
        <line num="576" count="0" type="stmt"/>
        <line num="577" count="0" type="cond" truecount="0" falsecount="2"/>
        <line num="578" count="0" type="stmt"/>
        <line num="580" count="0" type="stmt"/>
        <line num="581" count="0" type="stmt"/>
        <line num="584" count="0" type="cond" truecount="0" falsecount="4"/>
        <line num="585" count="0" type="stmt"/>
        <line num="589" count="0" type="stmt"/>
        <line num="590" count="0" type="stmt"/>
        <line num="591" count="0" type="stmt"/>
        <line num="600" count="0" type="stmt"/>
        <line num="601" count="0" type="stmt"/>
        <line num="602" count="0" type="stmt"/>
        <line num="609" count="0" type="cond" truecount="0" falsecount="2"/>
        <line num="610" count="0" type="cond" truecount="0" falsecount="2"/>
        <line num="612" count="0" type="cond" truecount="0" falsecount="2"/>
        <line num="613" count="0" type="stmt"/>
        <line num="614" count="0" type="cond" truecount="0" falsecount="4"/>
        <line num="615" count="0" type="stmt"/>
        <line num="617" count="0" type="cond" truecount="0" falsecount="2"/>
        <line num="618" count="0" type="stmt"/>
        <line num="624" count="0" type="cond" truecount="0" falsecount="2"/>
        <line num="625" count="0" type="cond" truecount="0" falsecount="2"/>
        <line num="627" count="0" type="stmt"/>
        <line num="640" count="0" type="stmt"/>
        <line num="641" count="0" type="stmt"/>
        <line num="642" count="0" type="stmt"/>
        <line num="643" count="0" type="stmt"/>
        <line num="646" count="32" type="stmt"/>
        <line num="647" count="0" type="stmt"/>
        <line num="648" count="0" type="stmt"/>
        <line num="649" count="0" type="cond" truecount="0" falsecount="2"/>
        <line num="650" count="0" type="stmt"/>
        <line num="651" count="0" type="stmt"/>
        <line num="652" count="0" type="stmt"/>
        <line num="654" count="0" type="stmt"/>
        <line num="656" count="0" type="stmt"/>
        <line num="659" count="0" type="stmt"/>
        <line num="660" count="0" type="stmt"/>
        <line num="661" count="0" type="stmt"/>
        <line num="662" count="0" type="stmt"/>
        <line num="664" count="0" type="stmt"/>
        <line num="683" count="0" type="stmt"/>
        <line num="684" count="0" type="stmt"/>
        <line num="685" count="0" type="stmt"/>
        <line num="686" count="0" type="stmt"/>
        <line num="688" count="0" type="stmt"/>
        <line num="695" count="0" type="stmt"/>
        <line num="696" count="0" type="cond" truecount="0" falsecount="5"/>
        <line num="697" count="0" type="stmt"/>
        <line num="701" count="0" type="stmt"/>
        <line num="703" count="0" type="stmt"/>
        <line num="704" count="0" type="stmt"/>
        <line num="705" count="0" type="stmt"/>
        <line num="706" count="0" type="stmt"/>
        <line num="709" count="32" type="stmt"/>
        <line num="710" count="0" type="stmt"/>
        <line num="712" count="0" type="stmt"/>
        <line num="713" count="0" type="stmt"/>
        <line num="715" count="0" type="cond" truecount="0" falsecount="2"/>
        <line num="716" count="0" type="stmt"/>
        <line num="717" count="0" type="stmt"/>
        <line num="718" count="0" type="stmt"/>
        <line num="720" count="0" type="stmt"/>
        <line num="722" count="0" type="stmt"/>
        <line num="723" count="0" type="stmt"/>
        <line num="725" count="0" type="stmt"/>
        <line num="726" count="0" type="stmt"/>
        <line num="727" count="0" type="stmt"/>
        <line num="731" count="0" type="cond" truecount="0" falsecount="1"/>
        <line num="732" count="0" type="cond" truecount="0" falsecount="5"/>
        <line num="733" count="0" type="stmt"/>
        <line num="736" count="0" type="stmt"/>
        <line num="748" count="0" type="stmt"/>
        <line num="749" count="0" type="stmt"/>
        <line num="750" count="0" type="stmt"/>
        <line num="753" count="0" type="cond" truecount="0" falsecount="1"/>
        <line num="754" count="0" type="cond" truecount="0" falsecount="4"/>
        <line num="755" count="0" type="stmt"/>
        <line num="770" count="0" type="stmt"/>
        <line num="777" count="0" type="cond" truecount="0" falsecount="2"/>
        <line num="778" count="0" type="stmt"/>
        <line num="779" count="0" type="cond" truecount="0" falsecount="2"/>
        <line num="780" count="0" type="stmt"/>
        <line num="781" count="0" type="stmt"/>
        <line num="785" count="0" type="cond" truecount="0" falsecount="2"/>
        <line num="786" count="0" type="stmt"/>
        <line num="787" count="0" type="cond" truecount="0" falsecount="2"/>
        <line num="788" count="0" type="stmt"/>
        <line num="789" count="0" type="stmt"/>
        <line num="793" count="0" type="cond" truecount="0" falsecount="2"/>
        <line num="794" count="0" type="stmt"/>
        <line num="795" count="0" type="cond" truecount="0" falsecount="2"/>
        <line num="796" count="0" type="stmt"/>
        <line num="797" count="0" type="stmt"/>
        <line num="801" count="0" type="cond" truecount="0" falsecount="2"/>
        <line num="802" count="0" type="stmt"/>
        <line num="803" count="0" type="cond" truecount="0" falsecount="2"/>
        <line num="804" count="0" type="stmt"/>
        <line num="805" count="0" type="stmt"/>
        <line num="809" count="0" type="cond" truecount="0" falsecount="2"/>
        <line num="810" count="0" type="stmt"/>
        <line num="811" count="0" type="cond" truecount="0" falsecount="2"/>
        <line num="812" count="0" type="stmt"/>
        <line num="813" count="0" type="stmt"/>
        <line num="817" count="0" type="cond" truecount="0" falsecount="2"/>
        <line num="818" count="0" type="stmt"/>
        <line num="819" count="0" type="cond" truecount="0" falsecount="2"/>
        <line num="820" count="0" type="stmt"/>
        <line num="821" count="0" type="stmt"/>
        <line num="826" count="0" type="stmt"/>
        <line num="837" count="0" type="stmt"/>
        <line num="838" count="0" type="stmt"/>
        <line num="839" count="0" type="stmt"/>
        <line num="840" count="0" type="stmt"/>
        <line num="843" count="0" type="stmt"/>
        <line num="844" count="0" type="cond" truecount="0" falsecount="2"/>
        <line num="845" count="0" type="cond" truecount="0" falsecount="2"/>
        <line num="850" count="32" type="stmt"/>
        <line num="851" count="0" type="stmt"/>
        <line num="852" count="0" type="stmt"/>
        <line num="853" count="0" type="cond" truecount="0" falsecount="2"/>
        <line num="854" count="0" type="stmt"/>
        <line num="855" count="0" type="stmt"/>
        <line num="856" count="0" type="stmt"/>
        <line num="858" count="0" type="stmt"/>
        <line num="860" count="0" type="stmt"/>
        <line num="861" count="0" type="stmt"/>
        <line num="862" count="0" type="stmt"/>
        <line num="865" count="0" type="stmt"/>
        <line num="866" count="0" type="stmt"/>
        <line num="867" count="0" type="cond" truecount="0" falsecount="2"/>
        <line num="869" count="0" type="stmt"/>
        <line num="872" count="0" type="cond" truecount="0" falsecount="4"/>
        <line num="873" count="0" type="stmt"/>
        <line num="880" count="0" type="cond" truecount="0" falsecount="4"/>
        <line num="881" count="0" type="stmt"/>
        <line num="888" count="0" type="cond" truecount="0" falsecount="4"/>
        <line num="889" count="0" type="stmt"/>
        <line num="896" count="0" type="cond" truecount="0" falsecount="4"/>
        <line num="897" count="0" type="stmt"/>
        <line num="903" count="0" type="cond" truecount="0" falsecount="2"/>
        <line num="904" count="0" type="stmt"/>
        <line num="917" count="0" type="stmt"/>
        <line num="918" count="0" type="stmt"/>
        <line num="919" count="0" type="stmt"/>
        <line num="920" count="0" type="stmt"/>
        <line num="923" count="32" type="stmt"/>
      </file>
    </package>
    <package name="src.db">
      <metrics statements="200" coveredstatements="150" conditionals="64" coveredconditionals="37" methods="45" coveredmethods="34"/>
      <file name="database.js" path="/mnt/c/Users/spide/Documents/GitHub/ALNTool/storyforge/backend/src/db/database.js">
        <metrics statements="44" coveredstatements="38" conditionals="21" coveredconditionals="14" methods="6" coveredmethods="6"/>
        <line num="1" count="62" type="stmt"/>
        <line num="9" count="62" type="stmt"/>
        <line num="10" count="62" type="stmt"/>
        <line num="11" count="62" type="stmt"/>
        <line num="17" count="13" type="cond" truecount="2" falsecount="0"/>
        <line num="22" count="15" type="stmt"/>
        <line num="23" count="15" type="cond" truecount="1" falsecount="1"/>
        <line num="24" count="0" type="stmt"/>
        <line num="29" count="25" type="stmt"/>
        <line num="30" count="25" type="cond" truecount="2" falsecount="0"/>
        <line num="31" count="13" type="stmt"/>
        <line num="32" count="13" type="stmt"/>
        <line num="33" count="13" type="stmt"/>
        <line num="34" count="12" type="cond" truecount="2" falsecount="0"/>
        <line num="35" count="2" type="stmt"/>
        <line num="36" count="2" type="stmt"/>
        <line num="38" count="10" type="stmt"/>
        <line num="41" count="25" type="cond" truecount="1" falsecount="1"/>
        <line num="42" count="25" type="stmt"/>
        <line num="44" count="25" type="stmt"/>
        <line num="48" count="172" type="cond" truecount="2" falsecount="0"/>
        <line num="53" count="13" type="stmt"/>
        <line num="54" count="13" type="stmt"/>
        <line num="56" count="172" type="stmt"/>
        <line num="60" count="12" type="cond" truecount="1" falsecount="1"/>
        <line num="61" count="0" type="stmt"/>
        <line num="62" count="0" type="stmt"/>
        <line num="63" count="0" type="stmt"/>
        <line num="66" count="12" type="cond" truecount="1" falsecount="3"/>
        <line num="68" count="12" type="stmt"/>
        <line num="69" count="12" type="stmt"/>
        <line num="71" count="12" type="stmt"/>
        <line num="72" count="12" type="stmt"/>
        <line num="73" count="12" type="stmt"/>
        <line num="74" count="12" type="stmt"/>
        <line num="76" count="0" type="stmt"/>
        <line num="77" count="0" type="stmt"/>
        <line num="79" count="12" type="stmt"/>
        <line num="83" count="30" type="cond" truecount="2" falsecount="0"/>
        <line num="84" count="11" type="stmt"/>
        <line num="85" count="11" type="stmt"/>
        <line num="86" count="11" type="stmt"/>
        <line num="88" count="19" type="stmt"/>
        <line num="92" count="62" type="stmt"/>
      </file>
      <file name="migrations.js" path="/mnt/c/Users/spide/Documents/GitHub/ALNTool/storyforge/backend/src/db/migrations.js">
        <metrics statements="44" coveredstatements="42" conditionals="16" coveredconditionals="11" methods="8" coveredmethods="8"/>
        <line num="2" count="62" type="stmt"/>
        <line num="3" count="62" type="stmt"/>
        <line num="8" count="62" type="stmt"/>
        <line num="11" count="41" type="stmt"/>
        <line num="22" count="41" type="stmt"/>
        <line num="23" count="80" type="stmt"/>
        <line num="27" count="41" type="cond" truecount="1" falsecount="1"/>
        <line num="28" count="0" type="stmt"/>
        <line num="30" count="41" type="stmt"/>
        <line num="31" count="419" type="stmt"/>
        <line num="34" count="41" type="stmt"/>
        <line num="35" count="419" type="stmt"/>
        <line num="36" count="419" type="stmt"/>
        <line num="45" count="41" type="cond" truecount="1" falsecount="0"/>
        <line num="47" count="41" type="stmt"/>
        <line num="48" count="41" type="stmt"/>
        <line num="49" count="41" type="stmt"/>
        <line num="51" count="419" type="stmt"/>
        <line num="53" count="41" type="cond" truecount="2" falsecount="0"/>
        <line num="54" count="2" type="stmt"/>
        <line num="55" count="2" type="stmt"/>
        <line num="58" count="39" type="stmt"/>
        <line num="61" count="39" type="cond" truecount="1" falsecount="1"/>
        <line num="62" count="39" type="stmt"/>
        <line num="65" count="39" type="stmt"/>
        <line num="66" count="39" type="stmt"/>
        <line num="67" count="339" type="stmt"/>
        <line num="68" count="339" type="stmt"/>
        <line num="71" count="338" type="stmt"/>
        <line num="72" count="338" type="stmt"/>
        <line num="75" count="3" type="cond" truecount="3" falsecount="1"/>
        <line num="77" count="0" type="stmt"/>
        <line num="79" count="3" type="stmt"/>
        <line num="83" count="335" type="stmt"/>
        <line num="84" count="335" type="stmt"/>
        <line num="85" count="335" type="stmt"/>
        <line num="89" count="35" type="cond" truecount="1" falsecount="1"/>
        <line num="90" count="35" type="stmt"/>
        <line num="93" count="35" type="stmt"/>
        <line num="94" count="35" type="stmt"/>
        <line num="97" count="4" type="cond" truecount="1" falsecount="1"/>
        <line num="98" count="4" type="stmt"/>
        <line num="100" count="4" type="stmt"/>
        <line num="104" count="62" type="stmt"/>
      </file>
      <file name="queries.js" path="/mnt/c/Users/spide/Documents/GitHub/ALNTool/storyforge/backend/src/db/queries.js">
        <metrics statements="112" coveredstatements="70" conditionals="27" coveredconditionals="12" methods="31" coveredmethods="20"/>
        <line num="2" count="48" type="stmt"/>
        <line num="6" count="17" type="stmt"/>
        <line num="7" count="17" type="stmt"/>
        <line num="12" count="14" type="stmt"/>
        <line num="14" count="14" type="stmt"/>
        <line num="20" count="14" type="stmt"/>
        <line num="26" count="14" type="stmt"/>
        <line num="32" count="14" type="stmt"/>
        <line num="38" count="14" type="stmt"/>
        <line num="48" count="0" type="stmt"/>
        <line num="49" count="0" type="stmt"/>
        <line num="54" count="0" type="stmt"/>
        <line num="55" count="0" type="stmt"/>
        <line num="70" count="0" type="stmt"/>
        <line num="71" count="0" type="stmt"/>
        <line num="77" count="0" type="stmt"/>
        <line num="78" count="0" type="stmt"/>
        <line num="83" count="0" type="stmt"/>
        <line num="84" count="0" type="stmt"/>
        <line num="97" count="0" type="stmt"/>
        <line num="98" count="0" type="stmt"/>
        <line num="103" count="14" type="stmt"/>
        <line num="104" count="14" type="stmt"/>
        <line num="125" count="14" type="stmt"/>
        <line num="129" count="0" type="stmt"/>
        <line num="130" count="0" type="cond" truecount="0" falsecount="4"/>
        <line num="131" count="0" type="stmt"/>
        <line num="133" count="0" type="stmt"/>
        <line num="135" count="0" type="stmt"/>
        <line num="136" count="0" type="stmt"/>
        <line num="137" count="0" type="stmt"/>
        <line num="138" count="0" type="stmt"/>
        <line num="140" count="0" type="stmt"/>
        <line num="150" count="14" type="stmt"/>
        <line num="153" count="14" type="stmt"/>
        <line num="154" count="32" type="stmt"/>
        <line num="155" count="33" type="stmt"/>
        <line num="156" count="46" type="stmt"/>
        <line num="159" count="14" type="stmt"/>
        <line num="160" count="14" type="cond" truecount="2" falsecount="0"/>
        <line num="161" count="11" type="stmt"/>
        <line num="165" count="46" type="stmt"/>
        <line num="168" count="11" type="stmt"/>
        <line num="169" count="11" type="stmt"/>
        <line num="173" count="14" type="stmt"/>
        <line num="174" count="14" type="cond" truecount="2" falsecount="0"/>
        <line num="175" count="33" type="stmt"/>
        <line num="176" count="11" type="stmt"/>
        <line num="177" count="11" type="stmt"/>
        <line num="178" count="33" type="stmt"/>
        <line num="179" count="33" type="cond" truecount="1" falsecount="1"/>
        <line num="180" count="33" type="stmt"/>
        <line num="184" count="11" type="cond" truecount="2" falsecount="0"/>
        <line num="185" count="6" type="stmt"/>
        <line num="186" count="6" type="stmt"/>
        <line num="190" count="14" type="stmt"/>
        <line num="199" count="0" type="stmt"/>
        <line num="204" count="1" type="stmt"/>
        <line num="206" count="1" type="stmt"/>
        <line num="219" count="22" type="stmt"/>
        <line num="233" count="17" type="stmt"/>
        <line num="238" count="17" type="stmt"/>
        <line num="249" count="17" type="stmt"/>
        <line num="252" count="17" type="stmt"/>
        <line num="253" count="17" type="stmt"/>
        <line num="254" count="159" type="stmt"/>
        <line num="255" count="159" type="stmt"/>
        <line num="256" count="159" type="stmt"/>
        <line num="259" count="17" type="stmt"/>
        <line num="268" count="19" type="stmt"/>
        <line num="269" count="19" type="stmt"/>
        <line num="271" count="19" type="stmt"/>
        <line num="272" count="19" type="stmt"/>
        <line num="278" count="19" type="cond" truecount="2" falsecount="0"/>
        <line num="279" count="16" type="stmt"/>
        <line num="283" count="3" type="stmt"/>
        <line num="284" count="3" type="cond" truecount="2" falsecount="0"/>
        <line num="286" count="1" type="stmt"/>
        <line num="287" count="1" type="stmt"/>
        <line num="291" count="2" type="stmt"/>
        <line num="298" count="2" type="stmt"/>
        <line num="308" count="0" type="stmt"/>
        <line num="309" count="0" type="stmt"/>
        <line num="319" count="14" type="stmt"/>
        <line num="321" count="14" type="stmt"/>
        <line num="322" count="14" type="stmt"/>
        <line num="325" count="14" type="stmt"/>
        <line num="337" count="14" type="stmt"/>
        <line num="340" count="0" type="stmt"/>
        <line num="350" count="0" type="stmt"/>
        <line num="352" count="0" type="stmt"/>
        <line num="353" count="0" type="stmt"/>
        <line num="358" count="0" type="cond" truecount="0" falsecount="2"/>
        <line num="359" count="0" type="stmt"/>
        <line num="363" count="0" type="stmt"/>
        <line num="372" count="0" type="stmt"/>
        <line num="374" count="0" type="stmt"/>
        <line num="375" count="0" type="stmt"/>
        <line num="376" count="0" type="stmt"/>
        <line num="378" count="0" type="stmt"/>
        <line num="387" count="2" type="stmt"/>
        <line num="389" count="2" type="stmt"/>
        <line num="391" count="2" type="stmt"/>
        <line num="398" count="0" type="stmt"/>
        <line num="405" count="0" type="stmt"/>
        <line num="406" count="0" type="stmt"/>
        <line num="407" count="0" type="stmt"/>
        <line num="408" count="0" type="stmt"/>
        <line num="410" count="0" type="stmt"/>
        <line num="424" count="2" type="stmt"/>
        <line num="425" count="2" type="stmt"/>
        <line num="436" count="48" type="stmt"/>
      </file>
    </package>
    <package name="src.routes">
      <metrics statements="81" coveredstatements="73" conditionals="36" coveredconditionals="24" methods="4" coveredmethods="4"/>
      <file name="journeyRoutes.js" path="/mnt/c/Users/spide/Documents/GitHub/ALNTool/storyforge/backend/src/routes/journeyRoutes.js">
        <metrics statements="10" coveredstatements="10" conditionals="0" coveredconditionals="0" methods="0" coveredmethods="0"/>
        <line num="1" count="3" type="stmt"/>
        <line num="2" count="3" type="stmt"/>
        <line num="11" count="3" type="stmt"/>
        <line num="17" count="3" type="stmt"/>
        <line num="18" count="3" type="stmt"/>
        <line num="19" count="3" type="stmt"/>
        <line num="20" count="3" type="stmt"/>
        <line num="21" count="3" type="stmt"/>
        <line num="23" count="3" type="stmt"/>
        <line num="25" count="3" type="stmt"/>
      </file>
      <file name="notion.js" path="/mnt/c/Users/spide/Documents/GitHub/ALNTool/storyforge/backend/src/routes/notion.js">
        <metrics statements="25" coveredstatements="25" conditionals="0" coveredconditionals="0" methods="0" coveredmethods="0"/>
        <line num="1" count="1" type="stmt"/>
        <line num="2" count="1" type="stmt"/>
        <line num="4" count="1" type="stmt"/>
        <line num="7" count="1" type="stmt"/>
        <line num="10" count="1" type="stmt"/>
        <line num="11" count="1" type="stmt"/>
        <line num="12" count="1" type="stmt"/>
        <line num="13" count="1" type="stmt"/>
        <line num="14" count="1" type="stmt"/>
        <line num="17" count="1" type="stmt"/>
        <line num="18" count="1" type="stmt"/>
        <line num="19" count="1" type="stmt"/>
        <line num="20" count="1" type="stmt"/>
        <line num="23" count="1" type="stmt"/>
        <line num="24" count="1" type="stmt"/>
        <line num="25" count="1" type="stmt"/>
        <line num="26" count="1" type="stmt"/>
        <line num="27" count="1" type="stmt"/>
        <line num="30" count="1" type="stmt"/>
        <line num="31" count="1" type="stmt"/>
        <line num="32" count="1" type="stmt"/>
        <line num="33" count="1" type="stmt"/>
        <line num="36" count="1" type="stmt"/>
        <line num="39" count="1" type="stmt"/>
        <line num="41" count="1" type="stmt"/>
      </file>
      <file name="syncRoutes.js" path="/mnt/c/Users/spide/Documents/GitHub/ALNTool/storyforge/backend/src/routes/syncRoutes.js">
        <metrics statements="46" coveredstatements="38" conditionals="36" coveredconditionals="24" methods="4" coveredmethods="4"/>
        <line num="1" count="1" type="stmt"/>
        <line num="2" count="1" type="stmt"/>
        <line num="3" count="1" type="stmt"/>
        <line num="6" count="1" type="stmt"/>
        <line num="7" count="2" type="cond" truecount="2" falsecount="0"/>
        <line num="8" count="1" type="stmt"/>
        <line num="9" count="1" type="stmt"/>
        <line num="20" count="1" type="stmt"/>
        <line num="21" count="5" type="stmt"/>
        <line num="23" count="5" type="stmt"/>
        <line num="24" count="5" type="cond" truecount="3" falsecount="1"/>
        <line num="25" count="0" type="stmt"/>
        <line num="28" count="5" type="cond" truecount="2" falsecount="0"/>
        <line num="29" count="1" type="stmt"/>
        <line num="36" count="4" type="stmt"/>
        <line num="37" count="4" type="stmt"/>
        <line num="39" count="3" type="cond" truecount="3" falsecount="1"/>
        <line num="40" count="0" type="stmt"/>
        <line num="43" count="3" type="stmt"/>
        <line num="53" count="1" type="stmt"/>
        <line num="56" count="1" type="cond" truecount="1" falsecount="1"/>
        <line num="57" count="0" type="stmt"/>
        <line num="64" count="1" type="stmt"/>
        <line num="79" count="1" type="stmt"/>
        <line num="80" count="2" type="stmt"/>
        <line num="81" count="2" type="stmt"/>
        <line num="83" count="2" type="cond" truecount="3" falsecount="1"/>
        <line num="84" count="0" type="stmt"/>
        <line num="88" count="2" type="stmt"/>
        <line num="94" count="2" type="stmt"/>
        <line num="99" count="0" type="stmt"/>
        <line num="100" count="0" type="stmt"/>
        <line num="115" count="1" type="stmt"/>
        <line num="116" count="3" type="stmt"/>
        <line num="117" count="3" type="stmt"/>
        <line num="119" count="3" type="cond" truecount="3" falsecount="1"/>
        <line num="120" count="0" type="stmt"/>
        <line num="123" count="3" type="cond" truecount="2" falsecount="0"/>
        <line num="124" count="1" type="stmt"/>
        <line num="131" count="2" type="stmt"/>
        <line num="132" count="1" type="cond" truecount="1" falsecount="1"/>
        <line num="133" count="0" type="stmt"/>
        <line num="136" count="1" type="stmt"/>
        <line num="141" count="1" type="stmt"/>
        <line num="142" count="1" type="stmt"/>
        <line num="150" count="1" type="stmt"/>
      </file>
    </package>
    <package name="src.services">
      <metrics statements="256" coveredstatements="108" conditionals="129" coveredconditionals="30" methods="47" coveredmethods="20"/>
      <file name="dataSyncService.js" path="/mnt/c/Users/spide/Documents/GitHub/ALNTool/storyforge/backend/src/services/dataSyncService.js">
        <metrics statements="70" coveredstatements="37" conditionals="11" coveredconditionals="2" methods="12" coveredmethods="3"/>
        <line num="1" count="12" type="stmt"/>
        <line num="2" count="12" type="stmt"/>
        <line num="3" count="12" type="stmt"/>
        <line num="4" count="12" type="stmt"/>
        <line num="5" count="12" type="stmt"/>
        <line num="6" count="12" type="stmt"/>
        <line num="7" count="12" type="stmt"/>
        <line num="8" count="12" type="stmt"/>
        <line num="9" count="12" type="stmt"/>
        <line num="10" count="12" type="stmt"/>
        <line num="11" count="12" type="stmt"/>
        <line num="12" count="12" type="stmt"/>
        <line num="13" count="12" type="stmt"/>
        <line num="14" count="12" type="stmt"/>
        <line num="15" count="12" type="stmt"/>
        <line num="33" count="12" type="cond" truecount="1" falsecount="1"/>
        <line num="34" count="0" type="stmt"/>
        <line num="36" count="12" type="stmt"/>
        <line num="38" count="12" type="stmt"/>
        <line num="39" count="12" type="stmt"/>
        <line num="42" count="12" type="stmt"/>
        <line num="49" count="12" type="stmt"/>
        <line num="56" count="12" type="stmt"/>
        <line num="63" count="12" type="stmt"/>
        <line num="65" count="0" type="stmt"/>
        <line num="66" count="0" type="stmt"/>
        <line num="67" count="0" type="stmt"/>
        <line num="72" count="12" type="stmt"/>
        <line num="80" count="2" type="cond" truecount="1" falsecount="1"/>
        <line num="81" count="2" type="stmt"/>
        <line num="83" count="2" type="stmt"/>
        <line num="94" count="0" type="stmt"/>
        <line num="95" count="0" type="stmt"/>
        <line num="96" count="0" type="stmt"/>
        <line num="98" count="0" type="stmt"/>
        <line num="104" count="0" type="stmt"/>
        <line num="107" count="0" type="stmt"/>
        <line num="108" count="0" type="stmt"/>
        <line num="117" count="2" type="stmt"/>
        <line num="118" count="2" type="stmt"/>
        <line num="121" count="2" type="stmt"/>
        <line num="122" count="2" type="stmt"/>
        <line num="124" count="2" type="stmt"/>
        <line num="125" count="10" type="stmt"/>
        <line num="126" count="10" type="stmt"/>
        <line num="127" count="10" type="stmt"/>
        <line num="129" count="0" type="stmt"/>
        <line num="130" count="0" type="stmt"/>
        <line num="134" count="2" type="stmt"/>
        <line num="141" count="0" type="stmt"/>
        <line num="155" count="0" type="stmt"/>
        <line num="156" count="0" type="stmt"/>
        <line num="164" count="0" type="stmt"/>
        <line num="165" count="0" type="stmt"/>
        <line num="173" count="0" type="stmt"/>
        <line num="174" count="0" type="stmt"/>
        <line num="175" count="0" type="stmt"/>
        <line num="176" count="0" type="stmt"/>
        <line num="177" count="0" type="cond" truecount="0" falsecount="2"/>
        <line num="178" count="0" type="cond" truecount="0" falsecount="2"/>
        <line num="180" count="0" type="stmt"/>
        <line num="188" count="0" type="stmt"/>
        <line num="189" count="0" type="stmt"/>
        <line num="197" count="0" type="stmt"/>
        <line num="198" count="0" type="stmt"/>
        <line num="206" count="0" type="stmt"/>
        <line num="207" count="0" type="stmt"/>
        <line num="215" count="0" type="stmt"/>
        <line num="216" count="0" type="stmt"/>
        <line num="221" count="12" type="stmt"/>
      </file>
      <file name="graphService.js" path="/mnt/c/Users/spide/Documents/GitHub/ALNTool/storyforge/backend/src/services/graphService.js">
        <metrics statements="64" coveredstatements="2" conditionals="57" coveredconditionals="0" methods="8" coveredmethods="1"/>
        <line num="1" count="32" type="stmt"/>
        <line num="10" count="0" type="cond" truecount="0" falsecount="2"/>
        <line num="11" count="0" type="stmt"/>
        <line num="12" count="0" type="cond" truecount="0" falsecount="2"/>
        <line num="13" count="0" type="stmt"/>
        <line num="14" count="0" type="cond" truecount="0" falsecount="4"/>
        <line num="15" count="0" type="stmt"/>
        <line num="17" count="0" type="stmt"/>
        <line num="26" count="0" type="cond" truecount="0" falsecount="4"/>
        <line num="28" count="0" type="stmt"/>
        <line num="34" count="0" type="stmt"/>
        <line num="36" count="0" type="stmt"/>
        <line num="37" count="0" type="cond" truecount="0" falsecount="4"/>
        <line num="39" count="0" type="stmt"/>
        <line num="43" count="0" type="stmt"/>
        <line num="45" count="0" type="stmt"/>
        <line num="50" count="0" type="stmt"/>
        <line num="52" count="0" type="stmt"/>
        <line num="57" count="0" type="stmt"/>
        <line num="59" count="0" type="stmt"/>
        <line num="63" count="0" type="stmt"/>
        <line num="67" count="0" type="cond" truecount="0" falsecount="2"/>
        <line num="68" count="0" type="stmt"/>
        <line num="70" count="0" type="cond" truecount="0" falsecount="2"/>
        <line num="71" count="0" type="stmt"/>
        <line num="74" count="0" type="stmt"/>
        <line num="85" count="0" type="cond" truecount="0" falsecount="4"/>
        <line num="86" count="0" type="stmt"/>
        <line num="112" count="0" type="stmt"/>
        <line num="113" count="0" type="stmt"/>
        <line num="114" count="0" type="stmt"/>
        <line num="117" count="0" type="stmt"/>
        <line num="118" count="0" type="cond" truecount="0" falsecount="2"/>
        <line num="119" count="0" type="stmt"/>
        <line num="121" count="0" type="stmt"/>
        <line num="122" count="0" type="stmt"/>
        <line num="123" count="0" type="cond" truecount="0" falsecount="2"/>
        <line num="124" count="0" type="stmt"/>
        <line num="125" count="0" type="stmt"/>
        <line num="129" count="0" type="stmt"/>
        <line num="132" count="0" type="stmt"/>
        <line num="133" count="0" type="stmt"/>
        <line num="134" count="0" type="cond" truecount="0" falsecount="4"/>
        <line num="135" count="0" type="stmt"/>
        <line num="136" count="0" type="stmt"/>
        <line num="138" count="0" type="stmt"/>
        <line num="139" count="0" type="cond" truecount="0" falsecount="2"/>
        <line num="142" count="0" type="stmt"/>
        <line num="143" count="0" type="stmt"/>
        <line num="144" count="0" type="cond" truecount="0" falsecount="4"/>
        <line num="145" count="0" type="stmt"/>
        <line num="146" count="0" type="stmt"/>
        <line num="148" count="0" type="stmt"/>
        <line num="149" count="0" type="cond" truecount="0" falsecount="2"/>
        <line num="152" count="0" type="stmt"/>
        <line num="153" count="0" type="stmt"/>
        <line num="154" count="0" type="cond" truecount="0" falsecount="4"/>
        <line num="155" count="0" type="stmt"/>
        <line num="156" count="0" type="stmt"/>
        <line num="158" count="0" type="cond" truecount="0" falsecount="2"/>
        <line num="159" count="0" type="stmt"/>
        <line num="160" count="0" type="cond" truecount="0" falsecount="2"/>
        <line num="165" count="0" type="stmt"/>
        <line num="173" count="32" type="stmt"/>
      </file>
      <file name="journeyEngine.js" path="/mnt/c/Users/spide/Documents/GitHub/ALNTool/storyforge/backend/src/services/journeyEngine.js">
        <metrics statements="44" coveredstatements="43" conditionals="18" coveredconditionals="15" methods="9" coveredmethods="9"/>
        <line num="2" count="4" type="stmt"/>
        <line num="3" count="4" type="stmt"/>
        <line num="12" count="27" type="stmt"/>
        <line num="13" count="27" type="stmt"/>
        <line num="22" count="14" type="stmt"/>
        <line num="23" count="14" type="stmt"/>
        <line num="24" count="14" type="stmt"/>
        <line num="27" count="14" type="stmt"/>
        <line num="30" count="14" type="stmt"/>
        <line num="31" count="33" type="stmt"/>
        <line num="39" count="14" type="stmt"/>
        <line num="40" count="46" type="stmt"/>
        <line num="48" count="14" type="stmt"/>
        <line num="49" count="32" type="stmt"/>
        <line num="59" count="14" type="stmt"/>
        <line num="60" count="33" type="stmt"/>
        <line num="63" count="33" type="cond" truecount="2" falsecount="0"/>
        <line num="64" count="1" type="stmt"/>
        <line num="73" count="33" type="stmt"/>
        <line num="74" count="33" type="cond" truecount="1" falsecount="1"/>
        <line num="75" count="33" type="stmt"/>
        <line num="76" count="6" type="stmt"/>
        <line num="84" count="0" type="stmt"/>
        <line num="89" count="14" type="stmt"/>
        <line num="90" count="46" type="cond" truecount="2" falsecount="0"/>
        <line num="91" count="12" type="stmt"/>
        <line num="103" count="14" type="stmt"/>
        <line num="116" count="19" type="cond" truecount="3" falsecount="0"/>
        <line num="119" count="19" type="cond" truecount="1" falsecount="1"/>
        <line num="120" count="19" type="stmt"/>
        <line num="121" count="19" type="cond" truecount="2" falsecount="0"/>
        <line num="122" count="2" type="stmt"/>
        <line num="123" count="2" type="stmt"/>
        <line num="128" count="17" type="stmt"/>
        <line num="129" count="17" type="cond" truecount="2" falsecount="0"/>
        <line num="130" count="3" type="stmt"/>
        <line num="131" count="3" type="stmt"/>
        <line num="134" count="14" type="stmt"/>
        <line num="137" count="14" type="stmt"/>
        <line num="139" count="14" type="stmt"/>
        <line num="149" count="14" type="cond" truecount="1" falsecount="1"/>
        <line num="150" count="14" type="stmt"/>
        <line num="153" count="14" type="stmt"/>
        <line num="159" count="4" type="stmt"/>
      </file>
      <file name="notionService.js" path="/mnt/c/Users/spide/Documents/GitHub/ALNTool/storyforge/backend/src/services/notionService.js">
        <metrics statements="78" coveredstatements="26" conditionals="43" coveredconditionals="13" methods="18" coveredmethods="7"/>
        <line num="1" count="36" type="stmt"/>
        <line num="2" count="36" type="stmt"/>
        <line num="3" count="36" type="stmt"/>
        <line num="4" count="36" type="stmt"/>
        <line num="5" count="36" type="stmt"/>
        <line num="8" count="36" type="stmt"/>
        <line num="11" count="3" type="cond" truecount="2" falsecount="0"/>
        <line num="13" count="1" type="cond" truecount="1" falsecount="1"/>
        <line num="14" count="0" type="stmt"/>
        <line num="15" count="0" type="stmt"/>
        <line num="21" count="1" type="cond" truecount="1" falsecount="1"/>
        <line num="22" count="0" type="stmt"/>
        <line num="25" count="1" type="stmt"/>
        <line num="29" count="3" type="stmt"/>
        <line num="33" count="36" type="stmt"/>
        <line num="40" count="36" type="stmt"/>
        <line num="43" count="3" type="stmt"/>
        <line num="53" count="3" type="stmt"/>
        <line num="54" count="3" type="stmt"/>
        <line num="55" count="3" type="cond" truecount="1" falsecount="1"/>
        <line num="56" count="0" type="stmt"/>
        <line num="57" count="0" type="stmt"/>
        <line num="59" count="3" type="stmt"/>
        <line num="61" count="3" type="stmt"/>
        <line num="66" count="3" type="cond" truecount="1" falsecount="1"/>
        <line num="67" count="0" type="stmt"/>
        <line num="71" count="3" type="stmt"/>
        <line num="73" count="0" type="stmt"/>
        <line num="74" count="0" type="stmt"/>
        <line num="76" count="0" type="stmt"/>
        <line num="78" count="0" type="stmt"/>
        <line num="79" count="0" type="stmt"/>
        <line num="89" count="0" type="stmt"/>
        <line num="90" count="0" type="stmt"/>
        <line num="91" count="0" type="cond" truecount="0" falsecount="2"/>
        <line num="92" count="0" type="stmt"/>
        <line num="93" count="0" type="stmt"/>
        <line num="95" count="0" type="stmt"/>
        <line num="96" count="0" type="stmt"/>
        <line num="97" count="0" type="stmt"/>
        <line num="98" count="0" type="stmt"/>
        <line num="99" count="0" type="stmt"/>
        <line num="101" count="0" type="stmt"/>
        <line num="102" count="0" type="stmt"/>
        <line num="112" count="0" type="stmt"/>
        <line num="121" count="1" type="stmt"/>
        <line num="130" count="1" type="stmt"/>
        <line num="139" count="1" type="stmt"/>
        <line num="148" count="0" type="stmt"/>
        <line num="155" count="0" type="stmt"/>
        <line num="164" count="0" type="cond" truecount="0" falsecount="4"/>
        <line num="166" count="0" type="stmt"/>
        <line num="167" count="0" type="stmt"/>
        <line num="170" count="0" type="stmt"/>
        <line num="174" count="0" type="stmt"/>
        <line num="175" count="0" type="stmt"/>
        <line num="178" count="36" type="stmt"/>
        <line num="207" count="0" type="stmt"/>
        <line num="208" count="0" type="cond" truecount="0" falsecount="2"/>
        <line num="209" count="0" type="stmt"/>
        <line num="210" count="0" type="stmt"/>
        <line num="213" count="0" type="stmt"/>
        <line num="214" count="0" type="cond" truecount="0" falsecount="2"/>
        <line num="215" count="0" type="stmt"/>
        <line num="216" count="0" type="stmt"/>
        <line num="220" count="0" type="cond" truecount="0" falsecount="2"/>
        <line num="221" count="0" type="stmt"/>
        <line num="224" count="0" type="cond" truecount="0" falsecount="2"/>
        <line num="225" count="0" type="stmt"/>
        <line num="228" count="0" type="stmt"/>
        <line num="232" count="0" type="stmt"/>
        <line num="233" count="0" type="cond" truecount="0" falsecount="2"/>
        <line num="234" count="0" type="stmt"/>
        <line num="236" count="0" type="stmt"/>
        <line num="251" count="0" type="stmt"/>
        <line num="252" count="0" type="stmt"/>
        <line num="322" count="1" type="stmt"/>
        <line num="327" count="0" type="stmt"/>
      </file>
    </package>
    <package name="src.services.compute">
      <metrics statements="391" coveredstatements="368" conditionals="194" coveredconditionals="172" methods="59" coveredmethods="55"/>
      <file name="ActFocusComputer.js" path="/mnt/c/Users/spide/Documents/GitHub/ALNTool/storyforge/backend/src/services/compute/ActFocusComputer.js">
        <metrics statements="35" coveredstatements="33" conditionals="14" coveredconditionals="14" methods="6" coveredmethods="6"/>
        <line num="1" count="20" type="stmt"/>
        <line num="9" count="67" type="stmt"/>
        <line num="10" count="67" type="stmt"/>
        <line num="20" count="167" type="stmt"/>
        <line num="21" count="167" type="stmt"/>
        <line num="25" count="166" type="stmt"/>
        <line num="26" count="166" type="cond" truecount="2" falsecount="0"/>
        <line num="28" count="7" type="stmt"/>
        <line num="31" count="159" type="cond" truecount="2" falsecount="0"/>
        <line num="32" count="11" type="stmt"/>
        <line num="36" count="406" type="stmt"/>
        <line num="37" count="148" type="stmt"/>
        <line num="42" count="147" type="stmt"/>
        <line num="43" count="147" type="stmt"/>
        <line num="44" count="394" type="cond" truecount="2" falsecount="0"/>
        <line num="45" count="352" type="cond" truecount="2" falsecount="0"/>
        <line num="50" count="147" type="stmt"/>
        <line num="52" count="71" type="cond" truecount="2" falsecount="0"/>
        <line num="53" count="31" type="stmt"/>
        <line num="55" count="147" type="cond" truecount="2" falsecount="0"/>
        <line num="57" count="147" type="stmt"/>
        <line num="59" count="2" type="cond" truecount="2" falsecount="0"/>
        <line num="68" count="24" type="stmt"/>
        <line num="70" count="24" type="stmt"/>
        <line num="71" count="24" type="stmt"/>
        <line num="73" count="23" type="stmt"/>
        <line num="74" count="139" type="stmt"/>
        <line num="75" count="139" type="stmt"/>
        <line num="76" count="139" type="stmt"/>
        <line num="77" count="139" type="stmt"/>
        <line num="79" count="0" type="stmt"/>
        <line num="80" count="0" type="stmt"/>
        <line num="84" count="23" type="stmt"/>
        <line num="86" count="1" type="stmt"/>
        <line num="91" count="20" type="stmt"/>
      </file>
      <file name="ComputeOrchestrator.js" path="/mnt/c/Users/spide/Documents/GitHub/ALNTool/storyforge/backend/src/services/compute/ComputeOrchestrator.js">
        <metrics statements="81" coveredstatements="81" conditionals="12" coveredconditionals="12" methods="3" coveredmethods="3"/>
        <line num="1" count="8" type="stmt"/>
        <line num="2" count="8" type="stmt"/>
        <line num="3" count="8" type="stmt"/>
        <line num="4" count="8" type="stmt"/>
        <line num="5" count="8" type="stmt"/>
        <line num="13" count="42" type="cond" truecount="2" falsecount="0"/>
        <line num="14" count="40" type="stmt"/>
        <line num="17" count="40" type="stmt"/>
        <line num="18" count="40" type="stmt"/>
        <line num="19" count="40" type="stmt"/>
        <line num="20" count="40" type="stmt"/>
        <line num="21" count="40" type="stmt"/>
        <line num="29" count="19" type="stmt"/>
        <line num="35" count="19" type="stmt"/>
        <line num="37" count="19" type="stmt"/>
        <line num="40" count="19" type="stmt"/>
        <line num="41" count="19" type="stmt"/>
        <line num="42" count="18" type="stmt"/>
        <line num="43" count="18" type="stmt"/>
        <line num="44" count="18" type="stmt"/>
        <line num="45" count="18" type="stmt"/>
        <line num="48" count="18" type="stmt"/>
        <line num="49" count="18" type="stmt"/>
        <line num="50" count="18" type="stmt"/>
        <line num="51" count="54" type="stmt"/>
        <line num="52" count="54" type="stmt"/>
        <line num="53" count="54" type="stmt"/>
        <line num="54" count="54" type="stmt"/>
        <line num="55" count="54" type="stmt"/>
        <line num="56" count="54" type="stmt"/>
        <line num="60" count="18" type="stmt"/>
        <line num="61" count="18" type="stmt"/>
        <line num="62" count="18" type="stmt"/>
        <line num="63" count="18" type="stmt"/>
        <line num="64" count="18" type="stmt"/>
        <line num="65" count="18" type="stmt"/>
        <line num="68" count="18" type="stmt"/>
        <line num="69" count="18" type="stmt"/>
        <line num="70" count="18" type="stmt"/>
        <line num="71" count="18" type="stmt"/>
        <line num="72" count="18" type="stmt"/>
        <line num="75" count="18" type="stmt"/>
        <line num="76" count="18" type="stmt"/>
        <line num="77" count="18" type="stmt"/>
        <line num="78" count="18" type="stmt"/>
        <line num="79" count="18" type="stmt"/>
        <line num="82" count="18" type="stmt"/>
        <line num="83" count="18" type="stmt"/>
        <line num="85" count="18" type="stmt"/>
        <line num="88" count="1" type="stmt"/>
        <line num="89" count="1" type="stmt"/>
        <line num="100" count="9" type="stmt"/>
        <line num="101" count="9" type="stmt"/>
        <line num="103" count="9" type="stmt"/>
        <line num="110" count="9" type="stmt"/>
        <line num="111" count="9" type="cond" truecount="2" falsecount="0"/>
        <line num="112" count="1" type="stmt"/>
        <line num="115" count="8" type="stmt"/>
        <line num="119" count="8" type="cond" truecount="2" falsecount="0"/>
        <line num="120" count="1" type="stmt"/>
        <line num="124" count="7" type="stmt"/>
        <line num="125" count="7" type="stmt"/>
        <line num="127" count="7" type="stmt"/>
        <line num="130" count="7" type="cond" truecount="4" falsecount="0"/>
        <line num="132" count="2" type="stmt"/>
        <line num="133" count="2" type="stmt"/>
        <line num="134" count="2" type="stmt"/>
        <line num="138" count="1" type="stmt"/>
        <line num="142" count="1" type="stmt"/>
        <line num="143" count="1" type="stmt"/>
        <line num="144" count="1" type="stmt"/>
        <line num="148" count="4" type="stmt"/>
        <line num="152" count="3" type="stmt"/>
        <line num="153" count="3" type="stmt"/>
        <line num="157" count="6" type="stmt"/>
        <line num="165" count="6" type="stmt"/>
        <line num="167" count="6" type="stmt"/>
        <line num="170" count="3" type="cond" truecount="2" falsecount="0"/>
        <line num="171" count="1" type="stmt"/>
        <line num="173" count="3" type="stmt"/>
        <line num="178" count="8" type="stmt"/>
      </file>
      <file name="DerivedFieldComputer.js" path="/mnt/c/Users/spide/Documents/GitHub/ALNTool/storyforge/backend/src/services/compute/DerivedFieldComputer.js">
        <metrics statements="19" coveredstatements="19" conditionals="8" coveredconditionals="8" methods="8" coveredmethods="8"/>
        <line num="7" count="351" type="cond" truecount="2" falsecount="0"/>
        <line num="8" count="348" type="stmt"/>
        <line num="18" count="1" type="stmt"/>
        <line num="27" count="10" type="cond" truecount="2" falsecount="0"/>
        <line num="28" count="5" type="stmt"/>
        <line num="30" count="10" type="stmt"/>
        <line num="43" count="401" type="cond" truecount="2" falsecount="0"/>
        <line num="44" count="1" type="stmt"/>
        <line num="47" count="400" type="stmt"/>
        <line num="48" count="402" type="stmt"/>
        <line num="50" count="400" type="stmt"/>
        <line num="52" count="400" type="stmt"/>
        <line num="53" count="400" type="stmt"/>
        <line num="56" count="397" type="stmt"/>
        <line num="58" count="3" type="stmt"/>
        <line num="69" count="644" type="stmt"/>
        <line num="70" count="465" type="cond" truecount="2" falsecount="0"/>
        <line num="71" count="7" type="stmt"/>
        <line num="76" count="25" type="stmt"/>
      </file>
      <file name="MemoryValueComputer.js" path="/mnt/c/Users/spide/Documents/GitHub/ALNTool/storyforge/backend/src/services/compute/MemoryValueComputer.js">
        <metrics statements="67" coveredstatements="67" conditionals="22" coveredconditionals="22" methods="12" coveredmethods="12"/>
        <line num="1" count="9" type="stmt"/>
        <line num="13" count="77" type="stmt"/>
        <line num="14" count="77" type="stmt"/>
        <line num="19" count="182" type="cond" truecount="2" falsecount="0"/>
        <line num="20" count="2" type="stmt"/>
        <line num="25" count="85" type="stmt"/>
        <line num="29" count="4" type="stmt"/>
        <line num="37" count="30" type="stmt"/>
        <line num="38" count="30" type="stmt"/>
        <line num="40" count="30" type="stmt"/>
        <line num="42" count="30" type="stmt"/>
        <line num="48" count="29" type="stmt"/>
        <line num="50" count="29" type="stmt"/>
        <line num="53" count="29" type="stmt"/>
        <line num="60" count="29" type="stmt"/>
        <line num="67" count="29" type="stmt"/>
        <line num="68" count="165" type="stmt"/>
        <line num="69" count="165" type="cond" truecount="2" falsecount="0"/>
        <line num="72" count="165" type="stmt"/>
        <line num="73" count="165" type="stmt"/>
        <line num="75" count="165" type="cond" truecount="2" falsecount="0"/>
        <line num="76" count="116" type="stmt"/>
        <line num="80" count="29" type="stmt"/>
        <line num="82" count="29" type="stmt"/>
        <line num="83" count="29" type="stmt"/>
        <line num="85" count="29" type="stmt"/>
        <line num="88" count="1" type="stmt"/>
        <line num="89" count="1" type="stmt"/>
        <line num="99" count="6" type="stmt"/>
        <line num="100" count="6" type="stmt"/>
        <line num="106" count="6" type="cond" truecount="2" falsecount="0"/>
        <line num="107" count="1" type="stmt"/>
        <line num="111" count="5" type="stmt"/>
        <line num="118" count="5" type="cond" truecount="2" falsecount="0"/>
        <line num="121" count="5" type="stmt"/>
        <line num="127" count="5" type="stmt"/>
        <line num="128" count="5" type="stmt"/>
        <line num="131" count="1" type="stmt"/>
        <line num="132" count="1" type="stmt"/>
        <line num="141" count="7" type="stmt"/>
        <line num="161" count="8" type="stmt"/>
        <line num="172" count="8" type="stmt"/>
        <line num="189" count="4" type="stmt"/>
        <line num="212" count="9" type="stmt"/>
        <line num="230" count="9" type="stmt"/>
        <line num="231" count="9" type="stmt"/>
        <line num="232" count="20" type="cond" truecount="2" falsecount="0"/>
        <line num="233" count="16" type="stmt"/>
        <line num="239" count="20" type="stmt"/>
        <line num="242" count="9" type="stmt"/>
        <line num="250" count="6" type="stmt"/>
        <line num="251" count="6" type="stmt"/>
        <line num="253" count="6" type="stmt"/>
        <line num="255" count="6" type="stmt"/>
        <line num="257" count="5" type="stmt"/>
        <line num="258" count="5" type="stmt"/>
        <line num="259" count="5" type="stmt"/>
        <line num="261" count="5" type="stmt"/>
        <line num="263" count="5" type="stmt"/>
        <line num="272" count="5" type="stmt"/>
        <line num="273" count="5" type="stmt"/>
        <line num="274" count="5" type="stmt"/>
        <line num="275" count="5" type="cond" truecount="2" falsecount="0"/>
        <line num="277" count="5" type="stmt"/>
        <line num="280" count="1" type="stmt"/>
        <line num="281" count="1" type="stmt"/>
        <line num="286" count="9" type="stmt"/>
      </file>
      <file name="MemoryValueExtractor.js" path="/mnt/c/Users/spide/Documents/GitHub/ALNTool/storyforge/backend/src/services/compute/MemoryValueExtractor.js">
        <metrics statements="87" coveredstatements="70" conditionals="65" coveredconditionals="48" methods="16" coveredmethods="12"/>
        <line num="1" count="9" type="stmt"/>
        <line num="16" count="41" type="stmt"/>
        <line num="17" count="41" type="stmt"/>
        <line num="22" count="57" type="cond" truecount="1" falsecount="1"/>
        <line num="23" count="0" type="stmt"/>
        <line num="28" count="80" type="stmt"/>
        <line num="32" count="0" type="stmt"/>
        <line num="41" count="18" type="cond" truecount="2" falsecount="0"/>
        <line num="43" count="17" type="stmt"/>
        <line num="44" count="17" type="cond" truecount="4" falsecount="0"/>
        <line num="45" count="7" type="stmt"/>
        <line num="47" count="10" type="stmt"/>
        <line num="56" count="20" type="cond" truecount="1" falsecount="1"/>
        <line num="58" count="20" type="stmt"/>
        <line num="59" count="20" type="cond" truecount="2" falsecount="0"/>
        <line num="60" count="13" type="stmt"/>
        <line num="61" count="13" type="cond" truecount="4" falsecount="0"/>
        <line num="63" count="7" type="stmt"/>
        <line num="72" count="20" type="cond" truecount="1" falsecount="1"/>
        <line num="74" count="20" type="stmt"/>
        <line num="75" count="20" type="cond" truecount="2" falsecount="0"/>
        <line num="84" count="16" type="cond" truecount="1" falsecount="1"/>
        <line num="87" count="16" type="stmt"/>
        <line num="88" count="16" type="cond" truecount="2" falsecount="0"/>
        <line num="89" count="8" type="stmt"/>
        <line num="91" count="8" type="stmt"/>
        <line num="92" count="8" type="stmt"/>
        <line num="93" count="8" type="stmt"/>
        <line num="98" count="8" type="stmt"/>
        <line num="107" count="17" type="stmt"/>
        <line num="114" count="17" type="cond" truecount="2" falsecount="0"/>
        <line num="123" count="15" type="cond" truecount="2" falsecount="0"/>
        <line num="125" count="12" type="stmt"/>
        <line num="130" count="12" type="cond" truecount="2" falsecount="0"/>
        <line num="141" count="17" type="cond" truecount="4" falsecount="0"/>
        <line num="143" count="10" type="stmt"/>
        <line num="144" count="10" type="stmt"/>
        <line num="148" count="10" type="stmt"/>
        <line num="157" count="13" type="cond" truecount="4" falsecount="0"/>
        <line num="158" count="2" type="stmt"/>
        <line num="168" count="11" type="stmt"/>
        <line num="169" count="11" type="stmt"/>
        <line num="170" count="11" type="stmt"/>
        <line num="171" count="11" type="stmt"/>
        <line num="173" count="11" type="stmt"/>
        <line num="175" count="11" type="stmt"/>
        <line num="177" count="11" type="stmt"/>
        <line num="192" count="20" type="stmt"/>
        <line num="193" count="20" type="stmt"/>
        <line num="195" count="20" type="stmt"/>
        <line num="197" count="20" type="stmt"/>
        <line num="206" count="20" type="stmt"/>
        <line num="208" count="20" type="stmt"/>
        <line num="209" count="20" type="stmt"/>
        <line num="212" count="20" type="stmt"/>
        <line num="224" count="20" type="stmt"/>
        <line num="225" count="8" type="stmt"/>
        <line num="227" count="8" type="cond" truecount="4" falsecount="0"/>
        <line num="228" count="3" type="stmt"/>
        <line num="229" count="3" type="stmt"/>
        <line num="234" count="8" type="cond" truecount="6" falsecount="0"/>
        <line num="242" count="8" type="cond" truecount="2" falsecount="0"/>
        <line num="243" count="3" type="stmt"/>
        <line num="252" count="3" type="stmt"/>
        <line num="253" count="3" type="stmt"/>
        <line num="257" count="20" type="stmt"/>
        <line num="259" count="20" type="stmt"/>
        <line num="260" count="20" type="stmt"/>
        <line num="261" count="20" type="stmt"/>
        <line num="262" count="20" type="stmt"/>
        <line num="264" count="20" type="stmt"/>
        <line num="267" count="0" type="stmt"/>
        <line num="268" count="0" type="stmt"/>
        <line num="278" count="0" type="stmt"/>
        <line num="279" count="0" type="stmt"/>
        <line num="285" count="0" type="cond" truecount="0" falsecount="2"/>
        <line num="286" count="0" type="stmt"/>
        <line num="289" count="0" type="stmt"/>
        <line num="292" count="0" type="stmt"/>
        <line num="313" count="0" type="stmt"/>
        <line num="314" count="0" type="stmt"/>
        <line num="317" count="0" type="stmt"/>
        <line num="318" count="0" type="stmt"/>
        <line num="327" count="0" type="stmt"/>
        <line num="340" count="0" type="stmt"/>
        <line num="351" count="0" type="stmt"/>
        <line num="364" count="9" type="stmt"/>
      </file>
      <file name="NarrativeThreadComputer.js" path="/mnt/c/Users/spide/Documents/GitHub/ALNTool/storyforge/backend/src/services/compute/NarrativeThreadComputer.js">
        <metrics statements="46" coveredstatements="42" conditionals="20" coveredconditionals="15" methods="6" coveredmethods="6"/>
        <line num="1" count="19" type="stmt"/>
        <line num="13" count="63" type="stmt"/>
        <line num="14" count="63" type="stmt"/>
        <line num="25" count="53" type="cond" truecount="2" falsecount="0"/>
        <line num="26" count="1" type="stmt"/>
        <line num="28" count="52" type="stmt"/>
        <line num="29" count="52" type="stmt"/>
        <line num="32" count="52" type="cond" truecount="2" falsecount="0"/>
        <line num="33" count="6" type="stmt"/>
        <line num="37" count="52" type="cond" truecount="2" falsecount="0"/>
        <line num="38" count="9" type="stmt"/>
        <line num="39" count="9" type="stmt"/>
        <line num="40" count="8" type="cond" truecount="1" falsecount="1"/>
        <line num="41" count="8" type="stmt"/>
        <line num="42" count="6" type="stmt"/>
        <line num="43" count="6" type="cond" truecount="1" falsecount="1"/>
        <line num="44" count="6" type="cond" truecount="1" falsecount="1"/>
        <line num="45" count="6" type="cond" truecount="1" falsecount="1"/>
        <line num="51" count="1" type="stmt"/>
        <line num="56" count="52" type="cond" truecount="1" falsecount="1"/>
        <line num="57" count="52" type="stmt"/>
        <line num="61" count="52" type="cond" truecount="2" falsecount="0"/>
        <line num="62" count="46" type="stmt"/>
        <line num="65" count="52" type="stmt"/>
        <line num="70" count="0" type="stmt"/>
        <line num="71" count="0" type="stmt"/>
        <line num="83" count="73" type="stmt"/>
        <line num="96" count="73" type="stmt"/>
        <line num="97" count="73" type="stmt"/>
        <line num="98" count="730" type="cond" truecount="2" falsecount="0"/>
        <line num="99" count="108" type="stmt"/>
        <line num="109" count="20" type="stmt"/>
        <line num="110" count="20" type="stmt"/>
        <line num="111" count="19" type="stmt"/>
        <line num="112" count="19" type="stmt"/>
        <line num="114" count="19" type="stmt"/>
        <line num="115" count="46" type="stmt"/>
        <line num="116" count="46" type="stmt"/>
        <line num="117" count="46" type="stmt"/>
        <line num="122" count="46" type="stmt"/>
        <line num="124" count="0" type="stmt"/>
        <line num="125" count="0" type="stmt"/>
        <line num="129" count="19" type="stmt"/>
        <line num="131" count="1" type="stmt"/>
        <line num="132" count="1" type="stmt"/>
        <line num="137" count="19" type="stmt"/>
      </file>
      <file name="ResolutionPathComputer.js" path="/mnt/c/Users/spide/Documents/GitHub/ALNTool/storyforge/backend/src/services/compute/ResolutionPathComputer.js">
        <metrics statements="56" coveredstatements="56" conditionals="53" coveredconditionals="53" methods="8" coveredmethods="8"/>
        <line num="1" count="19" type="stmt"/>
        <line num="12" count="60" type="stmt"/>
        <line num="13" count="60" type="stmt"/>
        <line num="24" count="285" type="stmt"/>
        <line num="25" count="285" type="stmt"/>
        <line num="26" count="284" type="stmt"/>
        <line num="28" count="284" type="cond" truecount="4" falsecount="0"/>
        <line num="30" count="65" type="stmt"/>
        <line num="31" count="64" type="stmt"/>
        <line num="33" count="56" type="stmt"/>
        <line num="34" count="55" type="stmt"/>
        <line num="36" count="162" type="stmt"/>
        <line num="37" count="162" type="stmt"/>
        <line num="39" count="1" type="stmt"/>
        <line num="42" count="281" type="stmt"/>
        <line num="46" count="4" type="stmt"/>
        <line num="56" count="65" type="stmt"/>
        <line num="61" count="64" type="stmt"/>
        <line num="62" count="34" type="cond" truecount="2" falsecount="0"/>
        <line num="65" count="64" type="cond" truecount="2" falsecount="0"/>
        <line num="68" count="64" type="stmt"/>
        <line num="69" count="33" type="cond" truecount="3" falsecount="0"/>
        <line num="73" count="64" type="cond" truecount="2" falsecount="0"/>
        <line num="76" count="64" type="cond" truecount="2" falsecount="0"/>
        <line num="84" count="56" type="cond" truecount="2" falsecount="0"/>
        <line num="86" count="55" type="cond" truecount="4" falsecount="0"/>
        <line num="87" count="5" type="stmt"/>
        <line num="89" count="55" type="cond" truecount="4" falsecount="0"/>
        <line num="90" count="4" type="stmt"/>
        <line num="92" count="55" type="cond" truecount="4" falsecount="0"/>
        <line num="93" count="3" type="stmt"/>
        <line num="102" count="162" type="cond" truecount="2" falsecount="0"/>
        <line num="103" count="162" type="cond" truecount="2" falsecount="0"/>
        <line num="106" count="162" type="cond" truecount="5" falsecount="0"/>
        <line num="109" count="80" type="stmt"/>
[...]
        <line num="134" count="1" type="stmt"/>
        <line num="135" count="1" type="stmt"/>
        <line num="139" count="15" type="stmt"/>
      </file>
      <file name="ElementSyncer.js" path="/mnt/c/Users/spide/Documents/GitHub/ALNTool/storyforge/backend/src/services/sync/entitySyncers/ElementSyncer.js">
        <metrics statements="22" coveredstatements="21" conditionals="56" coveredconditionals="52" methods="6" coveredmethods="6"/>
        <line num="1" count="15" type="stmt"/>
        <line num="22" count="20" type="stmt"/>
        <line num="30" count="7" type="stmt"/>
        <line num="39" count="5" type="stmt"/>
        <line num="40" count="4" type="stmt"/>
        <line num="41" count="4" type="stmt"/>
        <line num="44" count="4" type="stmt"/>
        <line num="53" count="10" type="stmt"/>
        <line num="54" count="10" type="stmt"/>
        <line num="59" count="10" type="cond" truecount="2" falsecount="0"/>
        <line num="60" count="2" type="stmt"/>
        <line num="64" count="8" type="cond" truecount="4" falsecount="0"/>
        <line num="68" count="8" type="cond" truecount="4" falsecount="0"/>
        <line num="72" count="8" type="cond" truecount="4" falsecount="0"/>
        <line num="77" count="8" type="cond" truecount="2" falsecount="0"/>
        <line num="79" count="8" type="stmt"/>
        <line num="101" count="0" type="stmt"/>
        <line num="111" count="6" type="stmt"/>
        <line num="120" count="6" type="stmt"/>
        <line num="145" count="1" type="stmt"/>
        <line num="146" count="1" type="stmt"/>
        <line num="150" count="15" type="stmt"/>
      </file>
      <file name="PuzzleSyncer.js" path="/mnt/c/Users/spide/Documents/GitHub/ALNTool/storyforge/backend/src/services/sync/entitySyncers/PuzzleSyncer.js">
        <metrics statements="44" coveredstatements="37" conditionals="37" coveredconditionals="33" methods="9" coveredmethods="9"/>
        <line num="1" count="15" type="stmt"/>
        <line num="21" count="21" type="stmt"/>
        <line num="29" count="8" type="stmt"/>
        <line num="38" count="6" type="stmt"/>
        <line num="41" count="6" type="stmt"/>
        <line num="50" count="10" type="stmt"/>
        <line num="51" count="10" type="stmt"/>
        <line num="52" count="10" type="cond" truecount="2" falsecount="0"/>
        <line num="55" count="10" type="stmt"/>
        <line num="57" count="10" type="stmt"/>
        <line num="62" count="10" type="stmt"/>
        <line num="63" count="10" type="stmt"/>
        <line num="65" count="10" type="cond" truecount="2" falsecount="0"/>
        <line num="66" count="2" type="stmt"/>
        <line num="70" count="8" type="cond" truecount="3" falsecount="0"/>
        <line num="74" count="8" type="cond" truecount="4" falsecount="0"/>
        <line num="78" count="8" type="cond" truecount="4" falsecount="0"/>
        <line num="83" count="8" type="cond" truecount="2" falsecount="0"/>
        <line num="84" count="1" type="stmt"/>
        <line num="85" count="1" type="cond" truecount="1" falsecount="1"/>
        <line num="86" count="0" type="stmt"/>
        <line num="87" count="0" type="stmt"/>
        <line num="91" count="8" type="cond" truecount="2" falsecount="0"/>
        <line num="92" count="1" type="stmt"/>
        <line num="93" count="1" type="cond" truecount="1" falsecount="1"/>
        <line num="94" count="0" type="stmt"/>
        <line num="95" count="0" type="stmt"/>
        <line num="100" count="8" type="cond" truecount="2" falsecount="0"/>
        <line num="101" count="2" type="stmt"/>
        <line num="104" count="8" type="cond" truecount="2" falsecount="0"/>
        <line num="105" count="3" type="stmt"/>
        <line num="108" count="8" type="cond" truecount="2" falsecount="0"/>
        <line num="112" count="8" type="stmt"/>
        <line num="124" count="0" type="cond" truecount="0" falsecount="2"/>
        <line num="126" count="0" type="stmt"/>
        <line num="127" count="0" type="stmt"/>
        <line num="137" count="6" type="stmt"/>
        <line num="145" count="6" type="stmt"/>
        <line num="165" count="3" type="stmt"/>
        <line num="168" count="3" type="cond" truecount="2" falsecount="0"/>
        <line num="169" count="2" type="stmt"/>
        <line num="181" count="1" type="stmt"/>
        <line num="182" count="1" type="stmt"/>
        <line num="186" count="15" type="stmt"/>
      </file>
      <file name="TimelineEventSyncer.js" path="/mnt/c/Users/spide/Documents/GitHub/ALNTool/storyforge/backend/src/services/sync/entitySyncers/TimelineEventSyncer.js">
        <metrics statements="43" coveredstatements="36" conditionals="36" coveredconditionals="27" methods="9" coveredmethods="9"/>
        <line num="1" count="15" type="stmt"/>
        <line num="21" count="21" type="stmt"/>
        <line num="29" count="8" type="stmt"/>
        <line num="38" count="6" type="stmt"/>
        <line num="41" count="5" type="stmt"/>
        <line num="44" count="5" type="stmt"/>
        <line num="53" count="10" type="stmt"/>
        <line num="54" count="10" type="stmt"/>
        <line num="59" count="10" type="cond" truecount="2" falsecount="0"/>
        <line num="60" count="1" type="stmt"/>
        <line num="64" count="9" type="cond" truecount="2" falsecount="0"/>
        <line num="65" count="5" type="stmt"/>
        <line num="68" count="9" type="cond" truecount="2" falsecount="0"/>
        <line num="69" count="2" type="stmt"/>
        <line num="72" count="9" type="stmt"/>
        <line num="86" count="0" type="stmt"/>
        <line num="97" count="7" type="stmt"/>
        <line num="99" count="7" type="stmt"/>
        <line num="106" count="7" type="stmt"/>
        <line num="116" count="7" type="cond" truecount="2" falsecount="0"/>
        <line num="117" count="5" type="stmt"/>
        <line num="119" count="7" type="stmt"/>
        <line num="130" count="5" type="cond" truecount="3" falsecount="1"/>
        <line num="131" count="0" type="stmt"/>
        <line num="134" count="5" type="stmt"/>
        <line num="137" count="5" type="stmt"/>
        <line num="142" count="5" type="stmt"/>
        <line num="143" count="7" type="stmt"/>
        <line num="146" count="7" type="cond" truecount="3" falsecount="1"/>
        <line num="147" count="7" type="stmt"/>
        <line num="148" count="5" type="cond" truecount="1" falsecount="1"/>
        <line num="151" count="5" type="cond" truecount="2" falsecount="2"/>
        <line num="152" count="0" type="stmt"/>
        <line num="153" count="0" type="cond" truecount="0" falsecount="2"/>
        <line num="154" count="0" type="stmt"/>
        <line num="156" count="0" type="stmt"/>
        <line num="157" count="0" type="stmt"/>
        <line num="161" count="5" type="cond" truecount="1" falsecount="1"/>
        <line num="162" count="5" type="stmt"/>
        <line num="172" count="4" type="stmt"/>
        <line num="180" count="1" type="stmt"/>
        <line num="181" count="1" type="stmt"/>
        <line num="185" count="15" type="stmt"/>
      </file>
    </package>
    <package name="src.utils">
      <metrics statements="216" coveredstatements="151" conditionals="223" coveredconditionals="116" methods="54" coveredmethods="38"/>
      <file name="notionPropertyMapper.js" path="/mnt/c/Users/spide/Documents/GitHub/ALNTool/storyforge/backend/src/utils/notionPropertyMapper.js">
        <metrics statements="197" coveredstatements="151" conditionals="202" coveredconditionals="116" methods="53" coveredmethods="38"/>
        <line num="7" count="34" type="cond" truecount="5" falsecount="0"/>
        <line num="8" count="1" type="stmt"/>
        <line num="10" count="33" type="stmt"/>
        <line num="19" count="9" type="cond" truecount="5" falsecount="0"/>
        <line num="20" count="1" type="stmt"/>
        <line num="22" count="8" type="stmt"/>
        <line num="31" count="16" type="cond" truecount="4" falsecount="0"/>
        <line num="32" count="2" type="stmt"/>
        <line num="34" count="14" type="stmt"/>
        <line num="43" count="8" type="cond" truecount="5" falsecount="0"/>
        <line num="44" count="2" type="stmt"/>
        <line num="46" count="6" type="stmt"/>
        <line num="55" count="31" type="cond" truecount="5" falsecount="0"/>
        <line num="56" count="1" type="stmt"/>
        <line num="58" count="34" type="stmt"/>
        <line num="67" count="5" type="cond" truecount="4" falsecount="0"/>
        <line num="68" count="4" type="stmt"/>
        <line num="70" count="1" type="stmt"/>
        <line num="79" count="6" type="cond" truecount="4" falsecount="0"/>
        <line num="80" count="2" type="stmt"/>
        <line num="82" count="4" type="stmt"/>
        <line num="91" count="7" type="cond" truecount="5" falsecount="0"/>
        <line num="92" count="5" type="stmt"/>
        <line num="94" count="2" type="stmt"/>
        <line num="103" count="1" type="stmt"/>
        <line num="105" count="1" type="stmt"/>
        <line num="129" count="1" type="stmt"/>
        <line num="131" count="1" type="stmt"/>
        <line num="149" count="1" type="stmt"/>
        <line num="151" count="1" type="stmt"/>
        <line num="178" count="118" type="stmt"/>
        <line num="187" count="118" type="stmt"/>
        <line num="188" count="444" type="cond" truecount="2" falsecount="0"/>
        <line num="189" count="44" type="stmt"/>
        <line num="194" count="74" type="stmt"/>
        <line num="197" count="74" type="stmt"/>
        <line num="207" count="64" type="stmt"/>
        <line num="208" count="64" type="cond" truecount="2" falsecount="0"/>
        <line num="218" count="24" type="stmt"/>
        <line num="219" count="24" type="cond" truecount="2" falsecount="0"/>
        <line num="229" count="15" type="stmt"/>
        <line num="230" count="15" type="cond" truecount="2" falsecount="0"/>
        <line num="240" count="5" type="stmt"/>
        <line num="241" count="5" type="cond" truecount="2" falsecount="0"/>
        <line num="251" count="5" type="stmt"/>
        <line num="252" count="5" type="cond" truecount="1" falsecount="1"/>
        <line num="262" count="3" type="stmt"/>
        <line num="263" count="3" type="stmt"/>
        <line num="266" count="3" type="stmt"/>
        <line num="267" count="3" type="stmt"/>
        <line num="268" count="3" type="stmt"/>
        <line num="269" count="3" type="stmt"/>
        <line num="277" count="3" type="stmt"/>
        <line num="284" count="4" type="cond" truecount="1" falsecount="4"/>
        <line num="286" count="2" type="stmt"/>
        <line num="295" count="2" type="stmt"/>
        <line num="296" count="0" type="stmt"/>
        <line num="297" count="2" type="stmt"/>
        <line num="298" count="0" type="stmt"/>
        <line num="307" count="2" type="stmt"/>
        <line num="309" count="1" type="cond" truecount="1" falsecount="1"/>
        <line num="312" count="1" type="stmt"/>
        <line num="327" count="3" type="stmt"/>
        <line num="328" count="3" type="stmt"/>
        <line num="331" count="3" type="stmt"/>
        <line num="332" count="3" type="stmt"/>
        <line num="334" count="3" type="stmt"/>
        <line num="339" count="6" type="cond" truecount="1" falsecount="3"/>
        <line num="342" count="4" type="stmt"/>
        <line num="345" count="2" type="cond" truecount="1" falsecount="1"/>
        <line num="346" count="0" type="cond" truecount="0" falsecount="2"/>
        <line num="348" count="0" type="cond" truecount="0" falsecount="2"/>
        <line num="351" count="0" type="stmt"/>
        <line num="352" count="0" type="stmt"/>
        <line num="355" count="0" type="stmt"/>
        <line num="359" count="2" type="stmt"/>
        <line num="364" count="2" type="stmt"/>
        <line num="378" count="2" type="stmt"/>
        <line num="380" count="1" type="cond" truecount="1" falsecount="1"/>
        <line num="383" count="1" type="stmt"/>
        <line num="398" count="4" type="stmt"/>
        <line num="399" count="4" type="stmt"/>
        <line num="402" count="4" type="stmt"/>
        <line num="403" count="4" type="stmt"/>
        <line num="404" count="4" type="stmt"/>
        <line num="405" count="4" type="stmt"/>
        <line num="406" count="4" type="stmt"/>
        <line num="407" count="4" type="stmt"/>
        <line num="414" count="4" type="stmt"/>
        <line num="415" count="4" type="stmt"/>
        <line num="417" count="4" type="cond" truecount="2" falsecount="0"/>
        <line num="418" count="3" type="stmt"/>
        <line num="419" count="3" type="stmt"/>
        <line num="421" count="4" type="cond" truecount="1" falsecount="1"/>
        <line num="422" count="0" type="stmt"/>
        <line num="423" count="0" type="stmt"/>
        <line num="425" count="4" type="cond" truecount="1" falsecount="1"/>
        <line num="426" count="0" type="stmt"/>
        <line num="427" count="0" type="stmt"/>
        <line num="429" count="4" type="cond" truecount="2" falsecount="0"/>
        <line num="430" count="3" type="stmt"/>
        <line num="431" count="3" type="stmt"/>
        <line num="433" count="4" type="cond" truecount="1" falsecount="1"/>
        <line num="434" count="0" type="stmt"/>
        <line num="435" count="0" type="stmt"/>
        <line num="437" count="4" type="cond" truecount="1" falsecount="1"/>
        <line num="438" count="0" type="stmt"/>
        <line num="439" count="0" type="stmt"/>
        <line num="443" count="4" type="cond" truecount="2" falsecount="0"/>
        <line num="446" count="3" type="stmt"/>
        <line num="451" count="3" type="cond" truecount="2" falsecount="0"/>
        <line num="452" count="3" type="cond" truecount="1" falsecount="1"/>
        <line num="453" count="3" type="cond" truecount="1" falsecount="1"/>
        <line num="454" count="3" type="cond" truecount="2" falsecount="0"/>
        <line num="455" count="3" type="cond" truecount="1" falsecount="1"/>
        <line num="456" count="3" type="cond" truecount="1" falsecount="1"/>
        <line num="459" count="4" type="cond" truecount="1" falsecount="4"/>
        <line num="461" count="3" type="stmt"/>
        <line num="464" count="2" type="stmt"/>
        <line num="465" count="0" type="stmt"/>
        <line num="466" count="0" type="stmt"/>
        <line num="467" count="2" type="stmt"/>
        <line num="470" count="0" type="stmt"/>
        <line num="471" count="0" type="stmt"/>
        <line num="487" count="3" type="stmt"/>
        <line num="489" count="1" type="cond" truecount="1" falsecount="1"/>
        <line num="490" count="1" type="cond" truecount="1" falsecount="1"/>
        <line num="491" count="1" type="cond" truecount="1" falsecount="1"/>
        <line num="492" count="1" type="stmt"/>
        <line num="495" count="1" type="cond" truecount="1" falsecount="1"/>
        <line num="496" count="1" type="stmt"/>
        <line num="497" count="1" type="stmt"/>
        <line num="505" count="1" type="stmt"/>
        <line num="509" count="1" type="stmt"/>
        <line num="523" count="0" type="cond" truecount="0" falsecount="4"/>
        <line num="524" count="0" type="stmt"/>
        <line num="526" count="0" type="stmt"/>
        <line num="539" count="2" type="stmt"/>
        <line num="540" count="2" type="stmt"/>
        <line num="543" count="2" type="stmt"/>
        <line num="544" count="2" type="stmt"/>
        <line num="545" count="2" type="stmt"/>
        <line num="546" count="2" type="stmt"/>
        <line num="547" count="2" type="stmt"/>
        <line num="548" count="2" type="stmt"/>
        <line num="549" count="2" type="stmt"/>
        <line num="550" count="2" type="stmt"/>
        <line num="552" count="2" type="stmt"/>
        <line num="563" count="2" type="cond" truecount="1" falsecount="4"/>
        <line num="565" count="2" type="stmt"/>
        <line num="568" count="2" type="stmt"/>
        <line num="571" count="0" type="stmt"/>
        <line num="572" count="0" type="stmt"/>
        <line num="573" count="0" type="stmt"/>
        <line num="574" count="0" type="stmt"/>
        <line num="575" count="0" type="stmt"/>
        <line num="576" count="0" type="stmt"/>
        <line num="577" count="0" type="stmt"/>
        <line num="597" count="2" type="stmt"/>
        <line num="598" count="2" type="stmt"/>
        <line num="600" count="2" type="cond" truecount="3" falsecount="1"/>
        <line num="601" count="2" type="stmt"/>
        <line num="602" count="2" type="stmt"/>
        <line num="604" count="2" type="cond" truecount="1" falsecount="1"/>
        <line num="606" count="2" type="cond" truecount="1" falsecount="1"/>
        <line num="607" count="2" type="stmt"/>
        <line num="611" count="2" type="stmt"/>
        <line num="612" count="2" type="stmt"/>
        <line num="613" count="2" type="cond" truecount="2" falsecount="2"/>
        <line num="614" count="0" type="stmt"/>
        <line num="615" count="0" type="stmt"/>
        <line num="618" count="2" type="stmt"/>
        <line num="619" count="2" type="stmt"/>
        <line num="620" count="2" type="cond" truecount="2" falsecount="2"/>
        <line num="621" count="0" type="stmt"/>
        <line num="622" count="0" type="stmt"/>
        <line num="625" count="2" type="stmt"/>
        <line num="626" count="2" type="stmt"/>
        <line num="627" count="2" type="cond" truecount="2" falsecount="2"/>
        <line num="628" count="0" type="stmt"/>
        <line num="629" count="0" type="stmt"/>
        <line num="633" count="2" type="stmt"/>
        <line num="634" count="2" type="stmt"/>
        <line num="635" count="2" type="cond" truecount="2" falsecount="2"/>
        <line num="636" count="0" type="stmt"/>
        <line num="637" count="0" type="stmt"/>
        <line num="640" count="0" type="stmt"/>
        <line num="641" count="0" type="stmt"/>
        <line num="642" count="0" type="cond" truecount="0" falsecount="4"/>
        <line num="643" count="0" type="stmt"/>
        <line num="644" count="0" type="stmt"/>
        <line num="646" count="0" type="stmt"/>
        <line num="647" count="0" type="stmt"/>
        <line num="653" count="2" type="stmt"/>
        <line num="655" count="0" type="cond" truecount="0" falsecount="2"/>
        <line num="658" count="0" type="stmt"/>
        <line num="666" count="47" type="stmt"/>
      </file>
      <file name="timingParser.js" path="/mnt/c/Users/spide/Documents/GitHub/ALNTool/storyforge/backend/src/utils/timingParser.js">
        <metrics statements="19" coveredstatements="0" conditionals="21" coveredconditionals="0" methods="1" coveredmethods="0"/>
        <line num="8" count="0" type="cond" truecount="0" falsecount="4"/>
        <line num="9" count="0" type="stmt"/>
        <line num="12" count="0" type="stmt"/>
        <line num="15" count="0" type="cond" truecount="0" falsecount="2"/>
        <line num="16" count="0" type="cond" truecount="0" falsecount="2"/>
        <line num="19" count="0" type="cond" truecount="0" falsecount="2"/>
        <line num="20" count="0" type="cond" truecount="0" falsecount="2"/>
        <line num="21" count="0" type="cond" truecount="0" falsecount="2"/>
        <line num="24" count="0" type="stmt"/>
        <line num="25" count="0" type="cond" truecount="0" falsecount="2"/>
        <line num="26" count="0" type="stmt"/>
        <line num="30" count="0" type="stmt"/>
        <line num="31" count="0" type="cond" truecount="0" falsecount="2"/>
        <line num="32" count="0" type="stmt"/>
        <line num="33" count="0" type="stmt"/>
        <line num="39" count="0" type="cond" truecount="0" falsecount="2"/>
        <line num="41" count="0" type="stmt"/>
        <line num="45" count="0" type="stmt"/>
        <line num="48" count="0" type="stmt"/>
      </file>
    </package>
  </project>
</coverage>
