TN:
SF:src/index.js
FN:36,(anonymous_0)
FN:53,(anonymous_1)
FN:58,(anonymous_2)
FN:64,startServer
FN:73,(anonymous_4)
FNF:5
FNH:0
FNDA:0,(anonymous_0)
FNDA:0,(anonymous_1)
FNDA:0,(anonymous_2)
FNDA:0,startServer
FNDA:0,(anonymous_4)
DA:1,0
DA:2,0
DA:3,0
DA:4,0
DA:5,0
DA:6,0
DA:7,0
DA:10,0
DA:11,0
DA:12,0
DA:15,0
DA:18,0
DA:19,0
DA:22,0
DA:23,0
DA:24,0
DA:25,0
DA:29,0
DA:30,0
DA:38,0
DA:41,0
DA:42,0
DA:44,0
DA:48,0
DA:49,0
DA:50,0
DA:53,0
DA:54,0
DA:58,0
DA:59,0
DA:60,0
DA:66,0
DA:67,0
DA:68,0
DA:69,0
DA:72,0
DA:73,0
DA:74,0
DA:75,0
DA:76,0
DA:80,0
DA:81,0
DA:86,0
DA:90,0
DA:92,0
LF:45
LH:0
BRDA:19,0,0,0
BRDA:19,0,1,0
BRDA:29,1,0,0
BRDA:29,1,1,0
BRDA:66,2,0,0
BRDA:66,2,1,0
BRDA:72,3,0,0
BRDA:72,3,1,0
BRF:8
BRH:0
end_of_record
TN:
SF:src/controllers/journeyController.js
FN:10,getCharacterJourney
FN:30,getCharacterGaps
FN:39,getAllGaps
FN:47,getSyncStatus
FN:61,getGapSuggestions
FN:73,resolveGap
FNF:6
FNH:6
FNDA:19,getCharacterJourney
FNDA:4,getCharacterGaps
FNDA:3,getAllGaps
FNDA:2,getSyncStatus
FNDA:4,getGapSuggestions
FNDA:5,resolveGap
DA:1,3
DA:2,3
DA:5,3
DA:11,19
DA:12,19
DA:13,19
DA:15,19
DA:16,3
DA:19,16
DA:21,0
DA:22,0
DA:32,4
DA:41,3
DA:48,2
DA:49,2
DA:50,2
DA:52,0
DA:53,0
DA:62,4
DA:74,5
DA:81,3
LF:21
LH:17
BRDA:15,0,0,3
BRDA:15,0,1,16
BRF:2
BRH:2
end_of_record
TN:
SF:src/controllers/notionController.js
FN:13,createSnippet
FN:24,(anonymous_1)
FN:25,(anonymous_2)
FN:30,buildNotionFilter
FN:51,(anonymous_4)
FN:59,(anonymous_5)
FN:86,(anonymous_6)
FN:100,(anonymous_7)
FN:123,(anonymous_8)
FN:136,(anonymous_9)
FN:148,(anonymous_10)
FN:154,(anonymous_11)
FN:161,(anonymous_12)
FN:184,(anonymous_13)
FN:189,(anonymous_14)
FN:195,(anonymous_15)
FN:227,(anonymous_16)
FN:246,(anonymous_17)
FN:282,(anonymous_18)
FN:288,(anonymous_19)
FN:311,(anonymous_20)
FN:328,(anonymous_21)
FN:356,(anonymous_22)
FN:364,(anonymous_23)
FN:376,(anonymous_24)
FN:382,setCacheHeaders
FN:386,(anonymous_26)
FN:391,(anonymous_27)
FN:396,(anonymous_28)
FN:421,(anonymous_29)
FN:433,(anonymous_30)
FN:471,(anonymous_31)
FN:483,(anonymous_32)
FN:534,(anonymous_33)
FN:557,(anonymous_34)
FN:558,(anonymous_35)
FN:559,(anonymous_36)
FN:560,(anonymous_37)
FN:562,(anonymous_38)
FN:589,(anonymous_39)
FN:600,(anonymous_40)
FN:612,(anonymous_41)
FN:617,(anonymous_42)
FN:646,(anonymous_43)
FN:683,(anonymous_44)
FN:684,(anonymous_45)
FN:685,(anonymous_46)
FN:686,(anonymous_47)
FN:695,(anonymous_48)
FN:697,(anonymous_49)
FN:709,(anonymous_50)
FN:731,(anonymous_51)
FN:753,(anonymous_52)
FN:777,(anonymous_53)
FN:785,(anonymous_54)
FN:793,(anonymous_55)
FN:801,(anonymous_56)
FN:809,(anonymous_57)
FN:817,(anonymous_58)
FN:850,(anonymous_59)
FN:862,(anonymous_60)
FNF:61
FNH:10
FNDA:0,createSnippet
FNDA:736,(anonymous_1)
FNDA:9,(anonymous_2)
FNDA:3,buildNotionFilter
FNDA:1,(anonymous_4)
FNDA:5,(anonymous_5)
FNDA:34,(anonymous_6)
FNDA:0,(anonymous_7)
FNDA:0,(anonymous_8)
FNDA:1,(anonymous_9)
FNDA:0,(anonymous_10)
FNDA:0,(anonymous_11)
FNDA:0,(anonymous_12)
FNDA:1,(anonymous_13)
FNDA:0,(anonymous_14)
FNDA:0,(anonymous_15)
FNDA:1,(anonymous_16)
FNDA:0,(anonymous_17)
FNDA:0,(anonymous_18)
FNDA:0,(anonymous_19)
FNDA:0,(anonymous_20)
FNDA:0,(anonymous_21)
FNDA:0,(anonymous_22)
FNDA:0,(anonymous_23)
FNDA:0,(anonymous_24)
FNDA:6,setCacheHeaders
FNDA:0,(anonymous_26)
FNDA:0,(anonymous_27)
FNDA:0,(anonymous_28)
FNDA:0,(anonymous_29)
FNDA:0,(anonymous_30)
FNDA:0,(anonymous_31)
FNDA:0,(anonymous_32)
FNDA:0,(anonymous_33)
FNDA:0,(anonymous_34)
FNDA:0,(anonymous_35)
FNDA:0,(anonymous_36)
FNDA:0,(anonymous_37)
FNDA:0,(anonymous_38)
FNDA:0,(anonymous_39)
FNDA:0,(anonymous_40)
FNDA:0,(anonymous_41)
FNDA:0,(anonymous_42)
FNDA:0,(anonymous_43)
FNDA:0,(anonymous_44)
FNDA:0,(anonymous_45)
FNDA:0,(anonymous_46)
FNDA:0,(anonymous_47)
FNDA:0,(anonymous_48)
FNDA:0,(anonymous_49)
FNDA:0,(anonymous_50)
FNDA:0,(anonymous_51)
FNDA:0,(anonymous_52)
FNDA:0,(anonymous_53)
FNDA:0,(anonymous_54)
FNDA:0,(anonymous_55)
FNDA:0,(anonymous_56)
FNDA:0,(anonymous_57)
FNDA:0,(anonymous_58)
FNDA:0,(anonymous_59)
FNDA:0,(anonymous_60)
DA:1,32
DA:2,32
DA:3,32
DA:4,32
DA:5,32
DA:14,0
DA:15,0
DA:16,0
DA:17,0
DA:18,0
DA:19,0
DA:21,0
DA:24,32
DA:25,736
DA:26,9
DA:31,3
DA:32,3
DA:33,0
DA:34,0
DA:35,0
DA:40,0
DA:47,3
DA:48,0
DA:51,32
DA:54,1
DA:55,1
DA:56,0
DA:59,32
DA:60,5
DA:63,5
DA:86,34
DA:96,5
DA:97,5
DA:100,32
DA:101,0
DA:102,0
DA:103,0
DA:104,0
DA:105,0
DA:106,0
DA:107,0
DA:109,0
DA:110,0
DA:111,0
DA:112,0
DA:114,0
DA:115,0
DA:116,0
DA:117,0
DA:119,0
DA:120,0
DA:123,32
DA:124,0
DA:125,0
DA:130,0
DA:133,0
DA:136,32
DA:137,1
DA:143,1
DA:146,1
DA:147,0
DA:148,0
DA:150,0
DA:151,0
DA:154,32
DA:156,0
DA:157,0
DA:158,0
DA:161,32
DA:162,0
DA:163,0
DA:164,0
DA:165,0
DA:166,0
DA:167,0
DA:168,0
DA:170,0
DA:171,0
DA:172,0
DA:173,0
DA:175,0
DA:176,0
DA:177,0
DA:178,0
DA:180,0
DA:181,0
DA:184,32
DA:185,1
DA:186,1
DA:187,1
DA:188,0
DA:189,0
DA:191,0
DA:192,0
DA:195,32
DA:196,0
DA:197,0
DA:198,0
DA:199,0
DA:200,0
DA:201,0
DA:202,0
DA:204,0
DA:205,0
DA:206,0
DA:207,0
DA:209,0
DA:210,0
DA:211,0
DA:212,0
DA:214,0
DA:215,0
DA:219,32
DA:227,32
DA:228,1
DA:231,1
DA:232,0
DA:233,0
DA:246,0
DA:265,0
DA:266,0
DA:271,1
DA:277,1
DA:278,1
DA:280,1
DA:281,0
DA:282,0
DA:284,0
DA:285,0
DA:288,32
DA:289,0
DA:290,0
DA:291,0
DA:292,0
DA:293,0
DA:294,0
DA:295,0
DA:297,0
DA:298,0
DA:299,0
DA:300,0
DA:302,0
DA:303,0
DA:304,0
DA:305,0
DA:307,0
DA:308,0
DA:311,32
DA:312,0
DA:328,32
DA:329,0
DA:330,0
DA:332,0
DA:355,0
DA:356,0
DA:357,0
DA:361,0
DA:362,0
DA:363,0
DA:364,0
DA:367,0
DA:368,0
DA:372,0
DA:373,0
DA:376,32
DA:377,0
DA:378,0
DA:379,0
DA:383,6
DA:386,32
DA:388,0
DA:391,32
DA:393,0
DA:396,32
DA:398,0
DA:401,32
DA:421,32
DA:422,0
DA:423,0
DA:424,0
DA:425,0
DA:426,0
DA:427,0
DA:429,0
DA:431,0
DA:432,0
DA:433,0
DA:436,0
DA:437,0
DA:438,0
DA:440,0
DA:441,0
DA:442,0
DA:444,0
DA:445,0
DA:447,0
DA:448,0
DA:452,0
DA:453,0
DA:465,0
DA:466,0
DA:467,0
DA:468,0
DA:471,32
DA:472,0
DA:473,0
DA:474,0
DA:475,0
DA:476,0
DA:477,0
DA:479,0
DA:481,0
DA:482,0
DA:483,0
DA:486,0
DA:488,0
DA:489,0
DA:490,0
DA:492,0
DA:493,0
DA:496,0
DA:497,0
DA:498,0
DA:500,0
DA:501,0
DA:507,0
DA:508,0
DA:509,0
DA:515,0
DA:516,0
DA:528,0
DA:529,0
DA:530,0
DA:531,0
DA:534,32
DA:535,0
DA:536,0
DA:537,0
DA:539,0
DA:540,0
DA:541,0
DA:542,0
DA:544,0
DA:546,0
DA:547,0
DA:548,0
DA:551,0
DA:552,0
DA:553,0
DA:556,0
DA:557,0
DA:558,0
DA:559,0
DA:560,0
DA:562,0
DA:565,0
DA:566,0
DA:568,0
DA:569,0
DA:575,0
DA:576,0
DA:577,0
DA:578,0
DA:580,0
DA:581,0
DA:584,0
DA:585,0
DA:589,0
DA:590,0
DA:591,0
DA:600,0
DA:601,0
DA:602,0
DA:609,0
DA:610,0
DA:612,0
DA:613,0
DA:614,0
DA:615,0
DA:617,0
DA:618,0
DA:624,0
DA:625,0
DA:627,0
DA:640,0
DA:641,0
DA:642,0
DA:643,0
DA:646,32
DA:647,0
DA:648,0
DA:649,0
DA:650,0
DA:651,0
DA:652,0
DA:654,0
DA:656,0
DA:659,0
DA:660,0
DA:661,0
DA:662,0
DA:664,0
DA:683,0
DA:684,0
DA:685,0
DA:686,0
DA:688,0
DA:695,0
DA:696,0
DA:697,0
DA:701,0
DA:703,0
DA:704,0
DA:705,0
DA:706,0
DA:709,32
DA:710,0
DA:712,0
DA:713,0
DA:715,0
DA:716,0
DA:717,0
DA:718,0
DA:720,0
DA:722,0
DA:723,0
DA:725,0
DA:726,0
DA:727,0
DA:731,0
DA:732,0
DA:733,0
DA:736,0
DA:748,0
DA:749,0
DA:750,0
DA:753,0
DA:754,0
DA:755,0
DA:770,0
DA:777,0
DA:778,0
DA:779,0
DA:780,0
DA:781,0
DA:785,0
DA:786,0
DA:787,0
DA:788,0
DA:789,0
DA:793,0
DA:794,0
DA:795,0
DA:796,0
DA:797,0
DA:801,0
DA:802,0
DA:803,0
DA:804,0
DA:805,0
DA:809,0
DA:810,0
DA:811,0
DA:812,0
DA:813,0
DA:817,0
DA:818,0
DA:819,0
DA:820,0
DA:821,0
DA:826,0
DA:837,0
DA:838,0
DA:839,0
DA:840,0
DA:843,0
DA:844,0
DA:845,0
DA:850,32
DA:851,0
DA:852,0
DA:853,0
DA:854,0
DA:855,0
DA:856,0
DA:858,0
DA:860,0
DA:861,0
DA:862,0
DA:865,0
DA:866,0
DA:867,0
DA:869,0
DA:872,0
DA:873,0
DA:880,0
DA:881,0
DA:888,0
DA:889,0
DA:896,0
DA:897,0
DA:903,0
DA:904,0
DA:917,0
DA:918,0
DA:919,0
DA:920,0
DA:923,32
LF:408
LH:57
BRDA:13,0,0,0
BRDA:14,1,0,0
BRDA:14,1,1,0
BRDA:16,2,0,0
BRDA:16,2,1,0
BRDA:18,3,0,0
BRDA:18,3,1,0
BRDA:18,4,0,0
BRDA:18,4,1,0
BRDA:33,5,0,0
BRDA:33,5,1,0
BRDA:33,6,0,0
BRDA:33,6,1,0
BRDA:34,7,0,0
BRDA:34,7,1,0
BRDA:47,8,0,3
BRDA:47,8,1,0
BRDA:48,9,0,0
BRDA:48,9,1,0
BRDA:88,10,0,3
BRDA:88,10,1,31
BRDA:89,11,0,3
BRDA:89,11,1,31
BRDA:90,12,0,34
BRDA:90,12,1,31
BRDA:104,13,0,0
BRDA:104,13,1,0
BRDA:111,14,0,0
BRDA:111,14,1,0
BRDA:115,15,0,0
BRDA:115,15,1,0
BRDA:115,16,0,0
BRDA:115,16,1,0
BRDA:125,17,0,0
BRDA:125,17,1,0
BRDA:165,18,0,0
BRDA:165,18,1,0
BRDA:172,19,0,0
BRDA:172,19,1,0
BRDA:176,20,0,0
BRDA:176,20,1,0
BRDA:176,21,0,0
BRDA:176,21,1,0
BRDA:199,22,0,0
BRDA:199,22,1,0
BRDA:206,23,0,0
BRDA:206,23,1,0
BRDA:210,24,0,0
BRDA:210,24,1,0
BRDA:210,25,0,0
BRDA:210,25,1,0
BRDA:231,26,0,0
BRDA:231,26,1,1
BRDA:249,27,0,0
BRDA:249,27,1,0
BRDA:250,28,0,0
BRDA:250,28,1,0
BRDA:251,29,0,0
BRDA:251,29,1,0
BRDA:252,30,0,0
BRDA:252,30,1,0
BRDA:255,31,0,0
BRDA:255,31,1,0
BRDA:262,32,0,0
BRDA:262,32,1,0
BRDA:292,33,0,0
BRDA:292,33,1,0
BRDA:299,34,0,0
BRDA:299,34,1,0
BRDA:303,35,0,0
BRDA:303,35,1,0
BRDA:303,36,0,0
BRDA:303,36,1,0
BRDA:330,37,0,0
BRDA:330,37,1,0
BRDA:382,38,0,6
BRDA:424,39,0,0
BRDA:424,39,1,0
BRDA:438,40,0,0
BRDA:438,40,1,0
BRDA:441,41,0,0
BRDA:441,41,1,0
BRDA:441,42,0,0
BRDA:441,42,1,0
BRDA:444,43,0,0
BRDA:444,43,1,0
BRDA:444,44,0,0
BRDA:444,44,1,0
BRDA:447,45,0,0
BRDA:447,45,1,0
BRDA:447,46,0,0
BRDA:447,46,1,0
BRDA:452,47,0,0
BRDA:452,47,1,0
BRDA:460,48,0,0
BRDA:460,48,1,0
BRDA:474,49,0,0
BRDA:474,49,1,0
BRDA:490,50,0,0
BRDA:490,50,1,0
BRDA:492,51,0,0
BRDA:492,51,1,0
BRDA:497,52,0,0
BRDA:497,52,1,0
BRDA:498,53,0,0
BRDA:498,53,1,0
BRDA:500,54,0,0
BRDA:500,54,1,0
BRDA:500,55,0,0
BRDA:500,55,1,0
BRDA:507,56,0,0
BRDA:507,56,1,0
BRDA:508,57,0,0
BRDA:508,57,1,0
BRDA:508,58,0,0
BRDA:508,58,1,0
BRDA:508,58,2,0
BRDA:515,59,0,0
BRDA:515,59,1,0
BRDA:539,60,0,0
BRDA:539,60,1,0
BRDA:547,61,0,0
BRDA:547,61,1,0
BRDA:552,62,0,0
BRDA:552,62,1,0
BRDA:557,63,0,0
BRDA:557,63,1,0
BRDA:558,64,0,0
BRDA:558,64,1,0
BRDA:559,65,0,0
BRDA:559,65,1,0
BRDA:560,66,0,0
BRDA:560,66,1,0
BRDA:562,67,0,0
BRDA:562,67,1,0
BRDA:569,68,0,0
BRDA:569,68,1,0
BRDA:569,69,0,0
BRDA:569,69,1,0
BRDA:575,70,0,0
BRDA:575,70,1,0
BRDA:577,71,0,0
BRDA:577,71,1,0
BRDA:584,72,0,0
BRDA:584,72,1,0
BRDA:584,73,0,0
BRDA:584,73,1,0
BRDA:593,74,0,0
BRDA:593,74,1,0
BRDA:593,74,2,0
BRDA:595,75,0,0
BRDA:595,75,1,0
BRDA:604,76,0,0
BRDA:604,76,1,0
BRDA:604,76,2,0
BRDA:609,77,0,0
BRDA:609,77,1,0
BRDA:610,78,0,0
BRDA:610,78,1,0
BRDA:612,79,0,0
BRDA:612,79,1,0
BRDA:614,80,0,0
BRDA:614,80,1,0
BRDA:614,81,0,0
BRDA:614,81,1,0
BRDA:617,82,0,0
BRDA:617,82,1,0
BRDA:624,83,0,0
BRDA:624,83,1,0
BRDA:625,84,0,0
BRDA:625,84,1,0
BRDA:649,85,0,0
BRDA:649,85,1,0
BRDA:696,86,0,0
BRDA:696,86,1,0
BRDA:696,87,0,0
BRDA:696,87,1,0
BRDA:696,87,2,0
BRDA:715,88,0,0
BRDA:715,88,1,0
BRDA:731,89,0,0
BRDA:732,90,0,0
BRDA:732,90,1,0
BRDA:732,91,0,0
BRDA:732,91,1,0
BRDA:732,91,2,0
BRDA:738,92,0,0
BRDA:738,92,1,0
BRDA:738,92,2,0
BRDA:738,92,3,0
BRDA:741,93,0,0
BRDA:741,93,1,0
BRDA:742,94,0,0
BRDA:742,94,1,0
BRDA:743,95,0,0
BRDA:743,95,1,0
BRDA:744,96,0,0
BRDA:744,96,1,0
BRDA:753,97,0,0
BRDA:754,98,0,0
BRDA:754,98,1,0
BRDA:754,99,0,0
BRDA:754,99,1,0
BRDA:777,100,0,0
BRDA:777,100,1,0
BRDA:779,101,0,0
BRDA:779,101,1,0
BRDA:785,102,0,0
BRDA:785,102,1,0
BRDA:787,103,0,0
BRDA:787,103,1,0
BRDA:793,104,0,0
BRDA:793,104,1,0
BRDA:795,105,0,0
BRDA:795,105,1,0
BRDA:801,106,0,0
BRDA:801,106,1,0
BRDA:803,107,0,0
BRDA:803,107,1,0
BRDA:809,108,0,0
BRDA:809,108,1,0
BRDA:811,109,0,0
BRDA:811,109,1,0
BRDA:817,110,0,0
BRDA:817,110,1,0
BRDA:819,111,0,0
BRDA:819,111,1,0
BRDA:844,112,0,0
BRDA:844,112,1,0
BRDA:845,113,0,0
BRDA:845,113,1,0
BRDA:853,114,0,0
BRDA:853,114,1,0
BRDA:867,115,0,0
BRDA:867,115,1,0
BRDA:872,116,0,0
BRDA:872,116,1,0
BRDA:872,117,0,0
BRDA:872,117,1,0
BRDA:880,118,0,0
BRDA:880,118,1,0
BRDA:880,119,0,0
BRDA:880,119,1,0
BRDA:888,120,0,0
BRDA:888,120,1,0
BRDA:888,121,0,0
BRDA:888,121,1,0
BRDA:896,122,0,0
BRDA:896,122,1,0
BRDA:896,123,0,0
BRDA:896,123,1,0
BRDA:903,124,0,0
BRDA:903,124,1,0
BRF:253
BRH:9
end_of_record
TN:
SF:src/db/database.js
FN:16,getProductionDbPath
FN:21,ensureDataDirectoryExists
FN:28,connect
FN:47,getDB
FN:59,initializeDatabase
FN:82,closeDB
FNF:6
FNH:6
FNDA:13,getProductionDbPath
FNDA:15,ensureDataDirectoryExists
FNDA:25,connect
FNDA:172,getDB
FNDA:12,initializeDatabase
FNDA:30,closeDB
DA:1,62
DA:9,62
DA:10,62
DA:11,62
DA:17,13
DA:22,15
DA:23,15
DA:24,0
DA:29,25
DA:30,25
DA:31,13
DA:32,13
DA:33,13
DA:34,12
DA:35,2
DA:36,2
DA:38,10
DA:41,25
DA:42,25
DA:44,25
DA:48,172
DA:53,13
DA:54,13
DA:56,172
DA:60,12
DA:61,0
DA:62,0
DA:63,0
DA:66,12
DA:68,12
DA:69,12
DA:71,12
DA:72,12
DA:73,12
DA:74,12
DA:76,0
DA:77,0
DA:79,12
DA:83,30
DA:84,11
DA:85,11
DA:86,11
DA:88,19
DA:92,62
LF:44
LH:38
BRDA:17,0,0,13
BRDA:17,0,1,13
BRDA:23,1,0,0
BRDA:23,1,1,15
BRDA:30,2,0,13
BRDA:30,2,1,12
BRDA:34,3,0,2
BRDA:34,3,1,10
BRDA:41,4,0,0
BRDA:41,4,1,25
BRDA:48,5,0,13
BRDA:48,5,1,159
BRDA:59,6,0,0
BRDA:60,7,0,0
BRDA:60,7,1,12
BRDA:66,8,0,12
BRDA:66,8,1,0
BRDA:66,9,0,0
BRDA:66,9,1,0
BRDA:83,10,0,11
BRDA:83,10,1,19
BRF:21
BRH:14
end_of_record
TN:
SF:src/db/migrations.js
FN:10,ensureSchemaMigrationsTable
FN:21,getAppliedMigrations
FN:23,(anonymous_2)
FN:26,readMigrationScripts
FN:31,(anonymous_4)
FN:34,(anonymous_5)
FN:44,runMigrations
FN:51,(anonymous_7)
FNF:8
FNH:8
FNDA:41,ensureSchemaMigrationsTable
FNDA:41,getAppliedMigrations
FNDA:80,(anonymous_2)
FNDA:41,readMigrationScripts
FNDA:419,(anonymous_4)
FNDA:419,(anonymous_5)
FNDA:41,runMigrations
FNDA:419,(anonymous_7)
DA:2,62
DA:3,62
DA:8,62
DA:11,41
DA:22,41
DA:23,80
DA:27,41
DA:28,0
DA:30,41
DA:31,419
DA:34,41
DA:35,419
DA:36,419
DA:45,41
DA:47,41
DA:48,41
DA:49,41
DA:51,419
DA:53,41
DA:54,2
DA:55,2
DA:58,39
DA:61,39
DA:62,39
DA:65,39
DA:66,39
DA:67,339
DA:68,339
DA:71,338
DA:72,338
DA:75,3
DA:77,0
DA:79,3
DA:83,335
DA:84,335
DA:85,335
DA:89,35
DA:90,35
DA:93,35
DA:94,35
DA:97,4
DA:98,4
DA:100,4
DA:104,62
LF:44
LH:42
BRDA:27,0,0,0
BRDA:27,0,1,41
BRDA:44,1,0,25
BRDA:45,2,0,25
BRDA:53,3,0,2
BRDA:53,3,1,39
BRDA:61,4,0,39
BRDA:61,4,1,0
BRDA:75,5,0,0
BRDA:75,5,1,3
BRDA:75,6,0,3
BRDA:75,6,1,3
BRDA:89,7,0,35
BRDA:89,7,1,0
BRDA:97,8,0,4
BRDA:97,8,1,0
BRF:16
BRH:11
end_of_record
TN:
SF:src/db/queries.js
FN:5,getCharacterById
FN:11,getCharacterRelations
FN:47,getAllEvents
FN:53,getTimelineEventsForList
FN:69,getAllPuzzles
FN:76,getAllElements
FN:82,getElementsWithComputedFields
FN:96,getAllCharacterIdsAndNames
FN:102,getLinkedCharacters
FN:128,getFullEntityDetails
FN:133,(anonymous_10)
FN:149,getCharacterJourneyData
FN:154,(anonymous_12)
FN:155,(anonymous_13)
FN:156,(anonymous_14)
FN:165,(anonymous_15)
FN:169,(anonymous_16)
FN:175,(anonymous_17)
FN:177,(anonymous_18)
FN:180,(anonymous_19)
FN:185,(anonymous_20)
FN:186,(anonymous_21)
FN:198,getElementById
FN:203,getCharactersForList
FN:219,(anonymous_24)
FN:232,generateJourneyVersionHash
FN:267,getCachedJourneyGraph
FN:318,saveCachedJourneyGraph
FN:349,clearExpiredJourneyCache
FN:371,invalidateJourneyCache
FN:386,getSyncStatus
FNF:31
FNH:20
FNDA:17,getCharacterById
FNDA:14,getCharacterRelations
FNDA:0,getAllEvents
FNDA:0,getTimelineEventsForList
FNDA:0,getAllPuzzles
FNDA:0,getAllElements
FNDA:0,getElementsWithComputedFields
FNDA:0,getAllCharacterIdsAndNames
FNDA:14,getLinkedCharacters
FNDA:0,getFullEntityDetails
FNDA:0,(anonymous_10)
FNDA:14,getCharacterJourneyData
FNDA:32,(anonymous_12)
FNDA:33,(anonymous_13)
FNDA:46,(anonymous_14)
FNDA:46,(anonymous_15)
FNDA:6,(anonymous_16)
FNDA:33,(anonymous_17)
FNDA:33,(anonymous_18)
FNDA:6,(anonymous_19)
FNDA:6,(anonymous_20)
FNDA:6,(anonymous_21)
FNDA:0,getElementById
FNDA:1,getCharactersForList
FNDA:22,(anonymous_24)
FNDA:17,generateJourneyVersionHash
FNDA:19,getCachedJourneyGraph
FNDA:14,saveCachedJourneyGraph
FNDA:0,clearExpiredJourneyCache
FNDA:0,invalidateJourneyCache
FNDA:2,getSyncStatus
DA:2,48
DA:6,17
DA:7,17
DA:12,14
DA:14,14
DA:20,14
DA:26,14
DA:32,14
DA:38,14
DA:48,0
DA:49,0
DA:54,0
DA:55,0
DA:70,0
DA:71,0
DA:77,0
DA:78,0
DA:83,0
DA:84,0
DA:97,0
DA:98,0
DA:103,14
DA:104,14
DA:125,14
DA:129,0
DA:130,0
DA:131,0
DA:133,0
DA:135,0
DA:136,0
DA:137,0
DA:138,0
DA:140,0
DA:150,14
DA:153,14
DA:154,32
DA:155,33
DA:156,46
DA:159,14
DA:160,14
DA:161,11
DA:165,46
DA:168,11
DA:169,11
DA:173,14
DA:174,14
DA:175,33
DA:176,11
DA:177,11
DA:178,33
DA:179,33
DA:180,33
DA:184,11
DA:185,6
DA:186,6
DA:190,14
DA:199,0
DA:204,1
DA:206,1
DA:219,22
DA:233,17
DA:238,17
DA:249,17
DA:252,17
DA:253,17
DA:254,159
DA:255,159
DA:256,159
DA:259,17
DA:268,19
DA:269,19
DA:271,19
DA:272,19
DA:278,19
DA:279,16
DA:283,3
DA:284,3
DA:286,1
DA:287,1
DA:291,2
DA:298,2
DA:308,0
DA:309,0
DA:319,14
DA:321,14
DA:322,14
DA:325,14
DA:337,14
DA:340,0
DA:350,0
DA:352,0
DA:353,0
DA:358,0
DA:359,0
DA:363,0
DA:372,0
DA:374,0
DA:375,0
DA:376,0
DA:378,0
DA:387,2
DA:389,2
DA:391,2
DA:398,0
DA:405,0
DA:406,0
DA:407,0
DA:408,0
DA:410,0
DA:424,2
DA:425,2
DA:436,48
LF:112
LH:70
BRDA:130,0,0,0
BRDA:130,0,1,0
BRDA:130,1,0,0
BRDA:130,1,1,0
BRDA:160,2,0,11
BRDA:160,2,1,3
BRDA:174,3,0,11
BRDA:174,3,1,3
BRDA:179,4,0,33
BRDA:179,4,1,0
BRDA:184,5,0,6
BRDA:184,5,1,5
BRDA:221,6,0,22
BRDA:221,6,1,0
BRDA:278,7,0,16
BRDA:278,7,1,3
BRDA:284,8,0,1
BRDA:284,8,1,2
BRDA:349,9,0,0
BRDA:358,10,0,0
BRDA:358,10,1,0
BRDA:413,11,0,0
BRDA:413,11,1,0
BRDA:414,12,0,0
BRDA:414,12,1,0
BRDA:415,13,0,0
BRDA:415,13,1,0
BRF:27
BRH:12
end_of_record
TN:
SF:src/routes/journeyRoutes.js
FNF:0
FNH:0
DA:1,3
DA:2,3
DA:11,3
DA:17,3
DA:18,3
DA:19,3
DA:20,3
DA:21,3
DA:23,3
DA:25,3
LF:10
LH:10
BRF:0
BRH:0
end_of_record
TN:
SF:src/routes/notion.js
FNF:0
FNH:0
DA:1,1
DA:2,1
DA:4,1
DA:7,1
DA:10,1
DA:11,1
DA:12,1
DA:13,1
DA:14,1
DA:17,1
DA:18,1
DA:19,1
DA:20,1
DA:23,1
DA:24,1
DA:25,1
DA:26,1
DA:27,1
DA:30,1
DA:31,1
DA:32,1
DA:33,1
DA:36,1
DA:39,1
DA:41,1
LF:25
LH:25
BRF:0
BRH:0
end_of_record
TN:
SF:src/routes/syncRoutes.js
FN:6,(anonymous_0)
FN:20,(anonymous_1)
FN:79,(anonymous_2)
FN:115,(anonymous_3)
FNF:4
FNH:4
FNDA:2,(anonymous_0)
FNDA:5,(anonymous_1)
FNDA:2,(anonymous_2)
FNDA:3,(anonymous_3)
DA:1,1
DA:2,1
DA:3,1
DA:6,1
DA:7,2
DA:8,1
DA:9,1
DA:20,1
DA:21,5
DA:23,5
DA:24,5
DA:25,0
DA:28,5
DA:29,1
DA:36,4
DA:37,4
DA:39,3
DA:40,0
DA:43,3
DA:53,1
DA:56,1
DA:57,0
DA:64,1
DA:79,1
DA:80,2
DA:81,2
DA:83,2
DA:84,0
DA:88,2
DA:94,2
DA:99,0
DA:100,0
DA:115,1
DA:116,3
DA:117,3
DA:119,3
DA:120,0
DA:123,3
DA:124,1
DA:131,2
DA:132,1
DA:133,0
DA:136,1
DA:141,1
DA:142,1
DA:150,1
LF:46
LH:38
BRDA:7,0,0,1
BRDA:7,0,1,1
BRDA:24,1,0,0
BRDA:24,1,1,5
BRDA:24,2,0,5
BRDA:24,2,1,5
BRDA:28,3,0,1
BRDA:28,3,1,4
BRDA:39,4,0,0
BRDA:39,4,1,3
BRDA:39,5,0,3
BRDA:39,5,1,3
BRDA:56,6,0,0
BRDA:56,6,1,1
BRDA:66,7,0,1
BRDA:66,7,1,0
BRDA:83,8,0,0
BRDA:83,8,1,2
BRDA:83,9,0,2
BRDA:83,9,1,2
BRDA:91,10,0,2
BRDA:91,10,1,0
BRDA:102,11,0,0
BRDA:102,11,1,0
BRDA:119,12,0,0
BRDA:119,12,1,3
BRDA:119,13,0,3
BRDA:119,13,1,3
BRDA:123,14,0,1
BRDA:123,14,1,2
BRDA:132,15,0,0
BRDA:132,15,1,1
BRDA:138,16,0,1
BRDA:138,16,1,0
BRDA:144,17,0,1
BRDA:144,17,1,0
BRF:36
BRH:24
end_of_record
TN:
SF:src/services/dataSyncService.js
FN:32,(anonymous_0)
FN:64,(anonymous_1)
FN:79,(anonymous_2)
FN:93,(anonymous_3)
FN:116,(anonymous_4)
FN:154,(anonymous_5)
FN:163,(anonymous_6)
FN:172,(anonymous_7)
FN:187,(anonymous_8)
FN:196,(anonymous_9)
FN:205,(anonymous_10)
FN:214,(anonymous_11)
FNF:12
FNH:3
FNDA:12,(anonymous_0)
FNDA:0,(anonymous_1)
FNDA:2,(anonymous_2)
FNDA:0,(anonymous_3)
FNDA:2,(anonymous_4)
FNDA:0,(anonymous_5)
FNDA:0,(anonymous_6)
FNDA:0,(anonymous_7)
FNDA:0,(anonymous_8)
FNDA:0,(anonymous_9)
FNDA:0,(anonymous_10)
FNDA:0,(anonymous_11)
DA:1,12
DA:2,12
DA:3,12
DA:4,12
DA:5,12
DA:6,12
DA:7,12
DA:8,12
DA:9,12
DA:10,12
DA:11,12
DA:12,12
DA:13,12
DA:14,12
DA:15,12
DA:33,12
DA:34,0
DA:36,12
DA:38,12
DA:39,12
DA:42,12
DA:49,12
DA:56,12
DA:63,12
DA:65,0
DA:66,0
DA:67,0
DA:72,12
DA:80,2
DA:81,2
DA:83,2
DA:94,0
DA:95,0
DA:96,0
DA:98,0
DA:104,0
DA:107,0
DA:108,0
DA:117,2
DA:118,2
DA:121,2
DA:122,2
DA:124,2
DA:125,10
DA:126,10
DA:127,10
DA:129,0
DA:130,0
DA:134,2
DA:141,0
DA:155,0
DA:156,0
DA:164,0
DA:165,0
DA:173,0
DA:174,0
DA:175,0
DA:176,0
DA:177,0
DA:178,0
DA:180,0
DA:188,0
DA:189,0
DA:197,0
DA:198,0
DA:206,0
DA:207,0
DA:215,0
DA:216,0
DA:221,12
LF:70
LH:37
BRDA:33,0,0,0
BRDA:33,0,1,12
BRDA:80,1,0,2
BRDA:80,1,1,0
BRDA:93,2,0,0
BRDA:177,3,0,0
BRDA:177,3,1,0
BRDA:178,4,0,0
BRDA:178,4,1,0
BRDA:214,5,0,0
BRDA:214,6,0,0
BRF:11
BRH:2
end_of_record
TN:
SF:src/services/graphService.js
FN:9,createSnippet
FN:25,createNode
FN:84,createEdge
FN:103,(anonymous_3)
FN:111,(anonymous_4)
FN:132,(anonymous_5)
FN:142,(anonymous_6)
FN:152,(anonymous_7)
FNF:8
FNH:1
FNDA:0,createSnippet
FNDA:0,createNode
FNDA:0,createEdge
FNDA:32,(anonymous_3)
FNDA:0,(anonymous_4)
FNDA:0,(anonymous_5)
FNDA:0,(anonymous_6)
FNDA:0,(anonymous_7)
DA:1,32
DA:10,0
DA:11,0
DA:12,0
DA:13,0
DA:14,0
DA:15,0
DA:17,0
DA:26,0
DA:28,0
DA:34,0
DA:36,0
DA:37,0
DA:39,0
DA:43,0
DA:45,0
DA:50,0
DA:52,0
DA:57,0
DA:59,0
DA:63,0
DA:67,0
DA:68,0
DA:70,0
DA:71,0
DA:74,0
DA:85,0
DA:86,0
DA:112,0
DA:113,0
DA:114,0
DA:117,0
DA:118,0
DA:119,0
DA:121,0
DA:122,0
DA:123,0
DA:124,0
DA:125,0
DA:129,0
DA:132,0
DA:133,0
DA:134,0
DA:135,0
DA:136,0
DA:138,0
DA:139,0
DA:142,0
DA:143,0
DA:144,0
DA:145,0
DA:146,0
DA:148,0
DA:149,0
DA:152,0
DA:153,0
DA:154,0
DA:155,0
DA:156,0
DA:158,0
DA:159,0
DA:160,0
DA:165,0
DA:173,32
LF:64
LH:2
BRDA:9,0,0,0
BRDA:10,1,0,0
BRDA:10,1,1,0
BRDA:12,2,0,0
BRDA:12,2,1,0
BRDA:14,3,0,0
BRDA:14,3,1,0
BRDA:14,4,0,0
BRDA:14,4,1,0
BRDA:26,5,0,0
BRDA:26,5,1,0
BRDA:26,6,0,0
BRDA:26,6,1,0
BRDA:30,7,0,0
BRDA:30,7,1,0
BRDA:30,7,2,0
BRDA:32,8,0,0
BRDA:32,8,1,0
BRDA:32,8,2,0
BRDA:32,8,3,0
BRDA:37,9,0,0
BRDA:37,9,1,0
BRDA:37,9,2,0
BRDA:37,9,3,0
BRDA:67,10,0,0
BRDA:67,10,1,0
BRDA:70,11,0,0
BRDA:70,11,1,0
BRDA:85,12,0,0
BRDA:85,12,1,0
BRDA:85,13,0,0
BRDA:85,13,1,0
BRDA:111,14,0,0
BRDA:118,15,0,0
BRDA:118,15,1,0
BRDA:123,16,0,0
BRDA:123,16,1,0
BRDA:134,17,0,0
BRDA:134,17,1,0
BRDA:134,18,0,0
BRDA:134,18,1,0
BRDA:139,19,0,0
BRDA:139,19,1,0
BRDA:144,20,0,0
BRDA:144,20,1,0
BRDA:144,21,0,0
BRDA:144,21,1,0
BRDA:149,22,0,0
BRDA:149,22,1,0
BRDA:154,23,0,0
BRDA:154,23,1,0
BRDA:154,24,0,0
BRDA:154,24,1,0
BRDA:158,25,0,0
BRDA:158,25,1,0
BRDA:160,26,0,0
BRDA:160,26,1,0
BRF:57
BRH:0
end_of_record
TN:
SF:src/services/journeyEngine.js
FN:10,(anonymous_0)
FN:21,(anonymous_1)
FN:30,(anonymous_2)
FN:39,(anonymous_3)
FN:48,(anonymous_4)
FN:59,(anonymous_5)
FN:75,(anonymous_6)
FN:89,(anonymous_7)
FN:115,(anonymous_8)
FNF:9
FNH:9
FNDA:27,(anonymous_0)
FNDA:14,(anonymous_1)
FNDA:33,(anonymous_2)
FNDA:46,(anonymous_3)
FNDA:32,(anonymous_4)
FNDA:33,(anonymous_5)
FNDA:6,(anonymous_6)
FNDA:46,(anonymous_7)
FNDA:19,(anonymous_8)
DA:2,4
DA:3,4
DA:12,27
DA:13,27
DA:22,14
DA:23,14
DA:24,14
DA:27,14
DA:30,14
DA:31,33
DA:39,14
DA:40,46
DA:48,14
DA:49,32
DA:59,14
DA:60,33
DA:63,33
DA:64,1
DA:73,33
DA:74,33
DA:75,33
DA:76,6
DA:84,0
DA:89,14
DA:90,46
DA:91,12
DA:103,14
DA:116,19
DA:119,19
DA:120,19
DA:121,19
DA:122,2
DA:123,2
DA:128,17
DA:129,17
DA:130,3
DA:131,3
DA:134,14
DA:137,14
DA:139,14
DA:149,14
DA:150,14
DA:153,14
DA:159,4
LF:44
LH:43
BRDA:63,0,0,1
BRDA:63,0,1,32
BRDA:74,1,0,33
BRDA:74,1,1,0
BRDA:90,2,0,12
BRDA:90,2,1,34
BRDA:115,3,0,19
BRDA:116,4,0,19
BRDA:116,4,1,19
BRDA:116,4,2,19
BRDA:119,5,0,19
BRDA:119,5,1,0
BRDA:121,6,0,2
BRDA:121,6,1,17
BRDA:129,7,0,3
BRDA:129,7,1,14
BRDA:149,8,0,14
BRDA:149,8,1,0
BRF:18
BRH:15
end_of_record
TN:
SF:src/services/notionService.js
FN:10,getNotionClient
FN:42,makeCacheKey
FN:52,queryDatabase
FN:88,getPage
FN:111,getCharacters
FN:120,getTimelineEvents
FN:129,getPuzzles
FN:138,getElements
FN:147,getElementsByType
FN:163,getPagesByIds
FN:167,(anonymous_10)
FN:167,(anonymous_11)
FN:173,clearCache
FN:206,getCharacterDetails
FN:234,(anonymous_14)
FN:248,getAllCharacterOverviews
FN:320,getCharactersForList
FN:325,getTimelineEventsForList
FNF:18
FNH:7
FNDA:3,getNotionClient
FNDA:3,makeCacheKey
FNDA:3,queryDatabase
FNDA:0,getPage
FNDA:0,getCharacters
FNDA:1,getTimelineEvents
FNDA:1,getPuzzles
FNDA:1,getElements
FNDA:0,getElementsByType
FNDA:0,getPagesByIds
FNDA:0,(anonymous_10)
FNDA:0,(anonymous_11)
FNDA:0,clearCache
FNDA:0,getCharacterDetails
FNDA:0,(anonymous_14)
FNDA:0,getAllCharacterOverviews
FNDA:1,getCharactersForList
FNDA:0,getTimelineEventsForList
DA:1,36
DA:2,36
DA:3,36
DA:4,36
DA:5,36
DA:8,36
DA:11,3
DA:13,1
DA:14,0
DA:15,0
DA:21,1
DA:22,0
DA:25,1
DA:29,3
DA:33,36
DA:40,36
DA:43,3
DA:53,3
DA:54,3
DA:55,3
DA:56,0
DA:57,0
DA:59,3
DA:61,3
DA:66,3
DA:67,0
DA:71,3
DA:73,0
DA:74,0
DA:76,0
DA:78,0
DA:79,0
DA:89,0
DA:90,0
DA:91,0
DA:92,0
DA:93,0
DA:95,0
DA:96,0
DA:97,0
DA:98,0
DA:99,0
DA:101,0
DA:102,0
DA:112,0
DA:121,1
DA:130,1
DA:139,1
DA:148,0
DA:155,0
DA:164,0
DA:166,0
DA:167,0
DA:170,0
DA:174,0
DA:175,0
DA:178,36
DA:207,0
DA:208,0
DA:209,0
DA:210,0
DA:213,0
DA:214,0
DA:215,0
DA:216,0
DA:220,0
DA:221,0
DA:224,0
DA:225,0
DA:228,0
DA:232,0
DA:233,0
DA:234,0
DA:236,0
DA:251,0
DA:252,0
DA:322,1
DA:327,0
LF:78
LH:26
BRDA:11,0,0,1
BRDA:11,0,1,2
BRDA:13,1,0,0
BRDA:13,1,1,1
BRDA:21,2,0,0
BRDA:21,2,1,1
BRDA:34,3,0,36
BRDA:34,3,1,0
BRDA:35,4,0,36
BRDA:35,4,1,0
BRDA:36,5,0,36
BRDA:36,5,1,0
BRDA:37,6,0,36
BRDA:37,6,1,0
BRDA:52,7,0,0
BRDA:55,8,0,0
BRDA:55,8,1,3
BRDA:66,9,0,0
BRDA:66,9,1,3
BRDA:91,10,0,0
BRDA:91,10,1,0
BRDA:111,11,0,0
BRDA:120,12,0,1
BRDA:129,13,0,1
BRDA:138,14,0,1
BRDA:164,15,0,0
BRDA:164,15,1,0
BRDA:164,16,0,0
BRDA:164,16,1,0
BRDA:208,17,0,0
BRDA:208,17,1,0
BRDA:214,18,0,0
BRDA:214,18,1,0
BRDA:220,19,0,0
BRDA:220,19,1,0
BRDA:224,20,0,0
BRDA:224,20,1,0
BRDA:229,21,0,0
BRDA:229,21,1,0
BRDA:230,22,0,0
BRDA:230,22,1,0
BRDA:233,23,0,0
BRDA:233,23,1,0
BRF:43
BRH:13
end_of_record
TN:
SF:src/services/compute/ActFocusComputer.js
FN:8,(anonymous_0)
FN:19,(anonymous_1)
FN:36,(anonymous_2)
FN:43,(anonymous_3)
FN:51,(anonymous_4)
FN:67,(anonymous_5)
FNF:6
FNH:6
FNDA:67,(anonymous_0)
FNDA:167,(anonymous_1)
FNDA:406,(anonymous_2)
FNDA:394,(anonymous_3)
FNDA:71,(anonymous_4)
FNDA:24,(anonymous_5)
DA:1,20
DA:9,67
DA:10,67
DA:20,167
DA:21,167
DA:25,166
DA:26,166
DA:28,7
DA:31,159
DA:32,11
DA:36,406
DA:37,148
DA:42,147
DA:43,147
DA:44,394
DA:45,352
DA:50,147
DA:52,71
DA:53,31
DA:55,147
DA:57,147
DA:59,2
DA:68,24
DA:70,24
DA:71,24
DA:73,23
DA:74,139
DA:75,139
DA:76,139
DA:77,139
DA:79,0
DA:80,0
DA:84,23
DA:86,1
DA:91,20
LF:35
LH:33
BRDA:26,0,0,166
BRDA:26,0,1,3
BRDA:31,1,0,11
BRDA:31,1,1,148
BRDA:44,2,0,352
BRDA:44,2,1,42
BRDA:45,3,0,352
BRDA:45,3,1,170
BRDA:52,4,0,40
BRDA:52,4,1,31
BRDA:55,5,0,147
BRDA:55,5,1,45
BRDA:59,6,0,2
BRDA:59,6,1,1
BRF:14
BRH:14
end_of_record
TN:
SF:src/services/compute/ComputeOrchestrator.js
FN:12,(anonymous_0)
FN:28,(anonymous_1)
FN:99,(anonymous_2)
FNF:3
FNH:3
FNDA:42,(anonymous_0)
FNDA:19,(anonymous_1)
FNDA:9,(anonymous_2)
DA:1,8
DA:2,8
DA:3,8
DA:4,8
DA:5,8
DA:13,42
DA:14,40
DA:17,40
DA:18,40
DA:19,40
DA:20,40
DA:21,40
DA:29,19
DA:35,19
DA:37,19
DA:40,19
DA:41,19
DA:42,18
DA:43,18
DA:44,18
DA:45,18
DA:48,18
DA:49,18
DA:50,18
DA:51,54
DA:52,54
DA:53,54
DA:54,54
DA:55,54
DA:56,54
DA:60,18
DA:61,18
DA:62,18
DA:63,18
DA:64,18
DA:65,18
DA:68,18
DA:69,18
DA:70,18
DA:71,18
DA:72,18
DA:75,18
DA:76,18
DA:77,18
DA:78,18
DA:79,18
DA:82,18
DA:83,18
DA:85,18
DA:88,1
DA:89,1
DA:100,9
DA:101,9
DA:103,9
DA:110,9
DA:111,9
DA:112,1
DA:115,8
DA:119,8
DA:120,1
DA:124,7
DA:125,7
DA:127,7
DA:130,7
DA:132,2
DA:133,2
DA:134,2
DA:138,1
DA:142,1
DA:143,1
DA:144,1
DA:148,4
DA:152,3
DA:153,3
DA:157,6
DA:165,6
DA:167,6
DA:170,3
DA:171,1
DA:173,3
DA:178,8
LF:81
LH:81
BRDA:13,0,0,2
BRDA:13,0,1,40
BRDA:111,1,0,1
BRDA:111,1,1,8
BRDA:119,2,0,1
BRDA:119,2,1,7
BRDA:130,3,0,2
BRDA:130,3,1,1
BRDA:130,3,2,3
BRDA:130,3,3,4
BRDA:170,4,0,1
BRDA:170,4,1,2
BRF:12
BRH:12
end_of_record
TN:
SF:src/services/compute/DerivedFieldComputer.js
FN:6,(anonymous_0)
FN:17,(anonymous_1)
FN:26,(anonymous_2)
FN:30,(anonymous_3)
FN:41,(anonymous_4)
FN:48,(anonymous_5)
FN:68,(anonymous_6)
FN:69,(anonymous_7)
FNF:8
FNH:8
FNDA:351,(anonymous_0)
FNDA:1,(anonymous_1)
FNDA:10,(anonymous_2)
FNDA:10,(anonymous_3)
FNDA:401,(anonymous_4)
FNDA:402,(anonymous_5)
FNDA:467,(anonymous_6)
FNDA:644,(anonymous_7)
DA:7,351
DA:8,348
DA:18,1
DA:27,10
DA:28,5
DA:30,10
DA:43,401
DA:44,1
DA:47,400
DA:48,402
DA:50,400
DA:52,400
DA:53,400
DA:56,397
DA:58,3
DA:69,644
DA:70,465
DA:71,7
DA:76,25
LF:19
LH:19
BRDA:7,0,0,3
BRDA:7,0,1,348
BRDA:27,1,0,5
BRDA:27,1,1,5
BRDA:43,2,0,1
BRDA:43,2,1,400
BRDA:70,3,0,7
BRDA:70,3,1,458
BRF:8
BRH:8
end_of_record
TN:
SF:src/services/compute/MemoryValueComputer.js
FN:12,(anonymous_0)
FN:18,(anonymous_1)
FN:24,(anonymous_2)
FN:28,(anonymous_3)
FN:36,(anonymous_4)
FN:98,(anonymous_5)
FN:140,(anonymous_6)
FN:160,(anonymous_7)
FN:188,(anonymous_8)
FN:211,(anonymous_9)
FN:231,(anonymous_10)
FN:249,(anonymous_11)
FNF:12
FNH:12
FNDA:77,(anonymous_0)
FNDA:182,(anonymous_1)
FNDA:85,(anonymous_2)
FNDA:4,(anonymous_3)
FNDA:30,(anonymous_4)
FNDA:6,(anonymous_5)
FNDA:7,(anonymous_6)
FNDA:8,(anonymous_7)
FNDA:4,(anonymous_8)
FNDA:9,(anonymous_9)
FNDA:20,(anonymous_10)
FNDA:6,(anonymous_11)
DA:1,9
DA:13,77
DA:14,77
DA:19,182
DA:20,2
DA:25,85
DA:29,4
DA:37,30
DA:38,30
DA:40,30
DA:42,30
DA:48,29
DA:50,29
DA:53,29
DA:60,29
DA:67,29
DA:68,165
DA:69,165
DA:72,165
DA:73,165
DA:75,165
DA:76,116
DA:80,29
DA:82,29
DA:83,29
DA:85,29
DA:88,1
DA:89,1
DA:99,6
DA:100,6
DA:106,6
DA:107,1
DA:111,5
DA:118,5
DA:121,5
DA:127,5
DA:128,5
DA:131,1
DA:132,1
DA:141,7
DA:161,8
DA:172,8
DA:189,4
DA:212,9
DA:230,9
DA:231,9
DA:232,20
DA:233,16
DA:239,20
DA:242,9
DA:250,6
DA:251,6
DA:253,6
DA:255,6
DA:257,5
DA:258,5
DA:259,5
DA:261,5
DA:263,5
DA:272,5
DA:273,5
DA:274,5
DA:275,5
DA:277,5
DA:280,1
DA:281,1
DA:286,9
LF:67
LH:67
BRDA:19,0,0,2
BRDA:19,0,1,180
BRDA:69,1,0,165
BRDA:69,1,1,49
BRDA:75,2,0,116
BRDA:75,2,1,49
BRDA:106,3,0,1
BRDA:106,3,1,5
BRDA:118,4,0,5
BRDA:118,4,1,2
BRDA:176,5,0,8
BRDA:176,5,1,2
BRDA:177,6,0,8
BRDA:177,6,1,2
BRDA:178,7,0,8
BRDA:178,7,1,2
BRDA:179,8,0,8
BRDA:179,8,1,2
BRDA:232,9,0,16
BRDA:232,9,1,4
BRDA:275,10,0,5
BRDA:275,10,1,1
BRF:22
BRH:22
end_of_record
TN:
SF:src/services/compute/MemoryValueExtractor.js
FN:15,(anonymous_0)
FN:21,(anonymous_1)
FN:27,(anonymous_2)
FN:31,(anonymous_3)
FN:40,(anonymous_4)
FN:55,(anonymous_5)
FN:71,(anonymous_6)
FN:83,(anonymous_7)
FN:106,(anonymous_8)
FN:122,(anonymous_9)
FN:140,(anonymous_10)
FN:156,(anonymous_11)
FN:191,(anonymous_12)
FN:277,(anonymous_13)
FN:326,(anonymous_14)
FN:339,(anonymous_15)
FNF:16
FNH:12
FNDA:41,(anonymous_0)
FNDA:57,(anonymous_1)
FNDA:80,(anonymous_2)
FNDA:0,(anonymous_3)
FNDA:18,(anonymous_4)
FNDA:20,(anonymous_5)
FNDA:20,(anonymous_6)
FNDA:16,(anonymous_7)
FNDA:17,(anonymous_8)
FNDA:15,(anonymous_9)
FNDA:17,(anonymous_10)
FNDA:13,(anonymous_11)
FNDA:20,(anonymous_12)
FNDA:0,(anonymous_13)
FNDA:0,(anonymous_14)
FNDA:0,(anonymous_15)
DA:1,9
DA:16,41
DA:17,41
DA:22,57
DA:23,0
DA:28,80
DA:32,0
DA:41,18
DA:43,17
DA:44,17
DA:45,7
DA:47,10
DA:56,20
DA:58,20
DA:59,20
DA:60,13
DA:61,13
DA:63,7
DA:72,20
DA:74,20
DA:75,20
DA:84,16
DA:87,16
DA:88,16
DA:89,8
DA:91,8
DA:92,8
DA:93,8
DA:98,8
DA:107,17
DA:114,17
DA:123,15
DA:125,12
DA:130,12
DA:141,17
DA:143,10
DA:144,10
DA:148,10
DA:157,13
DA:158,2
DA:168,11
DA:169,11
DA:170,11
DA:171,11
DA:173,11
DA:175,11
DA:177,11
DA:192,20
DA:193,20
DA:195,20
DA:197,20
DA:206,20
DA:208,20
DA:209,20
DA:212,20
DA:224,20
DA:225,8
DA:227,8
DA:228,3
DA:229,3
DA:234,8
DA:242,8
DA:243,3
DA:252,3
DA:253,3
DA:257,20
DA:259,20
DA:260,20
DA:261,20
DA:262,20
DA:264,20
DA:267,0
DA:268,0
DA:278,0
DA:279,0
DA:285,0
DA:286,0
DA:289,0
DA:292,0
DA:313,0
DA:314,0
DA:317,0
DA:318,0
DA:327,0
DA:340,0
DA:351,0
DA:364,9
LF:87
LH:70
BRDA:22,0,0,0
BRDA:22,0,1,57
BRDA:41,1,0,1
BRDA:41,1,1,17
BRDA:44,2,0,7
BRDA:44,2,1,10
BRDA:44,3,0,17
BRDA:44,3,1,10
BRDA:56,4,0,0
BRDA:56,4,1,20
BRDA:59,5,0,13
BRDA:59,5,1,7
BRDA:61,6,0,9
BRDA:61,6,1,4
BRDA:61,7,0,13
BRDA:61,7,1,11
BRDA:72,8,0,0
BRDA:72,8,1,20
BRDA:75,9,0,10
BRDA:75,9,1,10
BRDA:84,10,0,0
BRDA:84,10,1,16
BRDA:88,11,0,8
BRDA:88,11,1,8
BRDA:95,12,0,0
BRDA:95,12,1,8
BRDA:114,13,0,17
BRDA:114,13,1,2
BRDA:123,14,0,3
BRDA:123,14,1,12
BRDA:130,15,0,12
BRDA:130,15,1,1
BRDA:140,16,0,5
BRDA:141,17,0,7
BRDA:141,17,1,10
BRDA:141,18,0,17
BRDA:141,18,1,10
BRDA:157,19,0,2
BRDA:157,19,1,11
BRDA:157,20,0,13
BRDA:157,20,1,11
BRDA:227,21,0,3
BRDA:227,21,1,5
BRDA:227,22,0,8
BRDA:227,22,1,5
BRDA:234,23,0,8
BRDA:234,23,1,6
BRDA:234,23,2,5
BRDA:234,23,3,5
BRDA:234,23,4,5
BRDA:234,23,5,5
BRDA:242,24,0,3
BRDA:242,24,1,5
BRDA:285,25,0,0
BRDA:285,25,1,0
BRDA:355,26,0,0
BRDA:355,26,1,0
BRDA:356,27,0,0
BRDA:356,27,1,0
BRDA:357,28,0,0
BRDA:357,28,1,0
BRDA:358,29,0,0
BRDA:358,29,1,0
BRDA:359,30,0,0
BRDA:359,30,1,0
BRF:65
BRH:48
end_of_record
TN:
SF:src/services/compute/NarrativeThreadComputer.js
FN:12,(anonymous_0)
FN:23,(anonymous_1)
FN:25,(anonymous_2)
FN:82,(anonymous_3)
FN:99,(anonymous_4)
FN:108,(anonymous_5)
FNF:6
FNH:6
FNDA:63,(anonymous_0)
FNDA:53,(anonymous_1)
FNDA:53,(anonymous_2)
FNDA:73,(anonymous_3)
FNDA:108,(anonymous_4)
FNDA:20,(anonymous_5)
DA:1,19
DA:13,63
DA:14,63
DA:25,53
DA:26,1
DA:28,52
DA:29,52
DA:32,52
DA:33,6
DA:37,52
DA:38,9
DA:39,9
DA:40,8
DA:41,8
DA:42,6
DA:43,6
DA:44,6
DA:45,6
DA:51,1
DA:56,52
DA:57,52
DA:61,52
DA:62,46
DA:65,52
DA:70,0
DA:71,0
DA:83,73
DA:96,73
DA:97,73
DA:98,730
DA:99,108
DA:109,20
DA:110,20
DA:111,19
DA:112,19
DA:114,19
DA:115,46
DA:116,46
DA:117,46
DA:122,46
DA:124,0
DA:125,0
DA:129,19
DA:131,1
DA:132,1
DA:137,19
LF:46
LH:42
BRDA:25,0,0,1
BRDA:25,0,1,52
BRDA:32,1,0,6
BRDA:32,1,1,46
BRDA:37,2,0,9
BRDA:37,2,1,43
BRDA:40,3,0,8
BRDA:40,3,1,0
BRDA:43,4,0,6
BRDA:43,4,1,0
BRDA:44,5,0,6
BRDA:44,5,1,0
BRDA:45,6,0,6
BRDA:45,6,1,0
BRDA:56,7,0,52
BRDA:56,7,1,0
BRDA:61,8,0,46
BRDA:61,8,1,6
BRDA:98,9,0,54
BRDA:98,9,1,676
BRF:20
BRH:15
end_of_record
TN:
SF:src/services/compute/ResolutionPathComputer.js
FN:11,(anonymous_0)
FN:23,(anonymous_1)
FN:54,(anonymous_2)
FN:61,(anonymous_3)
FN:68,(anonymous_4)
FN:83,(anonymous_5)
FN:101,(anonymous_6)
FN:133,(anonymous_7)
FNF:8
FNH:8
FNDA:60,(anonymous_0)
FNDA:285,(anonymous_1)
FNDA:65,(anonymous_2)
FNDA:34,(anonymous_3)
FNDA:33,(anonymous_4)
FNDA:56,(anonymous_5)
FNDA:162,(anonymous_6)
FNDA:62,(anonymous_7)
DA:1,19
DA:12,60
DA:13,60
DA:24,285
DA:25,285
DA:26,284
DA:28,284
DA:30,65
DA:31,64
DA:33,56
DA:34,55
DA:36,162
DA:37,162
DA:39,1
DA:42,281
DA:46,4
DA:56,65
DA:61,64
DA:62,34
DA:65,64
DA:68,64
DA:69,33
DA:73,64
DA:76,64
DA:84,56
DA:86,55
DA:87,5
DA:89,55
DA:90,4
DA:92,55
DA:93,3
DA:102,162
DA:103,162
DA:106,162
DA:109,80
DA:113,162
DA:117,76
DA:121,162
DA:124,28
DA:134,62
DA:135,62
DA:141,62
DA:142,62
DA:143,1
DA:146,61
DA:147,61
DA:149,60
DA:150,242
DA:151,242
DA:152,240
DA:153,240
DA:155,2
DA:156,2
DA:160,60
DA:162,1
DA:167,19
LF:56
LH:56
BRDA:28,0,0,65
BRDA:28,0,1,56
BRDA:28,0,2,162
BRDA:28,0,3,1
BRDA:43,1,0,201
BRDA:43,1,1,80
BRDA:62,2,0,34
BRDA:62,2,1,32
BRDA:65,3,0,17
BRDA:65,3,1,47
BRDA:69,4,0,33
BRDA:69,4,1,21
BRDA:69,4,2,18
BRDA:73,5,0,15
BRDA:73,5,1,49
BRDA:76,6,0,24
BRDA:76,6,1,40
BRDA:84,7,0,56
BRDA:84,7,1,42
BRDA:86,8,0,5
BRDA:86,8,1,50
BRDA:86,9,0,55
BRDA:86,9,1,52
BRDA:89,10,0,4
BRDA:89,10,1,51
BRDA:89,11,0,55
BRDA:89,11,1,52
BRDA:92,12,0,3
BRDA:92,12,1,52
BRDA:92,13,0,55
BRDA:92,13,1,53
BRDA:102,14,0,162
BRDA:102,14,1,1
BRDA:103,15,0,162
BRDA:103,15,1,1
BRDA:106,16,0,80
BRDA:106,16,1,82
BRDA:106,17,0,162
BRDA:106,17,1,102
BRDA:106,17,2,83
BRDA:113,18,0,76
BRDA:113,18,1,86
BRDA:113,19,0,162
BRDA:113,19,1,106
BRDA:113,19,2,87
BRDA:113,19,3,87
BRDA:121,20,0,28
BRDA:121,20,1,134
BRDA:121,21,0,162
BRDA:121,21,1,136
BRDA:121,21,2,135
BRDA:142,22,0,1
BRDA:142,22,1,61
BRF:53
BRH:53
end_of_record
TN:
SF:src/services/sync/RelationshipSyncer.fix.js
FNF:0
FNH:0
DA:4,0
DA:9,0
DA:17,0
DA:25,0
LF:4
LH:0
BRF:0
BRH:0
end_of_record
TN:
SF:src/services/sync/RelationshipSyncer.js
FN:14,(anonymous_0)
FN:26,(anonymous_1)
FN:41,(anonymous_2)
FN:101,(anonymous_3)
FN:104,(anonymous_4)
FN:109,(anonymous_5)
FN:110,(anonymous_6)
FN:117,(anonymous_7)
FN:229,(anonymous_8)
FN:295,(anonymous_9)
FN:339,(anonymous_10)
FNF:11
FNH:11
FNDA:20,(anonymous_0)
FNDA:2,(anonymous_1)
FNDA:2,(anonymous_2)
FNDA:8,(anonymous_3)
FNDA:16,(anonymous_4)
FNDA:12,(anonymous_5)
FNDA:16,(anonymous_6)
FNDA:2,(anonymous_7)
FNDA:5,(anonymous_8)
FNDA:1525,(anonymous_9)
FNDA:2,(anonymous_10)
DA:1,15
DA:15,20
DA:17,20
DA:18,7
DA:28,2
DA:29,2
DA:30,2
DA:31,2
DA:32,2
DA:42,2
DA:45,2
DA:46,2
DA:50,2
DA:51,1
DA:56,2
DA:57,2
DA:61,2
DA:62,1
DA:67,2
DA:68,2
DA:72,2
DA:73,1
DA:78,2
DA:79,2
DA:83,2
DA:84,1
DA:88,2
DA:102,8
DA:104,16
DA:105,8
DA:109,12
DA:110,16
DA:118,2
DA:119,2
DA:120,2
DA:122,2
DA:124,2
DA:127,2
DA:130,2
DA:133,2
DA:136,2
DA:141,2
DA:142,6
DA:143,6
DA:144,6
DA:147,6
DA:148,6
DA:149,4
DA:150,4
DA:151,4
DA:152,4
DA:154,0
DA:155,0
DA:156,0
DA:163,6
DA:164,6
DA:165,2
DA:166,2
DA:167,2
DA:168,2
DA:170,0
DA:171,0
DA:172,0
DA:179,6
DA:180,6
DA:181,0
DA:182,0
DA:183,0
DA:184,0
DA:186,0
DA:187,0
DA:188,0
DA:195,6
DA:196,6
DA:197,2
DA:198,2
DA:199,2
DA:200,2
DA:202,0
DA:203,0
DA:204,0
DA:211,0
DA:212,0
DA:216,2
DA:217,2
DA:220,0
DA:221,0
DA:230,5
DA:231,5
DA:232,5
DA:234,5
DA:236,5
DA:237,5
DA:238,0
DA:242,5
DA:245,5
DA:248,5
DA:249,126
DA:250,1525
DA:251,1525
DA:252,1525
DA:258,1525
DA:260,1225
DA:261,124
DA:264,124
DA:267,300
DA:268,300
DA:274,5
DA:275,0
DA:278,5
DA:281,0
DA:282,0
DA:284,0
DA:296,1525
DA:299,1525
DA:305,1225
DA:308,1225
DA:314,1225
DA:317,1225
DA:329,1225
DA:332,1225
DA:340,2
DA:341,2
DA:343,2
DA:345,2
DA:348,2
DA:351,2
DA:354,2
DA:356,2
DA:357,2
DA:359,2
DA:365,0
DA:366,0
DA:371,15
LF:134
LH:107
BRDA:17,0,0,7
BRDA:17,0,1,13
BRDA:45,1,0,2
BRDA:45,1,1,0
BRDA:50,2,0,1
BRDA:50,2,1,1
BRDA:56,3,0,2
BRDA:56,3,1,0
BRDA:61,4,0,1
BRDA:61,4,1,1
BRDA:67,5,0,2
BRDA:67,5,1,0
BRDA:72,6,0,1
BRDA:72,6,1,1
BRDA:78,7,0,2
BRDA:78,7,1,0
BRDA:83,8,0,1
BRDA:83,8,1,1
BRDA:102,9,0,0
BRDA:102,9,1,8
BRDA:102,10,0,8
BRDA:102,10,1,8
BRDA:147,11,0,6
BRDA:147,11,1,0
BRDA:147,12,0,6
BRDA:147,12,1,6
BRDA:149,13,0,4
BRDA:149,13,1,0
BRDA:154,14,0,0
BRDA:154,14,1,0
BRDA:163,15,0,6
BRDA:163,15,1,0
BRDA:163,16,0,6
BRDA:163,16,1,6
BRDA:165,17,0,2
BRDA:165,17,1,0
BRDA:170,18,0,0
BRDA:170,18,1,0
BRDA:179,19,0,6
BRDA:179,19,1,0
BRDA:179,20,0,6
BRDA:179,20,1,6
BRDA:181,21,0,0
BRDA:181,21,1,0
BRDA:186,22,0,0
BRDA:186,22,1,0
BRDA:195,23,0,6
BRDA:195,23,1,0
BRDA:195,24,0,6
BRDA:195,24,1,6
BRDA:197,25,0,2
BRDA:197,25,1,0
BRDA:202,26,0,0
BRDA:202,26,1,0
BRDA:237,27,0,0
BRDA:237,27,1,5
BRDA:260,28,0,124
BRDA:260,28,1,1101
BRDA:274,29,0,0
BRDA:274,29,1,5
BRDA:281,30,0,0
BRDA:281,30,1,0
BRDA:281,31,0,0
BRDA:281,31,1,0
BRF:64
BRH:36
end_of_record
TN:
SF:src/services/sync/SyncLogger.js
FN:8,(anonymous_0)
FN:16,(anonymous_1)
FN:28,(anonymous_2)
FN:53,(anonymous_3)
FN:86,(anonymous_4)
FN:117,(anonymous_5)
FN:126,(anonymous_6)
FN:138,(anonymous_7)
FN:147,(anonymous_8)
FN:162,(anonymous_9)
FNF:10
FNH:10
FNDA:19,(anonymous_0)
FNDA:13,(anonymous_1)
FNDA:3,(anonymous_2)
FNDA:5,(anonymous_3)
FNDA:2,(anonymous_4)
FNDA:1,(anonymous_5)
FNDA:3,(anonymous_6)
FNDA:1,(anonymous_7)
FNDA:2,(anonymous_8)
FNDA:1,(anonymous_9)
DA:1,7
DA:9,19
DA:17,13
DA:18,11
DA:20,13
DA:29,3
DA:31,3
DA:35,3
DA:41,3
DA:42,3
DA:54,5
DA:56,5
DA:58,5
DA:72,5
DA:76,5
DA:87,2
DA:89,2
DA:91,2
DA:105,2
DA:109,2
DA:118,1
DA:127,3
DA:128,1
DA:130,2
DA:139,1
DA:148,2
DA:150,2
DA:163,1
DA:165,1
DA:176,1
DA:180,7
LF:31
LH:31
BRDA:17,0,0,11
BRDA:17,0,1,2
BRDA:53,1,0,1
BRDA:56,2,0,1
BRDA:56,3,0,1
BRDA:56,4,0,1
BRDA:77,5,0,2
BRDA:77,5,1,3
BRDA:86,6,0,1
BRDA:89,7,0,1
BRDA:89,8,0,1
BRDA:98,9,0,2
BRDA:98,9,1,1
BRDA:117,10,0,0
BRDA:118,11,0,1
BRDA:118,11,1,0
BRDA:126,12,0,0
BRDA:127,13,0,1
BRDA:127,13,1,2
BRDA:130,14,0,2
BRDA:130,14,1,0
BRDA:147,15,0,1
BRF:22
BRH:18
end_of_record
TN:
SF:src/services/sync/SyncOrchestrator.js
FN:20,(anonymous_0)
FN:50,(anonymous_1)
FN:131,(anonymous_2)
FN:151,(anonymous_3)
FN:155,(anonymous_4)
FN:170,(anonymous_5)
FN:182,(anonymous_6)
FN:195,(anonymous_7)
FN:226,(anonymous_8)
FN:249,(anonymous_9)
FN:258,(anonymous_10)
FN:267,(anonymous_11)
FN:276,(anonymous_12)
FN:289,(anonymous_13)
FNF:14
FNH:13
FNDA:15,(anonymous_0)
FNDA:4,(anonymous_1)
FNDA:5,(anonymous_2)
FNDA:16,(anonymous_3)
FNDA:20,(anonymous_4)
FNDA:4,(anonymous_5)
FNDA:3,(anonymous_6)
FNDA:2,(anonymous_7)
FNDA:0,(anonymous_8)
FNDA:1,(anonymous_9)
FNDA:1,(anonymous_10)
FNDA:1,(anonymous_11)
FNDA:2,(anonymous_12)
FNDA:1,(anonymous_13)
DA:1,4
DA:2,4
DA:3,4
DA:4,4
DA:5,4
DA:6,4
DA:7,4
DA:8,4
DA:9,4
DA:10,4
DA:21,15
DA:22,13
DA:23,13
DA:26,13
DA:33,13
DA:34,13
DA:35,13
DA:36,13
DA:37,13
DA:40,13
DA:51,4
DA:52,4
DA:54,4
DA:55,4
DA:58,4
DA:59,4
DA:61,4
DA:62,3
DA:63,3
DA:66,3
DA:67,3
DA:69,3
DA:70,3
DA:71,3
DA:74,3
DA:75,2
DA:76,2
DA:78,2
DA:79,2
DA:80,2
DA:82,1
DA:83,1
DA:87,3
DA:88,2
DA:89,2
DA:91,2
DA:92,2
DA:93,2
DA:95,1
DA:96,1
DA:99,3
DA:100,3
DA:102,3
DA:112,1
DA:113,1
DA:115,1
DA:132,5
DA:134,5
DA:138,5
DA:139,5
DA:141,4
DA:142,4
DA:144,4
DA:145,4
DA:147,4
DA:148,4
DA:151,4
DA:152,16
DA:155,4
DA:156,20
DA:159,4
DA:162,1
DA:171,4
DA:172,4
DA:174,0
DA:183,3
DA:184,3
DA:185,3
DA:187,0
DA:196,2
DA:197,2
DA:200,2
DA:201,2
DA:202,2
DA:203,2
DA:206,2
DA:207,2
DA:209,2
DA:216,0
DA:227,0
DA:228,0
DA:235,0
DA:236,0
DA:250,1
DA:251,1
DA:259,1
DA:260,1
DA:268,1
DA:269,1
DA:278,2
DA:291,1
DA:295,4
LF:102
LH:95
BRDA:21,0,0,2
BRDA:21,0,1,13
BRDA:50,1,0,2
BRDA:74,2,0,2
BRDA:74,2,1,1
BRDA:87,3,0,2
BRDA:87,3,1,1
BRDA:152,4,0,16
BRDA:152,4,1,0
BRDA:156,5,0,20
BRDA:156,5,1,20
BRDA:211,6,0,2
BRDA:211,6,1,0
BRDA:227,7,0,0
BRDA:227,7,1,0
BRDA:230,8,0,0
BRDA:230,8,1,0
BRDA:231,9,0,0
BRDA:231,9,1,0
BRF:19
BRH:11
end_of_record
TN:
SF:src/services/sync/entitySyncers/BaseSyncer.js
FN:15,(anonymous_0)
FN:35,(anonymous_1)
FN:49,(anonymous_2)
FN:137,(anonymous_3)
FN:150,(anonymous_4)
FN:162,(anonymous_5)
FN:171,(anonymous_6)
FN:181,(anonymous_7)
FN:191,(anonymous_8)
FN:200,(anonymous_9)
FN:244,(anonymous_10)
FNF:11
FNH:7
FNDA:120,(anonymous_0)
FNDA:46,(anonymous_1)
FNDA:35,(anonymous_2)
FNDA:13,(anonymous_3)
FNDA:14,(anonymous_4)
FNDA:1,(anonymous_5)
FNDA:0,(anonymous_6)
FNDA:0,(anonymous_7)
FNDA:0,(anonymous_8)
FNDA:7,(anonymous_9)
FNDA:0,(anonymous_10)
DA:1,25
DA:16,120
DA:17,1
DA:20,119
DA:21,1
DA:24,118
DA:25,118
DA:26,118
DA:27,118
DA:28,118
DA:36,46
DA:37,34
DA:39,46
DA:50,35
DA:52,35
DA:53,35
DA:55,35
DA:57,35
DA:58,33
DA:60,33
DA:61,5
DA:62,5
DA:63,5
DA:67,28
DA:68,28
DA:70,28
DA:72,28
DA:75,25
DA:76,27
DA:78,27
DA:79,66
DA:81,66
DA:83,64
DA:85,57
DA:86,55
DA:88,7
DA:89,7
DA:91,7
DA:92,2
DA:96,6
DA:97,6
DA:99,6
DA:100,3
DA:107,22
DA:110,21
DA:113,21
DA:115,21
DA:119,7
DA:120,5
DA:122,7
DA:126,9
DA:127,9
DA:138,13
DA:139,13
DA:163,1
DA:172,0
DA:182,0
DA:192,0
DA:201,7
DA:203,7
DA:205,7
DA:206,6
DA:209,6
DA:210,6
DA:211,6
DA:214,6
DA:215,12
DA:216,12
DA:217,12
DA:218,10
DA:220,2
DA:223,0
DA:227,6
DA:235,1
DA:246,0
DA:250,25
LF:76
LH:71
BRDA:16,0,0,1
BRDA:16,0,1,119
BRDA:20,1,0,1
BRDA:20,1,1,118
BRDA:36,2,0,34
BRDA:36,2,1,12
BRDA:49,3,0,29
BRDA:50,4,0,34
BRDA:50,5,0,30
BRDA:60,6,0,5
BRDA:60,6,1,28
BRDA:83,7,0,57
BRDA:83,7,1,7
BRDA:83,8,0,64
BRDA:83,8,1,64
BRDA:89,9,0,7
BRDA:89,9,1,0
BRDA:91,10,0,2
BRDA:91,10,1,5
BRDA:99,11,0,3
BRDA:99,11,1,3
BRDA:119,12,0,5
BRDA:119,12,1,2
BRDA:138,13,0,6
BRDA:138,13,1,7
BRDA:200,14,0,7
BRDA:217,15,0,10
BRDA:217,15,1,2
BRDA:217,16,0,12
BRDA:217,16,1,12
BRF:30
BRH:29
end_of_record
TN:
SF:src/services/sync/entitySyncers/CharacterSyncer.js
FN:16,(anonymous_0)
FN:24,(anonymous_1)
FN:32,(anonymous_2)
FN:48,(anonymous_3)
FN:85,(anonymous_4)
FN:118,(anonymous_5)
FN:133,(anonymous_6)
FNF:7
FNH:7
FNDA:20,(anonymous_0)
FNDA:7,(anonymous_1)
FNDA:4,(anonymous_2)
FNDA:8,(anonymous_3)
FNDA:4,(anonymous_4)
FNDA:2,(anonymous_5)
FNDA:1,(anonymous_6)
DA:1,15
DA:17,20
DA:25,7
DA:34,4
DA:35,3
DA:36,3
DA:37,3
DA:38,3
DA:40,3
DA:49,8
DA:50,8
DA:55,8
DA:56,2
DA:60,6
DA:76,0
DA:87,4
DA:90,4
DA:94,4
DA:104,4
DA:105,2
DA:107,4
DA:121,2
DA:134,1
DA:135,1
DA:139,15
LF:25
LH:24
BRDA:55,0,0,2
BRDA:55,0,1,6
BRDA:62,1,0,6
BRDA:62,1,1,0
BRDA:63,2,0,6
BRDA:63,2,1,2
BRDA:64,3,0,6
BRDA:64,3,1,4
BRDA:65,4,0,6
BRDA:65,4,1,4
BRDA:66,5,0,6
BRDA:66,5,1,4
BRDA:104,6,0,2
BRDA:104,6,1,2
BRDA:121,7,0,2
BRDA:121,7,1,0
BRF:16
BRH:14
end_of_record
TN:
SF:src/services/sync/entitySyncers/ElementSyncer.js
FN:21,(anonymous_0)
FN:29,(anonymous_1)
FN:37,(anonymous_2)
FN:52,(anonymous_3)
FN:110,(anonymous_4)
FN:144,(anonymous_5)
FNF:6
FNH:6
FNDA:20,(anonymous_0)
FNDA:7,(anonymous_1)
FNDA:5,(anonymous_2)
FNDA:10,(anonymous_3)
FNDA:6,(anonymous_4)
FNDA:1,(anonymous_5)
DA:1,15
DA:22,20
DA:30,7
DA:39,5
DA:40,4
DA:41,4
DA:44,4
DA:53,10
DA:54,10
DA:59,10
DA:60,2
DA:64,8
DA:68,8
DA:72,8
DA:77,8
DA:79,8
DA:101,0
DA:111,6
DA:120,6
DA:145,1
DA:146,1
DA:150,15
LF:22
LH:21
BRDA:59,0,0,2
BRDA:59,0,1,8
BRDA:64,1,0,1
BRDA:64,1,1,7
BRDA:64,2,0,8
BRDA:64,2,1,1
BRDA:68,3,0,1
BRDA:68,3,1,7
BRDA:68,4,0,8
BRDA:68,4,1,1
BRDA:72,5,0,1
BRDA:72,5,1,7
BRDA:72,6,0,8
BRDA:72,6,1,1
BRDA:77,7,0,8
BRDA:77,7,1,8
BRDA:81,8,0,8
BRDA:81,8,1,0
BRDA:82,9,0,8
BRDA:82,9,1,5
BRDA:83,10,0,8
BRDA:83,10,1,6
BRDA:84,11,0,8
BRDA:84,11,1,6
BRDA:87,12,0,8
BRDA:87,12,1,7
BRDA:88,13,0,8
BRDA:88,13,1,6
BRDA:91,14,0,8
BRDA:91,14,1,8
BRDA:92,15,0,8
BRDA:92,15,1,8
BRDA:93,16,0,8
BRDA:93,16,1,8
BRDA:94,17,0,8
BRDA:94,17,1,8
BRDA:95,18,0,8
BRDA:95,18,1,8
BRDA:96,19,0,0
BRDA:96,19,1,8
BRDA:96,20,0,8
BRDA:96,20,1,0
BRDA:98,21,0,8
BRDA:98,21,1,8
BRDA:131,22,0,6
BRDA:131,22,1,6
BRDA:132,23,0,6
BRDA:132,23,1,6
BRDA:133,24,0,6
BRDA:133,24,1,6
BRDA:134,25,0,6
BRDA:134,25,1,6
BRDA:135,26,0,6
BRDA:135,26,1,0
BRDA:136,27,0,6
BRDA:136,27,1,6
BRF:56
BRH:52
end_of_record
TN:
SF:src/services/sync/entitySyncers/PuzzleSyncer.js
FN:20,(anonymous_0)
FN:28,(anonymous_1)
FN:36,(anonymous_2)
FN:49,(anonymous_3)
FN:101,(anonymous_4)
FN:105,(anonymous_5)
FN:136,(anonymous_6)
FN:164,(anonymous_7)
FN:180,(anonymous_8)
FNF:9
FNH:9
FNDA:21,(anonymous_0)
FNDA:8,(anonymous_1)
FNDA:6,(anonymous_2)
FNDA:10,(anonymous_3)
FNDA:2,(anonymous_4)
FNDA:3,(anonymous_5)
FNDA:6,(anonymous_6)
FNDA:3,(anonymous_7)
FNDA:1,(anonymous_8)
DA:1,15
DA:21,21
DA:29,8
DA:38,6
DA:41,6
DA:50,10
DA:51,10
DA:52,10
DA:55,10
DA:57,10
DA:62,10
DA:63,10
DA:65,10
DA:66,2
DA:70,8
DA:74,8
DA:78,8
DA:83,8
DA:84,1
DA:85,1
DA:86,0
DA:87,0
DA:91,8
DA:92,1
DA:93,1
DA:94,0
DA:95,0
DA:100,8
DA:101,2
DA:104,8
DA:105,3
DA:108,8
DA:112,8
DA:124,0
DA:126,0
DA:127,0
DA:137,6
DA:145,6
DA:165,3
DA:168,3
DA:169,2
DA:181,1
DA:182,1
DA:186,15
LF:44
LH:37
BRDA:52,0,0,2
BRDA:52,0,1,8
BRDA:65,1,0,2
BRDA:65,1,1,8
BRDA:70,2,0,8
BRDA:70,2,1,7
BRDA:70,2,2,1
BRDA:74,3,0,1
BRDA:74,3,1,7
BRDA:74,4,0,8
BRDA:74,4,1,1
BRDA:78,5,0,1
BRDA:78,5,1,7
BRDA:78,6,0,8
BRDA:78,6,1,1
BRDA:83,7,0,1
BRDA:83,7,1,7
BRDA:85,8,0,0
BRDA:85,8,1,1
BRDA:91,9,0,1
BRDA:91,9,1,7
BRDA:93,10,0,0
BRDA:93,10,1,1
BRDA:100,11,0,2
BRDA:100,11,1,6
BRDA:104,12,0,2
BRDA:104,12,1,6
BRDA:108,13,0,2
BRDA:108,13,1,6
BRDA:115,14,0,8
BRDA:115,14,1,4
BRDA:120,15,0,8
BRDA:120,15,1,7
BRDA:124,16,0,0
BRDA:124,16,1,0
BRDA:168,17,0,2
BRDA:168,17,1,1
BRF:37
BRH:33
end_of_record
TN:
SF:src/services/sync/entitySyncers/TimelineEventSyncer.js
FN:20,(anonymous_0)
FN:28,(anonymous_1)
FN:36,(anonymous_2)
FN:52,(anonymous_3)
FN:65,(anonymous_4)
FN:69,(anonymous_5)
FN:95,(anonymous_6)
FN:129,(anonymous_7)
FN:179,(anonymous_8)
FNF:9
FNH:9
FNDA:21,(anonymous_0)
FNDA:8,(anonymous_1)
FNDA:6,(anonymous_2)
FNDA:10,(anonymous_3)
FNDA:5,(anonymous_4)
FNDA:2,(anonymous_5)
FNDA:7,(anonymous_6)
FNDA:5,(anonymous_7)
FNDA:1,(anonymous_8)
DA:1,15
DA:21,21
DA:29,8
DA:38,6
DA:41,5
DA:44,5
DA:53,10
DA:54,10
DA:59,10
DA:60,1
DA:64,9
DA:65,5
DA:68,9
DA:69,2
DA:72,9
DA:86,0
DA:97,7
DA:99,7
DA:106,7
DA:116,7
DA:117,5
DA:119,7
DA:130,5
DA:131,0
DA:134,5
DA:137,5
DA:142,5
DA:143,7
DA:146,7
DA:147,7
DA:148,5
DA:151,5
DA:152,0
DA:153,0
DA:154,0
DA:156,0
DA:157,0
DA:161,5
DA:162,5
DA:172,4
DA:180,1
DA:181,1
DA:185,15
LF:43
LH:36
BRDA:59,0,0,1
BRDA:59,0,1,9
BRDA:64,1,0,4
BRDA:64,1,1,5
BRDA:68,2,0,3
BRDA:68,2,1,6
BRDA:74,3,0,9
BRDA:74,3,1,0
BRDA:75,4,0,9
BRDA:75,4,1,6
BRDA:78,5,0,9
BRDA:78,5,1,7
BRDA:81,6,0,9
BRDA:81,6,1,5
BRDA:82,7,0,9
BRDA:82,7,1,6
BRDA:116,8,0,5
BRDA:116,8,1,2
BRDA:130,9,0,0
BRDA:130,9,1,5
BRDA:130,10,0,5
BRDA:130,10,1,5
BRDA:146,11,0,7
BRDA:146,11,1,0
BRDA:146,12,0,7
BRDA:146,12,1,7
BRDA:148,13,0,5
BRDA:148,13,1,0
BRDA:151,14,0,0
BRDA:151,14,1,5
BRDA:151,15,0,5
BRDA:151,15,1,0
BRDA:153,16,0,0
BRDA:153,16,1,0
BRDA:161,17,0,5
BRDA:161,17,1,0
BRF:36
BRH:27
end_of_record
TN:
SF:src/utils/notionPropertyMapper.js
FN:6,extractTitle
FN:10,(anonymous_1)
FN:18,extractRichText
FN:22,(anonymous_3)
FN:30,extractSelect
FN:42,extractMultiSelect
FN:46,(anonymous_6)
FN:54,extractRelation
FN:58,(anonymous_8)
FN:66,extractUrl
FN:78,extractDate
FN:90,extractNumber
FN:102,mapCharacter
FN:128,mapTimelineEvent
FN:148,mapPuzzle
FN:176,getProperty
FN:206,extractRelationByName
FN:217,extractRichTextByName
FN:228,extractSelectByName
FN:239,extractMultiSelectByName
FN:250,extractUrlByName
FN:261,mapCharacterWithNames
FN:284,(anonymous_22)
FN:295,(anonymous_23)
FN:296,(anonymous_24)
FN:297,(anonymous_25)
FN:298,(anonymous_26)
FN:326,mapTimelineEventWithNames
FN:339,(anonymous_28)
FN:342,(anonymous_29)
FN:364,(anonymous_30)
FN:397,mapPuzzleWithNames
FN:445,(anonymous_32)
FN:446,(anonymous_33)
FN:459,(anonymous_34)
FN:464,(anonymous_35)
FN:465,(anonymous_36)
FN:466,(anonymous_37)
FN:467,(anonymous_38)
FN:470,(anonymous_39)
FN:471,(anonymous_40)
FN:522,mapCharacterOverview
FN:538,mapElementWithNames
FN:563,(anonymous_43)
FN:568,(anonymous_44)
FN:571,(anonymous_45)
FN:572,(anonymous_46)
FN:573,(anonymous_47)
FN:574,(anonymous_48)
FN:575,(anonymous_49)
FN:576,(anonymous_50)
FN:577,(anonymous_51)
FN:602,(anonymous_52)
FNF:53
FNH:38
FNDA:34,extractTitle
FNDA:32,(anonymous_1)
FNDA:9,extractRichText
FNDA:7,(anonymous_3)
FNDA:16,extractSelect
FNDA:8,extractMultiSelect
FNDA:5,(anonymous_6)
FNDA:31,extractRelation
FNDA:34,(anonymous_8)
FNDA:5,extractUrl
FNDA:6,extractDate
FNDA:7,extractNumber
FNDA:1,mapCharacter
FNDA:1,mapTimelineEvent
FNDA:1,mapPuzzle
FNDA:118,getProperty
FNDA:64,extractRelationByName
FNDA:24,extractRichTextByName
FNDA:15,extractSelectByName
FNDA:5,extractMultiSelectByName
FNDA:5,extractUrlByName
FNDA:3,mapCharacterWithNames
FNDA:4,(anonymous_22)
FNDA:2,(anonymous_23)
FNDA:0,(anonymous_24)
FNDA:2,(anonymous_25)
FNDA:0,(anonymous_26)
FNDA:3,mapTimelineEventWithNames
FNDA:6,(anonymous_28)
FNDA:4,(anonymous_29)
FNDA:2,(anonymous_30)
FNDA:4,mapPuzzleWithNames
FNDA:3,(anonymous_32)
FNDA:0,(anonymous_33)
FNDA:4,(anonymous_34)
FNDA:2,(anonymous_35)
FNDA:0,(anonymous_36)
FNDA:0,(anonymous_37)
FNDA:2,(anonymous_38)
FNDA:0,(anonymous_39)
FNDA:0,(anonymous_40)
FNDA:0,mapCharacterOverview
FNDA:2,mapElementWithNames
FNDA:2,(anonymous_43)
FNDA:2,(anonymous_44)
FNDA:0,(anonymous_45)
FNDA:0,(anonymous_46)
FNDA:0,(anonymous_47)
FNDA:0,(anonymous_48)
FNDA:0,(anonymous_49)
FNDA:0,(anonymous_50)
FNDA:0,(anonymous_51)
FNDA:2,(anonymous_52)
DA:7,34
DA:8,1
DA:10,33
DA:19,9
DA:20,1
DA:22,8
DA:31,16
DA:32,2
DA:34,14
DA:43,8
DA:44,2
DA:46,6
DA:55,31
DA:56,1
DA:58,34
DA:67,5
DA:68,4
DA:70,1
DA:79,6
DA:80,2
DA:82,4
DA:91,7
DA:92,5
DA:94,2
DA:103,1
DA:105,1
DA:129,1
DA:131,1
DA:149,1
DA:151,1
DA:178,118
DA:187,118
DA:188,444
DA:189,44
DA:194,74
DA:197,74
DA:207,64
DA:208,64
DA:218,24
DA:219,24
DA:229,15
DA:230,15
DA:240,5
DA:241,5
DA:251,5
DA:252,5
DA:262,3
DA:263,3
DA:266,3
DA:267,3
DA:268,3
DA:269,3
DA:277,3
DA:284,4
DA:286,2
DA:295,2
DA:296,0
DA:297,2
DA:298,0
DA:307,2
DA:309,1
DA:312,1
DA:327,3
DA:328,3
DA:331,3
DA:332,3
DA:334,3
DA:339,6
DA:342,4
DA:345,2
DA:346,0
DA:348,0
DA:351,0
DA:352,0
DA:355,0
DA:359,2
DA:364,2
DA:378,2
DA:380,1
DA:383,1
DA:398,4
DA:399,4
DA:402,4
DA:403,4
DA:404,4
DA:405,4
DA:406,4
DA:407,4
DA:414,4
DA:415,4
DA:417,4
DA:418,3
DA:419,3
DA:421,4
DA:422,0
DA:423,0
DA:425,4
DA:426,0
DA:427,0
DA:429,4
DA:430,3
DA:431,3
DA:433,4
DA:434,0
DA:435,0
DA:437,4
DA:438,0
DA:439,0
DA:443,4
DA:446,3
DA:451,3
DA:452,3
DA:453,3
DA:454,3
DA:455,3
DA:456,3
DA:459,4
DA:461,3
DA:464,2
DA:465,0
DA:466,0
DA:467,2
DA:470,0
DA:471,0
DA:487,3
DA:489,1
DA:490,1
DA:491,1
DA:492,1
DA:495,1
DA:496,1
DA:497,1
DA:505,1
DA:509,1
DA:523,0
DA:524,0
DA:526,0
DA:539,2
DA:540,2
DA:543,2
DA:544,2
DA:545,2
DA:546,2
DA:547,2
DA:548,2
DA:549,2
DA:550,2
DA:552,2
DA:563,2
DA:565,2
DA:568,2
DA:571,0
DA:572,0
DA:573,0
DA:574,0
DA:575,0
DA:576,0
DA:577,0
DA:597,2
DA:598,2
DA:600,2
DA:601,2
DA:602,2
DA:604,2
DA:606,2
DA:607,2
DA:611,2
DA:612,2
DA:613,2
DA:614,0
DA:615,0
DA:618,2
DA:619,2
DA:620,2
DA:621,0
DA:622,0
DA:625,2
DA:626,2
DA:627,2
DA:628,0
DA:629,0
DA:633,2
DA:634,2
DA:635,2
DA:636,0
DA:637,0
DA:640,0
DA:641,0
DA:642,0
DA:643,0
DA:644,0
DA:646,0
DA:647,0
DA:653,2
DA:655,0
DA:658,0
DA:666,47
LF:197
LH:151
BRDA:7,0,0,1
BRDA:7,0,1,33
BRDA:7,1,0,34
BRDA:7,1,1,34
BRDA:7,1,2,33
BRDA:19,2,0,1
BRDA:19,2,1,8
BRDA:19,3,0,9
BRDA:19,3,1,9
BRDA:19,3,2,8
BRDA:31,4,0,2
BRDA:31,4,1,14
BRDA:31,5,0,16
BRDA:31,5,1,16
BRDA:43,6,0,2
BRDA:43,6,1,6
BRDA:43,7,0,8
BRDA:43,7,1,8
BRDA:43,7,2,6
BRDA:55,8,0,1
BRDA:55,8,1,30
BRDA:55,9,0,31
BRDA:55,9,1,31
BRDA:55,9,2,30
BRDA:67,10,0,4
BRDA:67,10,1,1
BRDA:67,11,0,5
BRDA:67,11,1,4
BRDA:79,12,0,2
BRDA:79,12,1,4
BRDA:79,13,0,6
BRDA:79,13,1,6
BRDA:91,14,0,5
BRDA:91,14,1,2
BRDA:91,15,0,7
BRDA:91,15,1,4
BRDA:91,15,2,3
BRDA:110,16,0,1
BRDA:110,16,1,0
BRDA:111,17,0,0
BRDA:111,17,1,1
BRDA:112,18,0,0
BRDA:112,18,1,1
BRDA:113,19,0,0
BRDA:113,19,1,1
BRDA:114,20,0,1
BRDA:114,20,1,0
BRDA:115,21,0,0
BRDA:115,21,1,1
BRDA:116,22,0,1
BRDA:116,22,1,0
BRDA:117,23,0,0
BRDA:117,23,1,1
BRDA:135,24,0,1
BRDA:135,24,1,0
BRDA:136,25,0,1
BRDA:136,25,1,0
BRDA:137,26,0,0
BRDA:137,26,1,1
BRDA:138,27,0,0
BRDA:138,27,1,1
BRDA:154,28,0,1
BRDA:154,28,1,0
BRDA:155,29,0,0
BRDA:155,29,1,1
BRDA:156,30,0,0
BRDA:156,30,1,1
BRDA:157,31,0,1
BRDA:157,31,1,0
BRDA:158,32,0,0
BRDA:158,32,1,1
BRDA:160,33,0,0
BRDA:160,33,1,1
BRDA:161,34,0,0
BRDA:161,34,1,1
BRDA:163,35,0,0
BRDA:163,35,1,1
BRDA:164,36,0,1
BRDA:164,36,1,0
BRDA:188,37,0,44
BRDA:188,37,1,400
BRDA:208,38,0,22
BRDA:208,38,1,42
BRDA:219,39,0,5
BRDA:219,39,1,19
BRDA:230,40,0,10
BRDA:230,40,1,5
BRDA:241,41,0,3
BRDA:241,41,1,2
BRDA:252,42,0,0
BRDA:252,42,1,5
BRDA:284,43,0,0
BRDA:284,44,0,4
BRDA:284,44,1,0
BRDA:284,44,2,0
BRDA:284,44,3,0
BRDA:309,45,0,1
BRDA:309,45,1,0
BRDA:313,46,0,1
BRDA:313,46,1,0
BRDA:314,47,0,1
BRDA:314,47,1,0
BRDA:339,48,0,0
BRDA:339,49,0,6
BRDA:339,49,1,0
BRDA:339,49,2,0
BRDA:345,50,0,0
BRDA:345,50,1,2
BRDA:346,51,0,0
BRDA:346,51,1,0
BRDA:348,52,0,0
BRDA:348,52,1,0
BRDA:380,53,0,1
BRDA:380,53,1,0
BRDA:384,54,0,1
BRDA:384,54,1,0
BRDA:385,55,0,1
BRDA:385,55,1,0
BRDA:417,56,0,3
BRDA:417,56,1,1
BRDA:421,57,0,0
BRDA:421,57,1,4
BRDA:425,58,0,0
BRDA:425,58,1,4
BRDA:429,59,0,3
BRDA:429,59,1,1
BRDA:433,60,0,0
BRDA:433,60,1,4
BRDA:437,61,0,0
BRDA:437,61,1,4
BRDA:443,62,0,3
BRDA:443,62,1,1
BRDA:451,63,0,2
BRDA:451,63,1,1
BRDA:452,64,0,0
BRDA:452,64,1,3
BRDA:453,65,0,0
BRDA:453,65,1,3
BRDA:454,66,0,2
BRDA:454,66,1,1
BRDA:455,67,0,0
BRDA:455,67,1,3
BRDA:456,68,0,0
BRDA:456,68,1,3
BRDA:459,69,0,0
BRDA:459,70,0,4
BRDA:459,70,1,0
BRDA:459,70,2,0
BRDA:459,70,3,0
BRDA:489,71,0,1
BRDA:489,71,1,0
BRDA:490,72,0,1
BRDA:490,72,1,0
BRDA:491,73,0,1
BRDA:491,73,1,0
BRDA:495,74,0,1
BRDA:495,74,1,0
BRDA:510,75,0,1
BRDA:510,75,1,0
BRDA:523,76,0,0
BRDA:523,76,1,0
BRDA:523,77,0,0
BRDA:523,77,1,0
BRDA:563,78,0,0
BRDA:563,79,0,2
BRDA:563,79,1,0
BRDA:563,79,2,0
BRDA:563,79,3,0
BRDA:600,80,0,2
BRDA:600,80,1,0
BRDA:600,81,0,2
BRDA:600,81,1,2
BRDA:604,82,0,2
BRDA:604,82,1,0
BRDA:606,83,0,2
BRDA:606,83,1,0
BRDA:613,84,0,0
BRDA:613,84,1,2
BRDA:613,85,0,2
BRDA:613,85,1,0
BRDA:620,86,0,0
BRDA:620,86,1,2
BRDA:620,87,0,2
BRDA:620,87,1,0
BRDA:627,88,0,0
BRDA:627,88,1,2
BRDA:627,89,0,2
BRDA:627,89,1,0
BRDA:635,90,0,0
BRDA:635,90,1,2
BRDA:635,91,0,2
BRDA:635,91,1,0
BRDA:642,92,0,0
BRDA:642,92,1,0
BRDA:642,93,0,0
BRDA:642,93,1,0
BRDA:655,94,0,0
BRDA:655,94,1,0
BRDA:659,95,0,0
BRDA:659,95,1,0
BRDA:660,96,0,0
BRDA:660,96,1,0
BRF:202
BRH:116
end_of_record
TN:
SF:src/utils/timingParser.js
FN:7,parseTimingToMinutes
FNF:1
FNH:0
FNDA:0,parseTimingToMinutes
DA:8,0
DA:9,0
DA:12,0
DA:15,0
DA:16,0
DA:19,0
DA:20,0
DA:21,0
DA:24,0
DA:25,0
DA:26,0
DA:30,0
DA:31,0
DA:32,0
DA:33,0
DA:39,0
DA:41,0
DA:45,0
DA:48,0
LF:19
LH:0
BRDA:7,0,0,0
BRDA:8,1,0,0
BRDA:8,1,1,0
BRDA:8,2,0,0
BRDA:8,2,1,0
BRDA:15,3,0,0
BRDA:15,3,1,0
BRDA:16,4,0,0
BRDA:16,4,1,0
BRDA:19,5,0,0
BRDA:19,5,1,0
BRDA:20,6,0,0
BRDA:20,6,1,0
BRDA:21,7,0,0
BRDA:21,7,1,0
BRDA:25,8,0,0
BRDA:25,8,1,0
BRDA:31,9,0,0
BRDA:31,9,1,0
BRDA:39,10,0,0
BRDA:39,10,1,0
BRF:21
BRH:0
end_of_record
